#
# There is insufficient memory for the Java Runtime Environment to continue.
# Native memory allocation (mmap) failed to map 209715200 bytes for G1 virtual space
# Possible reasons:
#   The system is out of physical RAM or swap space
#   The process is running with CompressedOops enabled, and the Java Heap may be blocking the growth of the native heap
# Possible solutions:
#   Reduce memory load on the system
#   Increase physical memory or swap space
#   Check if swap backing store is full
#   Decrease Java heap size (-Xmx/-Xms)
#   Decrease number of Java threads
#   Decrease Java thread stack sizes (-Xss)
#   Set larger code cache with -XX:ReservedCodeCacheSize=
#   JVM is running with Unscaled Compressed Oops mode in which the Java heap is
#     placed in the first 4GB address space. The Java Heap base address is the
#     maximum limit for the native heap growth. Please use -XX:HeapBaseMinAddress
#     to set the Java Heap base and to place the Java Heap above 4GB virtual address.
# This output file may be truncated or incomplete.
#
#  Out of Memory Error (os_windows.cpp:3769), pid=8896, tid=2632
#
# JRE version: OpenJDK Runtime Environment (17.0.6) (build 17.0.6+0-b2043.56-9586694)
# Java VM: OpenJDK 64-Bit Server VM (17.0.6+0-b2043.56-9586694, mixed mode, tiered, compressed oops, compressed class ptrs, g1 gc, windows-amd64)
# No core dump will be written. Minidumps are not enabled by default on client versions of Windows
#

---------------  S U M M A R Y ------------

Command Line: --add-opens=java.base/java.util=ALL-UNNAMED --add-opens=java.base/java.lang=ALL-UNNAMED --add-opens=java.base/java.lang.invoke=ALL-UNNAMED --add-opens=java.prefs/java.util.prefs=ALL-UNNAMED --add-opens=java.base/java.nio.charset=ALL-UNNAMED --add-opens=java.base/java.net=ALL-UNNAMED --add-opens=java.base/java.util.concurrent.atomic=ALL-UNNAMED -Xmx2048m -Dfile.encoding=UTF-8 -Duser.country=US -Duser.language=en -Duser.variant org.gradle.launcher.daemon.bootstrap.GradleDaemon 8.0

Host: Intel(R) Core(TM) i5-6300U CPU @ 2.40GHz, 4 cores, 7G,  Windows 10 , 64 bit Build 19041 (10.0.19041.3636)
Time: Tue Jan 16 21:31:04 2024 Pakistan Standard Time elapsed time: 22.556132 seconds (0d 0h 0m 22s)

---------------  T H R E A D  ---------------

Current thread (0x0000019f591f0890):  VMThread "VM Thread" [stack: 0x0000003c05700000,0x0000003c05800000] [id=2632]

Stack: [0x0000003c05700000,0x0000003c05800000]
Native frames: (J=compiled Java code, j=interpreted, Vv=VM code, C=native code)
V  [jvm.dll+0x683b4a]
V  [jvm.dll+0x842654]
V  [jvm.dll+0x843dfe]
V  [jvm.dll+0x844463]
V  [jvm.dll+0x249b75]
V  [jvm.dll+0x680a19]
V  [jvm.dll+0x674f0a]
V  [jvm.dll+0x309acb]
V  [jvm.dll+0x310f86]
V  [jvm.dll+0x3608ee]
V  [jvm.dll+0x360b1f]
V  [jvm.dll+0x2dfbf8]
V  [jvm.dll+0x2ddec4]
V  [jvm.dll+0x2dd4cc]
V  [jvm.dll+0x321f3b]
V  [jvm.dll+0x84893b]
V  [jvm.dll+0x849674]
V  [jvm.dll+0x849b8d]
V  [jvm.dll+0x849f64]
V  [jvm.dll+0x84a030]
V  [jvm.dll+0x7f25fa]
V  [jvm.dll+0x682985]
C  [ucrtbase.dll+0x21bb2]
C  [KERNEL32.DLL+0x17344]
C  [ntdll.dll+0x526b1]

VM_Operation (0x0000003c06ef89a0): G1CollectForAllocation, mode: safepoint, requested by thread 0x0000019f5b3dda40


---------------  P R O C E S S  ---------------

Threads class SMR info:
_java_thread_list=0x0000019f5f85dfe0, length=83, elements={
0x0000019f3fc33d20, 0x0000019f5920a770, 0x0000019f592064d0, 0x0000019f5922ad60,
0x0000019f59c10090, 0x0000019f59c110f0, 0x0000019f59c12150, 0x0000019f59c14540,
0x0000019f59c16b70, 0x0000019f59c17820, 0x0000019f59dc0010, 0x0000019f59dc6910,
0x0000019f5b3dd0a0, 0x0000019f5b3dd570, 0x0000019f5b3da550, 0x0000019f5b3dc700,
0x0000019f5b3db890, 0x0000019f5b3db3c0, 0x0000019f5b3dda40, 0x0000019f5b3dbd60,
0x0000019f5b3ddf10, 0x0000019f5b3dc230, 0x0000019f5b3daa20, 0x0000019f5b3daef0,
0x0000019f5b3dcbd0, 0x0000019f5d5f67e0, 0x0000019f5d5f6cb0, 0x0000019f5d5f7650,
0x0000019f5d5fc350, 0x0000019f5d5f54a0, 0x0000019f5d5fa1a0, 0x0000019f5d5f7180,
0x0000019f5d5f6310, 0x0000019f5d5fa670, 0x0000019f5d5fb9b0, 0x0000019f5d5f9800,
0x0000019f5d5f8990, 0x0000019f5d5f84c0, 0x0000019f5d5f9cd0, 0x0000019f5d5f5970,
0x0000019f5d5fbe80, 0x0000019f5d5f4fd0, 0x0000019f5d5f5e40, 0x0000019f5c733fe0,
0x0000019f5c738ce0, 0x0000019f5c7344b0, 0x0000019f5c733640, 0x0000019f5c735320,
0x0000019f5c732300, 0x0000019f5c7379a0, 0x0000019f5c7391b0, 0x0000019f5c738340,
0x0000019f5c731960, 0x0000019f5c736660, 0x0000019f5c732ca0, 0x0000019f5c731e30,
0x0000019f5c734980, 0x0000019f5c733b10, 0x0000019f5c734e50, 0x0000019f5c7357f0,
0x0000019f5c736190, 0x0000019f5c7327d0, 0x0000019f5c735cc0, 0x0000019f5c736b30,
0x0000019f5c737e70, 0x0000019f5c737000, 0x0000019f5c733170, 0x0000019f5c7374d0,
0x0000019f5c738810, 0x0000019f5f850810, 0x0000019f5f84e190, 0x0000019f5f84fe70,
0x0000019f5f84eb30, 0x0000019f5f84ce50, 0x0000019f5f84d7f0, 0x0000019f5f84f9a0,
0x0000019f5f84e660, 0x0000019f5f84c4b0, 0x0000019f5f84b640, 0x0000019f5f850340,
0x0000019f5f84bb10, 0x0000019f5f8511b0, 0x0000019f620db470
}

Java Threads: ( => current thread )
  0x0000019f3fc33d20 JavaThread "main" [_thread_blocked, id=6032, stack(0x0000003c05100000,0x0000003c05200000)]
  0x0000019f5920a770 JavaThread "Reference Handler" daemon [_thread_blocked, id=6408, stack(0x0000003c05800000,0x0000003c05900000)]
  0x0000019f592064d0 JavaThread "Finalizer" daemon [_thread_blocked, id=11180, stack(0x0000003c05900000,0x0000003c05a00000)]
  0x0000019f5922ad60 JavaThread "Signal Dispatcher" daemon [_thread_blocked, id=14784, stack(0x0000003c05a00000,0x0000003c05b00000)]
  0x0000019f59c10090 JavaThread "Attach Listener" daemon [_thread_blocked, id=1196, stack(0x0000003c05b00000,0x0000003c05c00000)]
  0x0000019f59c110f0 JavaThread "Service Thread" daemon [_thread_blocked, id=12604, stack(0x0000003c05c00000,0x0000003c05d00000)]
  0x0000019f59c12150 JavaThread "Monitor Deflation Thread" daemon [_thread_blocked, id=10556, stack(0x0000003c05d00000,0x0000003c05e00000)]
  0x0000019f59c14540 JavaThread "C2 CompilerThread0" daemon [_thread_in_native, id=11116, stack(0x0000003c05e00000,0x0000003c05f00000)]
  0x0000019f59c16b70 JavaThread "C1 CompilerThread0" daemon [_thread_blocked, id=10324, stack(0x0000003c05f00000,0x0000003c06000000)]
  0x0000019f59c17820 JavaThread "Sweeper thread" daemon [_thread_blocked, id=12752, stack(0x0000003c06000000,0x0000003c06100000)]
  0x0000019f59dc0010 JavaThread "Common-Cleaner" daemon [_thread_blocked, id=14816, stack(0x0000003c06100000,0x0000003c06200000)]
  0x0000019f59dc6910 JavaThread "Notification Thread" daemon [_thread_blocked, id=13784, stack(0x0000003c06200000,0x0000003c06300000)]
  0x0000019f5b3dd0a0 JavaThread "Daemon health stats" [_thread_blocked, id=13108, stack(0x0000003c06800000,0x0000003c06900000)]
  0x0000019f5b3dd570 JavaThread "Incoming local TCP Connector on port 25509" [_thread_in_native, id=10016, stack(0x0000003c06900000,0x0000003c06a00000)]
  0x0000019f5b3da550 JavaThread "Daemon periodic checks" [_thread_blocked, id=14348, stack(0x0000003c06a00000,0x0000003c06b00000)]
  0x0000019f5b3dc700 JavaThread "Daemon" [_thread_blocked, id=7560, stack(0x0000003c06b00000,0x0000003c06c00000)]
  0x0000019f5b3db890 JavaThread "Handler for socket connection from /127.0.0.1:25509 to /127.0.0.1:25510" [_thread_in_native, id=9072, stack(0x0000003c06c00000,0x0000003c06d00000)]
  0x0000019f5b3db3c0 JavaThread "Cancel handler" [_thread_blocked, id=4060, stack(0x0000003c06d00000,0x0000003c06e00000)]
  0x0000019f5b3dda40 JavaThread "Daemon worker" [_thread_blocked, id=7916, stack(0x0000003c06e00000,0x0000003c06f00000)]
  0x0000019f5b3dbd60 JavaThread "Asynchronous log dispatcher for DefaultDaemonConnection: socket connection from /127.0.0.1:25509 to /127.0.0.1:25510" [_thread_blocked, id=13140, stack(0x0000003c06f00000,0x0000003c07000000)]
  0x0000019f5b3ddf10 JavaThread "Stdin handler" [_thread_blocked, id=12560, stack(0x0000003c07000000,0x0000003c07100000)]
  0x0000019f5b3dc230 JavaThread "Daemon client event forwarder" [_thread_blocked, id=7732, stack(0x0000003c07100000,0x0000003c07200000)]
  0x0000019f5b3daa20 JavaThread "Cache worker for journal cache (C:\Users\Area 7 Computer\.gradle\caches\journal-1)" [_thread_blocked, id=3288, stack(0x0000003c07200000,0x0000003c07300000)]
  0x0000019f5b3daef0 JavaThread "File lock request listener" [_thread_in_native, id=7432, stack(0x0000003c07300000,0x0000003c07400000)]
  0x0000019f5b3dcbd0 JavaThread "Cache worker for file hash cache (C:\Users\Area 7 Computer\.gradle\caches\8.0\fileHashes)" [_thread_blocked, id=13412, stack(0x0000003c07400000,0x0000003c07500000)]
  0x0000019f5d5f67e0 JavaThread "File watcher server" daemon [_thread_in_native, id=12928, stack(0x0000003c07500000,0x0000003c07600000)]
  0x0000019f5d5f6cb0 JavaThread "File watcher consumer" daemon [_thread_blocked, id=228, stack(0x0000003c07600000,0x0000003c07700000)]
  0x0000019f5d5f7650 JavaThread "Cache worker for checksums cache (D:\FYP\fypproject\FypDisasterManagement-1\FypDisasterManagement-1\FypDisasterManagement\.gradle\8.0\checksums)" [_thread_blocked, id=3596, stack(0x0000003c07700000,0x0000003c07800000)]
  0x0000019f5d5fc350 JavaThread "Cache worker for cache directory md-rule (C:\Users\Area 7 Computer\.gradle\caches\8.0\md-rule)" [_thread_blocked, id=9636, stack(0x0000003c07800000,0x0000003c07900000)]
  0x0000019f5d5f54a0 JavaThread "Cache worker for file content cache (C:\Users\Area 7 Computer\.gradle\caches\8.0\fileContent)" [_thread_blocked, id=1840, stack(0x0000003c07900000,0x0000003c07a00000)]
  0x0000019f5d5fa1a0 JavaThread "Cache worker for file hash cache (D:\FYP\fypproject\FypDisasterManagement-1\FypDisasterManagement-1\FypDisasterManagement\.gradle\8.0\fileHashes)" [_thread_blocked, id=13684, stack(0x0000003c07a00000,0x0000003c07b00000)]
  0x0000019f5d5f7180 JavaThread "Cache worker for cache directory md-supplier (C:\Users\Area 7 Computer\.gradle\caches\8.0\md-supplier)" [_thread_blocked, id=7228, stack(0x0000003c07b00000,0x0000003c07c00000)]
  0x0000019f5d5f6310 JavaThread "Cache worker for execution history cache (C:\Users\Area 7 Computer\.gradle\caches\8.0\executionHistory)" [_thread_blocked, id=3340, stack(0x0000003c06400000,0x0000003c06500000)]
  0x0000019f5d5fa670 JavaThread "jar transforms" [_thread_blocked, id=1064, stack(0x0000003c07d00000,0x0000003c07e00000)]
  0x0000019f5d5fb9b0 JavaThread "jar transforms Thread 2" [_thread_blocked, id=12716, stack(0x0000003c07e00000,0x0000003c07f00000)]
  0x0000019f5d5f9800 JavaThread "Cache worker for kotlin-dsl (C:\Users\Area 7 Computer\.gradle\caches\8.0\kotlin-dsl)" [_thread_blocked, id=11124, stack(0x0000003c08000000,0x0000003c08100000)]
  0x0000019f5d5f8990 JavaThread "jar transforms Thread 3" [_thread_blocked, id=13732, stack(0x0000003c08100000,0x0000003c08200000)]
  0x0000019f5d5f84c0 JavaThread "jar transforms Thread 4" [_thread_blocked, id=5612, stack(0x0000003c08200000,0x0000003c08300000)]
  0x0000019f5d5f9cd0 JavaThread "Cache worker for dependencies-accessors (D:\FYP\fypproject\FypDisasterManagement-1\FypDisasterManagement-1\FypDisasterManagement\.gradle\8.0\dependencies-accessors)" [_thread_blocked, id=7896, stack(0x0000003c08300000,0x0000003c08400000)]
  0x0000019f5d5f5970 JavaThread "Cache worker for Build Output Cleanup Cache (D:\FYP\fypproject\FypDisasterManagement-1\FypDisasterManagement-1\FypDisasterManagement\.gradle\buildOutputCleanup)" [_thread_blocked, id=15116, stack(0x0000003c08400000,0x0000003c08500000)]
  0x0000019f5d5fbe80 JavaThread "Unconstrained build operations" [_thread_blocked, id=12956, stack(0x0000003c08500000,0x0000003c08600000)]
  0x0000019f5d5f4fd0 JavaThread "Unconstrained build operations Thread 2" [_thread_blocked, id=8860, stack(0x0000003c08600000,0x0000003c08700000)]
  0x0000019f5d5f5e40 JavaThread "Unconstrained build operations Thread 3" [_thread_blocked, id=8036, stack(0x0000003c08700000,0x0000003c08800000)]
  0x0000019f5c733fe0 JavaThread "Unconstrained build operations Thread 4" [_thread_blocked, id=8660, stack(0x0000003c08800000,0x0000003c08900000)]
  0x0000019f5c738ce0 JavaThread "Unconstrained build operations Thread 5" [_thread_blocked, id=10292, stack(0x0000003c08900000,0x0000003c08a00000)]
  0x0000019f5c7344b0 JavaThread "Unconstrained build operations Thread 6" [_thread_blocked, id=7500, stack(0x0000003c08a00000,0x0000003c08b00000)]
  0x0000019f5c733640 JavaThread "Unconstrained build operations Thread 7" [_thread_blocked, id=10400, stack(0x0000003c08b00000,0x0000003c08c00000)]
  0x0000019f5c735320 JavaThread "Unconstrained build operations Thread 8" [_thread_blocked, id=3764, stack(0x0000003c08c00000,0x0000003c08d00000)]
  0x0000019f5c732300 JavaThread "Unconstrained build operations Thread 9" [_thread_blocked, id=7528, stack(0x0000003c08d00000,0x0000003c08e00000)]
  0x0000019f5c7379a0 JavaThread "Unconstrained build operations Thread 10" [_thread_blocked, id=2720, stack(0x0000003c08e00000,0x0000003c08f00000)]
  0x0000019f5c7391b0 JavaThread "Unconstrained build operations Thread 11" [_thread_blocked, id=8508, stack(0x0000003c08f00000,0x0000003c09000000)]
  0x0000019f5c738340 JavaThread "Unconstrained build operations Thread 12" [_thread_blocked, id=13068, stack(0x0000003c09000000,0x0000003c09100000)]
  0x0000019f5c731960 JavaThread "Unconstrained build operations Thread 13" [_thread_blocked, id=15192, stack(0x0000003c09100000,0x0000003c09200000)]
  0x0000019f5c736660 JavaThread "Unconstrained build operations Thread 14" [_thread_blocked, id=13664, stack(0x0000003c09200000,0x0000003c09300000)]
  0x0000019f5c732ca0 JavaThread "Unconstrained build operations Thread 15" [_thread_blocked, id=10776, stack(0x0000003c09300000,0x0000003c09400000)]
  0x0000019f5c731e30 JavaThread "Unconstrained build operations Thread 16" [_thread_blocked, id=9360, stack(0x0000003c09400000,0x0000003c09500000)]
  0x0000019f5c734980 JavaThread "Unconstrained build operations Thread 17" [_thread_blocked, id=14176, stack(0x0000003c09500000,0x0000003c09600000)]
  0x0000019f5c733b10 JavaThread "Unconstrained build operations Thread 18" [_thread_blocked, id=9364, stack(0x0000003c09600000,0x0000003c09700000)]
  0x0000019f5c734e50 JavaThread "Unconstrained build operations Thread 19" [_thread_blocked, id=7132, stack(0x0000003c09700000,0x0000003c09800000)]
  0x0000019f5c7357f0 JavaThread "Unconstrained build operations Thread 20" [_thread_blocked, id=12620, stack(0x0000003c09800000,0x0000003c09900000)]
  0x0000019f5c736190 JavaThread "Unconstrained build operations Thread 21" [_thread_blocked, id=12768, stack(0x0000003c09900000,0x0000003c09a00000)]
  0x0000019f5c7327d0 JavaThread "Unconstrained build operations Thread 22" [_thread_blocked, id=13812, stack(0x0000003c09a00000,0x0000003c09b00000)]
  0x0000019f5c735cc0 JavaThread "Unconstrained build operations Thread 23" [_thread_blocked, id=3028, stack(0x0000003c09b00000,0x0000003c09c00000)]
  0x0000019f5c736b30 JavaThread "Unconstrained build operations Thread 24" [_thread_blocked, id=5580, stack(0x0000003c09c00000,0x0000003c09d00000)]
  0x0000019f5c737e70 JavaThread "Unconstrained build operations Thread 25" [_thread_blocked, id=7688, stack(0x0000003c09d00000,0x0000003c09e00000)]
  0x0000019f5c737000 JavaThread "Unconstrained build operations Thread 26" [_thread_blocked, id=6284, stack(0x0000003c09e00000,0x0000003c09f00000)]
  0x0000019f5c733170 JavaThread "Unconstrained build operations Thread 27" [_thread_blocked, id=8088, stack(0x0000003c09f00000,0x0000003c0a000000)]
  0x0000019f5c7374d0 JavaThread "Unconstrained build operations Thread 28" [_thread_blocked, id=10568, stack(0x0000003c0a000000,0x0000003c0a100000)]
  0x0000019f5c738810 JavaThread "Unconstrained build operations Thread 29" [_thread_blocked, id=12376, stack(0x0000003c0a100000,0x0000003c0a200000)]
  0x0000019f5f850810 JavaThread "Unconstrained build operations Thread 30" [_thread_blocked, id=8668, stack(0x0000003c0a200000,0x0000003c0a300000)]
  0x0000019f5f84e190 JavaThread "Unconstrained build operations Thread 31" [_thread_blocked, id=5168, stack(0x0000003c0a300000,0x0000003c0a400000)]
  0x0000019f5f84fe70 JavaThread "Unconstrained build operations Thread 32" [_thread_blocked, id=10808, stack(0x0000003c0a400000,0x0000003c0a500000)]
  0x0000019f5f84eb30 JavaThread "Unconstrained build operations Thread 33" [_thread_blocked, id=10168, stack(0x0000003c0a500000,0x0000003c0a600000)]
  0x0000019f5f84ce50 JavaThread "Unconstrained build operations Thread 34" [_thread_blocked, id=5760, stack(0x0000003c0a600000,0x0000003c0a700000)]
  0x0000019f5f84d7f0 JavaThread "Unconstrained build operations Thread 35" [_thread_blocked, id=2244, stack(0x0000003c0a700000,0x0000003c0a800000)]
  0x0000019f5f84f9a0 JavaThread "Unconstrained build operations Thread 36" [_thread_blocked, id=9792, stack(0x0000003c0a800000,0x0000003c0a900000)]
  0x0000019f5f84e660 JavaThread "Unconstrained build operations Thread 37" [_thread_blocked, id=14508, stack(0x0000003c0a900000,0x0000003c0aa00000)]
  0x0000019f5f84c4b0 JavaThread "Unconstrained build operations Thread 38" [_thread_blocked, id=7680, stack(0x0000003c0aa00000,0x0000003c0ab00000)]
  0x0000019f5f84b640 JavaThread "Unconstrained build operations Thread 39" [_thread_blocked, id=11540, stack(0x0000003c0ab00000,0x0000003c0ac00000)]
  0x0000019f5f850340 JavaThread "Unconstrained build operations Thread 40" [_thread_blocked, id=9844, stack(0x0000003c0ac00000,0x0000003c0ad00000)]
  0x0000019f5f84bb10 JavaThread "build event listener" [_thread_blocked, id=11556, stack(0x0000003c0ae00000,0x0000003c0af00000)]
  0x0000019f5f8511b0 JavaThread "Memory manager" [_thread_blocked, id=5512, stack(0x0000003c0af00000,0x0000003c0b000000)]
  0x0000019f620db470 JavaThread "C2 CompilerThread1" daemon [_thread_blocked, id=6856, stack(0x0000003c07c00000,0x0000003c07d00000)]

Other Threads:
=>0x0000019f591f0890 VMThread "VM Thread" [stack: 0x0000003c05700000,0x0000003c05800000] [id=2632]
  0x0000019f59dc6de0 WatcherThread [stack: 0x0000003c06300000,0x0000003c06400000] [id=11612]
  0x0000019f3fc8d240 GCTaskThread "GC Thread#0" [stack: 0x0000003c05200000,0x0000003c05300000] [id=8476]
  0x0000019f5a0b9aa0 GCTaskThread "GC Thread#1" [stack: 0x0000003c06500000,0x0000003c06600000] [id=13656]
  0x0000019f59e9fd90 GCTaskThread "GC Thread#2" [stack: 0x0000003c06600000,0x0000003c06700000] [id=12952]
  0x0000019f5a936060 GCTaskThread "GC Thread#3" [stack: 0x0000003c06700000,0x0000003c06800000] [id=13716]
  0x0000019f3fc9f0a0 ConcurrentGCThread "G1 Main Marker" [stack: 0x0000003c05300000,0x0000003c05400000] [id=4960]
  0x0000019f3fca0160 ConcurrentGCThread "G1 Conc#0" [stack: 0x0000003c05400000,0x0000003c05500000] [id=3680]
  0x0000019f590524b0 ConcurrentGCThread "G1 Refine#0" [stack: 0x0000003c05500000,0x0000003c05600000] [id=14324]
  0x0000019f5af96a90 ConcurrentGCThread "G1 Refine#1" [stack: 0x0000003c07f00000,0x0000003c08000000] [id=7856]
  0x0000019f5fc50900 ConcurrentGCThread "G1 Refine#2" [stack: 0x0000003c0ad00000,0x0000003c0ae00000] [id=11812]
  0x0000019f3fcf6f10 ConcurrentGCThread "G1 Service" [stack: 0x0000003c05600000,0x0000003c05700000] [id=10304]

Threads with active compile tasks:
C2 CompilerThread0    22603 9001 %     4       org.gradle.internal.instantiation.generator.AbstractClassGenerator::inspectType @ 77 (560 bytes)
C2 CompilerThread1    22603 9202   !   4       sun.net.www.ParseUtil::decode (317 bytes)

VM state: at safepoint (normal execution)

VM Mutex/Monitor currently owned by a thread:  ([mutex/lock_event])
[0x0000019f3fc2dd20] Threads_lock - owner thread: 0x0000019f591f0890
[0x0000019f3fc2e080] Heap_lock - owner thread: 0x0000019f5b3dda40

Heap address: 0x0000000080000000, size: 2048 MB, Compressed Oops mode: 32-bit

CDS archive(s) not mapped
Compressed class space mapped at: 0x0000000100000000-0x0000000140000000, reserved size: 1073741824
Narrow klass base: 0x0000000000000000, Narrow klass shift: 3, Narrow klass range: 0x140000000

GC Precious Log:
 CPUs: 4 total, 4 available
 Memory: 8076M
 Large Page Support: Disabled
 NUMA Support: Disabled
 Compressed Oops: Enabled (32-bit)
 Heap Region Size: 1M
 Heap Min Capacity: 8M
 Heap Initial Capacity: 128M
 Heap Max Capacity: 2G
 Pre-touch: Disabled
 Parallel Workers: 4
 Concurrent Workers: 1
 Concurrent Refinement Workers: 4
 Periodic GC: Disabled

Heap:
 garbage-first heap   total 143360K, used 80690K [0x0000000080000000, 0x0000000100000000)
  region size 1024K, 4 young (4096K), 4 survivors (4096K)
 Metaspace       used 86729K, committed 87360K, reserved 1130496K
  class space    used 11818K, committed 12160K, reserved 1048576K

Heap Regions: E=young(eden), S=young(survivor), O=old, HS=humongous(starts), HC=humongous(continues), CS=collection set, F=free, OA=open archive, CA=closed archive, TAMS=top-at-mark-start (previous, next)
|   0|0x0000000080000000, 0x0000000080100000, 0x0000000080100000|100%| O|  |TAMS 0x0000000080100000, 0x0000000080100000| Untracked 
|   1|0x0000000080100000, 0x0000000080200000, 0x0000000080200000|100%| O|  |TAMS 0x0000000080200000, 0x0000000080200000| Untracked 
|   2|0x0000000080200000, 0x0000000080300000, 0x0000000080300000|100%|HS|  |TAMS 0x0000000080300000, 0x0000000080300000| Complete 
|   3|0x0000000080300000, 0x0000000080400000, 0x0000000080400000|100%|HC|  |TAMS 0x0000000080400000, 0x0000000080400000| Complete 
|   4|0x0000000080400000, 0x0000000080500000, 0x0000000080500000|100%|HC|  |TAMS 0x0000000080500000, 0x0000000080500000| Complete 
|   5|0x0000000080500000, 0x0000000080600000, 0x0000000080600000|100%|HC|  |TAMS 0x0000000080600000, 0x0000000080600000| Complete 
|   6|0x0000000080600000, 0x0000000080700000, 0x0000000080700000|100%| O|  |TAMS 0x0000000080700000, 0x0000000080700000| Untracked 
|   7|0x0000000080700000, 0x0000000080800000, 0x0000000080800000|100%| O|  |TAMS 0x0000000080800000, 0x0000000080800000| Untracked 
|   8|0x0000000080800000, 0x0000000080900000, 0x0000000080900000|100%| O|  |TAMS 0x0000000080900000, 0x0000000080900000| Untracked 
|   9|0x0000000080900000, 0x0000000080a00000, 0x0000000080a00000|100%| O|  |TAMS 0x0000000080a00000, 0x0000000080a00000| Untracked 
|  10|0x0000000080a00000, 0x0000000080b00000, 0x0000000080b00000|100%| O|  |TAMS 0x0000000080b00000, 0x0000000080b00000| Untracked 
|  11|0x0000000080b00000, 0x0000000080c00000, 0x0000000080c00000|100%| O|  |TAMS 0x0000000080c00000, 0x0000000080c00000| Untracked 
|  12|0x0000000080c00000, 0x0000000080d00000, 0x0000000080d00000|100%| O|  |TAMS 0x0000000080d00000, 0x0000000080d00000| Untracked 
|  13|0x0000000080d00000, 0x0000000080e00000, 0x0000000080e00000|100%| O|  |TAMS 0x0000000080e00000, 0x0000000080e00000| Untracked 
|  14|0x0000000080e00000, 0x0000000080f00000, 0x0000000080f00000|100%| O|  |TAMS 0x0000000080f00000, 0x0000000080f00000| Untracked 
|  15|0x0000000080f00000, 0x0000000081000000, 0x0000000081000000|100%| O|  |TAMS 0x0000000081000000, 0x0000000081000000| Untracked 
|  16|0x0000000081000000, 0x0000000081100000, 0x0000000081100000|100%| O|  |TAMS 0x0000000081100000, 0x0000000081100000| Untracked 
|  17|0x0000000081100000, 0x0000000081200000, 0x0000000081200000|100%| O|  |TAMS 0x0000000081200000, 0x0000000081200000| Untracked 
|  18|0x0000000081200000, 0x0000000081300000, 0x0000000081300000|100%| O|  |TAMS 0x0000000081300000, 0x0000000081300000| Untracked 
|  19|0x0000000081300000, 0x0000000081400000, 0x0000000081400000|100%| O|  |TAMS 0x0000000081400000, 0x0000000081400000| Untracked 
|  20|0x0000000081400000, 0x0000000081500000, 0x0000000081500000|100%| O|  |TAMS 0x0000000081500000, 0x0000000081500000| Untracked 
|  21|0x0000000081500000, 0x0000000081600000, 0x0000000081600000|100%| O|  |TAMS 0x0000000081600000, 0x0000000081600000| Untracked 
|  22|0x0000000081600000, 0x0000000081700000, 0x0000000081700000|100%| O|  |TAMS 0x0000000081700000, 0x0000000081700000| Untracked 
|  23|0x0000000081700000, 0x0000000081800000, 0x0000000081800000|100%| O|  |TAMS 0x0000000081800000, 0x0000000081800000| Untracked 
|  24|0x0000000081800000, 0x0000000081900000, 0x0000000081900000|100%| O|  |TAMS 0x0000000081900000, 0x0000000081900000| Untracked 
|  25|0x0000000081900000, 0x0000000081a00000, 0x0000000081a00000|100%| O|  |TAMS 0x0000000081a00000, 0x0000000081a00000| Untracked 
|  26|0x0000000081a00000, 0x0000000081b00000, 0x0000000081b00000|100%| O|  |TAMS 0x0000000081b00000, 0x0000000081b00000| Untracked 
|  27|0x0000000081b00000, 0x0000000081c00000, 0x0000000081c00000|100%| O|  |TAMS 0x0000000081c00000, 0x0000000081c00000| Untracked 
|  28|0x0000000081c00000, 0x0000000081d00000, 0x0000000081d00000|100%| O|  |TAMS 0x0000000081d00000, 0x0000000081d00000| Untracked 
|  29|0x0000000081d00000, 0x0000000081e00000, 0x0000000081e00000|100%| O|  |TAMS 0x0000000081e00000, 0x0000000081e00000| Untracked 
|  30|0x0000000081e00000, 0x0000000081f00000, 0x0000000081f00000|100%| O|  |TAMS 0x0000000081f00000, 0x0000000081f00000| Untracked 
|  31|0x0000000081f00000, 0x0000000082000000, 0x0000000082000000|100%| O|  |TAMS 0x0000000082000000, 0x0000000082000000| Untracked 
|  32|0x0000000082000000, 0x0000000082100000, 0x0000000082100000|100%| O|  |TAMS 0x0000000082100000, 0x0000000082100000| Untracked 
|  33|0x0000000082100000, 0x0000000082200000, 0x0000000082200000|100%|HS|  |TAMS 0x0000000082200000, 0x0000000082200000| Complete 
|  34|0x0000000082200000, 0x0000000082300000, 0x0000000082300000|100%|HS|  |TAMS 0x0000000082300000, 0x0000000082300000| Complete 
|  35|0x0000000082300000, 0x0000000082400000, 0x0000000082400000|100%|HS|  |TAMS 0x0000000082400000, 0x0000000082400000| Complete 
|  36|0x0000000082400000, 0x0000000082500000, 0x0000000082500000|100%|HC|  |TAMS 0x0000000082500000, 0x0000000082500000| Complete 
|  37|0x0000000082500000, 0x0000000082600000, 0x0000000082600000|100%| O|  |TAMS 0x0000000082600000, 0x0000000082600000| Untracked 
|  38|0x0000000082600000, 0x0000000082700000, 0x0000000082700000|100%| O|  |TAMS 0x0000000082700000, 0x0000000082700000| Untracked 
|  39|0x0000000082700000, 0x0000000082800000, 0x0000000082800000|100%| O|  |TAMS 0x0000000082800000, 0x0000000082800000| Untracked 
|  40|0x0000000082800000, 0x0000000082800000, 0x0000000082900000|  0%| F|  |TAMS 0x0000000082800000, 0x0000000082800000| Untracked 
|  41|0x0000000082900000, 0x0000000082a00000, 0x0000000082a00000|100%| O|  |TAMS 0x0000000082a00000, 0x0000000082a00000| Untracked 
|  42|0x0000000082a00000, 0x0000000082b00000, 0x0000000082b00000|100%|HS|  |TAMS 0x0000000082b00000, 0x0000000082b00000| Complete 
|  43|0x0000000082b00000, 0x0000000082c00000, 0x0000000082c00000|100%|HC|  |TAMS 0x0000000082c00000, 0x0000000082c00000| Complete 
|  44|0x0000000082c00000, 0x0000000082d00000, 0x0000000082d00000|100%|HC|  |TAMS 0x0000000082d00000, 0x0000000082d00000| Complete 
|  45|0x0000000082d00000, 0x0000000082e00000, 0x0000000082e00000|100%|HC|  |TAMS 0x0000000082e00000, 0x0000000082e00000| Complete 
|  46|0x0000000082e00000, 0x0000000082f00000, 0x0000000082f00000|100%| O|  |TAMS 0x0000000082f00000, 0x0000000082f00000| Untracked 
|  47|0x0000000082f00000, 0x0000000083000000, 0x0000000083000000|100%| O|  |TAMS 0x0000000083000000, 0x0000000083000000| Untracked 
|  48|0x0000000083000000, 0x0000000083100000, 0x0000000083100000|100%| O|  |TAMS 0x0000000083100000, 0x0000000083100000| Untracked 
|  49|0x0000000083100000, 0x0000000083200000, 0x0000000083200000|100%| O|  |TAMS 0x0000000083200000, 0x0000000083200000| Untracked 
|  50|0x0000000083200000, 0x0000000083300000, 0x0000000083300000|100%| O|  |TAMS 0x0000000083300000, 0x0000000083300000| Untracked 
|  51|0x0000000083300000, 0x0000000083400000, 0x0000000083400000|100%| O|  |TAMS 0x0000000083400000, 0x0000000083400000| Untracked 
|  52|0x0000000083400000, 0x0000000083500000, 0x0000000083500000|100%| O|  |TAMS 0x0000000083500000, 0x0000000083500000| Untracked 
|  53|0x0000000083500000, 0x0000000083600000, 0x0000000083600000|100%| O|  |TAMS 0x0000000083600000, 0x0000000083600000| Untracked 
|  54|0x0000000083600000, 0x0000000083700000, 0x0000000083700000|100%| O|  |TAMS 0x0000000083700000, 0x0000000083700000| Untracked 
|  55|0x0000000083700000, 0x0000000083800000, 0x0000000083800000|100%| O|  |TAMS 0x0000000083800000, 0x0000000083800000| Untracked 
|  56|0x0000000083800000, 0x0000000083900000, 0x0000000083900000|100%| O|  |TAMS 0x0000000083900000, 0x0000000083900000| Untracked 
|  57|0x0000000083900000, 0x0000000083a00000, 0x0000000083a00000|100%| O|  |TAMS 0x0000000083a00000, 0x0000000083a00000| Untracked 
|  58|0x0000000083a00000, 0x0000000083b00000, 0x0000000083b00000|100%| O|  |TAMS 0x0000000083b00000, 0x0000000083b00000| Untracked 
|  59|0x0000000083b00000, 0x0000000083c00000, 0x0000000083c00000|100%| O|  |TAMS 0x0000000083c00000, 0x0000000083c00000| Untracked 
|  60|0x0000000083c00000, 0x0000000083d00000, 0x0000000083d00000|100%| O|  |TAMS 0x0000000083d00000, 0x0000000083d00000| Untracked 
|  61|0x0000000083d00000, 0x0000000083e00000, 0x0000000083e00000|100%| O|  |TAMS 0x0000000083e00000, 0x0000000083e00000| Untracked 
|  62|0x0000000083e00000, 0x0000000083f00000, 0x0000000083f00000|100%| O|  |TAMS 0x0000000083f00000, 0x0000000083f00000| Untracked 
|  63|0x0000000083f00000, 0x0000000084000000, 0x0000000084000000|100%| O|  |TAMS 0x0000000084000000, 0x0000000084000000| Untracked 
|  64|0x0000000084000000, 0x0000000084100000, 0x0000000084100000|100%| O|  |TAMS 0x0000000084100000, 0x0000000084100000| Untracked 
|  65|0x0000000084100000, 0x0000000084200000, 0x0000000084200000|100%| O|  |TAMS 0x000000008416c600, 0x0000000084200000| Untracked 
|  66|0x0000000084200000, 0x0000000084300000, 0x0000000084300000|100%| O|  |TAMS 0x0000000084200000, 0x0000000084300000| Untracked 
|  67|0x0000000084300000, 0x0000000084400000, 0x0000000084400000|100%| O|  |TAMS 0x0000000084300000, 0x0000000084400000| Untracked 
|  68|0x0000000084400000, 0x0000000084500000, 0x0000000084500000|100%| O|  |TAMS 0x0000000084400000, 0x0000000084500000| Untracked 
|  69|0x0000000084500000, 0x0000000084600000, 0x0000000084600000|100%| O|  |TAMS 0x0000000084500000, 0x0000000084600000| Untracked 
|  70|0x0000000084600000, 0x0000000084700000, 0x0000000084700000|100%| O|  |TAMS 0x0000000084600000, 0x0000000084700000| Untracked 
|  71|0x0000000084700000, 0x0000000084800000, 0x0000000084800000|100%| O|  |TAMS 0x0000000084700000, 0x0000000084800000| Untracked 
|  72|0x0000000084800000, 0x0000000084900000, 0x0000000084900000|100%| O|  |TAMS 0x0000000084800000, 0x0000000084900000| Untracked 
|  73|0x0000000084900000, 0x0000000084a00000, 0x0000000084a00000|100%| O|  |TAMS 0x0000000084900000, 0x0000000084a00000| Untracked 
|  74|0x0000000084a00000, 0x0000000084b00000, 0x0000000084b00000|100%| O|  |TAMS 0x0000000084a00000, 0x0000000084b00000| Untracked 
|  75|0x0000000084b00000, 0x0000000084c00000, 0x0000000084c00000|100%| O|  |TAMS 0x0000000084b00000, 0x0000000084c00000| Untracked 
|  76|0x0000000084c00000, 0x0000000084c76600, 0x0000000084d00000| 46%| O|  |TAMS 0x0000000084c00000, 0x0000000084c76600| Untracked 
|  77|0x0000000084d00000, 0x0000000084d00000, 0x0000000084e00000|  0%| F|  |TAMS 0x0000000084d00000, 0x0000000084d00000| Untracked 
|  78|0x0000000084e00000, 0x0000000084e00000, 0x0000000084f00000|  0%| F|  |TAMS 0x0000000084e00000, 0x0000000084e00000| Untracked 
|  79|0x0000000084f00000, 0x0000000084f00000, 0x0000000085000000|  0%| F|  |TAMS 0x0000000084f00000, 0x0000000084f00000| Untracked 
|  80|0x0000000085000000, 0x0000000085000000, 0x0000000085100000|  0%| F|  |TAMS 0x0000000085000000, 0x0000000085000000| Untracked 
|  81|0x0000000085100000, 0x0000000085100000, 0x0000000085200000|  0%| F|  |TAMS 0x0000000085100000, 0x0000000085100000| Untracked 
|  82|0x0000000085200000, 0x0000000085200000, 0x0000000085300000|  0%| F|  |TAMS 0x0000000085200000, 0x0000000085200000| Untracked 
|  83|0x0000000085300000, 0x0000000085300000, 0x0000000085400000|  0%| F|  |TAMS 0x0000000085300000, 0x0000000085300000| Untracked 
|  84|0x0000000085400000, 0x0000000085400000, 0x0000000085500000|  0%| F|  |TAMS 0x0000000085400000, 0x0000000085400000| Untracked 
|  85|0x0000000085500000, 0x0000000085500000, 0x0000000085600000|  0%| F|  |TAMS 0x0000000085500000, 0x0000000085500000| Untracked 
|  86|0x0000000085600000, 0x0000000085600000, 0x0000000085700000|  0%| F|  |TAMS 0x0000000085600000, 0x0000000085600000| Untracked 
|  87|0x0000000085700000, 0x0000000085700000, 0x0000000085800000|  0%| F|  |TAMS 0x0000000085700000, 0x0000000085700000| Untracked 
|  88|0x0000000085800000, 0x0000000085800000, 0x0000000085900000|  0%| F|  |TAMS 0x0000000085800000, 0x0000000085800000| Untracked 
|  89|0x0000000085900000, 0x0000000085900000, 0x0000000085a00000|  0%| F|  |TAMS 0x0000000085900000, 0x0000000085900000| Untracked 
|  90|0x0000000085a00000, 0x0000000085a00000, 0x0000000085b00000|  0%| F|  |TAMS 0x0000000085a00000, 0x0000000085a00000| Untracked 
|  91|0x0000000085b00000, 0x0000000085b00000, 0x0000000085c00000|  0%| F|  |TAMS 0x0000000085b00000, 0x0000000085b00000| Untracked 
|  92|0x0000000085c00000, 0x0000000085c00000, 0x0000000085d00000|  0%| F|  |TAMS 0x0000000085c00000, 0x0000000085c00000| Untracked 
|  93|0x0000000085d00000, 0x0000000085d00000, 0x0000000085e00000|  0%| F|  |TAMS 0x0000000085d00000, 0x0000000085d00000| Untracked 
|  94|0x0000000085e00000, 0x0000000085e00000, 0x0000000085f00000|  0%| F|  |TAMS 0x0000000085e00000, 0x0000000085e00000| Untracked 
|  95|0x0000000085f00000, 0x0000000085f00000, 0x0000000086000000|  0%| F|  |TAMS 0x0000000085f00000, 0x0000000085f00000| Untracked 
|  96|0x0000000086000000, 0x0000000086000000, 0x0000000086100000|  0%| F|  |TAMS 0x0000000086000000, 0x0000000086000000| Untracked 
|  97|0x0000000086100000, 0x0000000086100000, 0x0000000086200000|  0%| F|  |TAMS 0x0000000086100000, 0x0000000086100000| Untracked 
|  98|0x0000000086200000, 0x0000000086256248, 0x0000000086300000| 33%| S|CS|TAMS 0x0000000086200000, 0x0000000086200000| Complete 
|  99|0x0000000086300000, 0x0000000086400000, 0x0000000086400000|100%| S|CS|TAMS 0x0000000086300000, 0x0000000086300000| Complete 
| 100|0x0000000086400000, 0x0000000086500000, 0x0000000086500000|100%| S|CS|TAMS 0x0000000086400000, 0x0000000086400000| Complete 
| 101|0x0000000086500000, 0x0000000086600000, 0x0000000086600000|100%| S|CS|TAMS 0x0000000086500000, 0x0000000086500000| Complete 
| 102|0x0000000086600000, 0x0000000086600000, 0x0000000086700000|  0%| F|  |TAMS 0x0000000086600000, 0x0000000086600000| Untracked 
| 103|0x0000000086700000, 0x0000000086700000, 0x0000000086800000|  0%| F|  |TAMS 0x0000000086700000, 0x0000000086700000| Untracked 
| 104|0x0000000086800000, 0x0000000086800000, 0x0000000086900000|  0%| F|  |TAMS 0x0000000086800000, 0x0000000086800000| Untracked 
| 105|0x0000000086900000, 0x0000000086900000, 0x0000000086a00000|  0%| F|  |TAMS 0x0000000086900000, 0x0000000086900000| Untracked 
| 106|0x0000000086a00000, 0x0000000086a00000, 0x0000000086b00000|  0%| F|  |TAMS 0x0000000086a00000, 0x0000000086a00000| Untracked 
| 107|0x0000000086b00000, 0x0000000086b00000, 0x0000000086c00000|  0%| F|  |TAMS 0x0000000086b00000, 0x0000000086b00000| Untracked 
| 108|0x0000000086c00000, 0x0000000086c00000, 0x0000000086d00000|  0%| F|  |TAMS 0x0000000086c00000, 0x0000000086c00000| Untracked 
| 109|0x0000000086d00000, 0x0000000086d00000, 0x0000000086e00000|  0%| F|  |TAMS 0x0000000086d00000, 0x0000000086d00000| Untracked 
| 110|0x0000000086e00000, 0x0000000086e00000, 0x0000000086f00000|  0%| F|  |TAMS 0x0000000086e00000, 0x0000000086e00000| Untracked 
| 111|0x0000000086f00000, 0x0000000086f00000, 0x0000000087000000|  0%| F|  |TAMS 0x0000000086f00000, 0x0000000086f00000| Untracked 
| 112|0x0000000087000000, 0x0000000087000000, 0x0000000087100000|  0%| F|  |TAMS 0x0000000087000000, 0x0000000087000000| Untracked 
| 113|0x0000000087100000, 0x0000000087100000, 0x0000000087200000|  0%| F|  |TAMS 0x0000000087100000, 0x0000000087100000| Untracked 
| 114|0x0000000087200000, 0x0000000087200000, 0x0000000087300000|  0%| F|  |TAMS 0x0000000087200000, 0x0000000087200000| Untracked 
| 115|0x0000000087300000, 0x0000000087300000, 0x0000000087400000|  0%| F|  |TAMS 0x0000000087300000, 0x0000000087300000| Untracked 
| 116|0x0000000087400000, 0x0000000087400000, 0x0000000087500000|  0%| F|  |TAMS 0x0000000087400000, 0x0000000087400000| Untracked 
| 117|0x0000000087500000, 0x0000000087500000, 0x0000000087600000|  0%| F|  |TAMS 0x0000000087500000, 0x0000000087500000| Untracked 
| 118|0x0000000087600000, 0x0000000087600000, 0x0000000087700000|  0%| F|  |TAMS 0x0000000087600000, 0x0000000087600000| Untracked 
| 119|0x0000000087700000, 0x0000000087700000, 0x0000000087800000|  0%| F|  |TAMS 0x0000000087700000, 0x0000000087700000| Untracked 
| 120|0x0000000087800000, 0x0000000087800000, 0x0000000087900000|  0%| F|  |TAMS 0x0000000087800000, 0x0000000087800000| Untracked 
| 121|0x0000000087900000, 0x0000000087900000, 0x0000000087a00000|  0%| F|  |TAMS 0x0000000087900000, 0x0000000087900000| Untracked 
| 122|0x0000000087a00000, 0x0000000087a00000, 0x0000000087b00000|  0%| F|  |TAMS 0x0000000087a00000, 0x0000000087a00000| Untracked 
| 123|0x0000000087b00000, 0x0000000087b00000, 0x0000000087c00000|  0%| F|  |TAMS 0x0000000087b00000, 0x0000000087b00000| Untracked 
| 124|0x0000000087c00000, 0x0000000087c00000, 0x0000000087d00000|  0%| F|  |TAMS 0x0000000087c00000, 0x0000000087c00000| Untracked 
| 125|0x0000000087d00000, 0x0000000087d00000, 0x0000000087e00000|  0%| F|  |TAMS 0x0000000087d00000, 0x0000000087d00000| Untracked 
| 126|0x0000000087e00000, 0x0000000087e00000, 0x0000000087f00000|  0%| F|  |TAMS 0x0000000087e00000, 0x0000000087e00000| Untracked 
| 127|0x0000000087f00000, 0x0000000087f00000, 0x0000000088000000|  0%| F|  |TAMS 0x0000000087f00000, 0x0000000087f00000| Untracked 
| 128|0x0000000088000000, 0x0000000088000000, 0x0000000088100000|  0%| F|  |TAMS 0x0000000088000000, 0x0000000088000000| Untracked 
| 129|0x0000000088100000, 0x0000000088100000, 0x0000000088200000|  0%| F|  |TAMS 0x0000000088100000, 0x0000000088100000| Untracked 
| 130|0x0000000088200000, 0x0000000088200000, 0x0000000088300000|  0%| F|  |TAMS 0x0000000088200000, 0x0000000088200000| Untracked 
| 131|0x0000000088300000, 0x0000000088300000, 0x0000000088400000|  0%| F|  |TAMS 0x0000000088300000, 0x0000000088300000| Untracked 
| 132|0x0000000088400000, 0x0000000088400000, 0x0000000088500000|  0%| F|  |TAMS 0x0000000088400000, 0x0000000088400000| Untracked 
| 133|0x0000000088500000, 0x0000000088500000, 0x0000000088600000|  0%| F|  |TAMS 0x0000000088500000, 0x0000000088500000| Untracked 
| 134|0x0000000088600000, 0x0000000088600000, 0x0000000088700000|  0%| F|  |TAMS 0x0000000088600000, 0x0000000088600000| Untracked 
| 135|0x0000000088700000, 0x0000000088700000, 0x0000000088800000|  0%| F|  |TAMS 0x0000000088700000, 0x0000000088700000| Untracked 
| 136|0x0000000088800000, 0x0000000088800000, 0x0000000088900000|  0%| F|  |TAMS 0x0000000088800000, 0x0000000088800000| Untracked 
| 137|0x0000000088900000, 0x0000000088900000, 0x0000000088a00000|  0%| F|  |TAMS 0x0000000088900000, 0x0000000088900000| Untracked 
| 138|0x0000000088a00000, 0x0000000088a00000, 0x0000000088b00000|  0%| F|  |TAMS 0x0000000088a00000, 0x0000000088a00000| Untracked 
| 139|0x0000000088b00000, 0x0000000088b00000, 0x0000000088c00000|  0%| F|  |TAMS 0x0000000088b00000, 0x0000000088b00000| Untracked 

Card table byte_map: [0x0000019f52500000,0x0000019f52900000] _byte_map_base: 0x0000019f52100000

Marking Bits (Prev, Next): (CMBitMap*) 0x0000019f3fc8e7b0, (CMBitMap*) 0x0000019f3fc8e770
 Prev Bits: [0x0000019f54d00000, 0x0000019f56d00000)
 Next Bits: [0x0000019f52d00000, 0x0000019f54d00000)

Polling page: 0x0000019f3db60000

Metaspace:

Usage:
  Non-class:     73.15 MB used.
      Class:     11.54 MB used.
       Both:     84.70 MB used.

Virtual space:
  Non-class space:       80.00 MB reserved,      73.44 MB ( 92%) committed,  10 nodes.
      Class space:        1.00 GB reserved,      11.88 MB (  1%) committed,  1 nodes.
             Both:        1.08 GB reserved,      85.31 MB (  8%) committed. 

Chunk freelists:
   Non-Class:  2.31 MB
       Class:  4.00 MB
        Both:  6.31 MB

MaxMetaspaceSize: unlimited
CompressedClassSpaceSize: 1.00 GB
Initial GC threshold: 21.00 MB
Current GC threshold: 135.94 MB
CDS: off
MetaspaceReclaimPolicy: balanced
 - commit_granule_bytes: 65536.
 - commit_granule_words: 8192.
 - virtual_space_node_default_size: 1048576.
 - enlarge_chunks_in_place: 1.
 - new_chunks_are_fully_committed: 0.
 - uncommit_free_chunks: 1.
 - use_allocation_guard: 0.
 - handle_deallocations: 1.


Internal statistics:

num_allocs_failed_limit: 6.
num_arena_births: 836.
num_arena_deaths: 0.
num_vsnodes_births: 11.
num_vsnodes_deaths: 0.
num_space_committed: 1365.
num_space_uncommitted: 0.
num_chunks_returned_to_freelist: 6.
num_chunks_taken_from_freelist: 3947.
num_chunk_merges: 3.
num_chunk_splits: 2649.
num_chunks_enlarged: 1816.
num_purges: 0.
num_inconsistent_stats: 0.

CodeHeap 'non-profiled nmethods': size=120000Kb used=4732Kb max_used=4732Kb free=115267Kb
 bounds [0x0000019f4abd0000, 0x0000019f4b070000, 0x0000019f52100000]
CodeHeap 'profiled nmethods': size=120000Kb used=15997Kb max_used=15997Kb free=104002Kb
 bounds [0x0000019f43100000, 0x0000019f440a0000, 0x0000019f4a630000]
CodeHeap 'non-nmethods': size=5760Kb used=2378Kb max_used=2490Kb free=3381Kb
 bounds [0x0000019f4a630000, 0x0000019f4a8c0000, 0x0000019f4abd0000]
 total_blobs=9194 nmethods=8285 adapters=821
 compilation: enabled
              stopped_count=0, restarted_count=0
 full_count=0

Compilation events (20 events):
Event: 22.525 Thread 0x0000019f59c16b70 9196       3       org.gradle.api.internal.provider.ManagedFactories$ProviderManagedFactory::fromState (21 bytes)
Event: 22.526 Thread 0x0000019f59c16b70 nmethod 9196 0x0000019f44098e10 code [0x0000019f44099060, 0x0000019f44099958]
Event: 22.527 Thread 0x0000019f59c16b70 9197       3       org.gradle.api.internal.provider.Providers::ofNullable (13 bytes)
Event: 22.527 Thread 0x0000019f59c16b70 nmethod 9197 0x0000019f44099c90 code [0x0000019f44099e80, 0x0000019f4409a408]
Event: 22.530 Thread 0x0000019f59c16b70 9198       3       org.gradle.internal.instantiation.generator.AsmBackedClassGenerator$ClassBuilderImpl::<init> (26 bytes)
Event: 22.530 Thread 0x0000019f59c16b70 nmethod 9198 0x0000019f4409a610 code [0x0000019f4409a7a0, 0x0000019f4409a948]
Event: 22.530 Thread 0x0000019f59c16b70 9200       3       org.gradle.internal.instantiation.generator.AsmBackedClassGenerator$ClassBuilderImpl::includeNotInheritedAnnotations (121 bytes)
Event: 22.532 Thread 0x0000019f59c16b70 nmethod 9200 0x0000019f4409aa10 code [0x0000019f4409ad60, 0x0000019f4409c098]
Event: 22.532 Thread 0x0000019f59c16b70 9199       3       org.gradle.internal.instantiation.generator.AsmBackedClassGenerator$ClassBuilderImpl::<init> (112 bytes)
Event: 22.534 Thread 0x0000019f59c16b70 nmethod 9199 0x0000019f4409c790 code [0x0000019f4409c9a0, 0x0000019f4409d118]
Event: 22.534 Thread 0x0000019f59c16b70 9201       3       org.gradle.internal.instantiation.generator.AsmBackedClassGenerator$ClassBuilderImpl::addDynamicMethods (91 bytes)
Event: 22.534 Thread 0x0000019f620db470 nmethod 9149 0x0000019f4b06d590 code [0x0000019f4b06d780, 0x0000019f4b06e1a8]
Event: 22.535 Thread 0x0000019f620db470 9088       4       jdk.internal.reflect.AccessorGenerator::sub (5 bytes)
Event: 22.535 Thread 0x0000019f620db470 nmethod 9088 0x0000019f4b06e790 code [0x0000019f4b06e900, 0x0000019f4b06e958]
Event: 22.535 Thread 0x0000019f620db470 9087       4       org.gradle.internal.instantiation.generator.AbstractClassGenerator$ClassGenerationHandler::startType (1 bytes)
Event: 22.536 Thread 0x0000019f620db470 nmethod 9087 0x0000019f4b06ea90 code [0x0000019f4b06ec00, 0x0000019f4b06ec78]
Event: 22.536 Thread 0x0000019f620db470 9121       4       java.util.concurrent.atomic.AtomicLong::compareAndSet (13 bytes)
Event: 22.537 Thread 0x0000019f59c16b70 nmethod 9201 0x0000019f4409d390 code [0x0000019f4409d720, 0x0000019f4409eed8]
Event: 22.537 Thread 0x0000019f620db470 nmethod 9121 0x0000019f4b06ed90 code [0x0000019f4b06ef00, 0x0000019f4b06ef98]
Event: 22.539 Thread 0x0000019f620db470 9202   !   4       sun.net.www.ParseUtil::decode (317 bytes)

GC Heap History (20 events):
Event: 13.878 GC heap after
{Heap after GC invocations=19 (full 0):
 garbage-first heap   total 99328K, used 54775K [0x0000000080000000, 0x0000000100000000)
  region size 1024K, 1 young (1024K), 1 survivors (1024K)
 Metaspace       used 59159K, committed 59648K, reserved 1105920K
  class space    used 7853K, committed 8064K, reserved 1048576K
}
Event: 14.731 GC heap before
{Heap before GC invocations=20 (full 0):
 garbage-first heap   total 99328K, used 75255K [0x0000000080000000, 0x0000000100000000)
  region size 1024K, 21 young (21504K), 1 survivors (1024K)
 Metaspace       used 62377K, committed 62912K, reserved 1105920K
  class space    used 8326K, committed 8576K, reserved 1048576K
}
Event: 14.739 GC heap after
{Heap after GC invocations=21 (full 0):
 garbage-first heap   total 99328K, used 55860K [0x0000000080000000, 0x0000000100000000)
  region size 1024K, 2 young (2048K), 2 survivors (2048K)
 Metaspace       used 62377K, committed 62912K, reserved 1105920K
  class space    used 8326K, committed 8576K, reserved 1048576K
}
Event: 14.776 GC heap before
{Heap before GC invocations=21 (full 0):
 garbage-first heap   total 99328K, used 57908K [0x0000000080000000, 0x0000000100000000)
  region size 1024K, 4 young (4096K), 2 survivors (2048K)
 Metaspace       used 62547K, committed 63040K, reserved 1105920K
  class space    used 8350K, committed 8576K, reserved 1048576K
}
Event: 14.783 GC heap after
{Heap after GC invocations=22 (full 0):
 garbage-first heap   total 143360K, used 56427K [0x0000000080000000, 0x0000000100000000)
  region size 1024K, 1 young (1024K), 1 survivors (1024K)
 Metaspace       used 62547K, committed 63040K, reserved 1105920K
  class space    used 8350K, committed 8576K, reserved 1048576K
}
Event: 15.904 GC heap before
{Heap before GC invocations=22 (full 0):
 garbage-first heap   total 143360K, used 106603K [0x0000000080000000, 0x0000000100000000)
  region size 1024K, 44 young (45056K), 1 survivors (1024K)
 Metaspace       used 66645K, committed 67200K, reserved 1114112K
  class space    used 8842K, committed 9088K, reserved 1048576K
}
Event: 15.913 GC heap after
{Heap after GC invocations=23 (full 0):
 garbage-first heap   total 143360K, used 60731K [0x0000000080000000, 0x0000000100000000)
  region size 1024K, 5 young (5120K), 5 survivors (5120K)
 Metaspace       used 66645K, committed 67200K, reserved 1114112K
  class space    used 8842K, committed 9088K, reserved 1048576K
}
Event: 17.187 GC heap before
{Heap before GC invocations=23 (full 0):
 garbage-first heap   total 143360K, used 104763K [0x0000000080000000, 0x0000000100000000)
  region size 1024K, 47 young (48128K), 5 survivors (5120K)
 Metaspace       used 71126K, committed 71680K, reserved 1114112K
  class space    used 9439K, committed 9728K, reserved 1048576K
}
Event: 17.200 GC heap after
{Heap after GC invocations=24 (full 0):
 garbage-first heap   total 143360K, used 63508K [0x0000000080000000, 0x0000000100000000)
  region size 1024K, 3 young (3072K), 3 survivors (3072K)
 Metaspace       used 71126K, committed 71680K, reserved 1114112K
  class space    used 9439K, committed 9728K, reserved 1048576K
}
Event: 18.281 GC heap before
{Heap before GC invocations=24 (full 0):
 garbage-first heap   total 143360K, used 107540K [0x0000000080000000, 0x0000000100000000)
  region size 1024K, 46 young (47104K), 3 survivors (3072K)
 Metaspace       used 75269K, committed 75904K, reserved 1122304K
  class space    used 9991K, committed 10304K, reserved 1048576K
}
Event: 18.293 GC heap after
{Heap after GC invocations=25 (full 0):
 garbage-first heap   total 143360K, used 67027K [0x0000000080000000, 0x0000000100000000)
  region size 1024K, 6 young (6144K), 6 survivors (6144K)
 Metaspace       used 75269K, committed 75904K, reserved 1122304K
  class space    used 9991K, committed 10304K, reserved 1048576K
}
Event: 19.402 GC heap before
{Heap before GC invocations=25 (full 0):
 garbage-first heap   total 143360K, used 110035K [0x0000000080000000, 0x0000000100000000)
  region size 1024K, 48 young (49152K), 6 survivors (6144K)
 Metaspace       used 77839K, committed 78464K, reserved 1122304K
  class space    used 10339K, committed 10624K, reserved 1048576K
}
Event: 19.420 GC heap after
{Heap after GC invocations=26 (full 0):
 garbage-first heap   total 143360K, used 72373K [0x0000000080000000, 0x0000000100000000)
  region size 1024K, 6 young (6144K), 6 survivors (6144K)
 Metaspace       used 77839K, committed 78464K, reserved 1122304K
  class space    used 10339K, committed 10624K, reserved 1048576K
}
Event: 20.748 GC heap before
{Heap before GC invocations=26 (full 0):
 garbage-first heap   total 143360K, used 111285K [0x0000000080000000, 0x0000000100000000)
  region size 1024K, 44 young (45056K), 6 survivors (6144K)
 Metaspace       used 82359K, committed 82944K, reserved 1122304K
  class space    used 11170K, committed 11456K, reserved 1048576K
}
Event: 20.760 GC heap after
{Heap after GC invocations=27 (full 0):
 garbage-first heap   total 143360K, used 74916K [0x0000000080000000, 0x0000000100000000)
  region size 1024K, 3 young (3072K), 3 survivors (3072K)
 Metaspace       used 82359K, committed 82944K, reserved 1122304K
  class space    used 11170K, committed 11456K, reserved 1048576K
}
Event: 21.536 GC heap before
{Heap before GC invocations=28 (full 0):
 garbage-first heap   total 143360K, used 113828K [0x0000000080000000, 0x0000000100000000)
  region size 1024K, 41 young (41984K), 3 survivors (3072K)
 Metaspace       used 83923K, committed 84544K, reserved 1122304K
  class space    used 11415K, committed 11712K, reserved 1048576K
}
Event: 21.553 GC heap after
{Heap after GC invocations=29 (full 0):
 garbage-first heap   total 143360K, used 78377K [0x0000000080000000, 0x0000000100000000)
  region size 1024K, 6 young (6144K), 6 survivors (6144K)
 Metaspace       used 83923K, committed 84544K, reserved 1122304K
  class space    used 11415K, committed 11712K, reserved 1048576K
}
Event: 21.563 GC heap before
{Heap before GC invocations=29 (full 0):
 garbage-first heap   total 143360K, used 79401K [0x0000000080000000, 0x0000000100000000)
  region size 1024K, 7 young (7168K), 6 survivors (6144K)
 Metaspace       used 83927K, committed 84544K, reserved 1122304K
  class space    used 11416K, committed 11712K, reserved 1048576K
}
Event: 21.575 GC heap after
{Heap after GC invocations=30 (full 0):
 garbage-first heap   total 143360K, used 78260K [0x0000000080000000, 0x0000000100000000)
  region size 1024K, 1 young (1024K), 1 survivors (1024K)
 Metaspace       used 83927K, committed 84544K, reserved 1122304K
  class space    used 11416K, committed 11712K, reserved 1048576K
}
Event: 22.543 GC heap before
{Heap before GC invocations=30 (full 0):
 garbage-first heap   total 143360K, used 116148K [0x0000000080000000, 0x0000000100000000)
  region size 1024K, 38 young (38912K), 1 survivors (1024K)
 Metaspace       used 86729K, committed 87360K, reserved 1130496K
  class space    used 11818K, committed 12160K, reserved 1048576K
}

Dll operation events (2 events):
Event: 0.020 Loaded shared library C:\Program Files\Android\Android Studio\jbr\bin\java.dll
Event: 1.100 Loaded shared library C:\Program Files\Android\Android Studio\jbr\bin\verify.dll

Deoptimization events (20 events):
Event: 22.261 Thread 0x0000019f5b3dda40 Uncommon trap: trap_request=0xffffff45 fr.pc=0x0000019f4adf2e20 relative=0x0000000000000300
Event: 22.261 Thread 0x0000019f5b3dda40 Uncommon trap: reason=unstable_if action=reinterpret pc=0x0000019f4adf2e20 method=java.util.HashMap.getNode(Ljava/lang/Object;)Ljava/util/HashMap$Node; @ 85 c2
Event: 22.261 Thread 0x0000019f5b3dda40 DEOPT PACKING pc=0x0000019f4adf2e20 sp=0x0000003c06ef91c0
Event: 22.262 Thread 0x0000019f5b3dda40 DEOPT UNPACKING pc=0x0000019f4a6869a3 sp=0x0000003c06ef90e0 mode 2
Event: 22.262 Thread 0x0000019f5b3dda40 Uncommon trap: trap_request=0xffffff45 fr.pc=0x0000019f4ac14798 relative=0x0000000000000278
Event: 22.262 Thread 0x0000019f5b3dda40 Uncommon trap: reason=unstable_if action=reinterpret pc=0x0000019f4ac14798 method=java.util.HashMap.getNode(Ljava/lang/Object;)Ljava/util/HashMap$Node; @ 85 c2
Event: 22.262 Thread 0x0000019f5b3dda40 DEOPT PACKING pc=0x0000019f4ac14798 sp=0x0000003c06ef9160
Event: 22.262 Thread 0x0000019f5b3dda40 DEOPT UNPACKING pc=0x0000019f4a6869a3 sp=0x0000003c06ef90e0 mode 2
Event: 22.354 Thread 0x0000019f5b3dda40 DEOPT PACKING pc=0x0000019f43ce05f6 sp=0x0000003c06ef9320
Event: 22.354 Thread 0x0000019f5b3dda40 DEOPT UNPACKING pc=0x0000019f4a687143 sp=0x0000003c06ef88e8 mode 0
Event: 22.412 Thread 0x0000019f5b3dda40 DEOPT PACKING pc=0x0000019f43ce06ed sp=0x0000003c06ef9350
Event: 22.412 Thread 0x0000019f5b3dda40 DEOPT UNPACKING pc=0x0000019f4a687143 sp=0x0000003c06ef8918 mode 0
Event: 22.458 Thread 0x0000019f5b3dda40 DEOPT PACKING pc=0x0000019f43ce0693 sp=0x0000003c06ef92e0
Event: 22.458 Thread 0x0000019f5b3dda40 DEOPT UNPACKING pc=0x0000019f4a687143 sp=0x0000003c06ef88a8 mode 0
Event: 22.470 Thread 0x0000019f5b3dda40 Uncommon trap: trap_request=0xffffff76 fr.pc=0x0000019f4b068864 relative=0x00000000000001c4
Event: 22.470 Thread 0x0000019f5b3dda40 Uncommon trap: reason=predicate action=maybe_recompile pc=0x0000019f4b068864 method=java.util.LinkedHashMap.keysToArray([Ljava/lang/Object;)[Ljava/lang/Object; @ 12 c2
Event: 22.470 Thread 0x0000019f5b3dda40 DEOPT PACKING pc=0x0000019f4b068864 sp=0x0000003c06ef8240
Event: 22.471 Thread 0x0000019f5b3dda40 DEOPT UNPACKING pc=0x0000019f4a6869a3 sp=0x0000003c06ef81f8 mode 2
Event: 22.539 Thread 0x0000019f5b3dda40 DEOPT PACKING pc=0x0000019f43675fa3 sp=0x0000003c06ef8da0
Event: 22.539 Thread 0x0000019f5b3dda40 DEOPT UNPACKING pc=0x0000019f4a687143 sp=0x0000003c06ef82f0 mode 0

Classes unloaded (0 events):
No events

Classes redefined (0 events):
No events

Internal exceptions (20 events):
Event: 21.525 Thread 0x0000019f5b3dda40 Exception <a 'java/lang/ClassNotFoundException'{0x00000000866360c8}: org/gradle/api/internal/AbstractValidatingNamedDomainObjectContainerCustomizer> (0x00000000866360c8) 
thrown [s\src\hotspot\share\classfile\systemDictionary.cpp, line 256]
Event: 21.526 Thread 0x0000019f5b3dda40 Exception <a 'java/lang/ClassNotFoundException'{0x0000000086651580}: org/gradle/api/internal/artifacts/configurations/DefaultConfigurationContainerCustomizer> (0x0000000086651580) 
thrown [s\src\hotspot\share\classfile\systemDictionary.cpp, line 256]
Event: 21.528 Thread 0x0000019f5b3dda40 Exception <a 'java/lang/ClassNotFoundException'{0x00000000866753c0}: org/gradle/api/internal/artifacts/configurations/DefaultConfigurationContainer_DecoratedCustomizer> (0x00000000866753c0) 
thrown [s\src\hotspot\share\classfile\systemDictionary.cpp, line 256]
Event: 21.578 Thread 0x0000019f5b3dda40 Exception <a 'java/lang/ClassNotFoundException'{0x0000000088947e08}: org/gradle/api/internal/artifacts/configurations/DefaultConfiguration_DecoratedBeanInfo> (0x0000000088947e08) 
thrown [s\src\hotspot\share\classfile\systemDictionary.cpp, line 256]
Event: 21.579 Thread 0x0000019f5b3dda40 Exception <a 'java/lang/ClassNotFoundException'{0x0000000088958a00}: org/gradle/api/internal/artifacts/configurations/DefaultConfigurationBeanInfo> (0x0000000088958a00) 
thrown [s\src\hotspot\share\classfile\systemDictionary.cpp, line 256]
Event: 21.580 Thread 0x0000019f5b3dda40 Exception <a 'java/lang/ClassNotFoundException'{0x0000000088965cc8}: org/gradle/api/internal/file/AbstractFileCollectionBeanInfo> (0x0000000088965cc8) 
thrown [s\src\hotspot\share\classfile\systemDictionary.cpp, line 256]
Event: 21.582 Thread 0x0000019f5b3dda40 Exception <a 'java/lang/ClassNotFoundException'{0x0000000088972f60}: org/gradle/api/internal/file/AbstractFileCollectionCustomizer> (0x0000000088972f60) 
thrown [s\src\hotspot\share\classfile\systemDictionary.cpp, line 256]
Event: 21.584 Thread 0x0000019f5b3dda40 Exception <a 'java/lang/ClassNotFoundException'{0x0000000088996540}: org/gradle/api/internal/artifacts/configurations/DefaultConfigurationCustomizer> (0x0000000088996540) 
thrown [s\src\hotspot\share\classfile\systemDictionary.cpp, line 256]
Event: 21.589 Thread 0x0000019f5b3dda40 Exception <a 'java/lang/ClassNotFoundException'{0x0000000088804b70}: org/gradle/api/internal/artifacts/configurations/DefaultConfiguration_DecoratedCustomizer> (0x0000000088804b70) 
thrown [s\src\hotspot\share\classfile\systemDictionary.cpp, line 256]
Event: 21.608 Thread 0x0000019f5b3dda40 Exception <a 'java/lang/ClassNotFoundException'{0x00000000886921b0}: org/codehaus/groovy/runtime/MethodClosureBeanInfo> (0x00000000886921b0) 
thrown [s\src\hotspot\share\classfile\systemDictionary.cpp, line 256]
Event: 21.613 Thread 0x0000019f5b3dda40 Exception <a 'java/lang/ClassNotFoundException'{0x000000008845f990}: org/codehaus/groovy/runtime/MethodClosureCustomizer> (0x000000008845f990) 
thrown [s\src\hotspot\share\classfile\systemDictionary.cpp, line 256]
Event: 21.618 Thread 0x0000019f5b3dda40 Exception <a 'java/lang/ClassNotFoundException'{0x000000008849b038}: org/gradle/api/internal/artifacts/configurations/DefaultConfiguration$ConfigurationResolvableDependencies_DecoratedBeanInfo> (0x000000008849b038) 
thrown [s\src\hotspot\share\classfile\systemDictionary.cpp, line 256]
Event: 21.619 Thread 0x0000019f5b3dda40 Exception <a 'java/lang/ClassNotFoundException'{0x00000000884ac5e0}: org/gradle/api/internal/artifacts/configurations/DefaultConfiguration$ConfigurationResolvableDependenciesBeanInfo> (0x00000000884ac5e0) 
thrown [s\src\hotspot\share\classfile\systemDictionary.cpp, line 256]
Event: 21.621 Thread 0x0000019f5b3dda40 Exception <a 'java/lang/ClassNotFoundException'{0x00000000884bde18}: org/gradle/api/internal/artifacts/configurations/DefaultConfiguration$ConfigurationResolvableDependenciesCustomizer> (0x00000000884bde18) 
thrown [s\src\hotspot\share\classfile\systemDictionary.cpp, line 256]
Event: 21.623 Thread 0x0000019f5b3dda40 Exception <a 'java/lang/ClassNotFoundException'{0x00000000884df5a8}: org/gradle/api/internal/artifacts/configurations/DefaultConfiguration$ConfigurationResolvableDependencies_DecoratedCustomizer> (0x00000000884df5a8) 
thrown [s\src\hotspot\share\classfile\systemDictionary.cpp, line 256]
Event: 21.801 Thread 0x0000019f5b3dda40 Implicit null exception at 0x0000019f4aff5840 to 0x0000019f4aff60dc
Event: 21.801 Thread 0x0000019f5b3dda40 Implicit null exception at 0x0000019f4aff3be0 to 0x0000019f4aff3c6c
Event: 21.801 Thread 0x0000019f5b3dda40 Implicit null exception at 0x0000019f4aff5840 to 0x0000019f4aff60dc
Event: 21.803 Thread 0x0000019f5b3dda40 Implicit null exception at 0x0000019f4aff5840 to 0x0000019f4aff60dc
Event: 21.803 Thread 0x0000019f5b3dda40 Implicit null exception at 0x0000019f4aff5840 to 0x0000019f4aff60dc

VM Operations (20 events):
Event: 20.956 Executing VM operation: G1Concurrent done
Event: 21.031 Executing VM operation: G1Concurrent
Event: 21.032 Executing VM operation: G1Concurrent done
Event: 21.428 Executing VM operation: HandshakeAllThreads
Event: 21.429 Executing VM operation: HandshakeAllThreads done
Event: 21.480 Executing VM operation: HandshakeAllThreads
Event: 21.481 Executing VM operation: HandshakeAllThreads done
Event: 21.536 Executing VM operation: G1CollectForAllocation
Event: 21.553 Executing VM operation: G1CollectForAllocation done
Event: 21.562 Executing VM operation: G1CollectForAllocation
Event: 21.575 Executing VM operation: G1CollectForAllocation done
Event: 21.672 Executing VM operation: HandshakeAllThreads
Event: 21.672 Executing VM operation: HandshakeAllThreads done
Event: 21.903 Executing VM operation: ICBufferFull
Event: 21.904 Executing VM operation: ICBufferFull done
Event: 21.978 Executing VM operation: HandshakeAllThreads
Event: 21.979 Executing VM operation: HandshakeAllThreads done
Event: 22.336 Executing VM operation: ICBufferFull
Event: 22.336 Executing VM operation: ICBufferFull done
Event: 22.543 Executing VM operation: G1CollectForAllocation

Events (20 events):
Event: 21.438 Thread 0x0000019f59c17820 flushing nmethod 0x0000019f43344e10
Event: 21.439 Thread 0x0000019f59c17820 flushing nmethod 0x0000019f43415490
Event: 21.478 loading class java/util/AbstractList$RandomAccessSubList
Event: 21.478 loading class java/util/AbstractList$SubList
Event: 21.478 loading class java/util/AbstractList$SubList done
Event: 21.478 loading class java/util/AbstractList$RandomAccessSubList done
Event: 21.479 loading class java/util/AbstractList$SubList$1
Event: 21.479 loading class java/util/AbstractList$SubList$1 done
Event: 21.479 loading class java/util/AbstractList$ListItr
Event: 21.479 loading class java/util/AbstractList$ListItr done
Event: 21.787 loading class java/lang/AbstractMethodError
Event: 21.787 loading class java/lang/AbstractMethodError done
Event: 21.799 loading class java/nio/channels/Channels$1
Event: 21.799 loading class java/nio/channels/Channels$1 done
Event: 22.081 loading class java/util/zip/ZipOutputStream
Event: 22.081 loading class java/util/zip/ZipOutputStream done
Event: 22.535 loading class java/net/Proxy
Event: 22.535 loading class java/net/Proxy done
Event: 22.535 loading class java/net/Proxy$Type
Event: 22.535 loading class java/net/Proxy$Type done


Dynamic libraries:
0x00007ff6d54d0000 - 0x00007ff6d54da000 	C:\Program Files\Android\Android Studio\jbr\bin\java.exe
0x00007fff2e350000 - 0x00007fff2e548000 	C:\Windows\SYSTEM32\ntdll.dll
0x00007fff2c830000 - 0x00007fff2c8ed000 	C:\Windows\System32\KERNEL32.DLL
0x00007fff2bd10000 - 0x00007fff2c006000 	C:\Windows\System32\KERNELBASE.dll
0x00007fff2ba20000 - 0x00007fff2bb20000 	C:\Windows\System32\ucrtbase.dll
0x00007fff21f60000 - 0x00007fff21f77000 	C:\Program Files\Android\Android Studio\jbr\bin\jli.dll
0x00007fff21f80000 - 0x00007fff21f9b000 	C:\Program Files\Android\Android Studio\jbr\bin\VCRUNTIME140.dll
0x00007fff2cf40000 - 0x00007fff2d0de000 	C:\Windows\System32\USER32.dll
0x00007fff2c010000 - 0x00007fff2c032000 	C:\Windows\System32\win32u.dll
0x00007fff2c800000 - 0x00007fff2c82c000 	C:\Windows\System32\GDI32.dll
0x00007fff2bbf0000 - 0x00007fff2bd0a000 	C:\Windows\System32\gdi32full.dll
0x00007fff2bb50000 - 0x00007fff2bbed000 	C:\Windows\System32\msvcp_win.dll
0x00007fff16f40000 - 0x00007fff171da000 	C:\Windows\WinSxS\amd64_microsoft.windows.common-controls_6595b64144ccf1df_6.0.19041.3636_none_60b6a03d71f818d5\COMCTL32.dll
0x00007fff2e120000 - 0x00007fff2e1be000 	C:\Windows\System32\msvcrt.dll
0x00007fff2cc10000 - 0x00007fff2cc40000 	C:\Windows\System32\IMM32.DLL
0x00007fff22420000 - 0x00007fff2242c000 	C:\Program Files\Android\Android Studio\jbr\bin\vcruntime140_1.dll
0x00007fff13d30000 - 0x00007fff13dbd000 	C:\Program Files\Android\Android Studio\jbr\bin\msvcp140.dll
0x00007ffedb5c0000 - 0x00007ffedc22d000 	C:\Program Files\Android\Android Studio\jbr\bin\server\jvm.dll
0x00007fff2e250000 - 0x00007fff2e303000 	C:\Windows\System32\ADVAPI32.dll
0x00007fff2c3a0000 - 0x00007fff2c43f000 	C:\Windows\System32\sechost.dll
0x00007fff2c9a0000 - 0x00007fff2cac6000 	C:\Windows\System32\RPCRT4.dll
0x00007fff2bb20000 - 0x00007fff2bb47000 	C:\Windows\System32\bcrypt.dll
0x00007fff1b250000 - 0x00007fff1b259000 	C:\Windows\SYSTEM32\WSOCK32.dll
0x00007fff2da90000 - 0x00007fff2dafb000 	C:\Windows\System32\WS2_32.dll
0x00007fff173b0000 - 0x00007fff173d7000 	C:\Windows\SYSTEM32\WINMM.dll
0x00007fff22e70000 - 0x00007fff22e7a000 	C:\Windows\SYSTEM32\VERSION.dll
0x00007fff2a220000 - 0x00007fff2a232000 	C:\Windows\SYSTEM32\kernel.appcore.dll
0x00007fff272c0000 - 0x00007fff272ca000 	C:\Program Files\Android\Android Studio\jbr\bin\jimage.dll
0x00007fff29f30000 - 0x00007fff2a114000 	C:\Windows\SYSTEM32\DBGHELP.DLL
0x00007fff15450000 - 0x00007fff15484000 	C:\Windows\SYSTEM32\dbgcore.DLL
0x00007fff2c310000 - 0x00007fff2c392000 	C:\Windows\System32\bcryptPrimitives.dll
0x00007fff224d0000 - 0x00007fff224f5000 	C:\Program Files\Android\Android Studio\jbr\bin\java.dll
0x00007fff24b50000 - 0x00007fff24b68000 	C:\Program Files\Android\Android Studio\jbr\bin\zip.dll
0x00007fff2d0e0000 - 0x00007fff2d825000 	C:\Windows\System32\SHELL32.dll
0x00007fff296c0000 - 0x00007fff29e5b000 	C:\Windows\SYSTEM32\windows.storage.dll
0x00007fff2c4a0000 - 0x00007fff2c7f4000 	C:\Windows\System32\combase.dll
0x00007fff2b2a0000 - 0x00007fff2b2cd000 	C:\Windows\SYSTEM32\Wldp.dll
0x00007fff2db00000 - 0x00007fff2dbad000 	C:\Windows\System32\SHCORE.dll
0x00007fff2cad0000 - 0x00007fff2cb25000 	C:\Windows\System32\shlwapi.dll
0x00007fff2b950000 - 0x00007fff2b975000 	C:\Windows\SYSTEM32\profapi.dll
0x00007fff24550000 - 0x00007fff24569000 	C:\Program Files\Android\Android Studio\jbr\bin\net.dll
0x00007fff1ca90000 - 0x00007fff1cb9a000 	C:\Windows\SYSTEM32\WINHTTP.dll
0x00007fff2b080000 - 0x00007fff2b0ea000 	C:\Windows\system32\mswsock.dll
0x00007fff22200000 - 0x00007fff22216000 	C:\Program Files\Android\Android Studio\jbr\bin\nio.dll
0x00007fff221f0000 - 0x00007fff22200000 	C:\Program Files\Android\Android Studio\jbr\bin\verify.dll
0x00007fff21fa0000 - 0x00007fff21fc7000 	C:\Users\Area 7 Computer\.gradle\native\68d5fa5c4cc2d200863cafc0d521ce42e7d3e7ee720ec0a83991735586a16f82\windows-amd64\native-platform.dll
0x00007fff098e0000 - 0x00007fff09a24000 	C:\Users\Area 7 Computer\.gradle\native\e376f236ea51e6404a007f0833ffe2c6e607c4080706a723a18a27aeea778392\windows-amd64\native-platform-file-events.dll
0x00007fff23000000 - 0x00007fff23009000 	C:\Program Files\Android\Android Studio\jbr\bin\management.dll
0x00007fff224c0000 - 0x00007fff224cb000 	C:\Program Files\Android\Android Studio\jbr\bin\management_ext.dll
0x00007fff2da80000 - 0x00007fff2da88000 	C:\Windows\System32\PSAPI.DLL
0x00007fff2b2e0000 - 0x00007fff2b2f8000 	C:\Windows\SYSTEM32\CRYPTSP.dll
0x00007fff2a9d0000 - 0x00007fff2aa04000 	C:\Windows\system32\rsaenh.dll
0x00007fff2b910000 - 0x00007fff2b93e000 	C:\Windows\SYSTEM32\USERENV.dll
0x00007fff2b210000 - 0x00007fff2b21c000 	C:\Windows\SYSTEM32\CRYPTBASE.dll
0x00007fff2ad90000 - 0x00007fff2adcb000 	C:\Windows\SYSTEM32\IPHLPAPI.DLL
0x00007fff2dbb0000 - 0x00007fff2dbb8000 	C:\Windows\System32\NSI.dll
0x00007fff20a00000 - 0x00007fff20a17000 	C:\Windows\SYSTEM32\dhcpcsvc6.DLL
0x00007fff20ea0000 - 0x00007fff20ebd000 	C:\Windows\SYSTEM32\dhcpcsvc.DLL
0x00007fff2add0000 - 0x00007fff2ae9a000 	C:\Windows\SYSTEM32\DNSAPI.dll
0x00007fff24580000 - 0x00007fff24587000 	C:\Windows\system32\wshunix.dll

dbghelp: loaded successfully - version: 4.0.5 - missing functions: none
symbol engine: initialized successfully - sym options: 0x614 - pdb path: .;C:\Program Files\Android\Android Studio\jbr\bin;C:\Windows\SYSTEM32;C:\Windows\WinSxS\amd64_microsoft.windows.common-controls_6595b64144ccf1df_6.0.19041.3636_none_60b6a03d71f818d5;C:\Program Files\Android\Android Studio\jbr\bin\server;C:\Users\Area 7 Computer\.gradle\native\68d5fa5c4cc2d200863cafc0d521ce42e7d3e7ee720ec0a83991735586a16f82\windows-amd64;C:\Users\Area 7 Computer\.gradle\native\e376f236ea51e6404a007f0833ffe2c6e607c4080706a723a18a27aeea778392\windows-amd64

VM Arguments:
jvm_args: --add-opens=java.base/java.util=ALL-UNNAMED --add-opens=java.base/java.lang=ALL-UNNAMED --add-opens=java.base/java.lang.invoke=ALL-UNNAMED --add-opens=java.prefs/java.util.prefs=ALL-UNNAMED --add-opens=java.base/java.nio.charset=ALL-UNNAMED --add-opens=java.base/java.net=ALL-UNNAMED --add-opens=java.base/java.util.concurrent.atomic=ALL-UNNAMED -Xmx2048m -Dfile.encoding=UTF-8 -Duser.country=US -Duser.language=en -Duser.variant 
java_command: org.gradle.launcher.daemon.bootstrap.GradleDaemon 8.0
java_class_path (initial): C:\Users\Area 7 Computer\.gradle\wrapper\dists\gradle-8.0-bin\ca5e32bp14vu59qr306oxotwh\gradle-8.0\lib\gradle-launcher-8.0.jar
Launcher Type: SUN_STANDARD

[Global flags]
     intx CICompilerCount                          = 3                                         {product} {ergonomic}
     uint ConcGCThreads                            = 1                                         {product} {ergonomic}
     uint G1ConcRefinementThreads                  = 4                                         {product} {ergonomic}
   size_t G1HeapRegionSize                         = 1048576                                   {product} {ergonomic}
    uintx GCDrainStackTargetSize                   = 64                                        {product} {ergonomic}
   size_t InitialHeapSize                          = 134217728                                 {product} {ergonomic}
   size_t MarkStackSize                            = 4194304                                   {product} {ergonomic}
   size_t MaxHeapSize                              = 2147483648                                {product} {command line}
   size_t MaxNewSize                               = 1287651328                                {product} {ergonomic}
   size_t MinHeapDeltaBytes                        = 1048576                                   {product} {ergonomic}
   size_t MinHeapSize                              = 8388608                                   {product} {ergonomic}
    uintx NonNMethodCodeHeapSize                   = 5832780                                {pd product} {ergonomic}
    uintx NonProfiledCodeHeapSize                  = 122912730                              {pd product} {ergonomic}
    uintx ProfiledCodeHeapSize                     = 122912730                              {pd product} {ergonomic}
    uintx ReservedCodeCacheSize                    = 251658240                              {pd product} {ergonomic}
     bool SegmentedCodeCache                       = true                                      {product} {ergonomic}
   size_t SoftMaxHeapSize                          = 2147483648                             {manageable} {ergonomic}
     bool UseCompressedClassPointers               = true                           {product lp64_product} {ergonomic}
     bool UseCompressedOops                        = true                           {product lp64_product} {ergonomic}
     bool UseG1GC                                  = true                                      {product} {ergonomic}
     bool UseLargePagesIndividualAllocation        = false                                  {pd product} {ergonomic}

Logging:
Log output configuration:
 #0: stdout all=warning uptime,level,tags
 #1: stderr all=off uptime,level,tags

Environment Variables:
JAVA_HOME=C:\Program Files (x86)\Java\jdk1.8.0_92
PATH=C:\ProgramData\Oracle\Java\javapath;D:\DevSuiteHome_1\jdk\jre\bin\classic;D:\DevSuiteHome_1\jdk\jre\bin;D:\DevSuiteHome_1\jdk\jre\bin\client;D:\DevSuiteHome_1\jlib;D:\DevSuiteHome_1\bin;D:\DevSuiteHome_1\jre\1.4.2\bin\client;D:\DevSuiteHome_1\jre\1.4.2\bin;C:\Windows\system32;C:\Windows;C:\Windows\System32\Wbem;C:\Windows\System32\WindowsPowerShell\v1.0\;C:\Windows\System32\OpenSSH\;C:\Program Files (x86)\Java\jdk1.8.0_92\bin;C:\Program Files\Microsoft SQL Server\150\Tools\Binn\;C:\Program Files\Microsoft SQL Server\Client SDK\ODBC\170\Tools\Binn\;C:\Program Files (x86)\Microsoft SQL Server\160\Tools\Binn\;C:\Program Files\Microsoft SQL Server\160\Tools\Binn\;C:\Program Files\Microsoft SQL Server\160\DTS\Binn\;C:\Program Files\Azure Data Studio\bin;C:\Program Files (x86)\Microsoft SQL Server\150\Tools\Binn\;C:\Program Files\Microsoft SQL Server\150\DTS\Binn\;C:\Program Files\Microsoft\Web Platform Installer\;C:\Program Files (x86)\Microsoft ASP.NET\ASP.NET Web Pages\v1.0\;C:\Program Files (x86)\Windows Kits\8.0\Windows Performance Toolkit\;D:\nodejs\;D:\Git\cmd;D:\GitHub CLI\;C:\Users\Area 7 Computer\AppData\Local\Microsoft\WindowsApps;;C:\Users\Area 7 Computer\AppData\Local\Programs\Microsoft VS Code\bin;C:\Program Files\Azure Data Studio\bin;C:\Users\Area 7 Computer\AppData\Roaming\npm
USERNAME=Area 7 Computer
OS=Windows_NT
PROCESSOR_IDENTIFIER=Intel64 Family 6 Model 78 Stepping 3, GenuineIntel
TMP=C:\Users\AREA7C~1\AppData\Local\Temp
TEMP=C:\Users\AREA7C~1\AppData\Local\Temp



---------------  S Y S T E M  ---------------

OS:
 Windows 10 , 64 bit Build 19041 (10.0.19041.3636)
OS uptime: 0 days 23:06 hours
Hyper-V role detected

CPU: total 4 (initial active 4) (2 cores per cpu, 2 threads per core) family 6 model 78 stepping 3 microcode 0xcc, cx8, cmov, fxsr, ht, mmx, 3dnowpref, sse, sse2, sse3, ssse3, sse4.1, sse4.2, popcnt, lzcnt, tsc, tscinvbit, avx, avx2, aes, erms, clmul, bmi1, bmi2, rtm, adx, fma, vzeroupper, clflush, clflushopt, hv

Memory: 4k page, system-wide physical 8076M (1197M free)
TotalPageFile size 10124M (AvailPageFile size 55M)
current process WorkingSet (physical memory assigned to process): 377M, peak: 378M
current process commit charge ("private bytes"): 404M, peak: 601M

vm_info: OpenJDK 64-Bit Server VM (17.0.6+0-b2043.56-9586694) for windows-amd64 JRE (17.0.6+0-b2043.56-9586694), built on Feb  9 2023 20:06:20 by "androidbuild" with MS VC++ 16.10 / 16.11 (VS2019)

END.
