#
# There is insufficient memory for the Java Runtime Environment to continue.
# Native memory allocation (mmap) failed to map 414187520 bytes for G1 virtual space
# Possible reasons:
#   The system is out of physical RAM or swap space
#   The process is running with CompressedOops enabled, and the Java Heap may be blocking the growth of the native heap
# Possible solutions:
#   Reduce memory load on the system
#   Increase physical memory or swap space
#   Check if swap backing store is full
#   Decrease Java heap size (-Xmx/-Xms)
#   Decrease number of Java threads
#   Decrease Java thread stack sizes (-Xss)
#   Set larger code cache with -XX:ReservedCodeCacheSize=
#   JVM is running with Unscaled Compressed Oops mode in which the Java heap is
#     placed in the first 4GB address space. The Java Heap base address is the
#     maximum limit for the native heap growth. Please use -XX:HeapBaseMinAddress
#     to set the Java Heap base and to place the Java Heap above 4GB virtual address.
# This output file may be truncated or incomplete.
#
#  Out of Memory Error (os_windows.cpp:3769), pid=13128, tid=10468
#
# JRE version: OpenJDK Runtime Environment (17.0.6) (build 17.0.6+0-b2043.56-9586694)
# Java VM: OpenJDK 64-Bit Server VM (17.0.6+0-b2043.56-9586694, mixed mode, tiered, compressed oops, compressed class ptrs, g1 gc, windows-amd64)
# No core dump will be written. Minidumps are not enabled by default on client versions of Windows
#

---------------  S U M M A R Y ------------

Command Line: --add-opens=java.base/java.util=ALL-UNNAMED --add-opens=java.base/java.lang=ALL-UNNAMED --add-opens=java.base/java.lang.invoke=ALL-UNNAMED --add-opens=java.prefs/java.util.prefs=ALL-UNNAMED --add-opens=java.base/java.nio.charset=ALL-UNNAMED --add-opens=java.base/java.net=ALL-UNNAMED --add-opens=java.base/java.util.concurrent.atomic=ALL-UNNAMED -Xmx2048m -Dfile.encoding=UTF-8 -Duser.country=US -Duser.language=en -Duser.variant org.gradle.launcher.daemon.bootstrap.GradleDaemon 8.0

Host: Intel(R) Core(TM) i5-6300U CPU @ 2.40GHz, 4 cores, 7G,  Windows 10 , 64 bit Build 19041 (10.0.19041.3636)
Time: Tue Jan 16 22:16:05 2024 Pakistan Standard Time elapsed time: 34.975927 seconds (0d 0h 0m 34s)

---------------  T H R E A D  ---------------

Current thread (0x000001b866c4fe30):  VMThread "VM Thread" [stack: 0x000000796b000000,0x000000796b100000] [id=10468]

Stack: [0x000000796b000000,0x000000796b100000]
Native frames: (J=compiled Java code, j=interpreted, Vv=VM code, C=native code)
V  [jvm.dll+0x683b4a]
V  [jvm.dll+0x842654]
V  [jvm.dll+0x843dfe]
V  [jvm.dll+0x844463]
V  [jvm.dll+0x249b75]
V  [jvm.dll+0x680a19]
V  [jvm.dll+0x674f0a]
V  [jvm.dll+0x309acb]
V  [jvm.dll+0x310f86]
V  [jvm.dll+0x3608ee]
V  [jvm.dll+0x360b1f]
V  [jvm.dll+0x2dfbf8]
V  [jvm.dll+0x2ddec4]
V  [jvm.dll+0x2dd4cc]
V  [jvm.dll+0x321f3b]
V  [jvm.dll+0x84893b]
V  [jvm.dll+0x849674]
V  [jvm.dll+0x849b8d]
V  [jvm.dll+0x849f64]
V  [jvm.dll+0x84a030]
V  [jvm.dll+0x7f25fa]
V  [jvm.dll+0x682985]
C  [ucrtbase.dll+0x21bb2]
C  [KERNEL32.DLL+0x17344]
C  [ntdll.dll+0x526b1]

VM_Operation (0x000000796f1fbf20): G1CollectForAllocation, mode: safepoint, requested by thread 0x000001b86aa0ae40


---------------  P R O C E S S  ---------------

Threads class SMR info:
_java_thread_list=0x000001b873b4ecc0, length=88, elements={
0x000001b84b74b790, 0x000001b866ca9c30, 0x000001b866caa9b0, 0x000001b866cd83d0,
0x000001b866cb49e0, 0x000001b866cb52a0, 0x000001b866cb5b60, 0x000001b86781a330,
0x000001b867828150, 0x000001b867831220, 0x000001b86799e840, 0x000001b8679a1530,
0x000001b868b7bff0, 0x000001b86a40cb30, 0x000001b868c2dd20, 0x000001b86a61c6c0,
0x000001b86a3a0310, 0x000001b86a7468d0, 0x000001b8688e3070, 0x000001b86ab41580,
0x000001b86ab3fd70, 0x000001b86ab40710, 0x000001b86ab3f3d0, 0x000001b86ab40be0,
0x000001b86ab410b0, 0x000001b86ab3ef00, 0x000001b86ab3dbc0, 0x000001b86ab40240,
0x000001b86ab3e090, 0x000001b86ab3f8a0, 0x000001b86ab3e560, 0x000001b86ab3ea30,
0x000001b86b349830, 0x000001b86b3484f0, 0x000001b86b34c380, 0x000001b86b34c850,
0x000001b86b347b50, 0x000001b86b34b9e0, 0x000001b86b34cd20, 0x000001b86b34beb0,
0x000001b86b34db90, 0x000001b86b3489c0, 0x000001b86b348020, 0x000001b86b348e90,
0x000001b86b34e060, 0x000001b86b34e530, 0x000001b86b349360, 0x000001b86b34b510,
0x000001b86b34ea00, 0x000001b86b349d00, 0x000001b86b34a6a0, 0x000001b86b34b040,
0x000001b86aa06610, 0x000001b86aa0a970, 0x000001b86aa09b00, 0x000001b86aa07480,
0x000001b86aa0b310, 0x000001b86aa03f90, 0x000001b86aa087c0, 0x000001b86aa0ae40,
0x000001b86aa06fb0, 0x000001b86aa06ae0, 0x000001b86aa09160, 0x000001b86aa03ac0,
0x000001b86aa05c70, 0x000001b86aa08c90, 0x000001b86aa04e00, 0x000001b86aa09630,
0x000001b86aa057a0, 0x000001b86aa07950, 0x000001b86aa07e20, 0x000001b86aa04460,
0x000001b86aa052d0, 0x000001b86aa04930, 0x000001b86aa06140, 0x000001b86aa09fd0,
0x000001b86aa082f0, 0x000001b86aa0a4a0, 0x000001b869ecd810, 0x000001b869ed5060,
0x000001b869ed11d0, 0x000001b869ecf4f0, 0x000001b869ed0360, 0x000001b869ece680,
0x000001b869ed0830, 0x000001b869ed3850, 0x000001b869ed16a0, 0x000001b8691ead10
}

Java Threads: ( => current thread )
  0x000001b84b74b790 JavaThread "main" [_thread_blocked, id=5888, stack(0x000000796aa00000,0x000000796ab00000)]
  0x000001b866ca9c30 JavaThread "Reference Handler" daemon [_thread_blocked, id=11360, stack(0x000000796b100000,0x000000796b200000)]
  0x000001b866caa9b0 JavaThread "Finalizer" daemon [_thread_blocked, id=6044, stack(0x000000796b200000,0x000000796b300000)]
  0x000001b866cd83d0 JavaThread "Signal Dispatcher" daemon [_thread_blocked, id=3856, stack(0x000000796b300000,0x000000796b400000)]
  0x000001b866cb49e0 JavaThread "Attach Listener" daemon [_thread_blocked, id=11112, stack(0x000000796b400000,0x000000796b500000)]
  0x000001b866cb52a0 JavaThread "Service Thread" daemon [_thread_blocked, id=12948, stack(0x000000796b500000,0x000000796b600000)]
  0x000001b866cb5b60 JavaThread "Monitor Deflation Thread" daemon [_thread_blocked, id=6452, stack(0x000000796b600000,0x000000796b700000)]
  0x000001b86781a330 JavaThread "C2 CompilerThread0" daemon [_thread_in_native, id=8352, stack(0x000000796b700000,0x000000796b800000)]
  0x000001b867828150 JavaThread "C1 CompilerThread0" daemon [_thread_blocked, id=960, stack(0x000000796b800000,0x000000796b900000)]
  0x000001b867831220 JavaThread "Sweeper thread" daemon [_thread_blocked, id=11436, stack(0x000000796b900000,0x000000796ba00000)]
  0x000001b86799e840 JavaThread "Common-Cleaner" daemon [_thread_blocked, id=7792, stack(0x000000796ba00000,0x000000796bb00000)]
  0x000001b8679a1530 JavaThread "Notification Thread" daemon [_thread_blocked, id=8780, stack(0x000000796bb00000,0x000000796bc00000)]
  0x000001b868b7bff0 JavaThread "Daemon health stats" [_thread_blocked, id=9076, stack(0x000000796c100000,0x000000796c200000)]
  0x000001b86a40cb30 JavaThread "Incoming local TCP Connector on port 28468" [_thread_in_native, id=11464, stack(0x000000796c200000,0x000000796c300000)]
  0x000001b868c2dd20 JavaThread "Daemon periodic checks" [_thread_blocked, id=6028, stack(0x000000796c300000,0x000000796c400000)]
  0x000001b86a61c6c0 JavaThread "Daemon" [_thread_blocked, id=7136, stack(0x000000796c400000,0x000000796c500000)]
  0x000001b86a3a0310 JavaThread "Handler for socket connection from /127.0.0.1:28468 to /127.0.0.1:28469" [_thread_in_native, id=9484, stack(0x000000796c500000,0x000000796c600000)]
  0x000001b86a7468d0 JavaThread "Cancel handler" [_thread_blocked, id=5492, stack(0x000000796c600000,0x000000796c700000)]
  0x000001b8688e3070 JavaThread "Daemon worker" [_thread_blocked, id=12160, stack(0x000000796c700000,0x000000796c800000)]
  0x000001b86ab41580 JavaThread "Asynchronous log dispatcher for DefaultDaemonConnection: socket connection from /127.0.0.1:28468 to /127.0.0.1:28469" [_thread_blocked, id=14756, stack(0x000000796c800000,0x000000796c900000)]
  0x000001b86ab3fd70 JavaThread "Stdin handler" [_thread_blocked, id=8876, stack(0x000000796c900000,0x000000796ca00000)]
  0x000001b86ab40710 JavaThread "Daemon client event forwarder" [_thread_blocked, id=2848, stack(0x000000796ca00000,0x000000796cb00000)]
  0x000001b86ab3f3d0 JavaThread "Cache worker for journal cache (C:\Users\Area 7 Computer\.gradle\caches\journal-1)" [_thread_blocked, id=14232, stack(0x000000796cb00000,0x000000796cc00000)]
  0x000001b86ab40be0 JavaThread "File lock request listener" [_thread_in_native, id=8132, stack(0x000000796cc00000,0x000000796cd00000)]
  0x000001b86ab410b0 JavaThread "Cache worker for file hash cache (C:\Users\Area 7 Computer\.gradle\caches\8.0\fileHashes)" [_thread_blocked, id=3312, stack(0x000000796cd00000,0x000000796ce00000)]
  0x000001b86ab3ef00 JavaThread "File watcher server" daemon [_thread_blocked, id=5884, stack(0x000000796ce00000,0x000000796cf00000)]
  0x000001b86ab3dbc0 JavaThread "File watcher consumer" daemon [_thread_blocked, id=6900, stack(0x000000796cf00000,0x000000796d000000)]
  0x000001b86ab40240 JavaThread "Cache worker for checksums cache (D:\FYP\fypproject\FypDisasterManagement-1\FypDisasterManagement-1\FypDisasterManagement\.gradle\8.0\checksums)" [_thread_blocked, id=10360, stack(0x000000796d000000,0x000000796d100000)]
  0x000001b86ab3e090 JavaThread "Cache worker for cache directory md-rule (C:\Users\Area 7 Computer\.gradle\caches\8.0\md-rule)" [_thread_blocked, id=2248, stack(0x000000796d100000,0x000000796d200000)]
  0x000001b86ab3f8a0 JavaThread "Cache worker for file content cache (C:\Users\Area 7 Computer\.gradle\caches\8.0\fileContent)" [_thread_blocked, id=8348, stack(0x000000796d200000,0x000000796d300000)]
  0x000001b86ab3e560 JavaThread "Cache worker for file hash cache (D:\FYP\fypproject\FypDisasterManagement-1\FypDisasterManagement-1\FypDisasterManagement\.gradle\8.0\fileHashes)" [_thread_blocked, id=3044, stack(0x000000796d300000,0x000000796d400000)]
  0x000001b86ab3ea30 JavaThread "Cache worker for cache directory md-supplier (C:\Users\Area 7 Computer\.gradle\caches\8.0\md-supplier)" [_thread_blocked, id=10540, stack(0x000000796d400000,0x000000796d500000)]
  0x000001b86b349830 JavaThread "Cache worker for execution history cache (C:\Users\Area 7 Computer\.gradle\caches\8.0\executionHistory)" [_thread_blocked, id=9156, stack(0x000000796d500000,0x000000796d600000)]
  0x000001b86b3484f0 JavaThread "jar transforms" [_thread_blocked, id=8120, stack(0x000000796d600000,0x000000796d700000)]
  0x000001b86b34c380 JavaThread "jar transforms Thread 2" [_thread_blocked, id=13304, stack(0x000000796d700000,0x000000796d800000)]
  0x000001b86b34c850 JavaThread "Cache worker for kotlin-dsl (C:\Users\Area 7 Computer\.gradle\caches\8.0\kotlin-dsl)" [_thread_blocked, id=2376, stack(0x000000796d900000,0x000000796da00000)]
  0x000001b86b347b50 JavaThread "jar transforms Thread 3" [_thread_blocked, id=5168, stack(0x000000796da00000,0x000000796db00000)]
  0x000001b86b34b9e0 JavaThread "jar transforms Thread 4" [_thread_blocked, id=952, stack(0x000000796db00000,0x000000796dc00000)]
  0x000001b86b34cd20 JavaThread "Cache worker for dependencies-accessors (D:\FYP\fypproject\FypDisasterManagement-1\FypDisasterManagement-1\FypDisasterManagement\.gradle\8.0\dependencies-accessors)" [_thread_blocked, id=9860, stack(0x000000796dc00000,0x000000796dd00000)]
  0x000001b86b34beb0 JavaThread "Cache worker for Build Output Cleanup Cache (D:\FYP\fypproject\FypDisasterManagement-1\FypDisasterManagement-1\FypDisasterManagement\.gradle\buildOutputCleanup)" [_thread_blocked, id=9528, stack(0x000000796bd00000,0x000000796be00000)]
  0x000001b86b34db90 JavaThread "Unconstrained build operations" [_thread_blocked, id=6164, stack(0x000000796de00000,0x000000796df00000)]
  0x000001b86b3489c0 JavaThread "Unconstrained build operations Thread 2" [_thread_blocked, id=1980, stack(0x000000796df00000,0x000000796e000000)]
  0x000001b86b348020 JavaThread "Unconstrained build operations Thread 3" [_thread_blocked, id=12140, stack(0x000000796e000000,0x000000796e100000)]
  0x000001b86b348e90 JavaThread "Unconstrained build operations Thread 4" [_thread_blocked, id=14008, stack(0x000000796e100000,0x000000796e200000)]
  0x000001b86b34e060 JavaThread "Unconstrained build operations Thread 5" [_thread_blocked, id=4348, stack(0x000000796e200000,0x000000796e300000)]
  0x000001b86b34e530 JavaThread "Unconstrained build operations Thread 6" [_thread_blocked, id=7392, stack(0x000000796e300000,0x000000796e400000)]
  0x000001b86b349360 JavaThread "Unconstrained build operations Thread 7" [_thread_blocked, id=11168, stack(0x000000796e400000,0x000000796e500000)]
  0x000001b86b34b510 JavaThread "Unconstrained build operations Thread 8" [_thread_blocked, id=7140, stack(0x000000796e500000,0x000000796e600000)]
  0x000001b86b34ea00 JavaThread "Unconstrained build operations Thread 9" [_thread_blocked, id=1568, stack(0x000000796e600000,0x000000796e700000)]
  0x000001b86b349d00 JavaThread "Unconstrained build operations Thread 10" [_thread_blocked, id=13992, stack(0x000000796e700000,0x000000796e800000)]
  0x000001b86b34a6a0 JavaThread "Unconstrained build operations Thread 11" [_thread_blocked, id=15188, stack(0x000000796e800000,0x000000796e900000)]
  0x000001b86b34b040 JavaThread "Unconstrained build operations Thread 12" [_thread_blocked, id=7228, stack(0x000000796e900000,0x000000796ea00000)]
  0x000001b86aa06610 JavaThread "Unconstrained build operations Thread 13" [_thread_blocked, id=6620, stack(0x000000796ea00000,0x000000796eb00000)]
  0x000001b86aa0a970 JavaThread "Unconstrained build operations Thread 14" [_thread_blocked, id=8328, stack(0x000000796eb00000,0x000000796ec00000)]
  0x000001b86aa09b00 JavaThread "Unconstrained build operations Thread 15" [_thread_blocked, id=11448, stack(0x000000796ec00000,0x000000796ed00000)]
  0x000001b86aa07480 JavaThread "Unconstrained build operations Thread 16" [_thread_blocked, id=10980, stack(0x000000796ed00000,0x000000796ee00000)]
  0x000001b86aa0b310 JavaThread "Unconstrained build operations Thread 17" [_thread_blocked, id=10196, stack(0x000000796ee00000,0x000000796ef00000)]
  0x000001b86aa03f90 JavaThread "Unconstrained build operations Thread 18" [_thread_blocked, id=13284, stack(0x000000796ef00000,0x000000796f000000)]
  0x000001b86aa087c0 JavaThread "Unconstrained build operations Thread 19" [_thread_blocked, id=8412, stack(0x000000796f000000,0x000000796f100000)]
  0x000001b86aa0ae40 JavaThread "Unconstrained build operations Thread 20" [_thread_blocked, id=6060, stack(0x000000796f100000,0x000000796f200000)]
  0x000001b86aa06fb0 JavaThread "Unconstrained build operations Thread 21" [_thread_blocked, id=5848, stack(0x000000796f200000,0x000000796f300000)]
  0x000001b86aa06ae0 JavaThread "Unconstrained build operations Thread 22" [_thread_blocked, id=6476, stack(0x000000796f300000,0x000000796f400000)]
  0x000001b86aa09160 JavaThread "Unconstrained build operations Thread 23" [_thread_blocked, id=6148, stack(0x000000796f400000,0x000000796f500000)]
  0x000001b86aa03ac0 JavaThread "Unconstrained build operations Thread 24" [_thread_blocked, id=5044, stack(0x000000796f500000,0x000000796f600000)]
  0x000001b86aa05c70 JavaThread "Unconstrained build operations Thread 25" [_thread_blocked, id=6492, stack(0x000000796f600000,0x000000796f700000)]
  0x000001b86aa08c90 JavaThread "Unconstrained build operations Thread 26" [_thread_blocked, id=5392, stack(0x000000796f700000,0x000000796f800000)]
  0x000001b86aa04e00 JavaThread "Unconstrained build operations Thread 27" [_thread_blocked, id=10288, stack(0x000000796f800000,0x000000796f900000)]
  0x000001b86aa09630 JavaThread "Unconstrained build operations Thread 28" [_thread_blocked, id=13200, stack(0x000000796f900000,0x000000796fa00000)]
  0x000001b86aa057a0 JavaThread "Unconstrained build operations Thread 29" [_thread_blocked, id=10452, stack(0x000000796fa00000,0x000000796fb00000)]
  0x000001b86aa07950 JavaThread "Unconstrained build operations Thread 30" [_thread_blocked, id=8912, stack(0x000000796fb00000,0x000000796fc00000)]
  0x000001b86aa07e20 JavaThread "Unconstrained build operations Thread 31" [_thread_blocked, id=14628, stack(0x000000796fc00000,0x000000796fd00000)]
  0x000001b86aa04460 JavaThread "Unconstrained build operations Thread 32" [_thread_blocked, id=6528, stack(0x000000796fd00000,0x000000796fe00000)]
  0x000001b86aa052d0 JavaThread "Unconstrained build operations Thread 33" [_thread_blocked, id=9588, stack(0x000000796fe00000,0x000000796ff00000)]
  0x000001b86aa04930 JavaThread "Unconstrained build operations Thread 34" [_thread_blocked, id=11900, stack(0x000000796ff00000,0x0000007970000000)]
  0x000001b86aa06140 JavaThread "Unconstrained build operations Thread 35" [_thread_blocked, id=12032, stack(0x0000007970000000,0x0000007970100000)]
  0x000001b86aa09fd0 JavaThread "Unconstrained build operations Thread 36" [_thread_blocked, id=10148, stack(0x0000007970100000,0x0000007970200000)]
  0x000001b86aa082f0 JavaThread "Unconstrained build operations Thread 37" [_thread_blocked, id=9644, stack(0x0000007970200000,0x0000007970300000)]
  0x000001b86aa0a4a0 JavaThread "Unconstrained build operations Thread 38" [_thread_blocked, id=12320, stack(0x0000007970300000,0x0000007970400000)]
  0x000001b869ecd810 JavaThread "Unconstrained build operations Thread 39" [_thread_blocked, id=2080, stack(0x0000007970400000,0x0000007970500000)]
  0x000001b869ed5060 JavaThread "Unconstrained build operations Thread 40" [_thread_blocked, id=13456, stack(0x0000007970500000,0x0000007970600000)]
  0x000001b869ed11d0 JavaThread "build event listener" [_thread_blocked, id=14864, stack(0x0000007970600000,0x0000007970700000)]
  0x000001b869ecf4f0 JavaThread "Memory manager" [_thread_blocked, id=6896, stack(0x0000007970700000,0x0000007970800000)]
  0x000001b869ed0360 JavaThread "included builds" [_thread_blocked, id=14764, stack(0x0000007970800000,0x0000007970900000)]
  0x000001b869ece680 JavaThread "Execution worker" [_thread_blocked, id=11308, stack(0x0000007970900000,0x0000007970a00000)]
  0x000001b869ed0830 JavaThread "Execution worker Thread 2" [_thread_blocked, id=9848, stack(0x0000007970a00000,0x0000007970b00000)]
  0x000001b869ed3850 JavaThread "Execution worker Thread 3" [_thread_blocked, id=11120, stack(0x0000007970b00000,0x0000007970c00000)]
  0x000001b869ed16a0 JavaThread "Cache worker for execution history cache (D:\FYP\fypproject\FypDisasterManagement-1\FypDisasterManagement-1\FypDisasterManagement\.gradle\8.0\executionHistory)" [_thread_blocked, id=8396, stack(0x0000007970c00000,0x0000007970d00000)]
  0x000001b8691ead10 JavaThread "C2 CompilerThread1" daemon [_thread_in_native, id=7424, stack(0x0000007970e00000,0x0000007970f00000)]

Other Threads:
=>0x000001b866c4fe30 VMThread "VM Thread" [stack: 0x000000796b000000,0x000000796b100000] [id=10468]
  0x000001b84b7fd050 WatcherThread [stack: 0x000000796bc00000,0x000000796bd00000] [id=9364]
  0x000001b84b7dca70 GCTaskThread "GC Thread#0" [stack: 0x000000796ab00000,0x000000796ac00000] [id=5912]
  0x000001b867e439f0 GCTaskThread "GC Thread#1" [stack: 0x000000796be00000,0x000000796bf00000] [id=10712]
  0x000001b8682aa960 GCTaskThread "GC Thread#2" [stack: 0x000000796bf00000,0x000000796c000000] [id=7572]
  0x000001b868703c60 GCTaskThread "GC Thread#3" [stack: 0x000000796c000000,0x000000796c100000] [id=10952]
  0x000001b84b7ee8d0 ConcurrentGCThread "G1 Main Marker" [stack: 0x000000796ac00000,0x000000796ad00000] [id=10096]
  0x000001b84b7ef990 ConcurrentGCThread "G1 Conc#0" [stack: 0x000000796ad00000,0x000000796ae00000] [id=3180]
  0x000001b866b020b0 ConcurrentGCThread "G1 Refine#0" [stack: 0x000000796ae00000,0x000000796af00000] [id=9224]
  0x000001b86b0b9af0 ConcurrentGCThread "G1 Refine#1" [stack: 0x000000796d800000,0x000000796d900000] [id=14664]
  0x000001b866b029e0 ConcurrentGCThread "G1 Service" [stack: 0x000000796af00000,0x000000796b000000] [id=1212]

Threads with active compile tasks:
C2 CompilerThread0    35032 12858       4       org.gradle.internal.component.model.ComponentAttributeMatcher::isMatching (147 bytes)
C2 CompilerThread1    35032 12842       4       org.gradle.internal.classloader.ConfigurableClassLoaderHierarchyHasher$Visitor::visit (14 bytes)

VM state: at safepoint (normal execution)

VM Mutex/Monitor currently owned by a thread:  ([mutex/lock_event])
[0x000001b84b782ca0] Threads_lock - owner thread: 0x000001b866c4fe30
[0x000001b84b782af0] Heap_lock - owner thread: 0x000001b86aa0ae40

Heap address: 0x0000000080000000, size: 2048 MB, Compressed Oops mode: 32-bit

CDS archive(s) not mapped
Compressed class space mapped at: 0x0000000100000000-0x0000000140000000, reserved size: 1073741824
Narrow klass base: 0x0000000000000000, Narrow klass shift: 3, Narrow klass range: 0x140000000

GC Precious Log:
 CPUs: 4 total, 4 available
 Memory: 8076M
 Large Page Support: Disabled
 NUMA Support: Disabled
 Compressed Oops: Enabled (32-bit)
 Heap Region Size: 1M
 Heap Min Capacity: 8M
 Heap Initial Capacity: 128M
 Heap Max Capacity: 2G
 Pre-touch: Disabled
 Parallel Workers: 4
 Concurrent Workers: 1
 Concurrent Refinement Workers: 4
 Periodic GC: Disabled

Heap:
 garbage-first heap   total 256000K, used 122142K [0x0000000080000000, 0x0000000100000000)
  region size 1024K, 2 young (2048K), 2 survivors (2048K)
 Metaspace       used 96596K, committed 97280K, reserved 1138688K
  class space    used 13137K, committed 13440K, reserved 1048576K

Heap Regions: E=young(eden), S=young(survivor), O=old, HS=humongous(starts), HC=humongous(continues), CS=collection set, F=free, OA=open archive, CA=closed archive, TAMS=top-at-mark-start (previous, next)
|   0|0x0000000080000000, 0x0000000080100000, 0x0000000080100000|100%| O|  |TAMS 0x0000000080100000, 0x0000000080000000| Untracked 
|   1|0x0000000080100000, 0x0000000080200000, 0x0000000080200000|100%| O|  |TAMS 0x0000000080200000, 0x0000000080100000| Untracked 
|   2|0x0000000080200000, 0x0000000080300000, 0x0000000080300000|100%|HS|  |TAMS 0x0000000080300000, 0x0000000080200000| Complete 
|   3|0x0000000080300000, 0x0000000080400000, 0x0000000080400000|100%|HC|  |TAMS 0x0000000080400000, 0x0000000080300000| Complete 
|   4|0x0000000080400000, 0x0000000080500000, 0x0000000080500000|100%|HC|  |TAMS 0x0000000080500000, 0x0000000080400000| Complete 
|   5|0x0000000080500000, 0x0000000080600000, 0x0000000080600000|100%|HC|  |TAMS 0x0000000080600000, 0x0000000080500000| Complete 
|   6|0x0000000080600000, 0x0000000080700000, 0x0000000080700000|100%| O|  |TAMS 0x0000000080700000, 0x0000000080600000| Untracked 
|   7|0x0000000080700000, 0x0000000080800000, 0x0000000080800000|100%| O|  |TAMS 0x0000000080800000, 0x0000000080700000| Untracked 
|   8|0x0000000080800000, 0x0000000080900000, 0x0000000080900000|100%| O|  |TAMS 0x0000000080900000, 0x0000000080800000| Untracked 
|   9|0x0000000080900000, 0x0000000080a00000, 0x0000000080a00000|100%| O|  |TAMS 0x0000000080a00000, 0x0000000080900000| Untracked 
|  10|0x0000000080a00000, 0x0000000080b00000, 0x0000000080b00000|100%| O|  |TAMS 0x0000000080b00000, 0x0000000080a00000| Untracked 
|  11|0x0000000080b00000, 0x0000000080c00000, 0x0000000080c00000|100%| O|  |TAMS 0x0000000080c00000, 0x0000000080b00000| Untracked 
|  12|0x0000000080c00000, 0x0000000080d00000, 0x0000000080d00000|100%| O|  |TAMS 0x0000000080d00000, 0x0000000080c00000| Untracked 
|  13|0x0000000080d00000, 0x0000000080e00000, 0x0000000080e00000|100%| O|  |TAMS 0x0000000080e00000, 0x0000000080d00000| Untracked 
|  14|0x0000000080e00000, 0x0000000080f00000, 0x0000000080f00000|100%| O|  |TAMS 0x0000000080f00000, 0x0000000080e00000| Untracked 
|  15|0x0000000080f00000, 0x0000000081000000, 0x0000000081000000|100%| O|  |TAMS 0x0000000081000000, 0x0000000080f00000| Untracked 
|  16|0x0000000081000000, 0x0000000081100000, 0x0000000081100000|100%| O|  |TAMS 0x0000000081100000, 0x0000000081000000| Untracked 
|  17|0x0000000081100000, 0x0000000081200000, 0x0000000081200000|100%| O|  |TAMS 0x0000000081200000, 0x0000000081100000| Untracked 
|  18|0x0000000081200000, 0x0000000081300000, 0x0000000081300000|100%| O|  |TAMS 0x0000000081300000, 0x0000000081200000| Untracked 
|  19|0x0000000081300000, 0x0000000081400000, 0x0000000081400000|100%| O|  |TAMS 0x0000000081400000, 0x0000000081300000| Untracked 
|  20|0x0000000081400000, 0x0000000081500000, 0x0000000081500000|100%| O|  |TAMS 0x0000000081500000, 0x0000000081400000| Untracked 
|  21|0x0000000081500000, 0x0000000081600000, 0x0000000081600000|100%| O|  |TAMS 0x0000000081600000, 0x0000000081500000| Untracked 
|  22|0x0000000081600000, 0x0000000081700000, 0x0000000081700000|100%| O|  |TAMS 0x0000000081700000, 0x0000000081600000| Untracked 
|  23|0x0000000081700000, 0x0000000081800000, 0x0000000081800000|100%| O|  |TAMS 0x0000000081800000, 0x0000000081700000| Untracked 
|  24|0x0000000081800000, 0x0000000081900000, 0x0000000081900000|100%| O|  |TAMS 0x0000000081900000, 0x0000000081800000| Untracked 
|  25|0x0000000081900000, 0x0000000081a00000, 0x0000000081a00000|100%| O|  |TAMS 0x0000000081a00000, 0x0000000081900000| Untracked 
|  26|0x0000000081a00000, 0x0000000081b00000, 0x0000000081b00000|100%| O|  |TAMS 0x0000000081b00000, 0x0000000081a00000| Untracked 
|  27|0x0000000081b00000, 0x0000000081c00000, 0x0000000081c00000|100%| O|  |TAMS 0x0000000081b00000, 0x0000000081b00000| Untracked 
|  28|0x0000000081c00000, 0x0000000081d00000, 0x0000000081d00000|100%| O|  |TAMS 0x0000000081d00000, 0x0000000081c00000| Untracked 
|  29|0x0000000081d00000, 0x0000000081e00000, 0x0000000081e00000|100%| O|  |TAMS 0x0000000081e00000, 0x0000000081d00000| Untracked 
|  30|0x0000000081e00000, 0x0000000081f00000, 0x0000000081f00000|100%| O|  |TAMS 0x0000000081f00000, 0x0000000081e00000| Untracked 
|  31|0x0000000081f00000, 0x0000000082000000, 0x0000000082000000|100%| O|  |TAMS 0x0000000082000000, 0x0000000081f00000| Untracked 
|  32|0x0000000082000000, 0x0000000082100000, 0x0000000082100000|100%|HS|  |TAMS 0x0000000082100000, 0x0000000082000000| Complete 
|  33|0x0000000082100000, 0x0000000082200000, 0x0000000082200000|100%|HS|  |TAMS 0x0000000082200000, 0x0000000082100000| Complete 
|  34|0x0000000082200000, 0x0000000082300000, 0x0000000082300000|100%|HS|  |TAMS 0x0000000082300000, 0x0000000082200000| Complete 
|  35|0x0000000082300000, 0x0000000082400000, 0x0000000082400000|100%|HC|  |TAMS 0x0000000082400000, 0x0000000082300000| Complete 
|  36|0x0000000082400000, 0x0000000082500000, 0x0000000082500000|100%| O|  |TAMS 0x0000000082500000, 0x0000000082400000| Untracked 
|  37|0x0000000082500000, 0x0000000082600000, 0x0000000082600000|100%| O|  |TAMS 0x0000000082600000, 0x0000000082500000| Untracked 
|  38|0x0000000082600000, 0x0000000082700000, 0x0000000082700000|100%| O|  |TAMS 0x0000000082700000, 0x0000000082600000| Untracked 
|  39|0x0000000082700000, 0x0000000082800000, 0x0000000082800000|100%| O|  |TAMS 0x0000000082700000, 0x0000000082700000| Untracked 
|  40|0x0000000082800000, 0x0000000082900000, 0x0000000082900000|100%| O|  |TAMS 0x0000000082900000, 0x0000000082800000| Untracked 
|  41|0x0000000082900000, 0x0000000082a00000, 0x0000000082a00000|100%| O|  |TAMS 0x0000000082a00000, 0x0000000082900000| Untracked 
|  42|0x0000000082a00000, 0x0000000082b00000, 0x0000000082b00000|100%| O|  |TAMS 0x0000000082b00000, 0x0000000082a00000| Untracked 
|  43|0x0000000082b00000, 0x0000000082c00000, 0x0000000082c00000|100%|HS|  |TAMS 0x0000000082c00000, 0x0000000082b00000| Complete 
|  44|0x0000000082c00000, 0x0000000082d00000, 0x0000000082d00000|100%|HC|  |TAMS 0x0000000082d00000, 0x0000000082c00000| Complete 
|  45|0x0000000082d00000, 0x0000000082e00000, 0x0000000082e00000|100%|HC|  |TAMS 0x0000000082e00000, 0x0000000082d00000| Complete 
|  46|0x0000000082e00000, 0x0000000082f00000, 0x0000000082f00000|100%|HC|  |TAMS 0x0000000082f00000, 0x0000000082e00000| Complete 
|  47|0x0000000082f00000, 0x0000000083000000, 0x0000000083000000|100%| O|  |TAMS 0x0000000083000000, 0x0000000082f00000| Untracked 
|  48|0x0000000083000000, 0x0000000083100000, 0x0000000083100000|100%| O|  |TAMS 0x0000000083100000, 0x0000000083000000| Untracked 
|  49|0x0000000083100000, 0x0000000083200000, 0x0000000083200000|100%| O|  |TAMS 0x0000000083200000, 0x0000000083100000| Untracked 
|  50|0x0000000083200000, 0x0000000083300000, 0x0000000083300000|100%| O|  |TAMS 0x0000000083300000, 0x0000000083200000| Untracked 
|  51|0x0000000083300000, 0x0000000083400000, 0x0000000083400000|100%| O|  |TAMS 0x0000000083400000, 0x0000000083300000| Untracked 
|  52|0x0000000083400000, 0x0000000083500000, 0x0000000083500000|100%| O|  |TAMS 0x0000000083500000, 0x0000000083400000| Untracked 
|  53|0x0000000083500000, 0x0000000083600000, 0x0000000083600000|100%| O|  |TAMS 0x0000000083600000, 0x0000000083500000| Untracked 
|  54|0x0000000083600000, 0x0000000083700000, 0x0000000083700000|100%| O|  |TAMS 0x0000000083700000, 0x0000000083600000| Untracked 
|  55|0x0000000083700000, 0x0000000083800000, 0x0000000083800000|100%| O|  |TAMS 0x0000000083800000, 0x0000000083700000| Untracked 
|  56|0x0000000083800000, 0x0000000083900000, 0x0000000083900000|100%| O|  |TAMS 0x0000000083900000, 0x0000000083800000| Untracked 
|  57|0x0000000083900000, 0x0000000083a00000, 0x0000000083a00000|100%| O|  |TAMS 0x0000000083a00000, 0x0000000083900000| Untracked 
|  58|0x0000000083a00000, 0x0000000083b00000, 0x0000000083b00000|100%| O|  |TAMS 0x0000000083b00000, 0x0000000083a00000| Untracked 
|  59|0x0000000083b00000, 0x0000000083c00000, 0x0000000083c00000|100%| O|  |TAMS 0x0000000083c00000, 0x0000000083b00000| Untracked 
|  60|0x0000000083c00000, 0x0000000083d00000, 0x0000000083d00000|100%| O|  |TAMS 0x0000000083d00000, 0x0000000083c00000| Untracked 
|  61|0x0000000083d00000, 0x0000000083e00000, 0x0000000083e00000|100%| O|  |TAMS 0x0000000083e00000, 0x0000000083d00000| Untracked 
|  62|0x0000000083e00000, 0x0000000083f00000, 0x0000000083f00000|100%| O|  |TAMS 0x0000000083f00000, 0x0000000083e00000| Untracked 
|  63|0x0000000083f00000, 0x0000000084000000, 0x0000000084000000|100%| O|  |TAMS 0x0000000084000000, 0x0000000083f00000| Untracked 
|  64|0x0000000084000000, 0x0000000084100000, 0x0000000084100000|100%| O|  |TAMS 0x0000000084100000, 0x0000000084000000| Untracked 
|  65|0x0000000084100000, 0x0000000084200000, 0x0000000084200000|100%| O|  |TAMS 0x0000000084200000, 0x0000000084100000| Untracked 
|  66|0x0000000084200000, 0x0000000084300000, 0x0000000084300000|100%| O|  |TAMS 0x0000000084300000, 0x0000000084200000| Untracked 
|  67|0x0000000084300000, 0x0000000084400000, 0x0000000084400000|100%| O|  |TAMS 0x0000000084400000, 0x0000000084300000| Untracked 
|  68|0x0000000084400000, 0x0000000084500000, 0x0000000084500000|100%| O|  |TAMS 0x0000000084500000, 0x0000000084400000| Untracked 
|  69|0x0000000084500000, 0x0000000084600000, 0x0000000084600000|100%| O|  |TAMS 0x0000000084600000, 0x0000000084500000| Untracked 
|  70|0x0000000084600000, 0x0000000084700000, 0x0000000084700000|100%| O|  |TAMS 0x0000000084700000, 0x0000000084600000| Untracked 
|  71|0x0000000084700000, 0x0000000084800000, 0x0000000084800000|100%| O|  |TAMS 0x0000000084800000, 0x0000000084700000| Untracked 
|  72|0x0000000084800000, 0x0000000084900000, 0x0000000084900000|100%| O|  |TAMS 0x0000000084900000, 0x0000000084800000| Untracked 
|  73|0x0000000084900000, 0x0000000084a00000, 0x0000000084a00000|100%| O|  |TAMS 0x0000000084a00000, 0x0000000084900000| Untracked 
|  74|0x0000000084a00000, 0x0000000084b00000, 0x0000000084b00000|100%| O|  |TAMS 0x0000000084b00000, 0x0000000084a00000| Untracked 
|  75|0x0000000084b00000, 0x0000000084c00000, 0x0000000084c00000|100%| O|  |TAMS 0x0000000084c00000, 0x0000000084b00000| Untracked 
|  76|0x0000000084c00000, 0x0000000084d00000, 0x0000000084d00000|100%| O|  |TAMS 0x0000000084d00000, 0x0000000084c00000| Untracked 
|  77|0x0000000084d00000, 0x0000000084e00000, 0x0000000084e00000|100%| O|  |TAMS 0x0000000084e00000, 0x0000000084d00000| Untracked 
|  78|0x0000000084e00000, 0x0000000084f00000, 0x0000000084f00000|100%| O|  |TAMS 0x0000000084f00000, 0x0000000084e00000| Untracked 
|  79|0x0000000084f00000, 0x0000000085000000, 0x0000000085000000|100%| O|  |TAMS 0x0000000085000000, 0x0000000084f00000| Untracked 
|  80|0x0000000085000000, 0x0000000085100000, 0x0000000085100000|100%| O|  |TAMS 0x0000000085100000, 0x0000000085000000| Untracked 
|  81|0x0000000085100000, 0x0000000085200000, 0x0000000085200000|100%| O|  |TAMS 0x0000000085200000, 0x0000000085100000| Untracked 
|  82|0x0000000085200000, 0x0000000085300000, 0x0000000085300000|100%| O|  |TAMS 0x0000000085300000, 0x0000000085200000| Untracked 
|  83|0x0000000085300000, 0x0000000085400000, 0x0000000085400000|100%| O|  |TAMS 0x0000000085400000, 0x0000000085300000| Untracked 
|  84|0x0000000085400000, 0x0000000085500000, 0x0000000085500000|100%| O|  |TAMS 0x0000000085500000, 0x0000000085400000| Untracked 
|  85|0x0000000085500000, 0x0000000085600000, 0x0000000085600000|100%| O|  |TAMS 0x0000000085600000, 0x0000000085500000| Untracked 
|  86|0x0000000085600000, 0x0000000085700000, 0x0000000085700000|100%| O|  |TAMS 0x0000000085700000, 0x0000000085600000| Untracked 
|  87|0x0000000085700000, 0x0000000085800000, 0x0000000085800000|100%| O|  |TAMS 0x0000000085800000, 0x0000000085700000| Untracked 
|  88|0x0000000085800000, 0x0000000085900000, 0x0000000085900000|100%| O|  |TAMS 0x0000000085900000, 0x0000000085800000| Untracked 
|  89|0x0000000085900000, 0x0000000085a00000, 0x0000000085a00000|100%| O|  |TAMS 0x0000000085a00000, 0x0000000085900000| Untracked 
|  90|0x0000000085a00000, 0x0000000085b00000, 0x0000000085b00000|100%| O|  |TAMS 0x0000000085b00000, 0x0000000085a00000| Untracked 
|  91|0x0000000085b00000, 0x0000000085c00000, 0x0000000085c00000|100%| O|  |TAMS 0x0000000085c00000, 0x0000000085b00000| Untracked 
|  92|0x0000000085c00000, 0x0000000085d00000, 0x0000000085d00000|100%| O|  |TAMS 0x0000000085d00000, 0x0000000085c00000| Untracked 
|  93|0x0000000085d00000, 0x0000000085e00000, 0x0000000085e00000|100%| O|  |TAMS 0x0000000085e00000, 0x0000000085d00000| Untracked 
|  94|0x0000000085e00000, 0x0000000085f00000, 0x0000000085f00000|100%| O|  |TAMS 0x0000000085f00000, 0x0000000085e00000| Untracked 
|  95|0x0000000085f00000, 0x0000000086000000, 0x0000000086000000|100%| O|  |TAMS 0x0000000086000000, 0x0000000085f00000| Untracked 
|  96|0x0000000086000000, 0x0000000086000000, 0x0000000086100000|  0%| F|  |TAMS 0x0000000086000000, 0x0000000086000000| Untracked 
|  97|0x0000000086100000, 0x0000000086200000, 0x0000000086200000|100%| O|  |TAMS 0x0000000086200000, 0x0000000086100000| Untracked 
|  98|0x0000000086200000, 0x0000000086300000, 0x0000000086300000|100%| O|  |TAMS 0x0000000086300000, 0x0000000086200000| Untracked 
|  99|0x0000000086300000, 0x0000000086400000, 0x0000000086400000|100%| O|  |TAMS 0x0000000086400000, 0x0000000086300000| Untracked 
| 100|0x0000000086400000, 0x0000000086500000, 0x0000000086500000|100%| O|  |TAMS 0x0000000086500000, 0x0000000086400000| Untracked 
| 101|0x0000000086500000, 0x0000000086600000, 0x0000000086600000|100%| O|  |TAMS 0x0000000086600000, 0x0000000086500000| Untracked 
| 102|0x0000000086600000, 0x0000000086700000, 0x0000000086700000|100%| O|  |TAMS 0x0000000086700000, 0x0000000086600000| Untracked 
| 103|0x0000000086700000, 0x0000000086800000, 0x0000000086800000|100%| O|  |TAMS 0x0000000086800000, 0x0000000086700000| Untracked 
| 104|0x0000000086800000, 0x0000000086900000, 0x0000000086900000|100%| O|  |TAMS 0x0000000086900000, 0x0000000086800000| Untracked 
| 105|0x0000000086900000, 0x0000000086a00000, 0x0000000086a00000|100%| O|  |TAMS 0x0000000086a00000, 0x0000000086900000| Untracked 
| 106|0x0000000086a00000, 0x0000000086b00000, 0x0000000086b00000|100%| O|  |TAMS 0x0000000086b00000, 0x0000000086a00000| Untracked 
| 107|0x0000000086b00000, 0x0000000086b00000, 0x0000000086c00000|  0%| F|  |TAMS 0x0000000086b00000, 0x0000000086b00000| Untracked 
| 108|0x0000000086c00000, 0x0000000086d00000, 0x0000000086d00000|100%| O|  |TAMS 0x0000000086d00000, 0x0000000086c00000| Untracked 
| 109|0x0000000086d00000, 0x0000000086d00000, 0x0000000086e00000|  0%| F|  |TAMS 0x0000000086d00000, 0x0000000086d00000| Untracked 
| 110|0x0000000086e00000, 0x0000000086f00000, 0x0000000086f00000|100%| O|  |TAMS 0x0000000086e00000, 0x0000000086e00000| Untracked 
| 111|0x0000000086f00000, 0x0000000087000000, 0x0000000087000000|100%| O|  |TAMS 0x0000000086f00000, 0x0000000086f00000| Untracked 
| 112|0x0000000087000000, 0x0000000087100000, 0x0000000087100000|100%| O|  |TAMS 0x0000000087000000, 0x0000000087000000| Untracked 
| 113|0x0000000087100000, 0x0000000087200000, 0x0000000087200000|100%| O|  |TAMS 0x0000000087100000, 0x0000000087100000| Untracked 
| 114|0x0000000087200000, 0x0000000087300000, 0x0000000087300000|100%| O|  |TAMS 0x0000000087200000, 0x0000000087200000| Untracked 
| 115|0x0000000087300000, 0x0000000087400000, 0x0000000087400000|100%| O|  |TAMS 0x0000000087300000, 0x0000000087300000| Untracked 
| 116|0x0000000087400000, 0x0000000087500000, 0x0000000087500000|100%| O|  |TAMS 0x0000000087400000, 0x0000000087400000| Untracked 
| 117|0x0000000087500000, 0x0000000087600000, 0x0000000087600000|100%| O|  |TAMS 0x0000000087500000, 0x0000000087500000| Untracked 
| 118|0x0000000087600000, 0x0000000087700000, 0x0000000087700000|100%| O|  |TAMS 0x0000000087600000, 0x0000000087600000| Untracked 
| 119|0x0000000087700000, 0x0000000087800000, 0x0000000087800000|100%| O|  |TAMS 0x0000000087700000, 0x0000000087700000| Untracked 
| 120|0x0000000087800000, 0x00000000878fc200, 0x0000000087900000| 98%| O|  |TAMS 0x0000000087800000, 0x0000000087800000| Untracked 
| 121|0x0000000087900000, 0x0000000087900000, 0x0000000087a00000|  0%| F|  |TAMS 0x0000000087900000, 0x0000000087900000| Untracked 
| 122|0x0000000087a00000, 0x0000000087a00000, 0x0000000087b00000|  0%| F|  |TAMS 0x0000000087a00000, 0x0000000087a00000| Untracked 
| 123|0x0000000087b00000, 0x0000000087b00000, 0x0000000087c00000|  0%| F|  |TAMS 0x0000000087b00000, 0x0000000087b00000| Untracked 
| 124|0x0000000087c00000, 0x0000000087c00000, 0x0000000087d00000|  0%| F|  |TAMS 0x0000000087c00000, 0x0000000087c00000| Untracked 
| 125|0x0000000087d00000, 0x0000000087d00000, 0x0000000087e00000|  0%| F|  |TAMS 0x0000000087d00000, 0x0000000087d00000| Untracked 
| 126|0x0000000087e00000, 0x0000000087e00000, 0x0000000087f00000|  0%| F|  |TAMS 0x0000000087e00000, 0x0000000087e00000| Untracked 
| 127|0x0000000087f00000, 0x0000000087f00000, 0x0000000088000000|  0%| F|  |TAMS 0x0000000087f00000, 0x0000000087f00000| Untracked 
| 128|0x0000000088000000, 0x0000000088000000, 0x0000000088100000|  0%| F|  |TAMS 0x0000000088000000, 0x0000000088000000| Untracked 
| 129|0x0000000088100000, 0x0000000088100000, 0x0000000088200000|  0%| F|  |TAMS 0x0000000088100000, 0x0000000088100000| Untracked 
| 130|0x0000000088200000, 0x0000000088200000, 0x0000000088300000|  0%| F|  |TAMS 0x0000000088200000, 0x0000000088200000| Untracked 
| 131|0x0000000088300000, 0x0000000088300000, 0x0000000088400000|  0%| F|  |TAMS 0x0000000088300000, 0x0000000088300000| Untracked 
| 132|0x0000000088400000, 0x0000000088400000, 0x0000000088500000|  0%| F|  |TAMS 0x0000000088400000, 0x0000000088400000| Untracked 
| 133|0x0000000088500000, 0x0000000088500000, 0x0000000088600000|  0%| F|  |TAMS 0x0000000088500000, 0x0000000088500000| Untracked 
| 134|0x0000000088600000, 0x0000000088600000, 0x0000000088700000|  0%| F|  |TAMS 0x0000000088600000, 0x0000000088600000| Untracked 
| 135|0x0000000088700000, 0x0000000088700000, 0x0000000088800000|  0%| F|  |TAMS 0x0000000088700000, 0x0000000088700000| Untracked 
| 136|0x0000000088800000, 0x0000000088800000, 0x0000000088900000|  0%| F|  |TAMS 0x0000000088800000, 0x0000000088800000| Untracked 
| 137|0x0000000088900000, 0x0000000088900000, 0x0000000088a00000|  0%| F|  |TAMS 0x0000000088900000, 0x0000000088900000| Untracked 
| 138|0x0000000088a00000, 0x0000000088a00000, 0x0000000088b00000|  0%| F|  |TAMS 0x0000000088a00000, 0x0000000088a00000| Untracked 
| 139|0x0000000088b00000, 0x0000000088b00000, 0x0000000088c00000|  0%| F|  |TAMS 0x0000000088b00000, 0x0000000088b00000| Untracked 
| 140|0x0000000088c00000, 0x0000000088c00000, 0x0000000088d00000|  0%| F|  |TAMS 0x0000000088c00000, 0x0000000088c00000| Untracked 
| 141|0x0000000088d00000, 0x0000000088d00000, 0x0000000088e00000|  0%| F|  |TAMS 0x0000000088d00000, 0x0000000088d00000| Untracked 
| 142|0x0000000088e00000, 0x0000000088e00000, 0x0000000088f00000|  0%| F|  |TAMS 0x0000000088e00000, 0x0000000088e00000| Untracked 
| 143|0x0000000088f00000, 0x0000000088f00000, 0x0000000089000000|  0%| F|  |TAMS 0x0000000088f00000, 0x0000000088f00000| Untracked 
| 144|0x0000000089000000, 0x0000000089000000, 0x0000000089100000|  0%| F|  |TAMS 0x0000000089000000, 0x0000000089000000| Untracked 
| 145|0x0000000089100000, 0x0000000089100000, 0x0000000089200000|  0%| F|  |TAMS 0x0000000089100000, 0x0000000089100000| Untracked 
| 146|0x0000000089200000, 0x0000000089200000, 0x0000000089300000|  0%| F|  |TAMS 0x0000000089200000, 0x0000000089200000| Untracked 
| 147|0x0000000089300000, 0x0000000089300000, 0x0000000089400000|  0%| F|  |TAMS 0x0000000089300000, 0x0000000089300000| Untracked 
| 148|0x0000000089400000, 0x0000000089400000, 0x0000000089500000|  0%| F|  |TAMS 0x0000000089400000, 0x0000000089400000| Untracked 
| 149|0x0000000089500000, 0x0000000089500000, 0x0000000089600000|  0%| F|  |TAMS 0x0000000089500000, 0x0000000089500000| Untracked 
| 150|0x0000000089600000, 0x0000000089600000, 0x0000000089700000|  0%| F|  |TAMS 0x0000000089600000, 0x0000000089600000| Untracked 
| 151|0x0000000089700000, 0x0000000089700000, 0x0000000089800000|  0%| F|  |TAMS 0x0000000089700000, 0x0000000089700000| Untracked 
| 152|0x0000000089800000, 0x0000000089800000, 0x0000000089900000|  0%| F|  |TAMS 0x0000000089800000, 0x0000000089800000| Untracked 
| 153|0x0000000089900000, 0x0000000089900000, 0x0000000089a00000|  0%| F|  |TAMS 0x0000000089900000, 0x0000000089900000| Untracked 
| 154|0x0000000089a00000, 0x0000000089a00000, 0x0000000089b00000|  0%| F|  |TAMS 0x0000000089a00000, 0x0000000089a00000| Untracked 
| 155|0x0000000089b00000, 0x0000000089b00000, 0x0000000089c00000|  0%| F|  |TAMS 0x0000000089b00000, 0x0000000089b00000| Untracked 
| 156|0x0000000089c00000, 0x0000000089c00000, 0x0000000089d00000|  0%| F|  |TAMS 0x0000000089c00000, 0x0000000089c00000| Untracked 
| 157|0x0000000089d00000, 0x0000000089d00000, 0x0000000089e00000|  0%| F|  |TAMS 0x0000000089d00000, 0x0000000089d00000| Untracked 
| 158|0x0000000089e00000, 0x0000000089e00000, 0x0000000089f00000|  0%| F|  |TAMS 0x0000000089e00000, 0x0000000089e00000| Untracked 
| 159|0x0000000089f00000, 0x0000000089f00000, 0x000000008a000000|  0%| F|  |TAMS 0x0000000089f00000, 0x0000000089f00000| Untracked 
| 160|0x000000008a000000, 0x000000008a000000, 0x000000008a100000|  0%| F|  |TAMS 0x000000008a000000, 0x000000008a000000| Untracked 
| 161|0x000000008a100000, 0x000000008a100000, 0x000000008a200000|  0%| F|  |TAMS 0x000000008a100000, 0x000000008a100000| Untracked 
| 162|0x000000008a200000, 0x000000008a200000, 0x000000008a300000|  0%| F|  |TAMS 0x000000008a200000, 0x000000008a200000| Untracked 
| 163|0x000000008a300000, 0x000000008a300000, 0x000000008a400000|  0%| F|  |TAMS 0x000000008a300000, 0x000000008a300000| Untracked 
| 164|0x000000008a400000, 0x000000008a400000, 0x000000008a500000|  0%| F|  |TAMS 0x000000008a400000, 0x000000008a400000| Untracked 
| 165|0x000000008a500000, 0x000000008a500000, 0x000000008a600000|  0%| F|  |TAMS 0x000000008a500000, 0x000000008a500000| Untracked 
| 166|0x000000008a600000, 0x000000008a600000, 0x000000008a700000|  0%| F|  |TAMS 0x000000008a600000, 0x000000008a600000| Untracked 
| 167|0x000000008a700000, 0x000000008a700000, 0x000000008a800000|  0%| F|  |TAMS 0x000000008a700000, 0x000000008a700000| Untracked 
| 168|0x000000008a800000, 0x000000008a800000, 0x000000008a900000|  0%| F|  |TAMS 0x000000008a800000, 0x000000008a800000| Untracked 
| 169|0x000000008a900000, 0x000000008a900000, 0x000000008aa00000|  0%| F|  |TAMS 0x000000008a900000, 0x000000008a900000| Untracked 
| 170|0x000000008aa00000, 0x000000008aa00000, 0x000000008ab00000|  0%| F|  |TAMS 0x000000008aa00000, 0x000000008aa00000| Untracked 
| 171|0x000000008ab00000, 0x000000008ab00000, 0x000000008ac00000|  0%| F|  |TAMS 0x000000008ab00000, 0x000000008ab00000| Untracked 
| 172|0x000000008ac00000, 0x000000008ac00000, 0x000000008ad00000|  0%| F|  |TAMS 0x000000008ac00000, 0x000000008ac00000| Untracked 
| 173|0x000000008ad00000, 0x000000008ad00000, 0x000000008ae00000|  0%| F|  |TAMS 0x000000008ad00000, 0x000000008ad00000| Untracked 
| 174|0x000000008ae00000, 0x000000008ae00000, 0x000000008af00000|  0%| F|  |TAMS 0x000000008ae00000, 0x000000008ae00000| Untracked 
| 175|0x000000008af00000, 0x000000008af00000, 0x000000008b000000|  0%| F|  |TAMS 0x000000008af00000, 0x000000008af00000| Untracked 
| 176|0x000000008b000000, 0x000000008b000000, 0x000000008b100000|  0%| F|  |TAMS 0x000000008b000000, 0x000000008b000000| Untracked 
| 177|0x000000008b100000, 0x000000008b100000, 0x000000008b200000|  0%| F|  |TAMS 0x000000008b100000, 0x000000008b100000| Untracked 
| 178|0x000000008b200000, 0x000000008b200000, 0x000000008b300000|  0%| F|  |TAMS 0x000000008b200000, 0x000000008b200000| Untracked 
| 179|0x000000008b300000, 0x000000008b300000, 0x000000008b400000|  0%| F|  |TAMS 0x000000008b300000, 0x000000008b300000| Untracked 
| 180|0x000000008b400000, 0x000000008b400000, 0x000000008b500000|  0%| F|  |TAMS 0x000000008b400000, 0x000000008b400000| Untracked 
| 181|0x000000008b500000, 0x000000008b500000, 0x000000008b600000|  0%| F|  |TAMS 0x000000008b500000, 0x000000008b500000| Untracked 
| 182|0x000000008b600000, 0x000000008b600000, 0x000000008b700000|  0%| F|  |TAMS 0x000000008b600000, 0x000000008b600000| Untracked 
| 183|0x000000008b700000, 0x000000008b700000, 0x000000008b800000|  0%| F|  |TAMS 0x000000008b700000, 0x000000008b700000| Untracked 
| 184|0x000000008b800000, 0x000000008b800000, 0x000000008b900000|  0%| F|  |TAMS 0x000000008b800000, 0x000000008b800000| Untracked 
| 185|0x000000008b900000, 0x000000008b900000, 0x000000008ba00000|  0%| F|  |TAMS 0x000000008b900000, 0x000000008b900000| Untracked 
| 186|0x000000008ba00000, 0x000000008ba00000, 0x000000008bb00000|  0%| F|  |TAMS 0x000000008ba00000, 0x000000008ba00000| Untracked 
| 187|0x000000008bb00000, 0x000000008bb00000, 0x000000008bc00000|  0%| F|  |TAMS 0x000000008bb00000, 0x000000008bb00000| Untracked 
| 188|0x000000008bc00000, 0x000000008bc00000, 0x000000008bd00000|  0%| F|  |TAMS 0x000000008bc00000, 0x000000008bc00000| Untracked 
| 189|0x000000008bd00000, 0x000000008bd00000, 0x000000008be00000|  0%| F|  |TAMS 0x000000008bd00000, 0x000000008bd00000| Untracked 
| 190|0x000000008be00000, 0x000000008be00000, 0x000000008bf00000|  0%| F|  |TAMS 0x000000008be00000, 0x000000008be00000| Untracked 
| 191|0x000000008bf00000, 0x000000008bf00000, 0x000000008c000000|  0%| F|  |TAMS 0x000000008bf00000, 0x000000008bf00000| Untracked 
| 192|0x000000008c000000, 0x000000008c000000, 0x000000008c100000|  0%| F|  |TAMS 0x000000008c000000, 0x000000008c000000| Untracked 
| 193|0x000000008c100000, 0x000000008c100000, 0x000000008c200000|  0%| F|  |TAMS 0x000000008c100000, 0x000000008c100000| Untracked 
| 194|0x000000008c200000, 0x000000008c200000, 0x000000008c300000|  0%| F|  |TAMS 0x000000008c200000, 0x000000008c200000| Untracked 
| 195|0x000000008c300000, 0x000000008c300000, 0x000000008c400000|  0%| F|  |TAMS 0x000000008c300000, 0x000000008c300000| Untracked 
| 196|0x000000008c400000, 0x000000008c400000, 0x000000008c500000|  0%| F|  |TAMS 0x000000008c400000, 0x000000008c400000| Untracked 
| 197|0x000000008c500000, 0x000000008c500000, 0x000000008c600000|  0%| F|  |TAMS 0x000000008c500000, 0x000000008c500000| Untracked 
| 198|0x000000008c600000, 0x000000008c600000, 0x000000008c700000|  0%| F|  |TAMS 0x000000008c600000, 0x000000008c600000| Untracked 
| 199|0x000000008c700000, 0x000000008c700000, 0x000000008c800000|  0%| F|  |TAMS 0x000000008c700000, 0x000000008c700000| Untracked 
| 200|0x000000008c800000, 0x000000008c800000, 0x000000008c900000|  0%| F|  |TAMS 0x000000008c800000, 0x000000008c800000| Untracked 
| 201|0x000000008c900000, 0x000000008c900000, 0x000000008ca00000|  0%| F|  |TAMS 0x000000008c900000, 0x000000008c900000| Untracked 
| 202|0x000000008ca00000, 0x000000008ca00000, 0x000000008cb00000|  0%| F|  |TAMS 0x000000008ca00000, 0x000000008ca00000| Untracked 
| 203|0x000000008cb00000, 0x000000008cb00000, 0x000000008cc00000|  0%| F|  |TAMS 0x000000008cb00000, 0x000000008cb00000| Untracked 
| 204|0x000000008cc00000, 0x000000008cc00000, 0x000000008cd00000|  0%| F|  |TAMS 0x000000008cc00000, 0x000000008cc00000| Untracked 
| 205|0x000000008cd00000, 0x000000008cd00000, 0x000000008ce00000|  0%| F|  |TAMS 0x000000008cd00000, 0x000000008cd00000| Untracked 
| 206|0x000000008ce00000, 0x000000008ce00000, 0x000000008cf00000|  0%| F|  |TAMS 0x000000008ce00000, 0x000000008ce00000| Untracked 
| 207|0x000000008cf00000, 0x000000008cf00000, 0x000000008d000000|  0%| F|  |TAMS 0x000000008cf00000, 0x000000008cf00000| Untracked 
| 208|0x000000008d000000, 0x000000008d000000, 0x000000008d100000|  0%| F|  |TAMS 0x000000008d000000, 0x000000008d000000| Untracked 
| 209|0x000000008d100000, 0x000000008d100000, 0x000000008d200000|  0%| F|  |TAMS 0x000000008d100000, 0x000000008d100000| Untracked 
| 210|0x000000008d200000, 0x000000008d200000, 0x000000008d300000|  0%| F|  |TAMS 0x000000008d200000, 0x000000008d200000| Untracked 
| 211|0x000000008d300000, 0x000000008d300000, 0x000000008d400000|  0%| F|  |TAMS 0x000000008d300000, 0x000000008d300000| Untracked 
| 212|0x000000008d400000, 0x000000008d400000, 0x000000008d500000|  0%| F|  |TAMS 0x000000008d400000, 0x000000008d400000| Untracked 
| 213|0x000000008d500000, 0x000000008d500000, 0x000000008d600000|  0%| F|  |TAMS 0x000000008d500000, 0x000000008d500000| Untracked 
| 214|0x000000008d600000, 0x000000008d600000, 0x000000008d700000|  0%| F|  |TAMS 0x000000008d600000, 0x000000008d600000| Untracked 
| 215|0x000000008d700000, 0x000000008d700000, 0x000000008d800000|  0%| F|  |TAMS 0x000000008d700000, 0x000000008d700000| Untracked 
| 216|0x000000008d800000, 0x000000008d800000, 0x000000008d900000|  0%| F|  |TAMS 0x000000008d800000, 0x000000008d800000| Untracked 
| 217|0x000000008d900000, 0x000000008d900000, 0x000000008da00000|  0%| F|  |TAMS 0x000000008d900000, 0x000000008d900000| Untracked 
| 218|0x000000008da00000, 0x000000008da00000, 0x000000008db00000|  0%| F|  |TAMS 0x000000008da00000, 0x000000008da00000| Untracked 
| 219|0x000000008db00000, 0x000000008db00000, 0x000000008dc00000|  0%| F|  |TAMS 0x000000008db00000, 0x000000008db00000| Untracked 
| 220|0x000000008dc00000, 0x000000008dc00000, 0x000000008dd00000|  0%| F|  |TAMS 0x000000008dc00000, 0x000000008dc00000| Untracked 
| 221|0x000000008dd00000, 0x000000008dd00000, 0x000000008de00000|  0%| F|  |TAMS 0x000000008dd00000, 0x000000008dd00000| Untracked 
| 222|0x000000008de00000, 0x000000008de00000, 0x000000008df00000|  0%| F|  |TAMS 0x000000008de00000, 0x000000008de00000| Untracked 
| 223|0x000000008df00000, 0x000000008df00000, 0x000000008e000000|  0%| F|  |TAMS 0x000000008df00000, 0x000000008df00000| Untracked 
| 224|0x000000008e000000, 0x000000008e000000, 0x000000008e100000|  0%| F|  |TAMS 0x000000008e000000, 0x000000008e000000| Untracked 
| 225|0x000000008e100000, 0x000000008e100000, 0x000000008e200000|  0%| F|  |TAMS 0x000000008e100000, 0x000000008e100000| Untracked 
| 226|0x000000008e200000, 0x000000008e200000, 0x000000008e300000|  0%| F|  |TAMS 0x000000008e200000, 0x000000008e200000| Untracked 
| 227|0x000000008e300000, 0x000000008e300000, 0x000000008e400000|  0%| F|  |TAMS 0x000000008e300000, 0x000000008e300000| Untracked 
| 228|0x000000008e400000, 0x000000008e400000, 0x000000008e500000|  0%| F|  |TAMS 0x000000008e400000, 0x000000008e400000| Untracked 
| 229|0x000000008e500000, 0x000000008e500000, 0x000000008e600000|  0%| F|  |TAMS 0x000000008e500000, 0x000000008e500000| Untracked 
| 230|0x000000008e600000, 0x000000008e600000, 0x000000008e700000|  0%| F|  |TAMS 0x000000008e600000, 0x000000008e600000| Untracked 
| 231|0x000000008e700000, 0x000000008e74b7e0, 0x000000008e800000| 29%| S|CS|TAMS 0x000000008e700000, 0x000000008e700000| Complete 
| 232|0x000000008e800000, 0x000000008e800000, 0x000000008e900000|  0%| F|  |TAMS 0x000000008e800000, 0x000000008e800000| Untracked 
| 233|0x000000008e900000, 0x000000008e900000, 0x000000008ea00000|  0%| F|  |TAMS 0x000000008e900000, 0x000000008e900000| Untracked 
| 234|0x000000008ea00000, 0x000000008ea00000, 0x000000008eb00000|  0%| F|  |TAMS 0x000000008ea00000, 0x000000008ea00000| Untracked 
| 235|0x000000008eb00000, 0x000000008eb00000, 0x000000008ec00000|  0%| F|  |TAMS 0x000000008eb00000, 0x000000008eb00000| Untracked 
| 236|0x000000008ec00000, 0x000000008ec00000, 0x000000008ed00000|  0%| F|  |TAMS 0x000000008ec00000, 0x000000008ec00000| Untracked 
| 237|0x000000008ed00000, 0x000000008ed00000, 0x000000008ee00000|  0%| F|  |TAMS 0x000000008ed00000, 0x000000008ed00000| Untracked 
| 238|0x000000008ee00000, 0x000000008ee00000, 0x000000008ef00000|  0%| F|  |TAMS 0x000000008ee00000, 0x000000008ee00000| Untracked 
| 239|0x000000008ef00000, 0x000000008ef00000, 0x000000008f000000|  0%| F|  |TAMS 0x000000008ef00000, 0x000000008ef00000| Untracked 
| 240|0x000000008f000000, 0x000000008f000000, 0x000000008f100000|  0%| F|  |TAMS 0x000000008f000000, 0x000000008f000000| Untracked 
| 241|0x000000008f100000, 0x000000008f100000, 0x000000008f200000|  0%| F|  |TAMS 0x000000008f100000, 0x000000008f100000| Untracked 
| 242|0x000000008f200000, 0x000000008f200000, 0x000000008f300000|  0%| F|  |TAMS 0x000000008f200000, 0x000000008f200000| Untracked 
| 243|0x000000008f300000, 0x000000008f300000, 0x000000008f400000|  0%| F|  |TAMS 0x000000008f300000, 0x000000008f300000| Untracked 
| 244|0x000000008f400000, 0x000000008f400000, 0x000000008f500000|  0%| F|  |TAMS 0x000000008f400000, 0x000000008f400000| Untracked 
| 245|0x000000008f500000, 0x000000008f600000, 0x000000008f600000|100%| S|CS|TAMS 0x000000008f500000, 0x000000008f500000| Complete 
| 246|0x000000008f600000, 0x000000008f600000, 0x000000008f700000|  0%| F|  |TAMS 0x000000008f600000, 0x000000008f600000| Untracked 
| 247|0x000000008f700000, 0x000000008f700000, 0x000000008f800000|  0%| F|  |TAMS 0x000000008f700000, 0x000000008f700000| Untracked 
| 248|0x000000008f800000, 0x000000008f800000, 0x000000008f900000|  0%| F|  |TAMS 0x000000008f800000, 0x000000008f800000| Untracked 
| 249|0x000000008f900000, 0x000000008f900000, 0x000000008fa00000|  0%| F|  |TAMS 0x000000008f900000, 0x000000008f900000| Untracked 

Card table byte_map: [0x000001b85fea0000,0x000001b8602a0000] _byte_map_base: 0x000001b85faa0000

Marking Bits (Prev, Next): (CMBitMap*) 0x000001b84b7ddfa0, (CMBitMap*) 0x000001b84b7ddfe0
 Prev Bits: [0x000001b8606a0000, 0x000001b8626a0000)
 Next Bits: [0x000001b8626a0000, 0x000001b8646a0000)

Polling page: 0x000001b84b5d0000

Metaspace:

Usage:
  Non-class:     81.50 MB used.
      Class:     12.83 MB used.
       Both:     94.33 MB used.

Virtual space:
  Non-class space:       88.00 MB reserved,      81.88 MB ( 93%) committed,  11 nodes.
      Class space:        1.00 GB reserved,      13.12 MB (  1%) committed,  1 nodes.
             Both:        1.09 GB reserved,      95.00 MB (  9%) committed. 

Chunk freelists:
   Non-Class:  1.34 MB
       Class:  2.84 MB
        Both:  4.19 MB

MaxMetaspaceSize: unlimited
CompressedClassSpaceSize: 1.00 GB
Initial GC threshold: 21.00 MB
Current GC threshold: 158.38 MB
CDS: off
MetaspaceReclaimPolicy: balanced
 - commit_granule_bytes: 65536.
 - commit_granule_words: 8192.
 - virtual_space_node_default_size: 1048576.
 - enlarge_chunks_in_place: 1.
 - new_chunks_are_fully_committed: 0.
 - uncommit_free_chunks: 1.
 - use_allocation_guard: 0.
 - handle_deallocations: 1.


Internal statistics:

num_allocs_failed_limit: 6.
num_arena_births: 1018.
num_arena_deaths: 6.
num_vsnodes_births: 12.
num_vsnodes_deaths: 0.
num_space_committed: 1520.
num_space_uncommitted: 0.
num_chunks_returned_to_freelist: 14.
num_chunks_taken_from_freelist: 4629.
num_chunk_merges: 9.
num_chunk_splits: 3017.
num_chunks_enlarged: 2011.
num_purges: 2.
num_inconsistent_stats: 0.

CodeHeap 'non-profiled nmethods': size=120000Kb used=7428Kb max_used=7428Kb free=112571Kb
 bounds [0x000001b857f50000, 0x000001b8586a0000, 0x000001b85f480000]
CodeHeap 'profiled nmethods': size=120000Kb used=21732Kb max_used=21732Kb free=98267Kb
 bounds [0x000001b850480000, 0x000001b8519c0000, 0x000001b8579b0000]
CodeHeap 'non-nmethods': size=5760Kb used=2386Kb max_used=2557Kb free=3373Kb
 bounds [0x000001b8579b0000, 0x000001b857c50000, 0x000001b857f50000]
 total_blobs=12260 nmethods=11341 adapters=831
 compilation: enabled
              stopped_count=0, restarted_count=0
 full_count=0

Compilation events (20 events):
Event: 34.692 Thread 0x000001b867828150 12860       3       com.android.build.gradle.internal.dependency.VariantDependencies$Companion$getComponentFilter$3::isSatisfiedBy (5 bytes)
Event: 34.692 Thread 0x000001b867828150 nmethod 12860 0x000001b8519b4790 code [0x000001b8519b4920, 0x000001b8519b4b38]
Event: 34.696 Thread 0x000001b867828150 12863       3       org.gradle.internal.instantiation.generator.AbstractClassGenerator$ManagedPropertiesHandler::applyTo (253 bytes)
Event: 34.697 Thread 0x000001b867828150 nmethod 12863 0x000001b8519b4c10 code [0x000001b8519b4fa0, 0x000001b8519b6a18]
Event: 34.703 Thread 0x000001b867828150 12864       3       com.google.common.collect.Iterators::transform (15 bytes)
Event: 34.705 Thread 0x000001b867828150 nmethod 12864 0x000001b8519b7190 code [0x000001b8519b7380, 0x000001b8519b7a58]
Event: 34.705 Thread 0x000001b867828150 12865       3       com.google.common.collect.Iterators$6::<init> (11 bytes)
Event: 34.708 Thread 0x000001b867828150 nmethod 12865 0x000001b8519b7c90 code [0x000001b8519b7e60, 0x000001b8519b8348]
Event: 34.746 Thread 0x000001b867828150 12867       3       com.google.common.base.Predicates$CompositionPredicate::apply (20 bytes)
Event: 34.747 Thread 0x000001b867828150 nmethod 12867 0x000001b8519b8510 code [0x000001b8519b86c0, 0x000001b8519b8958]
Event: 34.747 Thread 0x000001b867828150 12868       3       com.google.common.collect.Maps$EntryFunction$1::apply (9 bytes)
Event: 34.747 Thread 0x000001b867828150 nmethod 12868 0x000001b8519b8a90 code [0x000001b8519b8c40, 0x000001b8519b8f68]
Event: 34.760 Thread 0x000001b86781a330 nmethod 12857 0x000001b85868e390 code [0x000001b85868e620, 0x000001b85868fe98]
Event: 34.760 Thread 0x000001b86781a330 12858       4       org.gradle.internal.component.model.ComponentAttributeMatcher::isMatching (147 bytes)
Event: 34.813 Thread 0x000001b867828150 12871       1       com.google.common.collect.Maps$FilteredEntryMap$EntrySet$1$1::delegate (5 bytes)
Event: 34.814 Thread 0x000001b867828150 nmethod 12871 0x000001b858690e90 code [0x000001b858691020, 0x000001b8586910f8]
Event: 34.871 Thread 0x000001b867828150 12872       3       com.google.common.cache.LocalCache$Segment::cleanUp (21 bytes)
Event: 34.872 Thread 0x000001b867828150 nmethod 12872 0x000001b8519b9090 code [0x000001b8519b9280, 0x000001b8519b9748]
Event: 34.940 Thread 0x000001b867828150 12874       3       com.google.common.collect.Iterators::filter (20 bytes)
Event: 34.942 Thread 0x000001b867828150 nmethod 12874 0x000001b8519b9910 code [0x000001b8519b9b20, 0x000001b8519ba1b8]

GC Heap History (20 events):
Event: 18.769 GC heap after
{Heap after GC invocations=35 (full 0):
 garbage-first heap   total 242688K, used 75934K [0x0000000080000000, 0x0000000100000000)
  region size 1024K, 13 young (13312K), 13 survivors (13312K)
 Metaspace       used 83298K, committed 83904K, reserved 1122304K
  class space    used 11302K, committed 11584K, reserved 1048576K
}
Event: 18.797 GC heap before
{Heap before GC invocations=35 (full 0):
 garbage-first heap   total 242688K, used 76958K [0x0000000080000000, 0x0000000100000000)
  region size 1024K, 14 young (14336K), 13 survivors (13312K)
 Metaspace       used 83311K, committed 83904K, reserved 1122304K
  class space    used 11304K, committed 11584K, reserved 1048576K
}
Event: 18.813 GC heap after
{Heap after GC invocations=36 (full 0):
 garbage-first heap   total 242688K, used 77760K [0x0000000080000000, 0x0000000100000000)
  region size 1024K, 2 young (2048K), 2 survivors (2048K)
 Metaspace       used 83311K, committed 83904K, reserved 1122304K
  class space    used 11304K, committed 11584K, reserved 1048576K
}
Event: 21.672 GC heap before
{Heap before GC invocations=36 (full 0):
 garbage-first heap   total 242688K, used 178112K [0x0000000080000000, 0x0000000100000000)
  region size 1024K, 100 young (102400K), 2 survivors (2048K)
 Metaspace       used 92496K, committed 93120K, reserved 1130496K
  class space    used 12636K, committed 12928K, reserved 1048576K
}
Event: 21.689 GC heap after
{Heap after GC invocations=37 (full 0):
 garbage-first heap   total 242688K, used 84437K [0x0000000080000000, 0x0000000100000000)
  region size 1024K, 9 young (9216K), 9 survivors (9216K)
 Metaspace       used 92496K, committed 93120K, reserved 1130496K
  class space    used 12636K, committed 12928K, reserved 1048576K
}
Event: 24.048 GC heap before
{Heap before GC invocations=38 (full 0):
 garbage-first heap   total 242688K, used 182741K [0x0000000080000000, 0x0000000100000000)
  region size 1024K, 106 young (108544K), 9 survivors (9216K)
 Metaspace       used 95240K, committed 95936K, reserved 1138688K
  class space    used 13037K, committed 13376K, reserved 1048576K
}
Event: 24.076 GC heap after
{Heap after GC invocations=39 (full 0):
 garbage-first heap   total 242688K, used 98789K [0x0000000080000000, 0x0000000100000000)
  region size 1024K, 14 young (14336K), 14 survivors (14336K)
 Metaspace       used 95240K, committed 95936K, reserved 1138688K
  class space    used 13037K, committed 13376K, reserved 1048576K
}
Event: 24.111 GC heap before
{Heap before GC invocations=39 (full 0):
 garbage-first heap   total 242688K, used 99813K [0x0000000080000000, 0x0000000100000000)
  region size 1024K, 15 young (15360K), 14 survivors (14336K)
 Metaspace       used 95249K, committed 95936K, reserved 1138688K
  class space    used 13037K, committed 13376K, reserved 1048576K
}
Event: 24.131 GC heap after
{Heap after GC invocations=40 (full 0):
 garbage-first heap   total 242688K, used 99839K [0x0000000080000000, 0x0000000100000000)
  region size 1024K, 2 young (2048K), 2 survivors (2048K)
 Metaspace       used 95249K, committed 95936K, reserved 1138688K
  class space    used 13037K, committed 13376K, reserved 1048576K
}
Event: 26.166 GC heap before
{Heap before GC invocations=40 (full 0):
 garbage-first heap   total 242688K, used 185855K [0x0000000080000000, 0x0000000100000000)
  region size 1024K, 87 young (89088K), 2 survivors (2048K)
 Metaspace       used 95832K, committed 96512K, reserved 1138688K
  class space    used 13061K, committed 13376K, reserved 1048576K
}
Event: 26.178 GC heap after
{Heap after GC invocations=41 (full 0):
 garbage-first heap   total 242688K, used 105803K [0x0000000080000000, 0x0000000100000000)
  region size 1024K, 8 young (8192K), 8 survivors (8192K)
 Metaspace       used 95832K, committed 96512K, reserved 1138688K
  class space    used 13061K, committed 13376K, reserved 1048576K
}
Event: 30.225 GC heap before
{Heap before GC invocations=42 (full 0):
 garbage-first heap   total 242688K, used 189771K [0x0000000080000000, 0x0000000100000000)
  region size 1024K, 91 young (93184K), 8 survivors (8192K)
 Metaspace       used 96186K, committed 96832K, reserved 1138688K
  class space    used 13104K, committed 13376K, reserved 1048576K
}
Event: 30.241 GC heap after
{Heap after GC invocations=43 (full 0):
 garbage-first heap   total 242688K, used 112133K [0x0000000080000000, 0x0000000100000000)
  region size 1024K, 9 young (9216K), 9 survivors (9216K)
 Metaspace       used 96186K, committed 96832K, reserved 1138688K
  class space    used 13104K, committed 13376K, reserved 1048576K
}
Event: 30.282 GC heap before
{Heap before GC invocations=43 (full 0):
 garbage-first heap   total 242688K, used 113157K [0x0000000080000000, 0x0000000100000000)
  region size 1024K, 11 young (11264K), 9 survivors (9216K)
 Metaspace       used 96187K, committed 96832K, reserved 1138688K
  class space    used 13104K, committed 13376K, reserved 1048576K
}
Event: 30.295 GC heap after
{Heap after GC invocations=44 (full 0):
 garbage-first heap   total 242688K, used 112008K [0x0000000080000000, 0x0000000100000000)
  region size 1024K, 2 young (2048K), 2 survivors (2048K)
 Metaspace       used 96187K, committed 96832K, reserved 1138688K
  class space    used 13104K, committed 13376K, reserved 1048576K
}
Event: 33.610 GC heap before
{Heap before GC invocations=44 (full 0):
 garbage-first heap   total 242688K, used 192904K [0x0000000080000000, 0x0000000100000000)
  region size 1024K, 82 young (83968K), 2 survivors (2048K)
 Metaspace       used 96560K, committed 97280K, reserved 1138688K
  class space    used 13134K, committed 13440K, reserved 1048576K
}
Event: 33.623 GC heap after
{Heap after GC invocations=45 (full 0):
 garbage-first heap   total 242688K, used 119168K [0x0000000080000000, 0x0000000100000000)
  region size 1024K, 9 young (9216K), 9 survivors (9216K)
 Metaspace       used 96560K, committed 97280K, reserved 1138688K
  class space    used 13134K, committed 13440K, reserved 1048576K
}
Event: 34.885 GC heap before
{Heap before GC invocations=46 (full 0):
 garbage-first heap   total 242688K, used 193920K [0x0000000080000000, 0x0000000100000000)
  region size 1024K, 83 young (84992K), 9 survivors (9216K)
 Metaspace       used 96596K, committed 97280K, reserved 1138688K
  class space    used 13137K, committed 13440K, reserved 1048576K
}
Event: 34.901 GC heap after
{Heap after GC invocations=47 (full 0):
 garbage-first heap   total 242688K, used 123503K [0x0000000080000000, 0x0000000100000000)
  region size 1024K, 7 young (7168K), 7 survivors (7168K)
 Metaspace       used 96596K, committed 97280K, reserved 1138688K
  class space    used 13137K, committed 13440K, reserved 1048576K
}
Event: 34.962 GC heap before
{Heap before GC invocations=47 (full 0):
 garbage-first heap   total 242688K, used 126575K [0x0000000080000000, 0x0000000100000000)
  region size 1024K, 11 young (11264K), 7 survivors (7168K)
 Metaspace       used 96596K, committed 97280K, reserved 1138688K
  class space    used 13137K, committed 13440K, reserved 1048576K
}

Dll operation events (2 events):
Event: 0.012 Loaded shared library C:\Program Files\Android\Android Studio\jbr\bin\java.dll
Event: 0.649 Loaded shared library C:\Program Files\Android\Android Studio\jbr\bin\verify.dll

Deoptimization events (20 events):
Event: 34.446 Thread 0x000001b86aa03ac0 DEOPT PACKING pc=0x000001b858678b2c sp=0x000000796f5fddf0
Event: 34.446 Thread 0x000001b86aa03ac0 DEOPT UNPACKING pc=0x000001b857a069a3 sp=0x000000796f5fdab8 mode 2
Event: 34.448 Thread 0x000001b86aa052d0 DEOPT PACKING pc=0x000001b851876a71 sp=0x000000796fefe850
Event: 34.448 Thread 0x000001b86aa052d0 DEOPT UNPACKING pc=0x000001b857a07143 sp=0x000000796fefdd60 mode 0
Event: 34.448 Thread 0x000001b86aa052d0 Uncommon trap: trap_request=0xffffff45 fr.pc=0x000001b858035670 relative=0x0000000000001290
Event: 34.448 Thread 0x000001b86aa052d0 Uncommon trap: reason=unstable_if action=reinterpret pc=0x000001b858035670 method=java.util.concurrent.ConcurrentHashMap.transfer([Ljava/util/concurrent/ConcurrentHashMap$Node;[Ljava/util/concurrent/ConcurrentHashMap$Node;)V @ 273 c2
Event: 34.448 Thread 0x000001b86aa052d0 DEOPT PACKING pc=0x000001b858035670 sp=0x000000796fefe8f0
Event: 34.448 Thread 0x000001b86aa052d0 DEOPT UNPACKING pc=0x000001b857a069a3 sp=0x000000796fefe860 mode 2
Event: 34.479 Thread 0x000001b86aa03ac0 Uncommon trap: trap_request=0xffffff45 fr.pc=0x000001b8585f5e14 relative=0x0000000000000494
Event: 34.479 Thread 0x000001b86aa03ac0 Uncommon trap: reason=unstable_if action=reinterpret pc=0x000001b8585f5e14 method=com.google.common.cache.LongAdder.add(J)V @ 6 c2
Event: 34.479 Thread 0x000001b86aa03ac0 DEOPT PACKING pc=0x000001b8585f5e14 sp=0x000000796f5fdc70
Event: 34.479 Thread 0x000001b86aa03ac0 DEOPT UNPACKING pc=0x000001b857a069a3 sp=0x000000796f5fda98 mode 2
Event: 34.485 Thread 0x000001b86aa052d0 Uncommon trap: trap_request=0xffffff45 fr.pc=0x000001b85820fa00 relative=0x0000000000000080
Event: 34.485 Thread 0x000001b86aa052d0 Uncommon trap: reason=unstable_if action=reinterpret pc=0x000001b85820fa00 method=com.google.common.cache.LongAdder.add(J)V @ 6 c2
Event: 34.485 Thread 0x000001b86aa052d0 DEOPT PACKING pc=0x000001b85820fa00 sp=0x000000796fefdd60
Event: 34.488 Thread 0x000001b86aa052d0 DEOPT UNPACKING pc=0x000001b857a069a3 sp=0x000000796fefdca0 mode 2
Event: 34.709 Thread 0x000001b869ed0830 Uncommon trap: trap_request=0xffffffde fr.pc=0x000001b858647800 relative=0x0000000000002400
Event: 34.709 Thread 0x000001b869ed0830 Uncommon trap: reason=class_check action=maybe_recompile pc=0x000001b858647800 method=org.gradle.internal.snapshot.impl.AbstractValueProcessor.processValue(Ljava/lang/Object;Lorg/gradle/internal/snapshot/impl/AbstractValueProcessor$ValueVisitor;)Ljava/lan
Event: 34.709 Thread 0x000001b869ed0830 DEOPT PACKING pc=0x000001b858647800 sp=0x0000007970afb190
Event: 34.709 Thread 0x000001b869ed0830 DEOPT UNPACKING pc=0x000001b857a069a3 sp=0x0000007970afb168 mode 2

Classes unloaded (3 events):
Event: 26.506 Thread 0x000001b866c4fe30 Unloading class 0x0000000100d05800 'java/lang/invoke/LambdaForm$DMH+0x0000000100d05800'
Event: 26.506 Thread 0x000001b866c4fe30 Unloading class 0x0000000100d05c00 'java/lang/invoke/LambdaForm$DMH+0x0000000100d05c00'
Event: 26.506 Thread 0x000001b866c4fe30 Unloading class 0x0000000100d05400 'java/lang/invoke/LambdaForm$DMH+0x0000000100d05400'

Classes redefined (0 events):
No events

Internal exceptions (20 events):
Event: 23.569 Thread 0x000001b869ed0360 Exception <a 'java/lang/NoSuchMethodError'{0x0000000089e4acc0}: 'void java.lang.invoke.DirectMethodHandle$Holder.invokeStatic(java.lang.Object, java.lang.Object, java.lang.Object, java.lang.Object, int, java.lang.Object, java.lang.Object)'> (0x0000000089e4acc0) 
thrown [s\src\hotspot\share\interpreter\linkResolver.cpp, line 771]
Event: 23.703 Thread 0x000001b86b34e530 Exception <a 'java/lang/NoSuchMethodError'{0x0000000089c033f8}: 'java.lang.Object java.lang.invoke.DirectMethodHandle$Holder.invokeSpecialIFC(java.lang.Object, java.lang.Object, java.lang.Object)'> (0x0000000089c033f8) 
thrown [s\src\hotspot\share\interpreter\linkResolver.cpp, line 771]
Event: 23.704 Thread 0x000001b869ed0360 Exception <a 'java/lang/NoSuchMethodError'{0x0000000089eee8d0}: 'java.lang.Object java.lang.invoke.DirectMethodHandle$Holder.invokeSpecialIFC(java.lang.Object, java.lang.Object, java.lang.Object)'> (0x0000000089eee8d0) 
thrown [s\src\hotspot\share\interpreter\linkResolver.cpp, line 771]
Event: 23.704 Thread 0x000001b86b34db90 Exception <a 'java/lang/NoSuchMethodError'{0x0000000089dab100}: 'java.lang.Object java.lang.invoke.DirectMethodHandle$Holder.invokeSpecialIFC(java.lang.Object, java.lang.Object, java.lang.Object)'> (0x0000000089dab100) 
thrown [s\src\hotspot\share\interpreter\linkResolver.cpp, line 771]
Event: 23.704 Thread 0x000001b86b34e060 Exception <a 'java/lang/NoSuchMethodError'{0x0000000089dc2fb0}: 'java.lang.Object java.lang.invoke.DirectMethodHandle$Holder.invokeSpecialIFC(java.lang.Object, java.lang.Object, java.lang.Object)'> (0x0000000089dc2fb0) 
thrown [s\src\hotspot\share\interpreter\linkResolver.cpp, line 771]
Event: 23.800 Thread 0x000001b86b34e530 Exception <a 'java/lang/NoSuchMethodError'{0x0000000089612d78}: 'void java.lang.invoke.DirectMethodHandle$Holder.invokeVirtual(java.lang.Object, java.lang.Object)'> (0x0000000089612d78) 
thrown [s\src\hotspot\share\interpreter\linkResolver.cpp, line 771]
Event: 24.171 Thread 0x000001b86b3489c0 Implicit null exception at 0x000001b8580f4ce0 to 0x000001b8580f4d6c
Event: 28.979 Thread 0x000001b869ed0830 Exception <a 'java/lang/NoSuchMethodError'{0x000000008bdf0178}: static Lcom/android/build/gradle/internal/scope/InternalArtifactType;.<clinit>()V> (0x000000008bdf0178) 
thrown [s\src\hotspot\share\prims\jni.cpp, line 1108]
Event: 28.979 Thread 0x000001b869ed0830 Exception <a 'java/lang/NoSuchMethodError'{0x000000008bdf18d0}: static Lcom/android/build/gradle/internal/scope/InternalArtifactType;.<clinit>()V> (0x000000008bdf18d0) 
thrown [s\src\hotspot\share\prims\jni.cpp, line 1108]
Event: 28.980 Thread 0x000001b869ed0830 Exception <a 'java/lang/NoSuchMethodError'{0x000000008bdf4d90}: static Lcom/android/build/api/artifact/Artifact$Single;.<clinit>()V> (0x000000008bdf4d90) 
thrown [s\src\hotspot\share\prims\jni.cpp, line 1108]
Event: 28.980 Thread 0x000001b869ed0830 Exception <a 'java/lang/NoSuchMethodError'{0x000000008bdf7308}: static Ljava/lang/Object;.<clinit>()V> (0x000000008bdf7308) 
thrown [s\src\hotspot\share\prims\jni.cpp, line 1108]
Event: 28.982 Thread 0x000001b869ed0830 Exception <a 'java/lang/NoSuchMethodError'{0x000000008bc0d9d8}: static Lcom/android/build/api/artifact/ArtifactKind;.<clinit>()V> (0x000000008bc0d9d8) 
thrown [s\src\hotspot\share\prims\jni.cpp, line 1108]
Event: 28.982 Thread 0x000001b869ed0830 Exception <a 'java/lang/NoSuchMethodError'{0x000000008bc0eb98}: static Lcom/android/build/api/artifact/ArtifactKind;.<clinit>()V> (0x000000008bc0eb98) 
thrown [s\src\hotspot\share\prims\jni.cpp, line 1108]
Event: 31.465 Thread 0x000001b869ed0830 Exception <a 'java/lang/NoSuchMethodError'{0x000000008dad4898}: 'int java.lang.invoke.DirectMethodHandle$Holder.invokeSpecial(java.lang.Object, java.lang.Object, java.lang.Object, java.lang.Object, java.lang.Object)'> (0x000000008dad4898) 
thrown [s\src\hotspot\share\interpreter\linkResolver.cpp, line 771]
Event: 33.081 Thread 0x000001b869ed3850 Exception <a 'sun/nio/fs/WindowsException'{0x000000008f5b2620}> (0x000000008f5b2620) 
thrown [s\src\hotspot\share\prims\jni.cpp, line 517]
Event: 33.083 Thread 0x000001b869ed3850 Exception <a 'sun/nio/fs/WindowsException'{0x000000008f5b4a68}> (0x000000008f5b4a68) 
thrown [s\src\hotspot\share\prims\jni.cpp, line 517]
Event: 33.084 Thread 0x000001b869ed3850 Exception <a 'sun/nio/fs/WindowsException'{0x000000008f5b6c20}> (0x000000008f5b6c20) 
thrown [s\src\hotspot\share\prims\jni.cpp, line 517]
Event: 33.090 Thread 0x000001b869ed3850 Implicit null exception at 0x000001b85861aba0 to 0x000001b85861cfb4
Event: 33.098 Thread 0x000001b869ed3850 Exception <a 'sun/nio/fs/WindowsException'{0x000000008b06fd28}> (0x000000008b06fd28) 
thrown [s\src\hotspot\share\prims\jni.cpp, line 517]
Event: 33.548 Thread 0x000001b869ed0830 Exception <a 'sun/nio/fs/WindowsException'{0x000000008b191e60}> (0x000000008b191e60) 
thrown [s\src\hotspot\share\prims\jni.cpp, line 517]

VM Operations (20 events):
Event: 30.245 Executing VM operation: G1CollectForAllocation done
Event: 30.282 Executing VM operation: G1CollectForAllocation
Event: 30.297 Executing VM operation: G1CollectForAllocation done
Event: 31.221 Executing VM operation: ICBufferFull
Event: 31.222 Executing VM operation: ICBufferFull done
Event: 31.460 Executing VM operation: HandshakeAllThreads
Event: 31.460 Executing VM operation: HandshakeAllThreads done
Event: 32.474 Executing VM operation: Cleanup
Event: 32.491 Executing VM operation: Cleanup done
Event: 33.036 Executing VM operation: ICBufferFull
Event: 33.040 Executing VM operation: ICBufferFull done
Event: 33.609 Executing VM operation: G1CollectForAllocation
Event: 33.635 Executing VM operation: G1CollectForAllocation done
Event: 33.992 Executing VM operation: G1Concurrent
Event: 34.008 Executing VM operation: G1Concurrent done
Event: 34.177 Executing VM operation: G1Concurrent
Event: 34.178 Executing VM operation: G1Concurrent done
Event: 34.885 Executing VM operation: G1CollectForAllocation
Event: 34.904 Executing VM operation: G1CollectForAllocation done
Event: 34.962 Executing VM operation: G1CollectForAllocation

Events (20 events):
Event: 22.887 loading class jdk/internal/event/DeserializationEvent
Event: 22.887 loading class jdk/internal/event/DeserializationEvent done
Event: 22.887 loading class java/io/ObjectInputStream$FieldValues
Event: 22.889 loading class java/io/ObjectInputStream$GetField
Event: 22.889 loading class java/io/ObjectInputStream$GetField done
Event: 22.889 loading class java/io/ObjectInputStream$FieldValues done
Event: 26.473 loading class java/util/stream/SortedOps$SizedRefSortingSink
Event: 26.474 loading class java/util/stream/SortedOps$SizedRefSortingSink done
Event: 27.049 Thread 0x000001b8691ead10 Thread exited: 0x000001b8691ead10
Event: 27.294 Thread 0x000001b8691ead10 Thread added: 0x000001b8691ead10
Event: 28.125 Thread 0x000001b8691ead10 Thread exited: 0x000001b8691ead10
Event: 28.330 Thread 0x000001b8691ead10 Thread added: 0x000001b8691ead10
Event: 29.222 Thread 0x000001b867831220 flushing nmethod 0x000001b850b94010
Event: 29.222 Thread 0x000001b867831220 flushing nmethod 0x000001b850bb7190
Event: 29.523 Thread 0x000001b8691ead10 Thread exited: 0x000001b8691ead10
Event: 29.992 Thread 0x000001b8691ead10 Thread added: 0x000001b8691ead10
Event: 32.605 Thread 0x000001b8691ead10 Thread exited: 0x000001b8691ead10
Event: 32.763 Thread 0x000001b8691ead10 Thread added: 0x000001b8691ead10
Event: 32.927 Thread 0x000001b8691ead10 Thread exited: 0x000001b8691ead10
Event: 33.110 Thread 0x000001b8691ead10 Thread added: 0x000001b8691ead10


Dynamic libraries:
0x00007ff6d54d0000 - 0x00007ff6d54da000 	C:\Program Files\Android\Android Studio\jbr\bin\java.exe
0x00007fff2e350000 - 0x00007fff2e548000 	C:\Windows\SYSTEM32\ntdll.dll
0x00007fff2c830000 - 0x00007fff2c8ed000 	C:\Windows\System32\KERNEL32.DLL
0x00007fff2bd10000 - 0x00007fff2c006000 	C:\Windows\System32\KERNELBASE.dll
0x00007fff2ba20000 - 0x00007fff2bb20000 	C:\Windows\System32\ucrtbase.dll
0x00007fff21f80000 - 0x00007fff21f9b000 	C:\Program Files\Android\Android Studio\jbr\bin\VCRUNTIME140.dll
0x00007fff21f60000 - 0x00007fff21f77000 	C:\Program Files\Android\Android Studio\jbr\bin\jli.dll
0x00007fff2cf40000 - 0x00007fff2d0de000 	C:\Windows\System32\USER32.dll
0x00007fff2c010000 - 0x00007fff2c032000 	C:\Windows\System32\win32u.dll
0x00007fff16f40000 - 0x00007fff171da000 	C:\Windows\WinSxS\amd64_microsoft.windows.common-controls_6595b64144ccf1df_6.0.19041.3636_none_60b6a03d71f818d5\COMCTL32.dll
0x00007fff2c800000 - 0x00007fff2c82c000 	C:\Windows\System32\GDI32.dll
0x00007fff2e120000 - 0x00007fff2e1be000 	C:\Windows\System32\msvcrt.dll
0x00007fff2bbf0000 - 0x00007fff2bd0a000 	C:\Windows\System32\gdi32full.dll
0x00007fff2bb50000 - 0x00007fff2bbed000 	C:\Windows\System32\msvcp_win.dll
0x00007fff2cc10000 - 0x00007fff2cc40000 	C:\Windows\System32\IMM32.DLL
0x00007fff22420000 - 0x00007fff2242c000 	C:\Program Files\Android\Android Studio\jbr\bin\vcruntime140_1.dll
0x00007fff13d30000 - 0x00007fff13dbd000 	C:\Program Files\Android\Android Studio\jbr\bin\msvcp140.dll
0x00007ffedb5c0000 - 0x00007ffedc22d000 	C:\Program Files\Android\Android Studio\jbr\bin\server\jvm.dll
0x00007fff2e250000 - 0x00007fff2e303000 	C:\Windows\System32\ADVAPI32.dll
0x00007fff2c3a0000 - 0x00007fff2c43f000 	C:\Windows\System32\sechost.dll
0x00007fff2c9a0000 - 0x00007fff2cac6000 	C:\Windows\System32\RPCRT4.dll
0x00007fff2bb20000 - 0x00007fff2bb47000 	C:\Windows\System32\bcrypt.dll
0x00007fff1b250000 - 0x00007fff1b259000 	C:\Windows\SYSTEM32\WSOCK32.dll
0x00007fff2da90000 - 0x00007fff2dafb000 	C:\Windows\System32\WS2_32.dll
0x00007fff173b0000 - 0x00007fff173d7000 	C:\Windows\SYSTEM32\WINMM.dll
0x00007fff22e70000 - 0x00007fff22e7a000 	C:\Windows\SYSTEM32\VERSION.dll
0x00007fff2a220000 - 0x00007fff2a232000 	C:\Windows\SYSTEM32\kernel.appcore.dll
0x00007fff272c0000 - 0x00007fff272ca000 	C:\Program Files\Android\Android Studio\jbr\bin\jimage.dll
0x00007fff29f30000 - 0x00007fff2a114000 	C:\Windows\SYSTEM32\DBGHELP.DLL
0x00007fff15450000 - 0x00007fff15484000 	C:\Windows\SYSTEM32\dbgcore.DLL
0x00007fff2c310000 - 0x00007fff2c392000 	C:\Windows\System32\bcryptPrimitives.dll
0x00007fff224d0000 - 0x00007fff224f5000 	C:\Program Files\Android\Android Studio\jbr\bin\java.dll
0x00007fff24b50000 - 0x00007fff24b68000 	C:\Program Files\Android\Android Studio\jbr\bin\zip.dll
0x00007fff2d0e0000 - 0x00007fff2d825000 	C:\Windows\System32\SHELL32.dll
0x00007fff296c0000 - 0x00007fff29e5b000 	C:\Windows\SYSTEM32\windows.storage.dll
0x00007fff2c4a0000 - 0x00007fff2c7f4000 	C:\Windows\System32\combase.dll
0x00007fff2b2a0000 - 0x00007fff2b2cd000 	C:\Windows\SYSTEM32\Wldp.dll
0x00007fff2db00000 - 0x00007fff2dbad000 	C:\Windows\System32\SHCORE.dll
0x00007fff2cad0000 - 0x00007fff2cb25000 	C:\Windows\System32\shlwapi.dll
0x00007fff2b950000 - 0x00007fff2b975000 	C:\Windows\SYSTEM32\profapi.dll
0x00007fff24550000 - 0x00007fff24569000 	C:\Program Files\Android\Android Studio\jbr\bin\net.dll
0x00007fff1ca90000 - 0x00007fff1cb9a000 	C:\Windows\SYSTEM32\WINHTTP.dll
0x00007fff2b080000 - 0x00007fff2b0ea000 	C:\Windows\system32\mswsock.dll
0x00007fff22200000 - 0x00007fff22216000 	C:\Program Files\Android\Android Studio\jbr\bin\nio.dll
0x00007fff221f0000 - 0x00007fff22200000 	C:\Program Files\Android\Android Studio\jbr\bin\verify.dll
0x00007fff21fa0000 - 0x00007fff21fc7000 	C:\Users\Area 7 Computer\.gradle\native\68d5fa5c4cc2d200863cafc0d521ce42e7d3e7ee720ec0a83991735586a16f82\windows-amd64\native-platform.dll
0x00007fff096c0000 - 0x00007fff09804000 	C:\Users\Area 7 Computer\.gradle\native\e376f236ea51e6404a007f0833ffe2c6e607c4080706a723a18a27aeea778392\windows-amd64\native-platform-file-events.dll
0x00007fff23000000 - 0x00007fff23009000 	C:\Program Files\Android\Android Studio\jbr\bin\management.dll
0x00007fff224c0000 - 0x00007fff224cb000 	C:\Program Files\Android\Android Studio\jbr\bin\management_ext.dll
0x00007fff2da80000 - 0x00007fff2da88000 	C:\Windows\System32\PSAPI.DLL
0x00007fff2b2e0000 - 0x00007fff2b2f8000 	C:\Windows\SYSTEM32\CRYPTSP.dll
0x00007fff2a9d0000 - 0x00007fff2aa04000 	C:\Windows\system32\rsaenh.dll
0x00007fff2b910000 - 0x00007fff2b93e000 	C:\Windows\SYSTEM32\USERENV.dll
0x00007fff2b210000 - 0x00007fff2b21c000 	C:\Windows\SYSTEM32\CRYPTBASE.dll
0x00007fff2ad90000 - 0x00007fff2adcb000 	C:\Windows\SYSTEM32\IPHLPAPI.DLL
0x00007fff2dbb0000 - 0x00007fff2dbb8000 	C:\Windows\System32\NSI.dll
0x00007fff20a00000 - 0x00007fff20a17000 	C:\Windows\SYSTEM32\dhcpcsvc6.DLL
0x00007fff20ea0000 - 0x00007fff20ebd000 	C:\Windows\SYSTEM32\dhcpcsvc.DLL
0x00007fff2add0000 - 0x00007fff2ae9a000 	C:\Windows\SYSTEM32\DNSAPI.dll
0x00007fff272d0000 - 0x00007fff272d7000 	C:\Windows\system32\wshunix.dll
0x00007ffef2370000 - 0x00007ffef2387000 	C:\Windows\system32\napinsp.dll
0x00007ffef2350000 - 0x00007ffef236b000 	C:\Windows\system32\pnrpnsp.dll
0x00007fff25d40000 - 0x00007fff25d55000 	C:\Windows\system32\wshbth.dll
0x00007fff26c00000 - 0x00007fff26c1d000 	C:\Windows\system32\NLAapi.dll
0x00007ffef2310000 - 0x00007ffef2322000 	C:\Windows\System32\winrnr.dll
0x00007fff1b7f0000 - 0x00007fff1b7fa000 	C:\Windows\System32\rasadhlp.dll
0x00007fff1c0c0000 - 0x00007fff1c140000 	C:\Windows\System32\fwpuclnt.dll

dbghelp: loaded successfully - version: 4.0.5 - missing functions: none
symbol engine: initialized successfully - sym options: 0x614 - pdb path: .;C:\Program Files\Android\Android Studio\jbr\bin;C:\Windows\SYSTEM32;C:\Windows\WinSxS\amd64_microsoft.windows.common-controls_6595b64144ccf1df_6.0.19041.3636_none_60b6a03d71f818d5;C:\Program Files\Android\Android Studio\jbr\bin\server;C:\Users\Area 7 Computer\.gradle\native\68d5fa5c4cc2d200863cafc0d521ce42e7d3e7ee720ec0a83991735586a16f82\windows-amd64;C:\Users\Area 7 Computer\.gradle\native\e376f236ea51e6404a007f0833ffe2c6e607c4080706a723a18a27aeea778392\windows-amd64

VM Arguments:
jvm_args: --add-opens=java.base/java.util=ALL-UNNAMED --add-opens=java.base/java.lang=ALL-UNNAMED --add-opens=java.base/java.lang.invoke=ALL-UNNAMED --add-opens=java.prefs/java.util.prefs=ALL-UNNAMED --add-opens=java.base/java.nio.charset=ALL-UNNAMED --add-opens=java.base/java.net=ALL-UNNAMED --add-opens=java.base/java.util.concurrent.atomic=ALL-UNNAMED -Xmx2048m -Dfile.encoding=UTF-8 -Duser.country=US -Duser.language=en -Duser.variant 
java_command: org.gradle.launcher.daemon.bootstrap.GradleDaemon 8.0
java_class_path (initial): C:\Users\Area 7 Computer\.gradle\wrapper\dists\gradle-8.0-bin\ca5e32bp14vu59qr306oxotwh\gradle-8.0\lib\gradle-launcher-8.0.jar
Launcher Type: SUN_STANDARD

[Global flags]
     intx CICompilerCount                          = 3                                         {product} {ergonomic}
     uint ConcGCThreads                            = 1                                         {product} {ergonomic}
     uint G1ConcRefinementThreads                  = 4                                         {product} {ergonomic}
   size_t G1HeapRegionSize                         = 1048576                                   {product} {ergonomic}
    uintx GCDrainStackTargetSize                   = 64                                        {product} {ergonomic}
   size_t InitialHeapSize                          = 134217728                                 {product} {ergonomic}
   size_t MarkStackSize                            = 4194304                                   {product} {ergonomic}
   size_t MaxHeapSize                              = 2147483648                                {product} {command line}
   size_t MaxNewSize                               = 1287651328                                {product} {ergonomic}
   size_t MinHeapDeltaBytes                        = 1048576                                   {product} {ergonomic}
   size_t MinHeapSize                              = 8388608                                   {product} {ergonomic}
    uintx NonNMethodCodeHeapSize                   = 5832780                                {pd product} {ergonomic}
    uintx NonProfiledCodeHeapSize                  = 122912730                              {pd product} {ergonomic}
    uintx ProfiledCodeHeapSize                     = 122912730                              {pd product} {ergonomic}
    uintx ReservedCodeCacheSize                    = 251658240                              {pd product} {ergonomic}
     bool SegmentedCodeCache                       = true                                      {product} {ergonomic}
   size_t SoftMaxHeapSize                          = 2147483648                             {manageable} {ergonomic}
     bool UseCompressedClassPointers               = true                           {product lp64_product} {ergonomic}
     bool UseCompressedOops                        = true                           {product lp64_product} {ergonomic}
     bool UseG1GC                                  = true                                      {product} {ergonomic}
     bool UseLargePagesIndividualAllocation        = false                                  {pd product} {ergonomic}

Logging:
Log output configuration:
 #0: stdout all=warning uptime,level,tags
 #1: stderr all=off uptime,level,tags

Environment Variables:
JAVA_HOME=C:\Program Files (x86)\Java\jdk1.8.0_92
PATH=C:\ProgramData\Oracle\Java\javapath;D:\DevSuiteHome_1\jdk\jre\bin\classic;D:\DevSuiteHome_1\jdk\jre\bin;D:\DevSuiteHome_1\jdk\jre\bin\client;D:\DevSuiteHome_1\jlib;D:\DevSuiteHome_1\bin;D:\DevSuiteHome_1\jre\1.4.2\bin\client;D:\DevSuiteHome_1\jre\1.4.2\bin;C:\Windows\system32;C:\Windows;C:\Windows\System32\Wbem;C:\Windows\System32\WindowsPowerShell\v1.0\;C:\Windows\System32\OpenSSH\;C:\Program Files (x86)\Java\jdk1.8.0_92\bin;C:\Program Files\Microsoft SQL Server\150\Tools\Binn\;C:\Program Files\Microsoft SQL Server\Client SDK\ODBC\170\Tools\Binn\;C:\Program Files (x86)\Microsoft SQL Server\160\Tools\Binn\;C:\Program Files\Microsoft SQL Server\160\Tools\Binn\;C:\Program Files\Microsoft SQL Server\160\DTS\Binn\;C:\Program Files\Azure Data Studio\bin;C:\Program Files (x86)\Microsoft SQL Server\150\Tools\Binn\;C:\Program Files\Microsoft SQL Server\150\DTS\Binn\;C:\Program Files\Microsoft\Web Platform Installer\;C:\Program Files (x86)\Microsoft ASP.NET\ASP.NET Web Pages\v1.0\;C:\Program Files (x86)\Windows Kits\8.0\Windows Performance Toolkit\;D:\nodejs\;D:\Git\cmd;D:\GitHub CLI\;C:\Users\Area 7 Computer\AppData\Local\Microsoft\WindowsApps;;C:\Users\Area 7 Computer\AppData\Local\Programs\Microsoft VS Code\bin;C:\Program Files\Azure Data Studio\bin;C:\Users\Area 7 Computer\AppData\Roaming\npm
USERNAME=Area 7 Computer
OS=Windows_NT
PROCESSOR_IDENTIFIER=Intel64 Family 6 Model 78 Stepping 3, GenuineIntel
TMP=C:\Users\AREA7C~1\AppData\Local\Temp
TEMP=C:\Users\AREA7C~1\AppData\Local\Temp



---------------  S Y S T E M  ---------------

OS:
 Windows 10 , 64 bit Build 19041 (10.0.19041.3636)
OS uptime: 0 days 23:51 hours
Hyper-V role detected

CPU: total 4 (initial active 4) (2 cores per cpu, 2 threads per core) family 6 model 78 stepping 3 microcode 0xcc, cx8, cmov, fxsr, ht, mmx, 3dnowpref, sse, sse2, sse3, ssse3, sse4.1, sse4.2, popcnt, lzcnt, tsc, tscinvbit, avx, avx2, aes, erms, clmul, bmi1, bmi2, rtm, adx, fma, vzeroupper, clflush, clflushopt, hv

Memory: 4k page, system-wide physical 8076M (1005M free)
TotalPageFile size 9994M (AvailPageFile size 265M)
current process WorkingSet (physical memory assigned to process): 506M, peak: 512M
current process commit charge ("private bytes"): 546M, peak: 941M

vm_info: OpenJDK 64-Bit Server VM (17.0.6+0-b2043.56-9586694) for windows-amd64 JRE (17.0.6+0-b2043.56-9586694), built on Feb  9 2023 20:06:20 by "androidbuild" with MS VC++ 16.10 / 16.11 (VS2019)

END.
