#
# There is insufficient memory for the Java Runtime Environment to continue.
# Native memory allocation (mmap) failed to map 33554432 bytes for G1 virtual space
# Possible reasons:
#   The system is out of physical RAM or swap space
#   The process is running with CompressedOops enabled, and the Java Heap may be blocking the growth of the native heap
# Possible solutions:
#   Reduce memory load on the system
#   Increase physical memory or swap space
#   Check if swap backing store is full
#   Decrease Java heap size (-Xmx/-Xms)
#   Decrease number of Java threads
#   Decrease Java thread stack sizes (-Xss)
#   Set larger code cache with -XX:ReservedCodeCacheSize=
#   JVM is running with Unscaled Compressed Oops mode in which the Java heap is
#     placed in the first 4GB address space. The Java Heap base address is the
#     maximum limit for the native heap growth. Please use -XX:HeapBaseMinAddress
#     to set the Java Heap base and to place the Java Heap above 4GB virtual address.
# This output file may be truncated or incomplete.
#
#  Out of Memory Error (os_windows.cpp:3769), pid=3420, tid=5984
#
# JRE version: OpenJDK Runtime Environment (17.0.6) (build 17.0.6+0-b2043.56-9586694)
# Java VM: OpenJDK 64-Bit Server VM (17.0.6+0-b2043.56-9586694, mixed mode, tiered, compressed oops, compressed class ptrs, g1 gc, windows-amd64)
# No core dump will be written. Minidumps are not enabled by default on client versions of Windows
#

---------------  S U M M A R Y ------------

Command Line: org.jetbrains.kotlin.cli.jvm.K2JVMCompiler @D:\FYP\fypproject\FypDisasterManagement-1\FypDisasterManagement-1\FypDisasterManagement\app\build\20240116_11329153144618227011.compiler.options

Host: Intel(R) Core(TM) i5-6300U CPU @ 2.40GHz, 4 cores, 7G,  Windows 10 , 64 bit Build 19041 (10.0.19041.3636)
Time: Tue Jan 16 17:45:01 2024 Pakistan Standard Time elapsed time: 9.442588 seconds (0d 0h 0m 9s)

---------------  T H R E A D  ---------------

Current thread (0x0000026771f0f160):  VMThread "VM Thread" [stack: 0x000000de29500000,0x000000de29600000] [id=5984]

Stack: [0x000000de29500000,0x000000de29600000]
Native frames: (J=compiled Java code, j=interpreted, Vv=VM code, C=native code)
V  [jvm.dll+0x683b4a]
V  [jvm.dll+0x842654]
V  [jvm.dll+0x843dfe]
V  [jvm.dll+0x844463]
V  [jvm.dll+0x249b75]
V  [jvm.dll+0x680a19]
V  [jvm.dll+0x674f0a]
V  [jvm.dll+0x309acb]
V  [jvm.dll+0x310f86]
V  [jvm.dll+0x3608ee]
V  [jvm.dll+0x360b1f]
V  [jvm.dll+0x2dfbf8]
V  [jvm.dll+0x2ddec4]
V  [jvm.dll+0x2dd4cc]
V  [jvm.dll+0x321f3b]
V  [jvm.dll+0x84893b]
V  [jvm.dll+0x849674]
V  [jvm.dll+0x849b8d]
V  [jvm.dll+0x849f64]
V  [jvm.dll+0x84a030]
V  [jvm.dll+0x7f25fa]
V  [jvm.dll+0x682985]
C  [ucrtbase.dll+0x21bb2]
C  [KERNEL32.DLL+0x17344]
C  [ntdll.dll+0x526b1]

VM_Operation (0x000000de28ffb550): G1CollectForAllocation, mode: safepoint, requested by thread 0x0000026758a469f0


---------------  P R O C E S S  ---------------

Threads class SMR info:
_java_thread_list=0x0000026777788df0, length=12, elements={
0x0000026758a469f0, 0x0000026771f155f0, 0x0000026771f16960, 0x0000026771f54e20,
0x0000026771f559d0, 0x0000026771f35500, 0x0000026771f35eb0, 0x0000026771f38520,
0x000002677293d540, 0x000002677293de40, 0x0000026772ac7130, 0x0000026772aced10
}

Java Threads: ( => current thread )
  0x0000026758a469f0 JavaThread "main" [_thread_blocked, id=13136, stack(0x000000de28f00000,0x000000de29000000)]
  0x0000026771f155f0 JavaThread "Reference Handler" daemon [_thread_blocked, id=15080, stack(0x000000de29600000,0x000000de29700000)]
  0x0000026771f16960 JavaThread "Finalizer" daemon [_thread_blocked, id=14504, stack(0x000000de29700000,0x000000de29800000)]
  0x0000026771f54e20 JavaThread "Signal Dispatcher" daemon [_thread_blocked, id=6296, stack(0x000000de29800000,0x000000de29900000)]
  0x0000026771f559d0 JavaThread "Attach Listener" daemon [_thread_blocked, id=14272, stack(0x000000de29900000,0x000000de29a00000)]
  0x0000026771f35500 JavaThread "Service Thread" daemon [_thread_blocked, id=10136, stack(0x000000de29a00000,0x000000de29b00000)]
  0x0000026771f35eb0 JavaThread "Monitor Deflation Thread" daemon [_thread_blocked, id=7892, stack(0x000000de29b00000,0x000000de29c00000)]
  0x0000026771f38520 JavaThread "C2 CompilerThread0" daemon [_thread_blocked, id=9112, stack(0x000000de29c00000,0x000000de29d00000)]
  0x000002677293d540 JavaThread "C1 CompilerThread0" daemon [_thread_blocked, id=1844, stack(0x000000de29d00000,0x000000de29e00000)]
  0x000002677293de40 JavaThread "Sweeper thread" daemon [_thread_blocked, id=856, stack(0x000000de29e00000,0x000000de29f00000)]
  0x0000026772ac7130 JavaThread "Notification Thread" daemon [_thread_blocked, id=2564, stack(0x000000de29f00000,0x000000de2a000000)]
  0x0000026772aced10 JavaThread "Common-Cleaner" daemon [_thread_blocked, id=15288, stack(0x000000de2a100000,0x000000de2a200000)]

Other Threads:
=>0x0000026771f0f160 VMThread "VM Thread" [stack: 0x000000de29500000,0x000000de29600000] [id=5984]
  0x0000026772ac9610 WatcherThread [stack: 0x000000de2a000000,0x000000de2a100000] [id=10784]
  0x0000026758a9bc40 GCTaskThread "GC Thread#0" [stack: 0x000000de29000000,0x000000de29100000] [id=15156]
  0x0000026772ee9950 GCTaskThread "GC Thread#1" [stack: 0x000000de2a300000,0x000000de2a400000] [id=6704]
  0x0000026772ee7e70 GCTaskThread "GC Thread#2" [stack: 0x000000de2a400000,0x000000de2a500000] [id=12500]
  0x0000026772ee83d0 GCTaskThread "GC Thread#3" [stack: 0x000000de2a500000,0x000000de2a600000] [id=9684]
  0x0000026758aad810 ConcurrentGCThread "G1 Main Marker" [stack: 0x000000de29100000,0x000000de29200000] [id=8504]
  0x0000026758aae9c0 ConcurrentGCThread "G1 Conc#0" [stack: 0x000000de29200000,0x000000de29300000] [id=5304]
  0x0000026771d824b0 ConcurrentGCThread "G1 Refine#0" [stack: 0x000000de29300000,0x000000de29400000] [id=15312]
  0x0000026758b06780 ConcurrentGCThread "G1 Service" [stack: 0x000000de29400000,0x000000de29500000] [id=12332]

Threads with active compile tasks:
C2 CompilerThread0     9485 4451   !   4       org.jetbrains.kotlin.metadata.ProtoBuf$Type::<init> (875 bytes)
C1 CompilerThread0     9486 4553       2       org.jetbrains.kotlin.parsing.KotlinExpressionParsing::parseSimpleNameExpression (26 bytes)

VM state: at safepoint (normal execution)

VM Mutex/Monitor currently owned by a thread:  ([mutex/lock_event])
[0x0000026758a42e80] Threads_lock - owner thread: 0x0000026771f0f160
[0x0000026758a42fa0] Heap_lock - owner thread: 0x0000026758a469f0

Heap address: 0x0000000081c00000, size: 2020 MB, Compressed Oops mode: 32-bit

CDS archive(s) not mapped
Compressed class space mapped at: 0x0000000100000000-0x0000000140000000, reserved size: 1073741824
Narrow klass base: 0x0000000000000000, Narrow klass shift: 3, Narrow klass range: 0x140000000

GC Precious Log:
 CPUs: 4 total, 4 available
 Memory: 8076M
 Large Page Support: Disabled
 NUMA Support: Disabled
 Compressed Oops: Enabled (32-bit)
 Heap Region Size: 1M
 Heap Min Capacity: 8M
 Heap Initial Capacity: 128M
 Heap Max Capacity: 2020M
 Pre-touch: Disabled
 Parallel Workers: 4
 Concurrent Workers: 1
 Concurrent Refinement Workers: 4
 Periodic GC: Disabled

Heap:
 garbage-first heap   total 131072K, used 43363K [0x0000000081c00000, 0x0000000100000000)
  region size 1024K, 1 young (1024K), 1 survivors (1024K)
 Metaspace       used 50802K, committed 51072K, reserved 1097728K
  class space    used 6018K, committed 6144K, reserved 1048576K

Heap Regions: E=young(eden), S=young(survivor), O=old, HS=humongous(starts), HC=humongous(continues), CS=collection set, F=free, OA=open archive, CA=closed archive, TAMS=top-at-mark-start (previous, next)
|   0|0x0000000081c00000, 0x0000000081d00000, 0x0000000081d00000|100%|HS|  |TAMS 0x0000000081d00000, 0x0000000081d00000| Complete 
|   1|0x0000000081d00000, 0x0000000081e00000, 0x0000000081e00000|100%|HC|  |TAMS 0x0000000081e00000, 0x0000000081e00000| Complete 
|   2|0x0000000081e00000, 0x0000000081f00000, 0x0000000081f00000|100%|HC|  |TAMS 0x0000000081f00000, 0x0000000081f00000| Complete 
|   3|0x0000000081f00000, 0x0000000082000000, 0x0000000082000000|100%|HC|  |TAMS 0x0000000082000000, 0x0000000082000000| Complete 
|   4|0x0000000082000000, 0x0000000082100000, 0x0000000082100000|100%| O|  |TAMS 0x0000000082100000, 0x0000000082100000| Untracked 
|   5|0x0000000082100000, 0x0000000082200000, 0x0000000082200000|100%| O|  |TAMS 0x0000000082200000, 0x0000000082200000| Untracked 
|   6|0x0000000082200000, 0x0000000082300000, 0x0000000082300000|100%| O|  |TAMS 0x0000000082300000, 0x0000000082300000| Untracked 
|   7|0x0000000082300000, 0x0000000082400000, 0x0000000082400000|100%|HS|  |TAMS 0x0000000082400000, 0x0000000082400000| Complete 
|   8|0x0000000082400000, 0x0000000082500000, 0x0000000082500000|100%|HC|  |TAMS 0x0000000082500000, 0x0000000082500000| Complete 
|   9|0x0000000082500000, 0x0000000082600000, 0x0000000082600000|100%|HC|  |TAMS 0x0000000082600000, 0x0000000082600000| Complete 
|  10|0x0000000082600000, 0x0000000082700000, 0x0000000082700000|100%|HC|  |TAMS 0x0000000082700000, 0x0000000082700000| Complete 
|  11|0x0000000082700000, 0x0000000082800000, 0x0000000082800000|100%| O|  |TAMS 0x0000000082800000, 0x0000000082800000| Untracked 
|  12|0x0000000082800000, 0x0000000082900000, 0x0000000082900000|100%| O|  |TAMS 0x0000000082900000, 0x0000000082900000| Untracked 
|  13|0x0000000082900000, 0x0000000082a00000, 0x0000000082a00000|100%| O|  |TAMS 0x0000000082a00000, 0x0000000082a00000| Untracked 
|  14|0x0000000082a00000, 0x0000000082b00000, 0x0000000082b00000|100%| O|  |TAMS 0x0000000082b00000, 0x0000000082b00000| Untracked 
|  15|0x0000000082b00000, 0x0000000082c00000, 0x0000000082c00000|100%| O|  |TAMS 0x0000000082c00000, 0x0000000082c00000| Untracked 
|  16|0x0000000082c00000, 0x0000000082d00000, 0x0000000082d00000|100%| O|  |TAMS 0x0000000082c00000, 0x0000000082d00000| Untracked 
|  17|0x0000000082d00000, 0x0000000082e00000, 0x0000000082e00000|100%| O|  |TAMS 0x0000000082d00000, 0x0000000082e00000| Untracked 
|  18|0x0000000082e00000, 0x0000000082f00000, 0x0000000082f00000|100%| O|  |TAMS 0x0000000082f00000, 0x0000000082f00000| Untracked 
|  19|0x0000000082f00000, 0x0000000083000000, 0x0000000083000000|100%| O|  |TAMS 0x0000000083000000, 0x0000000083000000| Untracked 
|  20|0x0000000083000000, 0x0000000083100000, 0x0000000083100000|100%| O|  |TAMS 0x0000000083100000, 0x0000000083100000| Untracked 
|  21|0x0000000083100000, 0x0000000083200000, 0x0000000083200000|100%| O|  |TAMS 0x0000000083200000, 0x0000000083200000| Untracked 
|  22|0x0000000083200000, 0x0000000083300000, 0x0000000083300000|100%| O|  |TAMS 0x0000000083300000, 0x0000000083300000| Untracked 
|  23|0x0000000083300000, 0x0000000083400000, 0x0000000083400000|100%| O|  |TAMS 0x0000000083400000, 0x0000000083400000| Untracked 
|  24|0x0000000083400000, 0x0000000083500000, 0x0000000083500000|100%| O|  |TAMS 0x0000000083400000, 0x0000000083500000| Untracked 
|  25|0x0000000083500000, 0x0000000083600000, 0x0000000083600000|100%| O|  |TAMS 0x0000000083600000, 0x0000000083600000| Untracked 
|  26|0x0000000083600000, 0x0000000083700000, 0x0000000083700000|100%| O|  |TAMS 0x00000000836b1600, 0x0000000083700000| Untracked 
|  27|0x0000000083700000, 0x0000000083800000, 0x0000000083800000|100%| O|  |TAMS 0x0000000083700000, 0x0000000083800000| Untracked 
|  28|0x0000000083800000, 0x0000000083900000, 0x0000000083900000|100%| O|  |TAMS 0x0000000083800000, 0x0000000083900000| Untracked 
|  29|0x0000000083900000, 0x0000000083a00000, 0x0000000083a00000|100%| O|  |TAMS 0x0000000083900000, 0x0000000083a00000| Untracked 
|  30|0x0000000083a00000, 0x0000000083b00000, 0x0000000083b00000|100%| O|  |TAMS 0x0000000083a00000, 0x0000000083b00000| Untracked 
|  31|0x0000000083b00000, 0x0000000083c00000, 0x0000000083c00000|100%|HS|  |TAMS 0x0000000083b00000, 0x0000000083c00000| Complete 
|  32|0x0000000083c00000, 0x0000000083d00000, 0x0000000083d00000|100%|HC|  |TAMS 0x0000000083c00000, 0x0000000083d00000| Complete 
|  33|0x0000000083d00000, 0x0000000083e00000, 0x0000000083e00000|100%| O|  |TAMS 0x0000000083d00000, 0x0000000083d00000| Untracked 
|  34|0x0000000083e00000, 0x0000000083f00000, 0x0000000083f00000|100%| O|  |TAMS 0x0000000083e00000, 0x0000000083f00000| Untracked 
|  35|0x0000000083f00000, 0x0000000084000000, 0x0000000084000000|100%| O|  |TAMS 0x0000000083f00000, 0x0000000084000000| Untracked 
|  36|0x0000000084000000, 0x0000000084100000, 0x0000000084100000|100%| O|  |TAMS 0x0000000084000000, 0x0000000084100000| Untracked 
|  37|0x0000000084100000, 0x0000000084200000, 0x0000000084200000|100%| O|  |TAMS 0x0000000084100000, 0x0000000084200000| Untracked 
|  38|0x0000000084200000, 0x0000000084300000, 0x0000000084300000|100%| O|  |TAMS 0x0000000084200000, 0x0000000084230800| Untracked 
|  39|0x0000000084300000, 0x0000000084400000, 0x0000000084400000|100%| O|  |TAMS 0x0000000084300000, 0x0000000084300000| Untracked 
|  40|0x0000000084400000, 0x0000000084500000, 0x0000000084500000|100%| O|  |TAMS 0x0000000084400000, 0x0000000084400000| Untracked 
|  41|0x0000000084500000, 0x0000000084558c00, 0x0000000084600000| 34%| O|  |TAMS 0x0000000084500000, 0x0000000084500000| Untracked 
|  42|0x0000000084600000, 0x0000000084600000, 0x0000000084700000|  0%| F|  |TAMS 0x0000000084600000, 0x0000000084600000| Untracked 
|  43|0x0000000084700000, 0x0000000084700000, 0x0000000084800000|  0%| F|  |TAMS 0x0000000084700000, 0x0000000084700000| Untracked 
|  44|0x0000000084800000, 0x0000000084800000, 0x0000000084900000|  0%| F|  |TAMS 0x0000000084800000, 0x0000000084800000| Untracked 
|  45|0x0000000084900000, 0x0000000084900000, 0x0000000084a00000|  0%| F|  |TAMS 0x0000000084900000, 0x0000000084900000| Untracked 
|  46|0x0000000084a00000, 0x0000000084a00000, 0x0000000084b00000|  0%| F|  |TAMS 0x0000000084a00000, 0x0000000084a00000| Untracked 
|  47|0x0000000084b00000, 0x0000000084b00000, 0x0000000084c00000|  0%| F|  |TAMS 0x0000000084b00000, 0x0000000084b00000| Untracked 
|  48|0x0000000084c00000, 0x0000000084c00000, 0x0000000084d00000|  0%| F|  |TAMS 0x0000000084c00000, 0x0000000084c00000| Untracked 
|  49|0x0000000084d00000, 0x0000000084d00000, 0x0000000084e00000|  0%| F|  |TAMS 0x0000000084d00000, 0x0000000084d00000| Untracked 
|  50|0x0000000084e00000, 0x0000000084e00000, 0x0000000084f00000|  0%| F|  |TAMS 0x0000000084e00000, 0x0000000084e00000| Untracked 
|  51|0x0000000084f00000, 0x0000000084f00000, 0x0000000085000000|  0%| F|  |TAMS 0x0000000084f00000, 0x0000000084f00000| Untracked 
|  52|0x0000000085000000, 0x0000000085000000, 0x0000000085100000|  0%| F|  |TAMS 0x0000000085000000, 0x0000000085000000| Untracked 
|  53|0x0000000085100000, 0x0000000085100000, 0x0000000085200000|  0%| F|  |TAMS 0x0000000085100000, 0x0000000085100000| Untracked 
|  54|0x0000000085200000, 0x0000000085200000, 0x0000000085300000|  0%| F|  |TAMS 0x0000000085200000, 0x0000000085200000| Untracked 
|  55|0x0000000085300000, 0x0000000085300000, 0x0000000085400000|  0%| F|  |TAMS 0x0000000085300000, 0x0000000085300000| Untracked 
|  56|0x0000000085400000, 0x0000000085400000, 0x0000000085500000|  0%| F|  |TAMS 0x0000000085400000, 0x0000000085400000| Untracked 
|  57|0x0000000085500000, 0x0000000085500000, 0x0000000085600000|  0%| F|  |TAMS 0x0000000085500000, 0x0000000085500000| Untracked 
|  58|0x0000000085600000, 0x0000000085600000, 0x0000000085700000|  0%| F|  |TAMS 0x0000000085600000, 0x0000000085600000| Untracked 
|  59|0x0000000085700000, 0x0000000085800000, 0x0000000085800000|100%| S|CS|TAMS 0x0000000085700000, 0x0000000085700000| Complete 
|  60|0x0000000085800000, 0x0000000085800000, 0x0000000085900000|  0%| F|  |TAMS 0x0000000085800000, 0x0000000085800000| Untracked 
|  61|0x0000000085900000, 0x0000000085900000, 0x0000000085a00000|  0%| F|  |TAMS 0x0000000085900000, 0x0000000085900000| Untracked 
|  62|0x0000000085a00000, 0x0000000085a00000, 0x0000000085b00000|  0%| F|  |TAMS 0x0000000085a00000, 0x0000000085a00000| Untracked 
|  63|0x0000000085b00000, 0x0000000085b00000, 0x0000000085c00000|  0%| F|  |TAMS 0x0000000085b00000, 0x0000000085b00000| Untracked 
|  64|0x0000000085c00000, 0x0000000085c00000, 0x0000000085d00000|  0%| F|  |TAMS 0x0000000085c00000, 0x0000000085c00000| Untracked 
|  65|0x0000000085d00000, 0x0000000085d00000, 0x0000000085e00000|  0%| F|  |TAMS 0x0000000085d00000, 0x0000000085d00000| Untracked 
|  66|0x0000000085e00000, 0x0000000085e00000, 0x0000000085f00000|  0%| F|  |TAMS 0x0000000085e00000, 0x0000000085e00000| Untracked 
|  67|0x0000000085f00000, 0x0000000085f00000, 0x0000000086000000|  0%| F|  |TAMS 0x0000000085f00000, 0x0000000085f00000| Untracked 
|  68|0x0000000086000000, 0x0000000086000000, 0x0000000086100000|  0%| F|  |TAMS 0x0000000086000000, 0x0000000086000000| Untracked 
|  69|0x0000000086100000, 0x0000000086100000, 0x0000000086200000|  0%| F|  |TAMS 0x0000000086100000, 0x0000000086100000| Untracked 
|  70|0x0000000086200000, 0x0000000086200000, 0x0000000086300000|  0%| F|  |TAMS 0x0000000086200000, 0x0000000086200000| Untracked 
|  71|0x0000000086300000, 0x0000000086300000, 0x0000000086400000|  0%| F|  |TAMS 0x0000000086300000, 0x0000000086300000| Untracked 
|  72|0x0000000086400000, 0x0000000086400000, 0x0000000086500000|  0%| F|  |TAMS 0x0000000086400000, 0x0000000086400000| Untracked 
|  73|0x0000000086500000, 0x0000000086500000, 0x0000000086600000|  0%| F|  |TAMS 0x0000000086500000, 0x0000000086500000| Untracked 
|  74|0x0000000086600000, 0x0000000086600000, 0x0000000086700000|  0%| F|  |TAMS 0x0000000086600000, 0x0000000086600000| Untracked 
|  75|0x0000000086700000, 0x0000000086700000, 0x0000000086800000|  0%| F|  |TAMS 0x0000000086700000, 0x0000000086700000| Untracked 
|  76|0x0000000086800000, 0x0000000086800000, 0x0000000086900000|  0%| F|  |TAMS 0x0000000086800000, 0x0000000086800000| Untracked 
|  77|0x0000000086900000, 0x0000000086900000, 0x0000000086a00000|  0%| F|  |TAMS 0x0000000086900000, 0x0000000086900000| Untracked 
|  78|0x0000000086a00000, 0x0000000086a00000, 0x0000000086b00000|  0%| F|  |TAMS 0x0000000086a00000, 0x0000000086a00000| Untracked 
|  79|0x0000000086b00000, 0x0000000086b00000, 0x0000000086c00000|  0%| F|  |TAMS 0x0000000086b00000, 0x0000000086b00000| Untracked 
|  80|0x0000000086c00000, 0x0000000086c00000, 0x0000000086d00000|  0%| F|  |TAMS 0x0000000086c00000, 0x0000000086c00000| Untracked 
|  81|0x0000000086d00000, 0x0000000086d00000, 0x0000000086e00000|  0%| F|  |TAMS 0x0000000086d00000, 0x0000000086d00000| Untracked 
|  82|0x0000000086e00000, 0x0000000086e00000, 0x0000000086f00000|  0%| F|  |TAMS 0x0000000086e00000, 0x0000000086e00000| Untracked 
|  83|0x0000000086f00000, 0x0000000086f00000, 0x0000000087000000|  0%| F|  |TAMS 0x0000000086f00000, 0x0000000086f00000| Untracked 
|  84|0x0000000087000000, 0x0000000087000000, 0x0000000087100000|  0%| F|  |TAMS 0x0000000087000000, 0x0000000087000000| Untracked 
|  85|0x0000000087100000, 0x0000000087100000, 0x0000000087200000|  0%| F|  |TAMS 0x0000000087100000, 0x0000000087100000| Untracked 
|  86|0x0000000087200000, 0x0000000087200000, 0x0000000087300000|  0%| F|  |TAMS 0x0000000087200000, 0x0000000087200000| Untracked 
|  87|0x0000000087300000, 0x0000000087300000, 0x0000000087400000|  0%| F|  |TAMS 0x0000000087300000, 0x0000000087300000| Untracked 
|  88|0x0000000087400000, 0x0000000087400000, 0x0000000087500000|  0%| F|  |TAMS 0x0000000087400000, 0x0000000087400000| Untracked 
|  89|0x0000000087500000, 0x0000000087500000, 0x0000000087600000|  0%| F|  |TAMS 0x0000000087500000, 0x0000000087500000| Untracked 
|  90|0x0000000087600000, 0x0000000087600000, 0x0000000087700000|  0%| F|  |TAMS 0x0000000087600000, 0x0000000087600000| Untracked 
|  91|0x0000000087700000, 0x0000000087700000, 0x0000000087800000|  0%| F|  |TAMS 0x0000000087700000, 0x0000000087700000| Untracked 
|  92|0x0000000087800000, 0x0000000087800000, 0x0000000087900000|  0%| F|  |TAMS 0x0000000087800000, 0x0000000087800000| Untracked 
|  93|0x0000000087900000, 0x0000000087900000, 0x0000000087a00000|  0%| F|  |TAMS 0x0000000087900000, 0x0000000087900000| Untracked 
|  94|0x0000000087a00000, 0x0000000087a00000, 0x0000000087b00000|  0%| F|  |TAMS 0x0000000087a00000, 0x0000000087a00000| Untracked 
|  95|0x0000000087b00000, 0x0000000087b00000, 0x0000000087c00000|  0%| F|  |TAMS 0x0000000087b00000, 0x0000000087b00000| Untracked 
|  96|0x0000000087c00000, 0x0000000087c00000, 0x0000000087d00000|  0%| F|  |TAMS 0x0000000087c00000, 0x0000000087c00000| Untracked 
|  97|0x0000000087d00000, 0x0000000087d00000, 0x0000000087e00000|  0%| F|  |TAMS 0x0000000087d00000, 0x0000000087d00000| Untracked 
|  98|0x0000000087e00000, 0x0000000087e00000, 0x0000000087f00000|  0%| F|  |TAMS 0x0000000087e00000, 0x0000000087e00000| Untracked 
|  99|0x0000000087f00000, 0x0000000087f00000, 0x0000000088000000|  0%| F|  |TAMS 0x0000000087f00000, 0x0000000087f00000| Untracked 
| 100|0x0000000088000000, 0x0000000088000000, 0x0000000088100000|  0%| F|  |TAMS 0x0000000088000000, 0x0000000088000000| Untracked 
| 101|0x0000000088100000, 0x0000000088100000, 0x0000000088200000|  0%| F|  |TAMS 0x0000000088100000, 0x0000000088100000| Untracked 
| 102|0x0000000088200000, 0x0000000088200000, 0x0000000088300000|  0%| F|  |TAMS 0x0000000088200000, 0x0000000088200000| Untracked 
| 103|0x0000000088300000, 0x0000000088300000, 0x0000000088400000|  0%| F|  |TAMS 0x0000000088300000, 0x0000000088300000| Untracked 
| 104|0x0000000088400000, 0x0000000088400000, 0x0000000088500000|  0%| F|  |TAMS 0x0000000088400000, 0x0000000088400000| Untracked 
| 105|0x0000000088500000, 0x0000000088500000, 0x0000000088600000|  0%| F|  |TAMS 0x0000000088500000, 0x0000000088500000| Untracked 
| 106|0x0000000088600000, 0x0000000088600000, 0x0000000088700000|  0%| F|  |TAMS 0x0000000088600000, 0x0000000088600000| Untracked 
| 107|0x0000000088700000, 0x0000000088700000, 0x0000000088800000|  0%| F|  |TAMS 0x0000000088700000, 0x0000000088700000| Untracked 
| 108|0x0000000088800000, 0x0000000088800000, 0x0000000088900000|  0%| F|  |TAMS 0x0000000088800000, 0x0000000088800000| Untracked 
| 109|0x0000000088900000, 0x0000000088900000, 0x0000000088a00000|  0%| F|  |TAMS 0x0000000088900000, 0x0000000088900000| Untracked 
| 110|0x0000000088a00000, 0x0000000088a00000, 0x0000000088b00000|  0%| F|  |TAMS 0x0000000088a00000, 0x0000000088a00000| Untracked 
| 111|0x0000000088b00000, 0x0000000088b00000, 0x0000000088c00000|  0%| F|  |TAMS 0x0000000088b00000, 0x0000000088b00000| Untracked 
| 112|0x0000000088c00000, 0x0000000088c00000, 0x0000000088d00000|  0%| F|  |TAMS 0x0000000088c00000, 0x0000000088c00000| Untracked 
| 113|0x0000000088d00000, 0x0000000088d00000, 0x0000000088e00000|  0%| F|  |TAMS 0x0000000088d00000, 0x0000000088d00000| Untracked 
| 114|0x0000000088e00000, 0x0000000088e00000, 0x0000000088f00000|  0%| F|  |TAMS 0x0000000088e00000, 0x0000000088e00000| Untracked 
| 115|0x0000000088f00000, 0x0000000088f00000, 0x0000000089000000|  0%| F|  |TAMS 0x0000000088f00000, 0x0000000088f00000| Untracked 
| 116|0x0000000089000000, 0x0000000089000000, 0x0000000089100000|  0%| F|  |TAMS 0x0000000089000000, 0x0000000089000000| Untracked 
| 117|0x0000000089100000, 0x0000000089100000, 0x0000000089200000|  0%| F|  |TAMS 0x0000000089100000, 0x0000000089100000| Untracked 
| 118|0x0000000089200000, 0x0000000089200000, 0x0000000089300000|  0%| F|  |TAMS 0x0000000089200000, 0x0000000089200000| Untracked 
| 119|0x0000000089300000, 0x0000000089300000, 0x0000000089400000|  0%| F|  |TAMS 0x0000000089300000, 0x0000000089300000| Untracked 
| 120|0x0000000089400000, 0x0000000089400000, 0x0000000089500000|  0%| F|  |TAMS 0x0000000089400000, 0x0000000089400000| Untracked 
| 121|0x0000000089500000, 0x0000000089500000, 0x0000000089600000|  0%| F|  |TAMS 0x0000000089500000, 0x0000000089500000| Untracked 
| 122|0x0000000089600000, 0x0000000089600000, 0x0000000089700000|  0%| F|  |TAMS 0x0000000089600000, 0x0000000089600000| Untracked 
| 123|0x0000000089700000, 0x0000000089700000, 0x0000000089800000|  0%| F|  |TAMS 0x0000000089700000, 0x0000000089700000| Untracked 
| 124|0x0000000089800000, 0x0000000089800000, 0x0000000089900000|  0%| F|  |TAMS 0x0000000089800000, 0x0000000089800000| Untracked 
| 125|0x0000000089900000, 0x0000000089900000, 0x0000000089a00000|  0%| F|  |TAMS 0x0000000089900000, 0x0000000089900000| Untracked 
| 126|0x0000000089a00000, 0x0000000089a00000, 0x0000000089b00000|  0%| F|  |TAMS 0x0000000089a00000, 0x0000000089a00000| Untracked 
| 127|0x0000000089b00000, 0x0000000089b00000, 0x0000000089c00000|  0%| F|  |TAMS 0x0000000089b00000, 0x0000000089b00000| Untracked 

Card table byte_map: [0x000002676b310000,0x000002676b710000] _byte_map_base: 0x000002676af02000

Marking Bits (Prev, Next): (CMBitMap*) 0x0000026758a9c290, (CMBitMap*) 0x0000026758a9c250
 Prev Bits: [0x000002676daa0000, 0x000002676fa30000)
 Next Bits: [0x000002676bb10000, 0x000002676daa0000)

Polling page: 0x0000026756920000

Metaspace:

Usage:
  Non-class:     43.73 MB used.
      Class:      5.88 MB used.
       Both:     49.61 MB used.

Virtual space:
  Non-class space:       48.00 MB reserved,      43.88 MB ( 91%) committed,  6 nodes.
      Class space:        1.00 GB reserved,       6.00 MB ( <1%) committed,  1 nodes.
             Both:        1.05 GB reserved,      49.88 MB (  5%) committed. 

Chunk freelists:
   Non-Class:  3.84 MB
       Class:  1.95 MB
        Both:  5.80 MB

MaxMetaspaceSize: unlimited
CompressedClassSpaceSize: 1.00 GB
Initial GC threshold: 21.00 MB
Current GC threshold: 60.12 MB
CDS: off
MetaspaceReclaimPolicy: balanced
 - commit_granule_bytes: 65536.
 - commit_granule_words: 8192.
 - virtual_space_node_default_size: 1048576.
 - enlarge_chunks_in_place: 1.
 - new_chunks_are_fully_committed: 0.
 - uncommit_free_chunks: 1.
 - use_allocation_guard: 0.
 - handle_deallocations: 1.


Internal statistics:

num_allocs_failed_limit: 3.
num_arena_births: 236.
num_arena_deaths: 0.
num_vsnodes_births: 7.
num_vsnodes_deaths: 0.
num_space_committed: 796.
num_space_uncommitted: 0.
num_chunks_returned_to_freelist: 3.
num_chunks_taken_from_freelist: 1694.
num_chunk_merges: 3.
num_chunk_splits: 1358.
num_chunks_enlarged: 1190.
num_purges: 0.
num_inconsistent_stats: 0.

CodeHeap 'non-profiled nmethods': size=120000Kb used=1833Kb max_used=1833Kb free=118167Kb
 bounds [0x00000267639e0000, 0x0000026763c50000, 0x000002676af10000]
CodeHeap 'profiled nmethods': size=120000Kb used=9428Kb max_used=9428Kb free=110571Kb
 bounds [0x000002675bf10000, 0x000002675c850000, 0x0000026763440000]
CodeHeap 'non-nmethods': size=5760Kb used=1281Kb max_used=1335Kb free=4478Kb
 bounds [0x0000026763440000, 0x00000267636b0000, 0x00000267639e0000]
 total_blobs=5092 nmethods=4493 adapters=511
 compilation: enabled
              stopped_count=0, restarted_count=0
 full_count=0

Compilation events (20 events):
Event: 9.373 Thread 0x000002677293d540 nmethod 4533 0x000002675c83ef10 code [0x000002675c83f0a0, 0x000002675c83f1e8]
Event: 9.388 Thread 0x000002677293d540 4541       2       java.io.FilterInputStream::read (11 bytes)
Event: 9.388 Thread 0x000002677293d540 nmethod 4541 0x000002675c83f290 code [0x000002675c83f420, 0x000002675c83f548]
Event: 9.388 Thread 0x000002677293d540 4542       2       org.jetbrains.kotlin.descriptors.PackageFragmentProviderKt::collectPackageFragmentsOptimizedIfPossible (57 bytes)
Event: 9.389 Thread 0x000002677293d540 nmethod 4542 0x000002675c83f610 code [0x000002675c83f8c0, 0x000002675c840028]
Event: 9.393 Thread 0x000002677293d540 4543       2       kotlin.collections.CollectionsKt__CollectionsKt::listOf (22 bytes)
Event: 9.394 Thread 0x000002677293d540 nmethod 4543 0x000002675c840490 code [0x000002675c8406e0, 0x000002675c840cd8]
Event: 9.394 Thread 0x000002677293d540 4544       2       java.lang.Enum::hashCode (5 bytes)
Event: 9.395 Thread 0x000002677293d540 nmethod 4544 0x000002675c841090 code [0x000002675c841220, 0x000002675c841348]
Event: 9.398 Thread 0x000002677293d540 4545       2       org.jetbrains.kotlin.psi.KtNameReferenceExpression::getReferencedNameAsName (11 bytes)
Event: 9.398 Thread 0x000002677293d540 nmethod 4545 0x000002675c841410 code [0x000002675c8415e0, 0x000002675c8418c8]
Event: 9.398 Thread 0x000002677293d540 4546       2       org.jetbrains.kotlin.psi.KtSimpleNameExpressionImpl$Companion::getReferencedNameAsNameImpl (24 bytes)
Event: 9.399 Thread 0x000002677293d540 nmethod 4546 0x000002675c841b10 code [0x000002675c841d20, 0x000002675c842138]
Event: 9.421 Thread 0x000002677293d540 4548       2       org.jetbrains.kotlin.parsing.KotlinExpressionParsing$Precedence$2::parseHigherPrecedence (5 bytes)
Event: 9.422 Thread 0x000002677293d540 nmethod 4548 0x000002675c842390 code [0x000002675c842520, 0x000002675c842648]
Event: 9.422 Thread 0x000002677293d540 4549       2       org.jetbrains.kotlin.parsing.KotlinExpressionParsing::access$200 (5 bytes)
Event: 9.422 Thread 0x000002677293d540 nmethod 4549 0x000002675c842710 code [0x000002675c8428a0, 0x000002675c8429a8]
Event: 9.422 Thread 0x000002677293d540 4552       2       org.jetbrains.kotlin.parsing.KotlinExpressionParsing::parseAtomicExpression (456 bytes)
Event: 9.427 Thread 0x000002677293d540 nmethod 4552 0x000002675c842a90 code [0x000002675c842f60, 0x000002675c8443a8]
Event: 9.427 Thread 0x000002677293d540 4553       2       org.jetbrains.kotlin.parsing.KotlinExpressionParsing::parseSimpleNameExpression (26 bytes)

GC Heap History (20 events):
Event: 4.152 GC heap after
{Heap after GC invocations=6 (full 0):
 garbage-first heap   total 45056K, used 16699K [0x0000000081c00000, 0x0000000100000000)
  region size 1024K, 1 young (1024K), 1 survivors (1024K)
 Metaspace       used 28153K, committed 28352K, reserved 1081344K
  class space    used 3092K, committed 3200K, reserved 1048576K
}
Event: 5.090 GC heap before
{Heap before GC invocations=6 (full 0):
 garbage-first heap   total 45056K, used 32059K [0x0000000081c00000, 0x0000000100000000)
  region size 1024K, 17 young (17408K), 1 survivors (1024K)
 Metaspace       used 31856K, committed 32064K, reserved 1081344K
  class space    used 3828K, committed 3904K, reserved 1048576K
}
Event: 5.097 GC heap after
{Heap after GC invocations=7 (full 0):
 garbage-first heap   total 45056K, used 18849K [0x0000000081c00000, 0x0000000100000000)
  region size 1024K, 3 young (3072K), 3 survivors (3072K)
 Metaspace       used 31856K, committed 32064K, reserved 1081344K
  class space    used 3828K, committed 3904K, reserved 1048576K
}
Event: 5.486 GC heap before
{Heap before GC invocations=7 (full 0):
 garbage-first heap   total 45056K, used 34209K [0x0000000081c00000, 0x0000000100000000)
  region size 1024K, 16 young (16384K), 3 survivors (3072K)
 Metaspace       used 32006K, committed 32320K, reserved 1081344K
  class space    used 3828K, committed 3904K, reserved 1048576K
}
Event: 5.500 GC heap after
{Heap after GC invocations=8 (full 0):
 garbage-first heap   total 45056K, used 24349K [0x0000000081c00000, 0x0000000100000000)
  region size 1024K, 2 young (2048K), 2 survivors (2048K)
 Metaspace       used 32006K, committed 32320K, reserved 1081344K
  class space    used 3828K, committed 3904K, reserved 1048576K
}
Event: 5.700 GC heap before
{Heap before GC invocations=8 (full 0):
 garbage-first heap   total 45056K, used 32541K [0x0000000081c00000, 0x0000000100000000)
  region size 1024K, 11 young (11264K), 2 survivors (2048K)
 Metaspace       used 32440K, committed 32640K, reserved 1081344K
  class space    used 3873K, committed 3968K, reserved 1048576K
}
Event: 5.711 GC heap after
{Heap after GC invocations=9 (full 0):
 garbage-first heap   total 45056K, used 26928K [0x0000000081c00000, 0x0000000100000000)
  region size 1024K, 2 young (2048K), 2 survivors (2048K)
 Metaspace       used 32440K, committed 32640K, reserved 1081344K
  class space    used 3873K, committed 3968K, reserved 1048576K
}
Event: 6.046 GC heap before
{Heap before GC invocations=10 (full 0):
 garbage-first heap   total 50176K, used 34096K [0x0000000081c00000, 0x0000000100000000)
  region size 1024K, 9 young (9216K), 2 survivors (2048K)
 Metaspace       used 33891K, committed 34112K, reserved 1081344K
  class space    used 4265K, committed 4352K, reserved 1048576K
}
Event: 6.052 GC heap after
{Heap after GC invocations=11 (full 0):
 garbage-first heap   total 50176K, used 27926K [0x0000000081c00000, 0x0000000100000000)
  region size 1024K, 1 young (1024K), 1 survivors (1024K)
 Metaspace       used 33891K, committed 34112K, reserved 1081344K
  class space    used 4265K, committed 4352K, reserved 1048576K
}
Event: 6.443 GC heap before
{Heap before GC invocations=11 (full 0):
 garbage-first heap   total 50176K, used 38166K [0x0000000081c00000, 0x0000000100000000)
  region size 1024K, 11 young (11264K), 1 survivors (1024K)
 Metaspace       used 36583K, committed 36800K, reserved 1089536K
  class space    used 4562K, committed 4672K, reserved 1048576K
}
Event: 6.449 GC heap after
{Heap after GC invocations=12 (full 0):
 garbage-first heap   total 81920K, used 29022K [0x0000000081c00000, 0x0000000100000000)
  region size 1024K, 2 young (2048K), 2 survivors (2048K)
 Metaspace       used 36583K, committed 36800K, reserved 1089536K
  class space    used 4562K, committed 4672K, reserved 1048576K
}
Event: 7.368 GC heap before
{Heap before GC invocations=13 (full 0):
 garbage-first heap   total 81920K, used 58718K [0x0000000081c00000, 0x0000000100000000)
  region size 1024K, 31 young (31744K), 2 survivors (2048K)
 Metaspace       used 41662K, committed 41920K, reserved 1089536K
  class space    used 5039K, committed 5184K, reserved 1048576K
}
Event: 7.381 GC heap after
{Heap after GC invocations=14 (full 0):
 garbage-first heap   total 81920K, used 30432K [0x0000000081c00000, 0x0000000100000000)
  region size 1024K, 4 young (4096K), 4 survivors (4096K)
 Metaspace       used 41662K, committed 41920K, reserved 1089536K
  class space    used 5039K, committed 5184K, reserved 1048576K
}
Event: 7.404 GC heap before
{Heap before GC invocations=14 (full 0):
 garbage-first heap   total 81920K, used 31456K [0x0000000081c00000, 0x0000000100000000)
  region size 1024K, 5 young (5120K), 4 survivors (4096K)
 Metaspace       used 41941K, committed 42176K, reserved 1089536K
  class space    used 5060K, committed 5184K, reserved 1048576K
}
Event: 7.415 GC heap after
{Heap after GC invocations=15 (full 0):
 garbage-first heap   total 81920K, used 30887K [0x0000000081c00000, 0x0000000100000000)
  region size 1024K, 1 young (1024K), 1 survivors (1024K)
 Metaspace       used 41941K, committed 42176K, reserved 1089536K
  class space    used 5060K, committed 5184K, reserved 1048576K
}
Event: 8.434 GC heap before
{Heap before GC invocations=15 (full 0):
 garbage-first heap   total 81920K, used 58535K [0x0000000081c00000, 0x0000000100000000)
  region size 1024K, 28 young (28672K), 1 survivors (1024K)
 Metaspace       used 46228K, committed 46528K, reserved 1097728K
  class space    used 5491K, committed 5632K, reserved 1048576K
}
Event: 8.445 GC heap after
{Heap after GC invocations=16 (full 0):
 garbage-first heap   total 81920K, used 35840K [0x0000000081c00000, 0x0000000100000000)
  region size 1024K, 4 young (4096K), 4 survivors (4096K)
 Metaspace       used 46228K, committed 46528K, reserved 1097728K
  class space    used 5491K, committed 5632K, reserved 1048576K
}
Event: 9.285 GC heap before
{Heap before GC invocations=16 (full 0):
 garbage-first heap   total 81920K, used 63488K [0x0000000081c00000, 0x0000000100000000)
  region size 1024K, 29 young (29696K), 4 survivors (4096K)
 Metaspace       used 50456K, committed 50752K, reserved 1097728K
  class space    used 5995K, committed 6144K, reserved 1048576K
}
Event: 9.305 GC heap after
{Heap after GC invocations=17 (full 0):
 garbage-first heap   total 81920K, used 42178K [0x0000000081c00000, 0x0000000100000000)
  region size 1024K, 4 young (4096K), 4 survivors (4096K)
 Metaspace       used 50456K, committed 50752K, reserved 1097728K
  class space    used 5995K, committed 6144K, reserved 1048576K
}
Event: 9.427 GC heap before
{Heap before GC invocations=17 (full 0):
 garbage-first heap   total 81920K, used 62658K [0x0000000081c00000, 0x0000000100000000)
  region size 1024K, 24 young (24576K), 4 survivors (4096K)
 Metaspace       used 50802K, committed 51072K, reserved 1097728K
  class space    used 6018K, committed 6144K, reserved 1048576K
}

Dll operation events (2 events):
Event: 0.016 Loaded shared library C:\Program Files\Android\Android Studio\jbr\bin\java.dll
Event: 2.577 Loaded shared library C:\Program Files\Android\Android Studio\jbr\bin\verify.dll

Deoptimization events (20 events):
Event: 9.425 Thread 0x0000026758a469f0 Uncommon trap: trap_request=0xffffffc6 fr.pc=0x0000026763b66190 relative=0x00000000000002d0
Event: 9.425 Thread 0x0000026758a469f0 Uncommon trap: reason=bimorphic_or_optimized_type_check action=maybe_recompile pc=0x0000026763b66190 method=org.jetbrains.kotlin.com.intellij.psi.impl.source.tree.SharedImplUtil.findFileElement(Lorg/jetbrains/kotlin/com/intellij/lang/ASTNode;)Lorg/jetbrai
Event: 9.425 Thread 0x0000026758a469f0 DEOPT PACKING pc=0x0000026763b66190 sp=0x000000de28ffd0e0
Event: 9.425 Thread 0x0000026758a469f0 DEOPT UNPACKING pc=0x00000267634969a3 sp=0x000000de28ffcfd8 mode 2
Event: 9.425 Thread 0x0000026758a469f0 Uncommon trap: trap_request=0xffffffc6 fr.pc=0x0000026763b66190 relative=0x00000000000002d0
Event: 9.425 Thread 0x0000026758a469f0 Uncommon trap: reason=bimorphic_or_optimized_type_check action=maybe_recompile pc=0x0000026763b66190 method=org.jetbrains.kotlin.com.intellij.psi.impl.source.tree.SharedImplUtil.findFileElement(Lorg/jetbrains/kotlin/com/intellij/lang/ASTNode;)Lorg/jetbrai
Event: 9.425 Thread 0x0000026758a469f0 DEOPT PACKING pc=0x0000026763b66190 sp=0x000000de28ffd0e0
Event: 9.425 Thread 0x0000026758a469f0 DEOPT UNPACKING pc=0x00000267634969a3 sp=0x000000de28ffcfd8 mode 2
Event: 9.425 Thread 0x0000026758a469f0 Uncommon trap: trap_request=0xffffffc6 fr.pc=0x0000026763b66190 relative=0x00000000000002d0
Event: 9.425 Thread 0x0000026758a469f0 Uncommon trap: reason=bimorphic_or_optimized_type_check action=maybe_recompile pc=0x0000026763b66190 method=org.jetbrains.kotlin.com.intellij.psi.impl.source.tree.SharedImplUtil.findFileElement(Lorg/jetbrains/kotlin/com/intellij/lang/ASTNode;)Lorg/jetbrai
Event: 9.425 Thread 0x0000026758a469f0 DEOPT PACKING pc=0x0000026763b66190 sp=0x000000de28ffd0e0
Event: 9.425 Thread 0x0000026758a469f0 DEOPT UNPACKING pc=0x00000267634969a3 sp=0x000000de28ffcfd8 mode 2
Event: 9.425 Thread 0x0000026758a469f0 Uncommon trap: trap_request=0xffffffc6 fr.pc=0x0000026763b85d30 relative=0x0000000000000110
Event: 9.425 Thread 0x0000026758a469f0 Uncommon trap: reason=bimorphic_or_optimized_type_check action=maybe_recompile pc=0x0000026763b85d30 method=org.jetbrains.kotlin.com.intellij.psi.impl.source.tree.SharedImplUtil.findFileElement(Lorg/jetbrains/kotlin/com/intellij/lang/ASTNode;)Lorg/jetbrai
Event: 9.425 Thread 0x0000026758a469f0 DEOPT PACKING pc=0x0000026763b85d30 sp=0x000000de28ffd040
Event: 9.425 Thread 0x0000026758a469f0 DEOPT UNPACKING pc=0x00000267634969a3 sp=0x000000de28ffcfd8 mode 2
Event: 9.425 Thread 0x0000026758a469f0 Uncommon trap: trap_request=0xffffff45 fr.pc=0x0000026763b9cd9c relative=0x000000000000025c
Event: 9.426 Thread 0x0000026758a469f0 Uncommon trap: reason=unstable_if action=reinterpret pc=0x0000026763b9cd9c method=org.jetbrains.kotlin.parsing.KotlinParserDefinition.createElement(Lorg/jetbrains/kotlin/com/intellij/lang/ASTNode;)Lorg/jetbrains/kotlin/com/intellij/psi/PsiElement; @ 25 c2
Event: 9.426 Thread 0x0000026758a469f0 DEOPT PACKING pc=0x0000026763b9cd9c sp=0x000000de28ffd720
Event: 9.426 Thread 0x0000026758a469f0 DEOPT UNPACKING pc=0x00000267634969a3 sp=0x000000de28ffd5f8 mode 2

Classes unloaded (0 events):
No events

Classes redefined (0 events):
No events

Internal exceptions (20 events):
Event: 2.981 Thread 0x0000026758a469f0 Exception <a 'java/lang/NoSuchMethodError'{0x00000000882e4d60}: 'java.lang.Object java.lang.invoke.DirectMethodHandle$Holder.invokeStaticInit(java.lang.Object, int)'> (0x00000000882e4d60) 
thrown [s\src\hotspot\share\interpreter\linkResolver.cpp, line 771]
Event: 3.001 Thread 0x0000026758a469f0 Exception <a 'java/lang/NoSuchMethodError'{0x00000000881650c0}: 'void java.lang.invoke.DirectMethodHandle$Holder.invokeStatic(java.lang.Object, java.lang.Object)'> (0x00000000881650c0) 
thrown [s\src\hotspot\share\interpreter\linkResolver.cpp, line 771]
Event: 3.056 Thread 0x0000026758a469f0 Exception <a 'java/lang/NoSuchMethodError'{0x00000000880a07e8}: 'long java.lang.invoke.DirectMethodHandle$Holder.invokeStatic(java.lang.Object)'> (0x00000000880a07e8) 
thrown [s\src\hotspot\share\interpreter\linkResolver.cpp, line 771]
Event: 3.057 Thread 0x0000026758a469f0 Exception <a 'java/lang/NoSuchMethodError'{0x00000000880a3f40}: 'long java.lang.invoke.DirectMethodHandle$Holder.invokeStaticInit(java.lang.Object)'> (0x00000000880a3f40) 
thrown [s\src\hotspot\share\interpreter\linkResolver.cpp, line 771]
Event: 3.252 Thread 0x0000026758a469f0 Exception <a 'java/lang/NoSuchMethodError'{0x0000000083f602e8}: 'int java.lang.invoke.DirectMethodHandle$Holder.invokeStaticInit(java.lang.Object, java.lang.Object, java.lang.Object)'> (0x0000000083f602e8) 
thrown [s\src\hotspot\share\interpreter\linkResolver.cpp, line 771]
Event: 3.262 Thread 0x0000026758a469f0 Exception <a 'java/lang/NoSuchMethodError'{0x0000000083f88170}: 'int java.lang.invoke.DirectMethodHandle$Holder.invokeStaticInit(java.lang.Object, java.lang.Object)'> (0x0000000083f88170) 
thrown [s\src\hotspot\share\interpreter\linkResolver.cpp, line 771]
Event: 3.310 Thread 0x0000026758a469f0 Exception <a 'java/lang/NoSuchMethodError'{0x0000000083e61ce0}: 'void java.lang.invoke.DirectMethodHandle$Holder.invokeSpecial(java.lang.Object, java.lang.Object, java.lang.Object)'> (0x0000000083e61ce0) 
thrown [s\src\hotspot\share\interpreter\linkResolver.cpp, line 771]
Event: 3.937 Thread 0x0000026758a469f0 Exception <a 'java/lang/NoSuchMethodError'{0x000000008321f028}: 'void java.lang.invoke.DirectMethodHandle$Holder.invokeStatic(java.lang.Object, java.lang.Object, java.lang.Object, java.lang.Object)'> (0x000000008321f028) 
thrown [s\src\hotspot\share\interpreter\linkResolver.cpp, line 771]
Event: 4.073 Thread 0x0000026758a469f0 Exception <a 'java/lang/NoSuchMethodError'{0x0000000082fcc948}: 'void java.lang.invoke.DirectMethodHandle$Holder.invokeStaticInit(java.lang.Object, java.lang.Object)'> (0x0000000082fcc948) 
thrown [s\src\hotspot\share\interpreter\linkResolver.cpp, line 771]
Event: 4.270 Thread 0x0000026758a469f0 Exception <a 'java/lang/NoSuchMethodError'{0x0000000087b4e448}: 'void java.lang.invoke.DirectMethodHandle$Holder.invokeVirtual(java.lang.Object, java.lang.Object)'> (0x0000000087b4e448) 
thrown [s\src\hotspot\share\interpreter\linkResolver.cpp, line 771]
Event: 4.285 Thread 0x0000026758a469f0 Exception <a 'java/lang/NoSuchMethodError'{0x0000000087ba03a0}: 'int java.lang.invoke.DirectMethodHandle$Holder.invokeVirtual(java.lang.Object, java.lang.Object)'> (0x0000000087ba03a0) 
thrown [s\src\hotspot\share\interpreter\linkResolver.cpp, line 771]
Event: 4.327 Thread 0x0000026758a469f0 Exception <a 'java/lang/NoSuchMethodError'{0x0000000087a50dc8}: 'java.lang.Object java.lang.invoke.Invokers$Holder.invokeExact_MT(java.lang.Object, java.lang.Object, java.lang.Object, java.lang.Object, java.lang.Object, java.lang.Object)'> (0x0000000087a50dc8) 
thrown [s\src\hotspot\share\interpreter\linkResolver.cpp, line 771]
Event: 6.539 Thread 0x0000026758a469f0 Exception <a 'java/lang/NoSuchMethodError'{0x0000000087d69e58}: 'java.lang.Object java.lang.invoke.DirectMethodHandle$Holder.invokeVirtual(java.lang.Object, java.lang.Object, java.lang.Object)'> (0x0000000087d69e58) 
thrown [s\src\hotspot\share\interpreter\linkResolver.cpp, line 771]
Event: 7.985 Thread 0x0000026758a469f0 Exception <a 'java/lang/NoSuchMethodError'{0x0000000085c00b90}: 'java.lang.Object java.lang.invoke.DirectMethodHandle$Holder.newInvokeSpecial(java.lang.Object, java.lang.Object, int)'> (0x0000000085c00b90) 
thrown [s\src\hotspot\share\interpreter\linkResolver.cpp, line 771]
Event: 8.067 Thread 0x0000026758a469f0 Exception <a 'java/lang/NoSuchMethodError'{0x0000000085b662d8}: 'java.lang.Object java.lang.invoke.DirectMethodHandle$Holder.invokeInterface(java.lang.Object, java.lang.Object)'> (0x0000000085b662d8) 
thrown [s\src\hotspot\share\interpreter\linkResolver.cpp, line 771]
Event: 8.084 Thread 0x0000026758a469f0 Implicit null exception at 0x0000026763b327d0 to 0x0000026763b328a4
Event: 8.362 Thread 0x0000026758a469f0 Implicit null exception at 0x0000026763b38a4c to 0x0000026763b38b40
Event: 8.514 Thread 0x0000026758a469f0 Exception <a 'java/lang/NoSuchMethodError'{0x0000000087d7eb40}: 'java.lang.Object java.lang.invoke.DirectMethodHandle$Holder.newInvokeSpecial(java.lang.Object, java.lang.Object, java.lang.Object, int)'> (0x0000000087d7eb40) 
thrown [s\src\hotspot\share\interpreter\linkResolver.cpp, line 771]
Event: 8.515 Thread 0x0000026758a469f0 Exception <a 'java/lang/NoSuchMethodError'{0x0000000087d831c8}: 'java.lang.Object java.lang.invoke.DirectMethodHandle$Holder.invokeSpecial(java.lang.Object, java.lang.Object, java.lang.Object, java.lang.Object, int)'> (0x0000000087d831c8) 
thrown [s\src\hotspot\share\interpreter\linkResolver.cpp, line 771]
Event: 8.515 Thread 0x0000026758a469f0 Exception <a 'java/lang/NoSuchMethodError'{0x0000000087d87038}: 'java.lang.Object java.lang.invoke.Invokers$Holder.linkToTargetMethod(java.lang.Object, java.lang.Object, int, java.lang.Object)'> (0x0000000087d87038) 
thrown [s\src\hotspot\share\interpreter\linkResolver.cpp, line 771]

VM Operations (20 events):
Event: 8.076 Executing VM operation: HandshakeAllThreads done
Event: 8.132 Executing VM operation: ICBufferFull
Event: 8.132 Executing VM operation: ICBufferFull done
Event: 8.301 Executing VM operation: HandshakeAllThreads
Event: 8.301 Executing VM operation: HandshakeAllThreads done
Event: 8.433 Executing VM operation: G1CollectForAllocation
Event: 8.446 Executing VM operation: G1CollectForAllocation done
Event: 8.487 Executing VM operation: HandshakeAllThreads
Event: 8.488 Executing VM operation: HandshakeAllThreads done
Event: 8.508 Executing VM operation: HandshakeAllThreads
Event: 8.508 Executing VM operation: HandshakeAllThreads done
Event: 8.583 Executing VM operation: HandshakeAllThreads
Event: 8.583 Executing VM operation: HandshakeAllThreads done
Event: 8.810 Executing VM operation: HandshakeAllThreads
Event: 8.810 Executing VM operation: HandshakeAllThreads done
Event: 9.058 Executing VM operation: ICBufferFull
Event: 9.059 Executing VM operation: ICBufferFull done
Event: 9.285 Executing VM operation: G1CollectForAllocation
Event: 9.305 Executing VM operation: G1CollectForAllocation done
Event: 9.427 Executing VM operation: G1CollectForAllocation

Events (20 events):
Event: 7.983 loading class java/util/function/IntUnaryOperator
Event: 7.983 loading class java/util/function/IntUnaryOperator done
Event: 8.487 loading class java/util/ArrayList$ListItr
Event: 8.487 loading class java/util/ArrayList$ListItr done
Event: 8.582 loading class java/util/AbstractList$SubList$1
Event: 8.582 loading class java/util/AbstractList$SubList$1 done
Event: 8.582 loading class java/util/AbstractList$ListItr
Event: 8.583 loading class java/util/AbstractList$ListItr done
Event: 8.673 loading class java/text/StringCharacterIterator
Event: 8.673 loading class java/text/CharacterIterator
Event: 8.674 loading class java/text/CharacterIterator done
Event: 8.674 loading class java/text/StringCharacterIterator done
Event: 8.953 loading class java/util/AbstractList$RandomAccessSpliterator
Event: 8.953 loading class java/util/AbstractList$RandomAccessSpliterator done
Event: 8.954 loading class java/util/stream/ReferencePipeline$2
Event: 8.954 loading class java/util/stream/ReferencePipeline$2 done
Event: 8.956 loading class java/util/stream/ReferencePipeline$2$1
Event: 8.956 loading class java/util/stream/ReferencePipeline$2$1 done
Event: 8.979 loading class java/security/CodeSigner
Event: 8.980 loading class java/security/CodeSigner done


Dynamic libraries:
0x00007ff6d54d0000 - 0x00007ff6d54da000 	C:\Program Files\Android\Android Studio\jbr\bin\java.exe
0x00007fff2e350000 - 0x00007fff2e548000 	C:\Windows\SYSTEM32\ntdll.dll
0x00007fff2c830000 - 0x00007fff2c8ed000 	C:\Windows\System32\KERNEL32.DLL
0x00007fff2bd10000 - 0x00007fff2c006000 	C:\Windows\System32\KERNELBASE.dll
0x00007fff2ba20000 - 0x00007fff2bb20000 	C:\Windows\System32\ucrtbase.dll
0x00007fff224c0000 - 0x00007fff224db000 	C:\Program Files\Android\Android Studio\jbr\bin\VCRUNTIME140.dll
0x00007fff224e0000 - 0x00007fff224f7000 	C:\Program Files\Android\Android Studio\jbr\bin\jli.dll
0x00007fff2cf40000 - 0x00007fff2d0de000 	C:\Windows\System32\USER32.dll
0x00007fff16f40000 - 0x00007fff171da000 	C:\Windows\WinSxS\amd64_microsoft.windows.common-controls_6595b64144ccf1df_6.0.19041.3636_none_60b6a03d71f818d5\COMCTL32.dll
0x00007fff2e120000 - 0x00007fff2e1be000 	C:\Windows\System32\msvcrt.dll
0x00007fff2c010000 - 0x00007fff2c032000 	C:\Windows\System32\win32u.dll
0x00007fff2c800000 - 0x00007fff2c82c000 	C:\Windows\System32\GDI32.dll
0x00007fff2bbf0000 - 0x00007fff2bd0a000 	C:\Windows\System32\gdi32full.dll
0x00007fff2bb50000 - 0x00007fff2bbed000 	C:\Windows\System32\msvcp_win.dll
0x00007fff2cc10000 - 0x00007fff2cc40000 	C:\Windows\System32\IMM32.DLL
0x00007fff22590000 - 0x00007fff2259c000 	C:\Program Files\Android\Android Studio\jbr\bin\vcruntime140_1.dll
0x00007fff0ebd0000 - 0x00007fff0ec5d000 	C:\Program Files\Android\Android Studio\jbr\bin\msvcp140.dll
0x00007ffeca2e0000 - 0x00007ffecaf4d000 	C:\Program Files\Android\Android Studio\jbr\bin\server\jvm.dll
0x00007fff2e250000 - 0x00007fff2e303000 	C:\Windows\System32\ADVAPI32.dll
0x00007fff2c3a0000 - 0x00007fff2c43f000 	C:\Windows\System32\sechost.dll
0x00007fff2c9a0000 - 0x00007fff2cac6000 	C:\Windows\System32\RPCRT4.dll
0x00007fff2bb20000 - 0x00007fff2bb47000 	C:\Windows\System32\bcrypt.dll
0x00007fff1b250000 - 0x00007fff1b259000 	C:\Windows\SYSTEM32\WSOCK32.dll
0x00007fff173b0000 - 0x00007fff173d7000 	C:\Windows\SYSTEM32\WINMM.dll
0x00007fff2da90000 - 0x00007fff2dafb000 	C:\Windows\System32\WS2_32.dll
0x00007fff22e70000 - 0x00007fff22e7a000 	C:\Windows\SYSTEM32\VERSION.dll
0x00007fff2a220000 - 0x00007fff2a232000 	C:\Windows\SYSTEM32\kernel.appcore.dll
0x00007fff21af0000 - 0x00007fff21afa000 	C:\Program Files\Android\Android Studio\jbr\bin\jimage.dll
0x00007fff29f30000 - 0x00007fff2a114000 	C:\Windows\SYSTEM32\DBGHELP.DLL
0x00007fff15450000 - 0x00007fff15484000 	C:\Windows\SYSTEM32\dbgcore.DLL
0x00007fff2c310000 - 0x00007fff2c392000 	C:\Windows\System32\bcryptPrimitives.dll
0x00007fff13c60000 - 0x00007fff13c85000 	C:\Program Files\Android\Android Studio\jbr\bin\java.dll
0x00007fff13c40000 - 0x00007fff13c58000 	C:\Program Files\Android\Android Studio\jbr\bin\zip.dll
0x00007fff2d0e0000 - 0x00007fff2d825000 	C:\Windows\System32\SHELL32.dll
0x00007fff296c0000 - 0x00007fff29e5b000 	C:\Windows\SYSTEM32\windows.storage.dll
0x00007fff2c4a0000 - 0x00007fff2c7f4000 	C:\Windows\System32\combase.dll
0x00007fff2b2a0000 - 0x00007fff2b2cd000 	C:\Windows\SYSTEM32\Wldp.dll
0x00007fff2db00000 - 0x00007fff2dbad000 	C:\Windows\System32\SHCORE.dll
0x00007fff2cad0000 - 0x00007fff2cb25000 	C:\Windows\System32\shlwapi.dll
0x00007fff2b950000 - 0x00007fff2b975000 	C:\Windows\SYSTEM32\profapi.dll
0x00007fff0ea80000 - 0x00007fff0ea99000 	C:\Program Files\Android\Android Studio\jbr\bin\net.dll
0x00007fff1ca90000 - 0x00007fff1cb9a000 	C:\Windows\SYSTEM32\WINHTTP.dll
0x00007fff2b080000 - 0x00007fff2b0ea000 	C:\Windows\system32\mswsock.dll
0x00007fff04800000 - 0x00007fff04816000 	C:\Program Files\Android\Android Studio\jbr\bin\nio.dll
0x00007fff0a4d0000 - 0x00007fff0a4e0000 	C:\Program Files\Android\Android Studio\jbr\bin\verify.dll

dbghelp: loaded successfully - version: 4.0.5 - missing functions: none
symbol engine: initialized successfully - sym options: 0x614 - pdb path: .;C:\Program Files\Android\Android Studio\jbr\bin;C:\Windows\SYSTEM32;C:\Windows\WinSxS\amd64_microsoft.windows.common-controls_6595b64144ccf1df_6.0.19041.3636_none_60b6a03d71f818d5;C:\Program Files\Android\Android Studio\jbr\bin\server

VM Arguments:
java_command: org.jetbrains.kotlin.cli.jvm.K2JVMCompiler @D:\FYP\fypproject\FypDisasterManagement-1\FypDisasterManagement-1\FypDisasterManagement\app\build\20240116_11329153144618227011.compiler.options
java_class_path (initial): C:\Users\Area 7 Computer\.gradle\caches\modules-2\files-2.1\org.jetbrains.kotlin\kotlin-compiler-embeddable\1.8.10\b0757fd774344d54ce93f5ad6c30ba1c1731c8ff\kotlin-compiler-embeddable-1.8.10.jar;C:\Users\Area 7 Computer\.gradle\caches\modules-2\files-2.1\org.jetbrains.kotlin\kotlin-stdlib\1.8.10\6d5560a229477df9406943d5feda5618e98eb64c\kotlin-stdlib-1.8.10.jar;C:\Users\Area 7 Computer\.gradle\caches\modules-2\files-2.1\org.jetbrains.kotlin\kotlin-script-runtime\1.8.10\b13ea9c7e46d589139e56086a878763290e20bd5\kotlin-script-runtime-1.8.10.jar;C:\Users\Area 7 Computer\.gradle\caches\modules-2\files-2.1\org.jetbrains.kotlin\kotlin-reflect\1.6.10\1cbe9c92c12a94eea200d23c2bbaedaf3daf5132\kotlin-reflect-1.6.10.jar;C:\Users\Area 7 Computer\.gradle\caches\modules-2\files-2.1\org.jetbrains.kotlin\kotlin-daemon-embeddable\1.8.10\ad8541d9bc1cf9e52c3204161247910c2cf601d4\kotlin-daemon-embeddable-1.8.10.jar;C:\Users\Area 7 Computer\.gradle\caches\modules-2\files-2.1\org.jetbrains.intellij.deps\trove4j\1.0.20200330\3afb14d5f9ceb459d724e907a21145e8ff394f02\trove4j-1.0.20200330.jar;C:\Users\Area 7 Computer\.gradle\caches\modules-2\files-2.1\net.java.dev.jna\jna\5.6.0\330f2244e9030119ab3030fc3fededc86713d9cc\jna-5.6.0.jar;C:\Users\Area 7 Computer\.gradle\caches\modules-2\files-2.1\org.jetbrains.kotlin\kotlin-stdlib-common\1.8.10\a61b182458550492c12aee66157d7b524a63a5ec\kotlin-stdlib-common-1.8.10.jar;C:\Users\Area 7 Computer\.gradle\caches\modules-2\files-2.1\org.jetbrains\annotations\13.0\919f0dfe192fb4e063e7dacadee7f8bb9a2672a9\annotations-13.0.jar
Launcher Type: SUN_STANDARD

[Global flags]
     intx CICompilerCount                          = 3                                         {product} {ergonomic}
     uint ConcGCThreads                            = 1                                         {product} {ergonomic}
     uint G1ConcRefinementThreads                  = 4                                         {product} {ergonomic}
   size_t G1HeapRegionSize                         = 1048576                                   {product} {ergonomic}
    uintx GCDrainStackTargetSize                   = 64                                        {product} {ergonomic}
   size_t InitialHeapSize                          = 134217728                                 {product} {ergonomic}
   size_t MarkStackSize                            = 4194304                                   {product} {ergonomic}
   size_t MaxHeapSize                              = 2118123520                                {product} {ergonomic}
   size_t MaxNewSize                               = 1270874112                                {product} {ergonomic}
   size_t MinHeapDeltaBytes                        = 1048576                                   {product} {ergonomic}
   size_t MinHeapSize                              = 8388608                                   {product} {ergonomic}
    uintx NonNMethodCodeHeapSize                   = 5832780                                {pd product} {ergonomic}
    uintx NonProfiledCodeHeapSize                  = 122912730                              {pd product} {ergonomic}
    uintx ProfiledCodeHeapSize                     = 122912730                              {pd product} {ergonomic}
    uintx ReservedCodeCacheSize                    = 251658240                              {pd product} {ergonomic}
     bool SegmentedCodeCache                       = true                                      {product} {ergonomic}
   size_t SoftMaxHeapSize                          = 2118123520                             {manageable} {ergonomic}
     bool UseCompressedClassPointers               = true                           {product lp64_product} {ergonomic}
     bool UseCompressedOops                        = true                           {product lp64_product} {ergonomic}
     bool UseG1GC                                  = true                                      {product} {ergonomic}
     bool UseLargePagesIndividualAllocation        = false                                  {pd product} {ergonomic}

Logging:
Log output configuration:
 #0: stdout all=warning uptime,level,tags
 #1: stderr all=off uptime,level,tags

Environment Variables:
JAVA_HOME=C:\Program Files (x86)\Java\jdk1.8.0_92
PATH=C:\ProgramData\Oracle\Java\javapath;D:\DevSuiteHome_1\jdk\jre\bin\classic;D:\DevSuiteHome_1\jdk\jre\bin;D:\DevSuiteHome_1\jdk\jre\bin\client;D:\DevSuiteHome_1\jlib;D:\DevSuiteHome_1\bin;D:\DevSuiteHome_1\jre\1.4.2\bin\client;D:\DevSuiteHome_1\jre\1.4.2\bin;C:\Windows\system32;C:\Windows;C:\Windows\System32\Wbem;C:\Windows\System32\WindowsPowerShell\v1.0\;C:\Windows\System32\OpenSSH\;C:\Program Files (x86)\Java\jdk1.8.0_92\bin;C:\Program Files\Microsoft SQL Server\150\Tools\Binn\;C:\Program Files\Microsoft SQL Server\Client SDK\ODBC\170\Tools\Binn\;C:\Program Files (x86)\Microsoft SQL Server\160\Tools\Binn\;C:\Program Files\Microsoft SQL Server\160\Tools\Binn\;C:\Program Files\Microsoft SQL Server\160\DTS\Binn\;C:\Program Files\Azure Data Studio\bin;C:\Program Files (x86)\Microsoft SQL Server\150\Tools\Binn\;C:\Program Files\Microsoft SQL Server\150\DTS\Binn\;C:\Program Files\Microsoft\Web Platform Installer\;C:\Program Files (x86)\Microsoft ASP.NET\ASP.NET Web Pages\v1.0\;C:\Program Files (x86)\Windows Kits\8.0\Windows Performance Toolkit\;D:\nodejs\;D:\Git\cmd;D:\GitHub CLI\;C:\Users\Area 7 Computer\AppData\Local\Microsoft\WindowsApps;;C:\Users\Area 7 Computer\AppData\Local\Programs\Microsoft VS Code\bin;C:\Program Files\Azure Data Studio\bin;C:\Users\Area 7 Computer\AppData\Roaming\npm
USERNAME=Area 7 Computer
OS=Windows_NT
PROCESSOR_IDENTIFIER=Intel64 Family 6 Model 78 Stepping 3, GenuineIntel
TMP=C:\Users\AREA7C~1\AppData\Local\Temp
TEMP=C:\Users\AREA7C~1\AppData\Local\Temp



---------------  S Y S T E M  ---------------

OS:
 Windows 10 , 64 bit Build 19041 (10.0.19041.3636)
OS uptime: 0 days 19:20 hours
Hyper-V role detected

CPU: total 4 (initial active 4) (2 cores per cpu, 2 threads per core) family 6 model 78 stepping 3 microcode 0xcc, cx8, cmov, fxsr, ht, mmx, 3dnowpref, sse, sse2, sse3, ssse3, sse4.1, sse4.2, popcnt, lzcnt, tsc, tscinvbit, avx, avx2, aes, erms, clmul, bmi1, bmi2, rtm, adx, fma, vzeroupper, clflush, clflushopt, hv

Memory: 4k page, system-wide physical 8076M (341M free)
TotalPageFile size 10124M (AvailPageFile size 31M)
current process WorkingSet (physical memory assigned to process): 221M, peak: 221M
current process commit charge ("private bytes"): 303M, peak: 335M

vm_info: OpenJDK 64-Bit Server VM (17.0.6+0-b2043.56-9586694) for windows-amd64 JRE (17.0.6+0-b2043.56-9586694), built on Feb  9 2023 20:06:20 by "androidbuild" with MS VC++ 16.10 / 16.11 (VS2019)

END.
