#
# There is insufficient memory for the Java Runtime Environment to continue.
# Native memory allocation (malloc) failed to allocate 957808 bytes for Chunk::new
# Possible reasons:
#   The system is out of physical RAM or swap space
#   The process is running with CompressedOops enabled, and the Java Heap may be blocking the growth of the native heap
# Possible solutions:
#   Reduce memory load on the system
#   Increase physical memory or swap space
#   Check if swap backing store is full
#   Decrease Java heap size (-Xmx/-Xms)
#   Decrease number of Java threads
#   Decrease Java thread stack sizes (-Xss)
#   Set larger code cache with -XX:ReservedCodeCacheSize=
#   JVM is running with Unscaled Compressed Oops mode in which the Java heap is
#     placed in the first 4GB address space. The Java Heap base address is the
#     maximum limit for the native heap growth. Please use -XX:HeapBaseMinAddress
#     to set the Java Heap base and to place the Java Heap above 4GB virtual address.
# This output file may be truncated or incomplete.
#
#  Out of Memory Error (arena.cpp:189), pid=10124, tid=11340
#
# JRE version: OpenJDK Runtime Environment (17.0.6) (build 17.0.6+0-b2043.56-9586694)
# Java VM: OpenJDK 64-Bit Server VM (17.0.6+0-b2043.56-9586694, mixed mode, tiered, compressed oops, compressed class ptrs, g1 gc, windows-amd64)
# No core dump will be written. Minidumps are not enabled by default on client versions of Windows
#

---------------  S U M M A R Y ------------

Command Line: --add-opens=java.base/java.util=ALL-UNNAMED --add-opens=java.base/java.lang=ALL-UNNAMED --add-opens=java.base/java.lang.invoke=ALL-UNNAMED --add-opens=java.prefs/java.util.prefs=ALL-UNNAMED --add-opens=java.base/java.nio.charset=ALL-UNNAMED --add-opens=java.base/java.net=ALL-UNNAMED --add-opens=java.base/java.util.concurrent.atomic=ALL-UNNAMED -Xmx2048m -Dfile.encoding=UTF-8 -Duser.country=US -Duser.language=en -Duser.variant org.gradle.launcher.daemon.bootstrap.GradleDaemon 8.0

Host: Intel(R) Core(TM) i5-6300U CPU @ 2.40GHz, 4 cores, 7G,  Windows 10 , 64 bit Build 19041 (10.0.19041.3636)
Time: Tue Jan 16 21:51:54 2024 Pakistan Standard Time elapsed time: 54.299050 seconds (0d 0h 0m 54s)

---------------  T H R E A D  ---------------

Current thread (0x000002a215929720):  JavaThread "C2 CompilerThread0" daemon [_thread_in_native, id=11340, stack(0x000000f795400000,0x000000f795500000)]


Current CompileTask:
C2:  54299 12036   !   4       org.gradle.internal.event.AbstractBroadcastDispatch::dispatch (74 bytes)

Stack: [0x000000f795400000,0x000000f795500000]
Native frames: (J=compiled Java code, j=interpreted, Vv=VM code, C=native code)
V  [jvm.dll+0x683b4a]
V  [jvm.dll+0x842654]
V  [jvm.dll+0x843dfe]
V  [jvm.dll+0x844463]
V  [jvm.dll+0x249b75]
V  [jvm.dll+0xabcac]
V  [jvm.dll+0xac27c]
V  [jvm.dll+0x368857]
V  [jvm.dll+0x332f31]
V  [jvm.dll+0x3323da]
V  [jvm.dll+0x21c201]
V  [jvm.dll+0x21b621]
V  [jvm.dll+0x1a4fdd]
V  [jvm.dll+0x22b098]
V  [jvm.dll+0x229159]
V  [jvm.dll+0x7f809c]
V  [jvm.dll+0x7f25fa]
V  [jvm.dll+0x682985]
C  [ucrtbase.dll+0x21bb2]
C  [KERNEL32.DLL+0x17344]
C  [ntdll.dll+0x526b1]


---------------  P R O C E S S  ---------------

Threads class SMR info:
_java_thread_list=0x000002a21e409b60, length=88, elements={
0x000002a27af06090, 0x000002a27f4a3340, 0x000002a27f4a40c0, 0x000002a2159240d0,
0x000002a2159279b0, 0x000002a215928270, 0x000002a215928b30, 0x000002a215929720,
0x000002a2159934e0, 0x000002a21599a020, 0x000002a215aba020, 0x000002a215aba900,
0x000002a218bf7a20, 0x000002a216cafa30, 0x000002a2165431b0, 0x000002a2190dd430,
0x000002a218d6e960, 0x000002a216eb4950, 0x000002a216eb3140, 0x000002a216eb4480,
0x000002a216eb1930, 0x000002a216eb0f90, 0x000002a216eb3610, 0x000002a216eb22d0,
0x000002a216eb27a0, 0x000002a216eb3fb0, 0x000002a216eb1e00, 0x000002a216eb2c70,
0x000002a219299f20, 0x000002a219296f00, 0x000002a2192978a0, 0x000002a219295bc0,
0x000002a2192943b0, 0x000002a219296a30, 0x000002a219297d70, 0x000002a2192990b0,
0x000002a219298240, 0x000002a219293070, 0x000002a219299580, 0x000002a2192956f0,
0x000002a219747a20, 0x000002a2197483c0, 0x000002a219748890, 0x000002a219747ef0,
0x000002a219745d40, 0x000002a219746bb0, 0x000002a219748d60, 0x000002a219747080,
0x000002a21974b3e0, 0x000002a219749230, 0x000002a21974a0a0, 0x000002a219749700,
0x000002a219749bd0, 0x000002a219746210, 0x000002a219744530, 0x000002a219744a00,
0x000002a219747550, 0x000002a21974a570, 0x000002a21974aa40, 0x000002a21974af10,
0x000002a21974b8b0, 0x000002a219744060, 0x000002a219744ed0, 0x000002a2197453a0,
0x000002a219745870, 0x000002a2197466e0, 0x000002a2165d4420, 0x000002a2165d2740,
0x000002a2165d35b0, 0x000002a2165d2c10, 0x000002a2165d3a80, 0x000002a2165d3f50,
0x000002a2165d6f70, 0x000002a2165d5760, 0x000002a2165d0f30, 0x000002a2165d2270,
0x000002a2165d30e0, 0x000002a2165d1400, 0x000002a2165d00c0, 0x000002a2165d6aa0,
0x000002a2165d7440, 0x000002a2165d65d0, 0x000002a21b98b590, 0x000002a21b989d80,
0x000002a21b98a720, 0x000002a21b98abf0, 0x000002a21b9893e0, 0x000002a21e30e8e0
}

Java Threads: ( => current thread )
  0x000002a27af06090 JavaThread "main" [_thread_blocked, id=14840, stack(0x000000f794600000,0x000000f794700000)]
  0x000002a27f4a3340 JavaThread "Reference Handler" daemon [_thread_blocked, id=10916, stack(0x000000f794e00000,0x000000f794f00000)]
  0x000002a27f4a40c0 JavaThread "Finalizer" daemon [_thread_blocked, id=12444, stack(0x000000f794f00000,0x000000f795000000)]
  0x000002a2159240d0 JavaThread "Signal Dispatcher" daemon [_thread_blocked, id=1716, stack(0x000000f795000000,0x000000f795100000)]
  0x000002a2159279b0 JavaThread "Attach Listener" daemon [_thread_blocked, id=3340, stack(0x000000f795100000,0x000000f795200000)]
  0x000002a215928270 JavaThread "Service Thread" daemon [_thread_blocked, id=3316, stack(0x000000f795200000,0x000000f795300000)]
  0x000002a215928b30 JavaThread "Monitor Deflation Thread" daemon [_thread_blocked, id=10860, stack(0x000000f795300000,0x000000f795400000)]
=>0x000002a215929720 JavaThread "C2 CompilerThread0" daemon [_thread_in_native, id=11340, stack(0x000000f795400000,0x000000f795500000)]
  0x000002a2159934e0 JavaThread "C1 CompilerThread0" daemon [_thread_in_vm, id=9688, stack(0x000000f795500000,0x000000f795600000)]
  0x000002a21599a020 JavaThread "Sweeper thread" daemon [_thread_blocked, id=15120, stack(0x000000f795600000,0x000000f795700000)]
  0x000002a215aba020 JavaThread "Common-Cleaner" daemon [_thread_blocked, id=14732, stack(0x000000f795700000,0x000000f795800000)]
  0x000002a215aba900 JavaThread "Notification Thread" daemon [_thread_blocked, id=14224, stack(0x000000f795800000,0x000000f795900000)]
  0x000002a218bf7a20 JavaThread "Daemon health stats" [_thread_blocked, id=1672, stack(0x000000f795e00000,0x000000f795f00000)]
  0x000002a216cafa30 JavaThread "Incoming local TCP Connector on port 26612" [_thread_in_native, id=10100, stack(0x000000f795c00000,0x000000f795d00000)]
  0x000002a2165431b0 JavaThread "Daemon periodic checks" [_thread_blocked, id=10064, stack(0x000000f795f00000,0x000000f796000000)]
  0x000002a2190dd430 JavaThread "Daemon" [_thread_blocked, id=6548, stack(0x000000f796000000,0x000000f796100000)]
  0x000002a218d6e960 JavaThread "Handler for socket connection from /127.0.0.1:26612 to /127.0.0.1:26613" [_thread_in_native, id=8820, stack(0x000000f796100000,0x000000f796200000)]
  0x000002a216eb4950 JavaThread "Cancel handler" [_thread_blocked, id=7396, stack(0x000000f796200000,0x000000f796300000)]
  0x000002a216eb3140 JavaThread "Daemon worker" [_thread_blocked, id=13228, stack(0x000000f796300000,0x000000f796400000)]
  0x000002a216eb4480 JavaThread "Asynchronous log dispatcher for DefaultDaemonConnection: socket connection from /127.0.0.1:26612 to /127.0.0.1:26613" [_thread_blocked, id=6512, stack(0x000000f796400000,0x000000f796500000)]
  0x000002a216eb1930 JavaThread "Stdin handler" [_thread_blocked, id=1592, stack(0x000000f796500000,0x000000f796600000)]
  0x000002a216eb0f90 JavaThread "Daemon client event forwarder" [_thread_blocked, id=11508, stack(0x000000f796600000,0x000000f796700000)]
  0x000002a216eb3610 JavaThread "Cache worker for journal cache (C:\Users\Area 7 Computer\.gradle\caches\journal-1)" [_thread_blocked, id=13292, stack(0x000000f796700000,0x000000f796800000)]
  0x000002a216eb22d0 JavaThread "File lock request listener" [_thread_in_native, id=12176, stack(0x000000f796800000,0x000000f796900000)]
  0x000002a216eb27a0 JavaThread "Cache worker for file hash cache (C:\Users\Area 7 Computer\.gradle\caches\8.0\fileHashes)" [_thread_blocked, id=14740, stack(0x000000f796900000,0x000000f796a00000)]
  0x000002a216eb3fb0 JavaThread "File watcher server" daemon [_thread_in_native, id=14288, stack(0x000000f796b00000,0x000000f796c00000)]
  0x000002a216eb1e00 JavaThread "File watcher consumer" daemon [_thread_blocked, id=2256, stack(0x000000f796c00000,0x000000f796d00000)]
  0x000002a216eb2c70 JavaThread "Cache worker for checksums cache (D:\FYP\fypproject\FypDisasterManagement-1\FypDisasterManagement-1\FypDisasterManagement\.gradle\8.0\checksums)" [_thread_blocked, id=2384, stack(0x000000f796a00000,0x000000f796b00000)]
  0x000002a219299f20 JavaThread "Cache worker for cache directory md-rule (C:\Users\Area 7 Computer\.gradle\caches\8.0\md-rule)" [_thread_blocked, id=10312, stack(0x000000f796d00000,0x000000f796e00000)]
  0x000002a219296f00 JavaThread "Cache worker for file content cache (C:\Users\Area 7 Computer\.gradle\caches\8.0\fileContent)" [_thread_blocked, id=1324, stack(0x000000f796e00000,0x000000f796f00000)]
  0x000002a2192978a0 JavaThread "Cache worker for file hash cache (D:\FYP\fypproject\FypDisasterManagement-1\FypDisasterManagement-1\FypDisasterManagement\.gradle\8.0\fileHashes)" [_thread_blocked, id=10396, stack(0x000000f796f00000,0x000000f797000000)]
  0x000002a219295bc0 JavaThread "Cache worker for cache directory md-supplier (C:\Users\Area 7 Computer\.gradle\caches\8.0\md-supplier)" [_thread_blocked, id=9544, stack(0x000000f797000000,0x000000f797100000)]
  0x000002a2192943b0 JavaThread "Cache worker for execution history cache (C:\Users\Area 7 Computer\.gradle\caches\8.0\executionHistory)" [_thread_blocked, id=1696, stack(0x000000f797100000,0x000000f797200000)]
  0x000002a219296a30 JavaThread "jar transforms" [_thread_blocked, id=3116, stack(0x000000f797300000,0x000000f797400000)]
  0x000002a219297d70 JavaThread "jar transforms Thread 2" [_thread_blocked, id=5432, stack(0x000000f797400000,0x000000f797500000)]
  0x000002a2192990b0 JavaThread "Cache worker for kotlin-dsl (C:\Users\Area 7 Computer\.gradle\caches\8.0\kotlin-dsl)" [_thread_blocked, id=3004, stack(0x000000f797500000,0x000000f797600000)]
  0x000002a219298240 JavaThread "jar transforms Thread 3" [_thread_blocked, id=7480, stack(0x000000f797600000,0x000000f797700000)]
  0x000002a219293070 JavaThread "jar transforms Thread 4" [_thread_blocked, id=7224, stack(0x000000f797700000,0x000000f797800000)]
  0x000002a219299580 JavaThread "Cache worker for dependencies-accessors (D:\FYP\fypproject\FypDisasterManagement-1\FypDisasterManagement-1\FypDisasterManagement\.gradle\8.0\dependencies-accessors)" [_thread_blocked, id=2204, stack(0x000000f797800000,0x000000f797900000)]
  0x000002a2192956f0 JavaThread "Cache worker for Build Output Cleanup Cache (D:\FYP\fypproject\FypDisasterManagement-1\FypDisasterManagement-1\FypDisasterManagement\.gradle\buildOutputCleanup)" [_thread_blocked, id=5352, stack(0x000000f797900000,0x000000f797a00000)]
  0x000002a219747a20 JavaThread "Unconstrained build operations" [_thread_blocked, id=1860, stack(0x000000f797a00000,0x000000f797b00000)]
  0x000002a2197483c0 JavaThread "Unconstrained build operations Thread 2" [_thread_blocked, id=12416, stack(0x000000f797b00000,0x000000f797c00000)]
  0x000002a219748890 JavaThread "Unconstrained build operations Thread 3" [_thread_blocked, id=536, stack(0x000000f797c00000,0x000000f797d00000)]
  0x000002a219747ef0 JavaThread "Unconstrained build operations Thread 4" [_thread_blocked, id=1524, stack(0x000000f797d00000,0x000000f797e00000)]
  0x000002a219745d40 JavaThread "Unconstrained build operations Thread 5" [_thread_blocked, id=3548, stack(0x000000f797e00000,0x000000f797f00000)]
  0x000002a219746bb0 JavaThread "Unconstrained build operations Thread 6" [_thread_blocked, id=12736, stack(0x000000f797f00000,0x000000f798000000)]
  0x000002a219748d60 JavaThread "Unconstrained build operations Thread 7" [_thread_blocked, id=11108, stack(0x000000f798000000,0x000000f798100000)]
  0x000002a219747080 JavaThread "Unconstrained build operations Thread 8" [_thread_blocked, id=4864, stack(0x000000f798100000,0x000000f798200000)]
  0x000002a21974b3e0 JavaThread "Unconstrained build operations Thread 9" [_thread_blocked, id=3348, stack(0x000000f798200000,0x000000f798300000)]
  0x000002a219749230 JavaThread "Unconstrained build operations Thread 10" [_thread_blocked, id=6660, stack(0x000000f798300000,0x000000f798400000)]
  0x000002a21974a0a0 JavaThread "Unconstrained build operations Thread 11" [_thread_blocked, id=1520, stack(0x000000f798400000,0x000000f798500000)]
  0x000002a219749700 JavaThread "Unconstrained build operations Thread 12" [_thread_blocked, id=13640, stack(0x000000f798500000,0x000000f798600000)]
  0x000002a219749bd0 JavaThread "Unconstrained build operations Thread 13" [_thread_blocked, id=14404, stack(0x000000f798600000,0x000000f798700000)]
  0x000002a219746210 JavaThread "Unconstrained build operations Thread 14" [_thread_blocked, id=12804, stack(0x000000f798700000,0x000000f798800000)]
  0x000002a219744530 JavaThread "Unconstrained build operations Thread 15" [_thread_blocked, id=3556, stack(0x000000f798800000,0x000000f798900000)]
  0x000002a219744a00 JavaThread "Unconstrained build operations Thread 16" [_thread_blocked, id=10148, stack(0x000000f798900000,0x000000f798a00000)]
  0x000002a219747550 JavaThread "Unconstrained build operations Thread 17" [_thread_blocked, id=1020, stack(0x000000f798a00000,0x000000f798b00000)]
  0x000002a21974a570 JavaThread "Unconstrained build operations Thread 18" [_thread_blocked, id=12876, stack(0x000000f798b00000,0x000000f798c00000)]
  0x000002a21974aa40 JavaThread "Unconstrained build operations Thread 19" [_thread_blocked, id=4724, stack(0x000000f798c00000,0x000000f798d00000)]
  0x000002a21974af10 JavaThread "Unconstrained build operations Thread 20" [_thread_blocked, id=6520, stack(0x000000f798d00000,0x000000f798e00000)]
  0x000002a21974b8b0 JavaThread "Unconstrained build operations Thread 21" [_thread_blocked, id=2416, stack(0x000000f798e00000,0x000000f798f00000)]
  0x000002a219744060 JavaThread "Unconstrained build operations Thread 22" [_thread_blocked, id=15356, stack(0x000000f798f00000,0x000000f799000000)]
  0x000002a219744ed0 JavaThread "Unconstrained build operations Thread 23" [_thread_blocked, id=6940, stack(0x000000f799000000,0x000000f799100000)]
  0x000002a2197453a0 JavaThread "Unconstrained build operations Thread 24" [_thread_blocked, id=7964, stack(0x000000f799100000,0x000000f799200000)]
  0x000002a219745870 JavaThread "Unconstrained build operations Thread 25" [_thread_blocked, id=13512, stack(0x000000f799200000,0x000000f799300000)]
  0x000002a2197466e0 JavaThread "Unconstrained build operations Thread 26" [_thread_blocked, id=10816, stack(0x000000f799300000,0x000000f799400000)]
  0x000002a2165d4420 JavaThread "Unconstrained build operations Thread 27" [_thread_blocked, id=12304, stack(0x000000f799400000,0x000000f799500000)]
  0x000002a2165d2740 JavaThread "Unconstrained build operations Thread 28" [_thread_blocked, id=14440, stack(0x000000f799500000,0x000000f799600000)]
  0x000002a2165d35b0 JavaThread "Unconstrained build operations Thread 29" [_thread_in_native, id=6412, stack(0x000000f799600000,0x000000f799700000)]
  0x000002a2165d2c10 JavaThread "Unconstrained build operations Thread 30" [_thread_blocked, id=12640, stack(0x000000f799700000,0x000000f799800000)]
  0x000002a2165d3a80 JavaThread "Unconstrained build operations Thread 31" [_thread_blocked, id=7096, stack(0x000000f799800000,0x000000f799900000)]
  0x000002a2165d3f50 JavaThread "Unconstrained build operations Thread 32" [_thread_blocked, id=10392, stack(0x000000f799900000,0x000000f799a00000)]
  0x000002a2165d6f70 JavaThread "Unconstrained build operations Thread 33" [_thread_blocked, id=9668, stack(0x000000f799a00000,0x000000f799b00000)]
  0x000002a2165d5760 JavaThread "Unconstrained build operations Thread 34" [_thread_blocked, id=13660, stack(0x000000f799b00000,0x000000f799c00000)]
  0x000002a2165d0f30 JavaThread "Unconstrained build operations Thread 35" [_thread_blocked, id=11912, stack(0x000000f799c00000,0x000000f799d00000)]
  0x000002a2165d2270 JavaThread "Unconstrained build operations Thread 36" [_thread_blocked, id=9880, stack(0x000000f799d00000,0x000000f799e00000)]
  0x000002a2165d30e0 JavaThread "Unconstrained build operations Thread 37" [_thread_blocked, id=12588, stack(0x000000f799e00000,0x000000f799f00000)]
  0x000002a2165d1400 JavaThread "Unconstrained build operations Thread 38" [_thread_blocked, id=12160, stack(0x000000f799f00000,0x000000f79a000000)]
  0x000002a2165d00c0 JavaThread "Unconstrained build operations Thread 39" [_thread_blocked, id=5748, stack(0x000000f79a000000,0x000000f79a100000)]
  0x000002a2165d6aa0 JavaThread "Unconstrained build operations Thread 40" [_thread_blocked, id=13932, stack(0x000000f79a100000,0x000000f79a200000)]
  0x000002a2165d7440 JavaThread "build event listener" [_thread_blocked, id=6612, stack(0x000000f79a300000,0x000000f79a400000)]
  0x000002a2165d65d0 JavaThread "Memory manager" [_thread_blocked, id=2784, stack(0x000000f79a400000,0x000000f79a500000)]
  0x000002a21b98b590 JavaThread "included builds" [_thread_blocked, id=11088, stack(0x000000f79a700000,0x000000f79a800000)]
  0x000002a21b989d80 JavaThread "Execution worker" [_thread_blocked, id=11124, stack(0x000000f79a800000,0x000000f79a900000)]
  0x000002a21b98a720 JavaThread "Execution worker Thread 2" [_thread_in_vm, id=13356, stack(0x000000f79a900000,0x000000f79aa00000)] _threads_hazard_ptr=0x000002a21e409b60
  0x000002a21b98abf0 JavaThread "Execution worker Thread 3" [_thread_blocked, id=2700, stack(0x000000f79aa00000,0x000000f79ab00000)]
  0x000002a21b9893e0 JavaThread "Cache worker for execution history cache (D:\FYP\fypproject\FypDisasterManagement-1\FypDisasterManagement-1\FypDisasterManagement\.gradle\8.0\executionHistory)" [_thread_blocked, id=7632, stack(0x000000f79ab00000,0x000000f79ac00000)]
  0x000002a21e30e8e0 JavaThread "C2 CompilerThread1" daemon [_thread_in_native, id=14040, stack(0x000000f797200000,0x000000f797300000)]

Other Threads:
  0x000002a27f4cc530 VMThread "VM Thread" [stack: 0x000000f794d00000,0x000000f794e00000] [id=13440]
  0x000002a215abcde0 WatcherThread [stack: 0x000000f795900000,0x000000f795a00000] [id=736]
  0x000002a27af5d550 GCTaskThread "GC Thread#0" [stack: 0x000000f794800000,0x000000f794900000] [id=6324]
  0x000002a215c9a110 GCTaskThread "GC Thread#1" [stack: 0x000000f795a00000,0x000000f795b00000] [id=8472]
  0x000002a2161eb280 GCTaskThread "GC Thread#2" [stack: 0x000000f795b00000,0x000000f795c00000] [id=6104]
  0x000002a216b196a0 GCTaskThread "GC Thread#3" [stack: 0x000000f795d00000,0x000000f795e00000] [id=9560]
  0x000002a27af6f3b0 ConcurrentGCThread "G1 Main Marker" [stack: 0x000000f794900000,0x000000f794a00000] [id=9860]
  0x000002a27af6fcd0 ConcurrentGCThread "G1 Conc#0" [stack: 0x000000f794a00000,0x000000f794b00000] [id=4344]
  0x000002a27f3220b0 ConcurrentGCThread "G1 Refine#0" [stack: 0x000000f794b00000,0x000000f794c00000] [id=6492]
  0x000002a2195aff40 ConcurrentGCThread "G1 Refine#1" [stack: 0x000000f79a200000,0x000000f79a300000] [id=6620]
  0x000002a27f3229e0 ConcurrentGCThread "G1 Service" [stack: 0x000000f794c00000,0x000000f794d00000] [id=2224]

Threads with active compile tasks:
C2 CompilerThread0    54395 12036   !   4       org.gradle.internal.event.AbstractBroadcastDispatch::dispatch (74 bytes)
C2 CompilerThread1    54395 12087   !   4       java.util.concurrent.ConcurrentHashMap::computeIfAbsent (576 bytes)

VM state: not at safepoint (normal execution)

VM Mutex/Monitor currently owned by a thread: None

Heap address: 0x0000000080000000, size: 2048 MB, Compressed Oops mode: 32-bit

CDS archive(s) not mapped
Compressed class space mapped at: 0x0000000100000000-0x0000000140000000, reserved size: 1073741824
Narrow klass base: 0x0000000000000000, Narrow klass shift: 3, Narrow klass range: 0x140000000

GC Precious Log:
 CPUs: 4 total, 4 available
 Memory: 8076M
 Large Page Support: Disabled
 NUMA Support: Disabled
 Compressed Oops: Enabled (32-bit)
 Heap Region Size: 1M
 Heap Min Capacity: 8M
 Heap Initial Capacity: 128M
 Heap Max Capacity: 2G
 Pre-touch: Disabled
 Parallel Workers: 4
 Concurrent Workers: 1
 Concurrent Refinement Workers: 4
 Periodic GC: Disabled

Heap:
 garbage-first heap   total 288768K, used 222113K [0x0000000080000000, 0x0000000100000000)
  region size 1024K, 127 young (130048K), 3 survivors (3072K)
 Metaspace       used 96150K, committed 96832K, reserved 1138688K
  class space    used 13102K, committed 13376K, reserved 1048576K

Heap Regions: E=young(eden), S=young(survivor), O=old, HS=humongous(starts), HC=humongous(continues), CS=collection set, F=free, OA=open archive, CA=closed archive, TAMS=top-at-mark-start (previous, next)
|   0|0x0000000080000000, 0x0000000080100000, 0x0000000080100000|100%| O|  |TAMS 0x0000000080100000, 0x0000000080000000| Untracked 
|   1|0x0000000080100000, 0x0000000080200000, 0x0000000080200000|100%| O|  |TAMS 0x0000000080200000, 0x0000000080100000| Untracked 
|   2|0x0000000080200000, 0x0000000080300000, 0x0000000080300000|100%|HS|  |TAMS 0x0000000080300000, 0x0000000080200000| Complete 
|   3|0x0000000080300000, 0x0000000080400000, 0x0000000080400000|100%|HC|  |TAMS 0x0000000080400000, 0x0000000080300000| Complete 
|   4|0x0000000080400000, 0x0000000080500000, 0x0000000080500000|100%|HC|  |TAMS 0x0000000080500000, 0x0000000080400000| Complete 
|   5|0x0000000080500000, 0x0000000080600000, 0x0000000080600000|100%|HC|  |TAMS 0x0000000080600000, 0x0000000080500000| Complete 
|   6|0x0000000080600000, 0x0000000080700000, 0x0000000080700000|100%| O|  |TAMS 0x0000000080700000, 0x0000000080600000| Untracked 
|   7|0x0000000080700000, 0x0000000080800000, 0x0000000080800000|100%| O|  |TAMS 0x0000000080800000, 0x0000000080700000| Untracked 
|   8|0x0000000080800000, 0x0000000080900000, 0x0000000080900000|100%| O|  |TAMS 0x0000000080900000, 0x0000000080800000| Untracked 
|   9|0x0000000080900000, 0x0000000080a00000, 0x0000000080a00000|100%| O|  |TAMS 0x0000000080a00000, 0x0000000080900000| Untracked 
|  10|0x0000000080a00000, 0x0000000080b00000, 0x0000000080b00000|100%| O|  |TAMS 0x0000000080b00000, 0x0000000080a00000| Untracked 
|  11|0x0000000080b00000, 0x0000000080c00000, 0x0000000080c00000|100%| O|  |TAMS 0x0000000080c00000, 0x0000000080b00000| Untracked 
|  12|0x0000000080c00000, 0x0000000080d00000, 0x0000000080d00000|100%|HS|  |TAMS 0x0000000080d00000, 0x0000000080c00000| Complete 
|  13|0x0000000080d00000, 0x0000000080e00000, 0x0000000080e00000|100%| O|  |TAMS 0x0000000080e00000, 0x0000000080d00000| Untracked 
|  14|0x0000000080e00000, 0x0000000080f00000, 0x0000000080f00000|100%| O|  |TAMS 0x0000000080f00000, 0x0000000080e00000| Untracked 
|  15|0x0000000080f00000, 0x0000000081000000, 0x0000000081000000|100%| O|  |TAMS 0x0000000081000000, 0x0000000080f00000| Untracked 
|  16|0x0000000081000000, 0x0000000081100000, 0x0000000081100000|100%| O|  |TAMS 0x0000000081100000, 0x0000000081000000| Untracked 
|  17|0x0000000081100000, 0x0000000081200000, 0x0000000081200000|100%| O|  |TAMS 0x0000000081200000, 0x0000000081100000| Untracked 
|  18|0x0000000081200000, 0x0000000081300000, 0x0000000081300000|100%| O|  |TAMS 0x0000000081300000, 0x0000000081200000| Untracked 
|  19|0x0000000081300000, 0x0000000081400000, 0x0000000081400000|100%| O|  |TAMS 0x0000000081400000, 0x0000000081300000| Untracked 
|  20|0x0000000081400000, 0x0000000081500000, 0x0000000081500000|100%| O|  |TAMS 0x0000000081500000, 0x0000000081400000| Untracked 
|  21|0x0000000081500000, 0x0000000081600000, 0x0000000081600000|100%| O|  |TAMS 0x0000000081600000, 0x0000000081500000| Untracked 
|  22|0x0000000081600000, 0x0000000081700000, 0x0000000081700000|100%| O|  |TAMS 0x0000000081700000, 0x0000000081600000| Untracked 
|  23|0x0000000081700000, 0x0000000081800000, 0x0000000081800000|100%| O|  |TAMS 0x0000000081800000, 0x0000000081700000| Untracked 
|  24|0x0000000081800000, 0x0000000081900000, 0x0000000081900000|100%| O|  |TAMS 0x0000000081900000, 0x0000000081800000| Untracked 
|  25|0x0000000081900000, 0x0000000081a00000, 0x0000000081a00000|100%| O|  |TAMS 0x0000000081a00000, 0x0000000081900000| Untracked 
|  26|0x0000000081a00000, 0x0000000081b00000, 0x0000000081b00000|100%| O|  |TAMS 0x0000000081b00000, 0x0000000081a00000| Untracked 
|  27|0x0000000081b00000, 0x0000000081c00000, 0x0000000081c00000|100%| O|  |TAMS 0x0000000081b00000, 0x0000000081b00000| Untracked 
|  28|0x0000000081c00000, 0x0000000081d00000, 0x0000000081d00000|100%| O|  |TAMS 0x0000000081d00000, 0x0000000081c00000| Untracked 
|  29|0x0000000081d00000, 0x0000000081e00000, 0x0000000081e00000|100%|HS|  |TAMS 0x0000000081e00000, 0x0000000081d00000| Complete 
|  30|0x0000000081e00000, 0x0000000081f00000, 0x0000000081f00000|100%|HS|  |TAMS 0x0000000081f00000, 0x0000000081e00000| Complete 
|  31|0x0000000081f00000, 0x0000000082000000, 0x0000000082000000|100%|HC|  |TAMS 0x0000000082000000, 0x0000000081f00000| Complete 
|  32|0x0000000082000000, 0x0000000082100000, 0x0000000082100000|100%|HS|  |TAMS 0x0000000082100000, 0x0000000082000000| Complete 
|  33|0x0000000082100000, 0x0000000082200000, 0x0000000082200000|100%|HC|  |TAMS 0x0000000082200000, 0x0000000082100000| Complete 
|  34|0x0000000082200000, 0x0000000082300000, 0x0000000082300000|100%|HC|  |TAMS 0x0000000082300000, 0x0000000082200000| Complete 
|  35|0x0000000082300000, 0x0000000082400000, 0x0000000082400000|100%|HC|  |TAMS 0x0000000082400000, 0x0000000082300000| Complete 
|  36|0x0000000082400000, 0x0000000082500000, 0x0000000082500000|100%| O|  |TAMS 0x0000000082500000, 0x0000000082400000| Untracked 
|  37|0x0000000082500000, 0x0000000082600000, 0x0000000082600000|100%| O|  |TAMS 0x0000000082600000, 0x0000000082500000| Untracked 
|  38|0x0000000082600000, 0x0000000082700000, 0x0000000082700000|100%| O|  |TAMS 0x0000000082700000, 0x0000000082600000| Untracked 
|  39|0x0000000082700000, 0x0000000082800000, 0x0000000082800000|100%| O|  |TAMS 0x0000000082800000, 0x0000000082700000| Untracked 
|  40|0x0000000082800000, 0x0000000082900000, 0x0000000082900000|100%| O|  |TAMS 0x0000000082900000, 0x0000000082800000| Untracked 
|  41|0x0000000082900000, 0x0000000082a00000, 0x0000000082a00000|100%| O|  |TAMS 0x0000000082a00000, 0x0000000082900000| Untracked 
|  42|0x0000000082a00000, 0x0000000082b00000, 0x0000000082b00000|100%| O|  |TAMS 0x0000000082a00000, 0x0000000082a00000| Untracked 
|  43|0x0000000082b00000, 0x0000000082c00000, 0x0000000082c00000|100%| O|  |TAMS 0x0000000082c00000, 0x0000000082b00000| Untracked 
|  44|0x0000000082c00000, 0x0000000082d00000, 0x0000000082d00000|100%| O|  |TAMS 0x0000000082d00000, 0x0000000082c00000| Untracked 
|  45|0x0000000082d00000, 0x0000000082e00000, 0x0000000082e00000|100%| O|  |TAMS 0x0000000082e00000, 0x0000000082d00000| Untracked 
|  46|0x0000000082e00000, 0x0000000082f00000, 0x0000000082f00000|100%| O|  |TAMS 0x0000000082f00000, 0x0000000082e00000| Untracked 
|  47|0x0000000082f00000, 0x0000000083000000, 0x0000000083000000|100%| O|  |TAMS 0x0000000083000000, 0x0000000082f00000| Untracked 
|  48|0x0000000083000000, 0x0000000083100000, 0x0000000083100000|100%| O|  |TAMS 0x0000000083100000, 0x0000000083000000| Untracked 
|  49|0x0000000083100000, 0x0000000083200000, 0x0000000083200000|100%| O|  |TAMS 0x0000000083200000, 0x0000000083100000| Untracked 
|  50|0x0000000083200000, 0x0000000083300000, 0x0000000083300000|100%| O|  |TAMS 0x0000000083300000, 0x0000000083200000| Untracked 
|  51|0x0000000083300000, 0x0000000083400000, 0x0000000083400000|100%| O|  |TAMS 0x0000000083400000, 0x0000000083300000| Untracked 
|  52|0x0000000083400000, 0x0000000083500000, 0x0000000083500000|100%| O|  |TAMS 0x0000000083500000, 0x0000000083400000| Untracked 
|  53|0x0000000083500000, 0x0000000083600000, 0x0000000083600000|100%| O|  |TAMS 0x0000000083600000, 0x0000000083500000| Untracked 
|  54|0x0000000083600000, 0x0000000083700000, 0x0000000083700000|100%| O|  |TAMS 0x0000000083700000, 0x0000000083600000| Untracked 
|  55|0x0000000083700000, 0x0000000083800000, 0x0000000083800000|100%| O|  |TAMS 0x0000000083800000, 0x0000000083700000| Untracked 
|  56|0x0000000083800000, 0x0000000083900000, 0x0000000083900000|100%| O|  |TAMS 0x0000000083900000, 0x0000000083800000| Untracked 
|  57|0x0000000083900000, 0x0000000083a00000, 0x0000000083a00000|100%| O|  |TAMS 0x0000000083a00000, 0x0000000083900000| Untracked 
|  58|0x0000000083a00000, 0x0000000083b00000, 0x0000000083b00000|100%| O|  |TAMS 0x0000000083b00000, 0x0000000083a00000| Untracked 
|  59|0x0000000083b00000, 0x0000000083c00000, 0x0000000083c00000|100%| O|  |TAMS 0x0000000083c00000, 0x0000000083b00000| Untracked 
|  60|0x0000000083c00000, 0x0000000083d00000, 0x0000000083d00000|100%| O|  |TAMS 0x0000000083d00000, 0x0000000083c00000| Untracked 
|  61|0x0000000083d00000, 0x0000000083e00000, 0x0000000083e00000|100%| O|  |TAMS 0x0000000083e00000, 0x0000000083d00000| Untracked 
|  62|0x0000000083e00000, 0x0000000083f00000, 0x0000000083f00000|100%| O|  |TAMS 0x0000000083f00000, 0x0000000083e00000| Untracked 
|  63|0x0000000083f00000, 0x0000000084000000, 0x0000000084000000|100%| O|  |TAMS 0x0000000084000000, 0x0000000083f00000| Untracked 
|  64|0x0000000084000000, 0x0000000084100000, 0x0000000084100000|100%| O|  |TAMS 0x0000000084100000, 0x0000000084000000| Untracked 
|  65|0x0000000084100000, 0x0000000084200000, 0x0000000084200000|100%| O|  |TAMS 0x0000000084200000, 0x0000000084100000| Untracked 
|  66|0x0000000084200000, 0x0000000084300000, 0x0000000084300000|100%| O|  |TAMS 0x0000000084300000, 0x0000000084200000| Untracked 
|  67|0x0000000084300000, 0x0000000084400000, 0x0000000084400000|100%| O|  |TAMS 0x0000000084400000, 0x0000000084300000| Untracked 
|  68|0x0000000084400000, 0x0000000084500000, 0x0000000084500000|100%| O|  |TAMS 0x0000000084500000, 0x0000000084400000| Untracked 
|  69|0x0000000084500000, 0x0000000084600000, 0x0000000084600000|100%| O|  |TAMS 0x0000000084600000, 0x0000000084500000| Untracked 
|  70|0x0000000084600000, 0x0000000084700000, 0x0000000084700000|100%| O|  |TAMS 0x0000000084700000, 0x0000000084600000| Untracked 
|  71|0x0000000084700000, 0x0000000084800000, 0x0000000084800000|100%| O|  |TAMS 0x0000000084800000, 0x0000000084700000| Untracked 
|  72|0x0000000084800000, 0x0000000084900000, 0x0000000084900000|100%| O|  |TAMS 0x0000000084900000, 0x0000000084800000| Untracked 
|  73|0x0000000084900000, 0x0000000084a00000, 0x0000000084a00000|100%| O|  |TAMS 0x0000000084a00000, 0x0000000084900000| Untracked 
|  74|0x0000000084a00000, 0x0000000084b00000, 0x0000000084b00000|100%| O|  |TAMS 0x0000000084b00000, 0x0000000084a00000| Untracked 
|  75|0x0000000084b00000, 0x0000000084c00000, 0x0000000084c00000|100%| O|  |TAMS 0x0000000084ba6a00, 0x0000000084b00000| Untracked 
|  76|0x0000000084c00000, 0x0000000084d00000, 0x0000000084d00000|100%| O|  |TAMS 0x0000000084c00000, 0x0000000084c00000| Untracked 
|  77|0x0000000084d00000, 0x0000000084e00000, 0x0000000084e00000|100%| O|  |TAMS 0x0000000084d00000, 0x0000000084d00000| Untracked 
|  78|0x0000000084e00000, 0x0000000084f00000, 0x0000000084f00000|100%| O|  |TAMS 0x0000000084e00000, 0x0000000084e00000| Untracked 
|  79|0x0000000084f00000, 0x0000000085000000, 0x0000000085000000|100%| O|  |TAMS 0x0000000084f00000, 0x0000000084f00000| Untracked 
|  80|0x0000000085000000, 0x0000000085100000, 0x0000000085100000|100%| O|  |TAMS 0x0000000085000000, 0x0000000085000000| Untracked 
|  81|0x0000000085100000, 0x0000000085200000, 0x0000000085200000|100%| O|  |TAMS 0x0000000085100000, 0x0000000085100000| Untracked 
|  82|0x0000000085200000, 0x0000000085300000, 0x0000000085300000|100%| O|  |TAMS 0x0000000085200000, 0x0000000085200000| Untracked 
|  83|0x0000000085300000, 0x0000000085400000, 0x0000000085400000|100%| O|  |TAMS 0x0000000085300000, 0x0000000085300000| Untracked 
|  84|0x0000000085400000, 0x0000000085500000, 0x0000000085500000|100%| O|  |TAMS 0x0000000085400000, 0x0000000085400000| Untracked 
|  85|0x0000000085500000, 0x0000000085600000, 0x0000000085600000|100%| O|  |TAMS 0x0000000085500000, 0x0000000085500000| Untracked 
|  86|0x0000000085600000, 0x0000000085700000, 0x0000000085700000|100%| O|  |TAMS 0x0000000085600000, 0x0000000085600000| Untracked 
|  87|0x0000000085700000, 0x0000000085800000, 0x0000000085800000|100%| O|  |TAMS 0x0000000085700000, 0x0000000085700000| Untracked 
|  88|0x0000000085800000, 0x0000000085900000, 0x0000000085900000|100%| O|  |TAMS 0x0000000085800000, 0x0000000085800000| Untracked 
|  89|0x0000000085900000, 0x0000000085a00000, 0x0000000085a00000|100%| O|  |TAMS 0x0000000085900000, 0x0000000085900000| Untracked 
|  90|0x0000000085a00000, 0x0000000085b00000, 0x0000000085b00000|100%| O|  |TAMS 0x0000000085a00000, 0x0000000085a00000| Untracked 
|  91|0x0000000085b00000, 0x0000000085be8600, 0x0000000085c00000| 90%| O|  |TAMS 0x0000000085b00000, 0x0000000085b00000| Untracked 
|  92|0x0000000085c00000, 0x0000000085c00000, 0x0000000085d00000|  0%| F|  |TAMS 0x0000000085c00000, 0x0000000085c00000| Untracked 
|  93|0x0000000085d00000, 0x0000000085d00000, 0x0000000085e00000|  0%| F|  |TAMS 0x0000000085d00000, 0x0000000085d00000| Untracked 
|  94|0x0000000085e00000, 0x0000000085e00000, 0x0000000085f00000|  0%| F|  |TAMS 0x0000000085e00000, 0x0000000085e00000| Untracked 
|  95|0x0000000085f00000, 0x0000000085f00000, 0x0000000086000000|  0%| F|  |TAMS 0x0000000085f00000, 0x0000000085f00000| Untracked 
|  96|0x0000000086000000, 0x0000000086000000, 0x0000000086100000|  0%| F|  |TAMS 0x0000000086000000, 0x0000000086000000| Untracked 
|  97|0x0000000086100000, 0x0000000086100000, 0x0000000086200000|  0%| F|  |TAMS 0x0000000086100000, 0x0000000086100000| Untracked 
|  98|0x0000000086200000, 0x0000000086200000, 0x0000000086300000|  0%| F|  |TAMS 0x0000000086200000, 0x0000000086200000| Untracked 
|  99|0x0000000086300000, 0x0000000086300000, 0x0000000086400000|  0%| F|  |TAMS 0x0000000086300000, 0x0000000086300000| Untracked 
| 100|0x0000000086400000, 0x0000000086400000, 0x0000000086500000|  0%| F|  |TAMS 0x0000000086400000, 0x0000000086400000| Untracked 
| 101|0x0000000086500000, 0x0000000086500000, 0x0000000086600000|  0%| F|  |TAMS 0x0000000086500000, 0x0000000086500000| Untracked 
| 102|0x0000000086600000, 0x0000000086600000, 0x0000000086700000|  0%| F|  |TAMS 0x0000000086600000, 0x0000000086600000| Untracked 
| 103|0x0000000086700000, 0x0000000086700000, 0x0000000086800000|  0%| F|  |TAMS 0x0000000086700000, 0x0000000086700000| Untracked 
| 104|0x0000000086800000, 0x0000000086800000, 0x0000000086900000|  0%| F|  |TAMS 0x0000000086800000, 0x0000000086800000| Untracked 
| 105|0x0000000086900000, 0x0000000086900000, 0x0000000086a00000|  0%| F|  |TAMS 0x0000000086900000, 0x0000000086900000| Untracked 
| 106|0x0000000086a00000, 0x0000000086a00000, 0x0000000086b00000|  0%| F|  |TAMS 0x0000000086a00000, 0x0000000086a00000| Untracked 
| 107|0x0000000086b00000, 0x0000000086b00000, 0x0000000086c00000|  0%| F|  |TAMS 0x0000000086b00000, 0x0000000086b00000| Untracked 
| 108|0x0000000086c00000, 0x0000000086c00000, 0x0000000086d00000|  0%| F|  |TAMS 0x0000000086c00000, 0x0000000086c00000| Untracked 
| 109|0x0000000086d00000, 0x0000000086d00000, 0x0000000086e00000|  0%| F|  |TAMS 0x0000000086d00000, 0x0000000086d00000| Untracked 
| 110|0x0000000086e00000, 0x0000000086e00000, 0x0000000086f00000|  0%| F|  |TAMS 0x0000000086e00000, 0x0000000086e00000| Untracked 
| 111|0x0000000086f00000, 0x0000000086f00000, 0x0000000087000000|  0%| F|  |TAMS 0x0000000086f00000, 0x0000000086f00000| Untracked 
| 112|0x0000000087000000, 0x0000000087100000, 0x0000000087100000|100%| S|CS|TAMS 0x0000000087000000, 0x0000000087000000| Complete 
| 113|0x0000000087100000, 0x0000000087200000, 0x0000000087200000|100%| S|CS|TAMS 0x0000000087100000, 0x0000000087100000| Complete 
| 114|0x0000000087200000, 0x0000000087300000, 0x0000000087300000|100%| S|CS|TAMS 0x0000000087200000, 0x0000000087200000| Complete 
| 115|0x0000000087300000, 0x0000000087300000, 0x0000000087400000|  0%| F|  |TAMS 0x0000000087300000, 0x0000000087300000| Untracked 
| 116|0x0000000087400000, 0x0000000087400000, 0x0000000087500000|  0%| F|  |TAMS 0x0000000087400000, 0x0000000087400000| Untracked 
| 117|0x0000000087500000, 0x0000000087500000, 0x0000000087600000|  0%| F|  |TAMS 0x0000000087500000, 0x0000000087500000| Untracked 
| 118|0x0000000087600000, 0x0000000087600000, 0x0000000087700000|  0%| F|  |TAMS 0x0000000087600000, 0x0000000087600000| Untracked 
| 119|0x0000000087700000, 0x0000000087700000, 0x0000000087800000|  0%| F|  |TAMS 0x0000000087700000, 0x0000000087700000| Untracked 
| 120|0x0000000087800000, 0x0000000087800000, 0x0000000087900000|  0%| F|  |TAMS 0x0000000087800000, 0x0000000087800000| Untracked 
| 121|0x0000000087900000, 0x0000000087900000, 0x0000000087a00000|  0%| F|  |TAMS 0x0000000087900000, 0x0000000087900000| Untracked 
| 122|0x0000000087a00000, 0x0000000087a00000, 0x0000000087b00000|  0%| F|  |TAMS 0x0000000087a00000, 0x0000000087a00000| Untracked 
| 123|0x0000000087b00000, 0x0000000087b00000, 0x0000000087c00000|  0%| F|  |TAMS 0x0000000087b00000, 0x0000000087b00000| Untracked 
| 124|0x0000000087c00000, 0x0000000087c00000, 0x0000000087d00000|  0%| F|  |TAMS 0x0000000087c00000, 0x0000000087c00000| Untracked 
| 125|0x0000000087d00000, 0x0000000087d00000, 0x0000000087e00000|  0%| F|  |TAMS 0x0000000087d00000, 0x0000000087d00000| Untracked 
| 126|0x0000000087e00000, 0x0000000087e00000, 0x0000000087f00000|  0%| F|  |TAMS 0x0000000087e00000, 0x0000000087e00000| Untracked 
| 127|0x0000000087f00000, 0x0000000087f00000, 0x0000000088000000|  0%| F|  |TAMS 0x0000000087f00000, 0x0000000087f00000| Untracked 
| 128|0x0000000088000000, 0x0000000088000000, 0x0000000088100000|  0%| F|  |TAMS 0x0000000088000000, 0x0000000088000000| Untracked 
| 129|0x0000000088100000, 0x0000000088100000, 0x0000000088200000|  0%| F|  |TAMS 0x0000000088100000, 0x0000000088100000| Untracked 
| 130|0x0000000088200000, 0x0000000088200000, 0x0000000088300000|  0%| F|  |TAMS 0x0000000088200000, 0x0000000088200000| Untracked 
| 131|0x0000000088300000, 0x0000000088300000, 0x0000000088400000|  0%| F|  |TAMS 0x0000000088300000, 0x0000000088300000| Untracked 
| 132|0x0000000088400000, 0x0000000088400000, 0x0000000088500000|  0%| F|  |TAMS 0x0000000088400000, 0x0000000088400000| Untracked 
| 133|0x0000000088500000, 0x0000000088500000, 0x0000000088600000|  0%| F|  |TAMS 0x0000000088500000, 0x0000000088500000| Untracked 
| 134|0x0000000088600000, 0x0000000088600000, 0x0000000088700000|  0%| F|  |TAMS 0x0000000088600000, 0x0000000088600000| Untracked 
| 135|0x0000000088700000, 0x0000000088700000, 0x0000000088800000|  0%| F|  |TAMS 0x0000000088700000, 0x0000000088700000| Untracked 
| 136|0x0000000088800000, 0x0000000088800000, 0x0000000088900000|  0%| F|  |TAMS 0x0000000088800000, 0x0000000088800000| Untracked 
| 137|0x0000000088900000, 0x0000000088900000, 0x0000000088a00000|  0%| F|  |TAMS 0x0000000088900000, 0x0000000088900000| Untracked 
| 138|0x0000000088a00000, 0x0000000088a00000, 0x0000000088b00000|  0%| F|  |TAMS 0x0000000088a00000, 0x0000000088a00000| Untracked 
| 139|0x0000000088b00000, 0x0000000088b00000, 0x0000000088c00000|  0%| F|  |TAMS 0x0000000088b00000, 0x0000000088b00000| Untracked 
| 140|0x0000000088c00000, 0x0000000088c00000, 0x0000000088d00000|  0%| F|  |TAMS 0x0000000088c00000, 0x0000000088c00000| Untracked 
| 141|0x0000000088d00000, 0x0000000088d00000, 0x0000000088e00000|  0%| F|  |TAMS 0x0000000088d00000, 0x0000000088d00000| Untracked 
| 142|0x0000000088e00000, 0x0000000088e00000, 0x0000000088f00000|  0%| F|  |TAMS 0x0000000088e00000, 0x0000000088e00000| Untracked 
| 143|0x0000000088f00000, 0x0000000088f00000, 0x0000000089000000|  0%| F|  |TAMS 0x0000000088f00000, 0x0000000088f00000| Untracked 
| 144|0x0000000089000000, 0x0000000089000000, 0x0000000089100000|  0%| F|  |TAMS 0x0000000089000000, 0x0000000089000000| Untracked 
| 145|0x0000000089100000, 0x0000000089100000, 0x0000000089200000|  0%| F|  |TAMS 0x0000000089100000, 0x0000000089100000| Untracked 
| 146|0x0000000089200000, 0x0000000089200000, 0x0000000089300000|  0%| F|  |TAMS 0x0000000089200000, 0x0000000089200000| Untracked 
| 147|0x0000000089300000, 0x0000000089300000, 0x0000000089400000|  0%| F|  |TAMS 0x0000000089300000, 0x0000000089300000| Untracked 
| 148|0x0000000089400000, 0x0000000089400000, 0x0000000089500000|  0%| F|  |TAMS 0x0000000089400000, 0x0000000089400000| Untracked 
| 149|0x0000000089500000, 0x0000000089500000, 0x0000000089600000|  0%| F|  |TAMS 0x0000000089500000, 0x0000000089500000| Untracked 
| 150|0x0000000089600000, 0x0000000089600000, 0x0000000089700000|  0%| F|  |TAMS 0x0000000089600000, 0x0000000089600000| Untracked 
| 151|0x0000000089700000, 0x0000000089700000, 0x0000000089800000|  0%| F|  |TAMS 0x0000000089700000, 0x0000000089700000| Untracked 
| 152|0x0000000089800000, 0x0000000089800000, 0x0000000089900000|  0%| F|  |TAMS 0x0000000089800000, 0x0000000089800000| Untracked 
| 153|0x0000000089900000, 0x0000000089900000, 0x0000000089a00000|  0%| F|  |TAMS 0x0000000089900000, 0x0000000089900000| Untracked 
| 154|0x0000000089a00000, 0x0000000089a00000, 0x0000000089b00000|  0%| F|  |TAMS 0x0000000089a00000, 0x0000000089a00000| Untracked 
| 155|0x0000000089b00000, 0x0000000089b00000, 0x0000000089c00000|  0%| F|  |TAMS 0x0000000089b00000, 0x0000000089b00000| Untracked 
| 156|0x0000000089c00000, 0x0000000089c00000, 0x0000000089d00000|  0%| F|  |TAMS 0x0000000089c00000, 0x0000000089c00000| Untracked 
| 157|0x0000000089d00000, 0x0000000089d00000, 0x0000000089e00000|  0%| F|  |TAMS 0x0000000089d00000, 0x0000000089d00000| Untracked 
| 158|0x0000000089e00000, 0x0000000089e04040, 0x0000000089f00000|  1%| E|  |TAMS 0x0000000089e00000, 0x0000000089e00000| Complete 
| 159|0x0000000089f00000, 0x000000008a000000, 0x000000008a000000|100%| E|CS|TAMS 0x0000000089f00000, 0x0000000089f00000| Complete 
| 160|0x000000008a000000, 0x000000008a100000, 0x000000008a100000|100%| E|CS|TAMS 0x000000008a000000, 0x000000008a000000| Complete 
| 161|0x000000008a100000, 0x000000008a200000, 0x000000008a200000|100%| E|CS|TAMS 0x000000008a100000, 0x000000008a100000| Complete 
| 162|0x000000008a200000, 0x000000008a300000, 0x000000008a300000|100%| E|CS|TAMS 0x000000008a200000, 0x000000008a200000| Complete 
| 163|0x000000008a300000, 0x000000008a400000, 0x000000008a400000|100%| E|CS|TAMS 0x000000008a300000, 0x000000008a300000| Complete 
| 164|0x000000008a400000, 0x000000008a500000, 0x000000008a500000|100%| E|CS|TAMS 0x000000008a400000, 0x000000008a400000| Complete 
| 165|0x000000008a500000, 0x000000008a600000, 0x000000008a600000|100%| E|CS|TAMS 0x000000008a500000, 0x000000008a500000| Complete 
| 166|0x000000008a600000, 0x000000008a700000, 0x000000008a700000|100%| E|CS|TAMS 0x000000008a600000, 0x000000008a600000| Complete 
| 167|0x000000008a700000, 0x000000008a800000, 0x000000008a800000|100%| E|CS|TAMS 0x000000008a700000, 0x000000008a700000| Complete 
| 168|0x000000008a800000, 0x000000008a900000, 0x000000008a900000|100%| E|CS|TAMS 0x000000008a800000, 0x000000008a800000| Complete 
| 169|0x000000008a900000, 0x000000008aa00000, 0x000000008aa00000|100%| E|CS|TAMS 0x000000008a900000, 0x000000008a900000| Complete 
| 170|0x000000008aa00000, 0x000000008ab00000, 0x000000008ab00000|100%| E|CS|TAMS 0x000000008aa00000, 0x000000008aa00000| Complete 
| 171|0x000000008ab00000, 0x000000008ac00000, 0x000000008ac00000|100%| E|CS|TAMS 0x000000008ab00000, 0x000000008ab00000| Complete 
| 172|0x000000008ac00000, 0x000000008ad00000, 0x000000008ad00000|100%| E|CS|TAMS 0x000000008ac00000, 0x000000008ac00000| Complete 
| 173|0x000000008ad00000, 0x000000008ae00000, 0x000000008ae00000|100%| E|CS|TAMS 0x000000008ad00000, 0x000000008ad00000| Complete 
| 174|0x000000008ae00000, 0x000000008af00000, 0x000000008af00000|100%| E|CS|TAMS 0x000000008ae00000, 0x000000008ae00000| Complete 
| 175|0x000000008af00000, 0x000000008b000000, 0x000000008b000000|100%| E|CS|TAMS 0x000000008af00000, 0x000000008af00000| Complete 
| 176|0x000000008b000000, 0x000000008b100000, 0x000000008b100000|100%| E|CS|TAMS 0x000000008b000000, 0x000000008b000000| Complete 
| 177|0x000000008b100000, 0x000000008b200000, 0x000000008b200000|100%| E|CS|TAMS 0x000000008b100000, 0x000000008b100000| Complete 
| 178|0x000000008b200000, 0x000000008b300000, 0x000000008b300000|100%| E|CS|TAMS 0x000000008b200000, 0x000000008b200000| Complete 
| 179|0x000000008b300000, 0x000000008b400000, 0x000000008b400000|100%| E|CS|TAMS 0x000000008b300000, 0x000000008b300000| Complete 
| 180|0x000000008b400000, 0x000000008b500000, 0x000000008b500000|100%| E|CS|TAMS 0x000000008b400000, 0x000000008b400000| Complete 
| 181|0x000000008b500000, 0x000000008b600000, 0x000000008b600000|100%| E|CS|TAMS 0x000000008b500000, 0x000000008b500000| Complete 
| 182|0x000000008b600000, 0x000000008b700000, 0x000000008b700000|100%| E|CS|TAMS 0x000000008b600000, 0x000000008b600000| Complete 
| 183|0x000000008b700000, 0x000000008b800000, 0x000000008b800000|100%| E|CS|TAMS 0x000000008b700000, 0x000000008b700000| Complete 
| 184|0x000000008b800000, 0x000000008b900000, 0x000000008b900000|100%| E|CS|TAMS 0x000000008b800000, 0x000000008b800000| Complete 
| 185|0x000000008b900000, 0x000000008ba00000, 0x000000008ba00000|100%| E|CS|TAMS 0x000000008b900000, 0x000000008b900000| Complete 
| 186|0x000000008ba00000, 0x000000008bb00000, 0x000000008bb00000|100%| E|CS|TAMS 0x000000008ba00000, 0x000000008ba00000| Complete 
| 187|0x000000008bb00000, 0x000000008bc00000, 0x000000008bc00000|100%| E|CS|TAMS 0x000000008bb00000, 0x000000008bb00000| Complete 
| 188|0x000000008bc00000, 0x000000008bd00000, 0x000000008bd00000|100%| E|CS|TAMS 0x000000008bc00000, 0x000000008bc00000| Complete 
| 189|0x000000008bd00000, 0x000000008be00000, 0x000000008be00000|100%| E|CS|TAMS 0x000000008bd00000, 0x000000008bd00000| Complete 
| 190|0x000000008be00000, 0x000000008bf00000, 0x000000008bf00000|100%| E|CS|TAMS 0x000000008be00000, 0x000000008be00000| Complete 
| 191|0x000000008bf00000, 0x000000008c000000, 0x000000008c000000|100%| E|CS|TAMS 0x000000008bf00000, 0x000000008bf00000| Complete 
| 192|0x000000008c000000, 0x000000008c100000, 0x000000008c100000|100%| E|CS|TAMS 0x000000008c000000, 0x000000008c000000| Complete 
| 193|0x000000008c100000, 0x000000008c200000, 0x000000008c200000|100%| E|CS|TAMS 0x000000008c100000, 0x000000008c100000| Complete 
| 194|0x000000008c200000, 0x000000008c300000, 0x000000008c300000|100%| E|CS|TAMS 0x000000008c200000, 0x000000008c200000| Complete 
| 195|0x000000008c300000, 0x000000008c400000, 0x000000008c400000|100%| E|CS|TAMS 0x000000008c300000, 0x000000008c300000| Complete 
| 196|0x000000008c400000, 0x000000008c500000, 0x000000008c500000|100%| E|  |TAMS 0x000000008c400000, 0x000000008c400000| Complete 
| 197|0x000000008c500000, 0x000000008c600000, 0x000000008c600000|100%| E|CS|TAMS 0x000000008c500000, 0x000000008c500000| Complete 
| 198|0x000000008c600000, 0x000000008c700000, 0x000000008c700000|100%| E|CS|TAMS 0x000000008c600000, 0x000000008c600000| Complete 
| 199|0x000000008c700000, 0x000000008c800000, 0x000000008c800000|100%| E|CS|TAMS 0x000000008c700000, 0x000000008c700000| Complete 
| 200|0x000000008c800000, 0x000000008c900000, 0x000000008c900000|100%| E|CS|TAMS 0x000000008c800000, 0x000000008c800000| Complete 
| 201|0x000000008c900000, 0x000000008ca00000, 0x000000008ca00000|100%| E|CS|TAMS 0x000000008c900000, 0x000000008c900000| Complete 
| 202|0x000000008ca00000, 0x000000008cb00000, 0x000000008cb00000|100%| E|CS|TAMS 0x000000008ca00000, 0x000000008ca00000| Complete 
| 203|0x000000008cb00000, 0x000000008cc00000, 0x000000008cc00000|100%| E|CS|TAMS 0x000000008cb00000, 0x000000008cb00000| Complete 
| 204|0x000000008cc00000, 0x000000008cd00000, 0x000000008cd00000|100%| E|CS|TAMS 0x000000008cc00000, 0x000000008cc00000| Complete 
| 205|0x000000008cd00000, 0x000000008ce00000, 0x000000008ce00000|100%| E|CS|TAMS 0x000000008cd00000, 0x000000008cd00000| Complete 
| 206|0x000000008ce00000, 0x000000008cf00000, 0x000000008cf00000|100%| E|CS|TAMS 0x000000008ce00000, 0x000000008ce00000| Complete 
| 207|0x000000008cf00000, 0x000000008d000000, 0x000000008d000000|100%| E|CS|TAMS 0x000000008cf00000, 0x000000008cf00000| Complete 
| 208|0x000000008d000000, 0x000000008d100000, 0x000000008d100000|100%| E|CS|TAMS 0x000000008d000000, 0x000000008d000000| Complete 
| 209|0x000000008d100000, 0x000000008d200000, 0x000000008d200000|100%| E|CS|TAMS 0x000000008d100000, 0x000000008d100000| Complete 
| 210|0x000000008d200000, 0x000000008d300000, 0x000000008d300000|100%| E|CS|TAMS 0x000000008d200000, 0x000000008d200000| Complete 
| 211|0x000000008d300000, 0x000000008d400000, 0x000000008d400000|100%| E|CS|TAMS 0x000000008d300000, 0x000000008d300000| Complete 
| 212|0x000000008d400000, 0x000000008d500000, 0x000000008d500000|100%| E|CS|TAMS 0x000000008d400000, 0x000000008d400000| Complete 
| 213|0x000000008d500000, 0x000000008d600000, 0x000000008d600000|100%| E|CS|TAMS 0x000000008d500000, 0x000000008d500000| Complete 
| 214|0x000000008d600000, 0x000000008d700000, 0x000000008d700000|100%| E|CS|TAMS 0x000000008d600000, 0x000000008d600000| Complete 
| 215|0x000000008d700000, 0x000000008d800000, 0x000000008d800000|100%| E|CS|TAMS 0x000000008d700000, 0x000000008d700000| Complete 
| 216|0x000000008d800000, 0x000000008d900000, 0x000000008d900000|100%| E|CS|TAMS 0x000000008d800000, 0x000000008d800000| Complete 
| 217|0x000000008d900000, 0x000000008da00000, 0x000000008da00000|100%| E|CS|TAMS 0x000000008d900000, 0x000000008d900000| Complete 
| 218|0x000000008da00000, 0x000000008db00000, 0x000000008db00000|100%| E|CS|TAMS 0x000000008da00000, 0x000000008da00000| Complete 
| 219|0x000000008db00000, 0x000000008dc00000, 0x000000008dc00000|100%| E|CS|TAMS 0x000000008db00000, 0x000000008db00000| Complete 
| 220|0x000000008dc00000, 0x000000008dd00000, 0x000000008dd00000|100%| E|CS|TAMS 0x000000008dc00000, 0x000000008dc00000| Complete 
| 221|0x000000008dd00000, 0x000000008de00000, 0x000000008de00000|100%| E|CS|TAMS 0x000000008dd00000, 0x000000008dd00000| Complete 
| 222|0x000000008de00000, 0x000000008df00000, 0x000000008df00000|100%| E|CS|TAMS 0x000000008de00000, 0x000000008de00000| Complete 
| 223|0x000000008df00000, 0x000000008e000000, 0x000000008e000000|100%| E|CS|TAMS 0x000000008df00000, 0x000000008df00000| Complete 
| 224|0x000000008e000000, 0x000000008e100000, 0x000000008e100000|100%| E|CS|TAMS 0x000000008e000000, 0x000000008e000000| Complete 
| 225|0x000000008e100000, 0x000000008e200000, 0x000000008e200000|100%| E|CS|TAMS 0x000000008e100000, 0x000000008e100000| Complete 
| 226|0x000000008e200000, 0x000000008e300000, 0x000000008e300000|100%| E|CS|TAMS 0x000000008e200000, 0x000000008e200000| Complete 
| 227|0x000000008e300000, 0x000000008e400000, 0x000000008e400000|100%| E|CS|TAMS 0x000000008e300000, 0x000000008e300000| Complete 
| 228|0x000000008e400000, 0x000000008e500000, 0x000000008e500000|100%| E|CS|TAMS 0x000000008e400000, 0x000000008e400000| Complete 
| 229|0x000000008e500000, 0x000000008e600000, 0x000000008e600000|100%| E|CS|TAMS 0x000000008e500000, 0x000000008e500000| Complete 
| 230|0x000000008e600000, 0x000000008e700000, 0x000000008e700000|100%| E|CS|TAMS 0x000000008e600000, 0x000000008e600000| Complete 
| 231|0x000000008e700000, 0x000000008e800000, 0x000000008e800000|100%| E|CS|TAMS 0x000000008e700000, 0x000000008e700000| Complete 
| 232|0x000000008e800000, 0x000000008e900000, 0x000000008e900000|100%| E|CS|TAMS 0x000000008e800000, 0x000000008e800000| Complete 
| 233|0x000000008e900000, 0x000000008ea00000, 0x000000008ea00000|100%| E|CS|TAMS 0x000000008e900000, 0x000000008e900000| Complete 
| 234|0x000000008ea00000, 0x000000008eb00000, 0x000000008eb00000|100%| E|CS|TAMS 0x000000008ea00000, 0x000000008ea00000| Complete 
| 235|0x000000008eb00000, 0x000000008ec00000, 0x000000008ec00000|100%| E|CS|TAMS 0x000000008eb00000, 0x000000008eb00000| Complete 
| 236|0x000000008ec00000, 0x000000008ed00000, 0x000000008ed00000|100%| E|CS|TAMS 0x000000008ec00000, 0x000000008ec00000| Complete 
| 237|0x000000008ed00000, 0x000000008ee00000, 0x000000008ee00000|100%| E|CS|TAMS 0x000000008ed00000, 0x000000008ed00000| Complete 
| 238|0x000000008ee00000, 0x000000008ef00000, 0x000000008ef00000|100%| E|CS|TAMS 0x000000008ee00000, 0x000000008ee00000| Complete 
| 239|0x000000008ef00000, 0x000000008f000000, 0x000000008f000000|100%| E|CS|TAMS 0x000000008ef00000, 0x000000008ef00000| Complete 
| 240|0x000000008f000000, 0x000000008f100000, 0x000000008f100000|100%| E|CS|TAMS 0x000000008f000000, 0x000000008f000000| Complete 
| 241|0x000000008f100000, 0x000000008f200000, 0x000000008f200000|100%| E|CS|TAMS 0x000000008f100000, 0x000000008f100000| Complete 
| 242|0x000000008f200000, 0x000000008f300000, 0x000000008f300000|100%| E|CS|TAMS 0x000000008f200000, 0x000000008f200000| Complete 
| 243|0x000000008f300000, 0x000000008f400000, 0x000000008f400000|100%| E|CS|TAMS 0x000000008f300000, 0x000000008f300000| Complete 
| 244|0x000000008f400000, 0x000000008f500000, 0x000000008f500000|100%| E|CS|TAMS 0x000000008f400000, 0x000000008f400000| Complete 
| 245|0x000000008f500000, 0x000000008f600000, 0x000000008f600000|100%| E|CS|TAMS 0x000000008f500000, 0x000000008f500000| Complete 
| 246|0x000000008f600000, 0x000000008f700000, 0x000000008f700000|100%| E|CS|TAMS 0x000000008f600000, 0x000000008f600000| Complete 
| 247|0x000000008f700000, 0x000000008f800000, 0x000000008f800000|100%| E|CS|TAMS 0x000000008f700000, 0x000000008f700000| Complete 
| 248|0x000000008f800000, 0x000000008f900000, 0x000000008f900000|100%| E|CS|TAMS 0x000000008f800000, 0x000000008f800000| Complete 
| 249|0x000000008f900000, 0x000000008fa00000, 0x000000008fa00000|100%| E|CS|TAMS 0x000000008f900000, 0x000000008f900000| Complete 
| 250|0x000000008fa00000, 0x000000008fb00000, 0x000000008fb00000|100%| E|CS|TAMS 0x000000008fa00000, 0x000000008fa00000| Complete 
| 251|0x000000008fb00000, 0x000000008fc00000, 0x000000008fc00000|100%| E|CS|TAMS 0x000000008fb00000, 0x000000008fb00000| Complete 
| 252|0x000000008fc00000, 0x000000008fd00000, 0x000000008fd00000|100%| E|CS|TAMS 0x000000008fc00000, 0x000000008fc00000| Complete 
| 253|0x000000008fd00000, 0x000000008fe00000, 0x000000008fe00000|100%| E|CS|TAMS 0x000000008fd00000, 0x000000008fd00000| Complete 
| 254|0x000000008fe00000, 0x000000008ff00000, 0x000000008ff00000|100%| E|CS|TAMS 0x000000008fe00000, 0x000000008fe00000| Complete 
| 255|0x000000008ff00000, 0x0000000090000000, 0x0000000090000000|100%| E|CS|TAMS 0x000000008ff00000, 0x000000008ff00000| Complete 
| 256|0x0000000090000000, 0x0000000090100000, 0x0000000090100000|100%| E|CS|TAMS 0x0000000090000000, 0x0000000090000000| Complete 
| 257|0x0000000090100000, 0x0000000090200000, 0x0000000090200000|100%| E|CS|TAMS 0x0000000090100000, 0x0000000090100000| Complete 
| 258|0x0000000090200000, 0x0000000090300000, 0x0000000090300000|100%| E|CS|TAMS 0x0000000090200000, 0x0000000090200000| Complete 
| 259|0x0000000090300000, 0x0000000090400000, 0x0000000090400000|100%| E|CS|TAMS 0x0000000090300000, 0x0000000090300000| Complete 
| 260|0x0000000090400000, 0x0000000090500000, 0x0000000090500000|100%| E|CS|TAMS 0x0000000090400000, 0x0000000090400000| Complete 
| 261|0x0000000090500000, 0x0000000090600000, 0x0000000090600000|100%| E|CS|TAMS 0x0000000090500000, 0x0000000090500000| Complete 
| 262|0x0000000090600000, 0x0000000090700000, 0x0000000090700000|100%| E|CS|TAMS 0x0000000090600000, 0x0000000090600000| Complete 
| 263|0x0000000090700000, 0x0000000090800000, 0x0000000090800000|100%| E|CS|TAMS 0x0000000090700000, 0x0000000090700000| Complete 
| 264|0x0000000090800000, 0x0000000090900000, 0x0000000090900000|100%| E|CS|TAMS 0x0000000090800000, 0x0000000090800000| Complete 
| 265|0x0000000090900000, 0x0000000090a00000, 0x0000000090a00000|100%| E|CS|TAMS 0x0000000090900000, 0x0000000090900000| Complete 
| 266|0x0000000090a00000, 0x0000000090b00000, 0x0000000090b00000|100%| E|CS|TAMS 0x0000000090a00000, 0x0000000090a00000| Complete 
| 267|0x0000000090b00000, 0x0000000090c00000, 0x0000000090c00000|100%| E|CS|TAMS 0x0000000090b00000, 0x0000000090b00000| Complete 
| 268|0x0000000090c00000, 0x0000000090d00000, 0x0000000090d00000|100%| E|CS|TAMS 0x0000000090c00000, 0x0000000090c00000| Complete 
| 269|0x0000000090d00000, 0x0000000090e00000, 0x0000000090e00000|100%| E|CS|TAMS 0x0000000090d00000, 0x0000000090d00000| Complete 
| 270|0x0000000090e00000, 0x0000000090f00000, 0x0000000090f00000|100%| E|CS|TAMS 0x0000000090e00000, 0x0000000090e00000| Complete 
| 271|0x0000000090f00000, 0x0000000091000000, 0x0000000091000000|100%| E|CS|TAMS 0x0000000090f00000, 0x0000000090f00000| Complete 
| 272|0x0000000091000000, 0x0000000091100000, 0x0000000091100000|100%| E|CS|TAMS 0x0000000091000000, 0x0000000091000000| Complete 
| 273|0x0000000091100000, 0x0000000091200000, 0x0000000091200000|100%| E|CS|TAMS 0x0000000091100000, 0x0000000091100000| Complete 
| 274|0x0000000091200000, 0x0000000091300000, 0x0000000091300000|100%| E|CS|TAMS 0x0000000091200000, 0x0000000091200000| Complete 
| 275|0x0000000091300000, 0x0000000091400000, 0x0000000091400000|100%| E|CS|TAMS 0x0000000091300000, 0x0000000091300000| Complete 
| 276|0x0000000091400000, 0x0000000091500000, 0x0000000091500000|100%| E|CS|TAMS 0x0000000091400000, 0x0000000091400000| Complete 
| 277|0x0000000091500000, 0x0000000091600000, 0x0000000091600000|100%| E|CS|TAMS 0x0000000091500000, 0x0000000091500000| Complete 
| 278|0x0000000091600000, 0x0000000091700000, 0x0000000091700000|100%| E|CS|TAMS 0x0000000091600000, 0x0000000091600000| Complete 
| 279|0x0000000091700000, 0x0000000091800000, 0x0000000091800000|100%| E|CS|TAMS 0x0000000091700000, 0x0000000091700000| Complete 
| 280|0x0000000091800000, 0x0000000091900000, 0x0000000091900000|100%| E|CS|TAMS 0x0000000091800000, 0x0000000091800000| Complete 
| 281|0x0000000091900000, 0x0000000091a00000, 0x0000000091a00000|100%| E|CS|TAMS 0x0000000091900000, 0x0000000091900000| Complete 

Card table byte_map: [0x000002a27e7d0000,0x000002a27ebd0000] _byte_map_base: 0x000002a27e3d0000

Marking Bits (Prev, Next): (CMBitMap*) 0x000002a27af5ea80, (CMBitMap*) 0x000002a27af5eac0
 Prev Bits: [0x000002a20f000000, 0x000002a211000000)
 Next Bits: [0x000002a211000000, 0x000002a213000000)

Polling page: 0x000002a278df0000

Metaspace:

Usage:
  Non-class:     81.10 MB used.
      Class:     12.80 MB used.
       Both:     93.90 MB used.

Virtual space:
  Non-class space:       88.00 MB reserved,      81.50 MB ( 93%) committed,  11 nodes.
      Class space:        1.00 GB reserved,      13.06 MB (  1%) committed,  1 nodes.
             Both:        1.09 GB reserved,      94.56 MB (  9%) committed. 

Chunk freelists:
   Non-Class:  1.70 MB
       Class:  2.81 MB
        Both:  4.52 MB

MaxMetaspaceSize: unlimited
CompressedClassSpaceSize: 1.00 GB
Initial GC threshold: 21.00 MB
Current GC threshold: 140.44 MB
CDS: off
MetaspaceReclaimPolicy: balanced
 - commit_granule_bytes: 65536.
 - commit_granule_words: 8192.
 - virtual_space_node_default_size: 1048576.
 - enlarge_chunks_in_place: 1.
 - new_chunks_are_fully_committed: 0.
 - uncommit_free_chunks: 1.
 - use_allocation_guard: 0.
 - handle_deallocations: 1.


Internal statistics:

num_allocs_failed_limit: 12.
num_arena_births: 986.
num_arena_deaths: 0.
num_vsnodes_births: 12.
num_vsnodes_deaths: 0.
num_space_committed: 1513.
num_space_uncommitted: 0.
num_chunks_returned_to_freelist: 12.
num_chunks_taken_from_freelist: 4561.
num_chunk_merges: 12.
num_chunk_splits: 3011.
num_chunks_enlarged: 2007.
num_purges: 0.
num_inconsistent_stats: 0.

CodeHeap 'non-profiled nmethods': size=120000Kb used=6482Kb max_used=6482Kb free=113517Kb
 bounds [0x000002a207ad0000, 0x000002a208130000, 0x000002a20f000000]
CodeHeap 'profiled nmethods': size=120000Kb used=20713Kb max_used=20713Kb free=99287Kb
 bounds [0x000002a200000000, 0x000002a201440000, 0x000002a207530000]
CodeHeap 'non-nmethods': size=5760Kb used=2383Kb max_used=2501Kb free=3376Kb
 bounds [0x000002a207530000, 0x000002a2077b0000, 0x000002a207ad0000]
 total_blobs=11488 nmethods=10569 adapters=831
 compilation: enabled
              stopped_count=0, restarted_count=0
 full_count=0

Compilation events (20 events):
Event: 54.266 Thread 0x000002a21e30e8e0 12077       4       java.util.BitSet::checkInvariants (111 bytes)
Event: 54.267 Thread 0x000002a2159934e0 12080       3       org.gradle.api.internal.artifacts.transform.AbstractTransformedArtifactSet::<init> (72 bytes)
Event: 54.267 Thread 0x000002a21e30e8e0 nmethod 12077 0x000002a20811f310 code [0x000002a20811f480, 0x000002a20811f4f8]
Event: 54.267 Thread 0x000002a21e30e8e0 12066       4       java.lang.Integer::numberOfTrailingZeros (80 bytes)
Event: 54.271 Thread 0x000002a21e30e8e0 nmethod 12066 0x000002a20811f610 code [0x000002a20811f780, 0x000002a20811f858]
Event: 54.271 Thread 0x000002a21e30e8e0 12079       4       java.lang.Long::numberOfTrailingZeros (26 bytes)
Event: 54.272 Thread 0x000002a2159934e0 nmethod 12080 0x000002a2013ff710 code [0x000002a2013ffa00, 0x000002a201400e08]
Event: 54.272 Thread 0x000002a2159934e0 12081       3       org.gradle.api.internal.artifacts.transform.DefaultExtraExecutionGraphDependenciesResolverFactory::create (38 bytes)
Event: 54.273 Thread 0x000002a2159934e0 nmethod 12081 0x000002a201401590 code [0x000002a201401760, 0x000002a201401ca8]
Event: 54.274 Thread 0x000002a2159934e0 12082       3       org.gradle.api.internal.artifacts.transform.AbstractTransformedArtifactSet$$Lambda$1105/0x0000000100d0b750::<init> (15 bytes)
Event: 54.274 Thread 0x000002a21e30e8e0 nmethod 12079 0x000002a20811f910 code [0x000002a20811fa80, 0x000002a20811faf8]
Event: 54.274 Thread 0x000002a21e30e8e0 12037       4       java.lang.invoke.VarHandleGuards::guard_LII_V (137 bytes)
Event: 54.275 Thread 0x000002a2159934e0 nmethod 12082 0x000002a201401e10 code [0x000002a201401fc0, 0x000002a2014021d8]
Event: 54.275 Thread 0x000002a2159934e0 12083       3       org.gradle.api.internal.artifacts.transform.AbstractTransformedArtifactSet$CalculateArtifacts::<init> (32 bytes)
Event: 54.276 Thread 0x000002a2159934e0 nmethod 12083 0x000002a201402290 code [0x000002a201402440, 0x000002a201402778]
Event: 54.282 Thread 0x000002a2159934e0 12084       3       org.gradle.api.internal.artifacts.transform.DefaultTransformedVariantFactory::doCreateExternal (44 bytes)
Event: 54.283 Thread 0x000002a2159934e0 nmethod 12084 0x000002a201402890 code [0x000002a201402a60, 0x000002a201402f48]
Event: 54.295 Thread 0x000002a21e30e8e0 nmethod 12037 0x000002a20811fc10 code [0x000002a20811fde0, 0x000002a208120608]
Event: 54.296 Thread 0x000002a21e30e8e0 12059       4       java.lang.invoke.DirectMethodHandle::internalMemberName (8 bytes)
Event: 54.296 Thread 0x000002a21e30e8e0 nmethod 12059 0x000002a208120b10 code [0x000002a208120c80, 0x000002a208120d18]

GC Heap History (20 events):
Event: 35.456 GC heap before
{Heap before GC invocations=22 (full 0):
 garbage-first heap   total 137216K, used 109090K [0x0000000080000000, 0x0000000100000000)
  region size 1024K, 42 young (43008K), 6 survivors (6144K)
 Metaspace       used 81369K, committed 82048K, reserved 1122304K
  class space    used 11018K, committed 11328K, reserved 1048576K
}
Event: 35.468 GC heap after
{Heap after GC invocations=23 (full 0):
 garbage-first heap   total 137216K, used 74998K [0x0000000080000000, 0x0000000100000000)
  region size 1024K, 3 young (3072K), 3 survivors (3072K)
 Metaspace       used 81369K, committed 82048K, reserved 1122304K
  class space    used 11018K, committed 11328K, reserved 1048576K
}
Event: 37.085 GC heap before
{Heap before GC invocations=24 (full 0):
 garbage-first heap   total 137216K, used 110838K [0x0000000080000000, 0x0000000100000000)
  region size 1024K, 38 young (38912K), 3 survivors (3072K)
 Metaspace       used 83349K, committed 84032K, reserved 1122304K
  class space    used 11294K, committed 11584K, reserved 1048576K
}
Event: 37.097 GC heap after
{Heap after GC invocations=25 (full 0):
 garbage-first heap   total 137216K, used 77262K [0x0000000080000000, 0x0000000100000000)
  region size 1024K, 5 young (5120K), 5 survivors (5120K)
 Metaspace       used 83349K, committed 84032K, reserved 1122304K
  class space    used 11294K, committed 11584K, reserved 1048576K
}
Event: 37.108 GC heap before
{Heap before GC invocations=25 (full 0):
 garbage-first heap   total 137216K, used 78286K [0x0000000080000000, 0x0000000100000000)
  region size 1024K, 6 young (6144K), 5 survivors (5120K)
 Metaspace       used 83349K, committed 84032K, reserved 1122304K
  class space    used 11294K, committed 11584K, reserved 1048576K
}
Event: 37.118 GC heap after
{Heap after GC invocations=26 (full 0):
 garbage-first heap   total 137216K, used 77306K [0x0000000080000000, 0x0000000100000000)
  region size 1024K, 1 young (1024K), 1 survivors (1024K)
 Metaspace       used 83349K, committed 84032K, reserved 1122304K
  class space    used 11294K, committed 11584K, reserved 1048576K
}
Event: 39.688 GC heap before
{Heap before GC invocations=26 (full 0):
 garbage-first heap   total 137216K, used 112122K [0x0000000080000000, 0x0000000100000000)
  region size 1024K, 35 young (35840K), 1 survivors (1024K)
 Metaspace       used 85525K, committed 86144K, reserved 1130496K
  class space    used 11626K, committed 11904K, reserved 1048576K
}
Event: 39.701 GC heap after
{Heap after GC invocations=27 (full 0):
 garbage-first heap   total 137216K, used 79919K [0x0000000080000000, 0x0000000100000000)
  region size 1024K, 4 young (4096K), 4 survivors (4096K)
 Metaspace       used 85525K, committed 86144K, reserved 1130496K
  class space    used 11626K, committed 11904K, reserved 1048576K
}
Event: 41.748 GC heap before
{Heap before GC invocations=28 (full 0):
 garbage-first heap   total 138240K, used 111663K [0x0000000080000000, 0x0000000100000000)
  region size 1024K, 35 young (35840K), 4 survivors (4096K)
 Metaspace       used 88855K, committed 89472K, reserved 1130496K
  class space    used 12161K, committed 12416K, reserved 1048576K
}
Event: 41.762 GC heap after
{Heap after GC invocations=29 (full 0):
 garbage-first heap   total 138240K, used 81845K [0x0000000080000000, 0x0000000100000000)
  region size 1024K, 2 young (2048K), 2 survivors (2048K)
 Metaspace       used 88855K, committed 89472K, reserved 1130496K
  class space    used 12161K, committed 12416K, reserved 1048576K
}
Event: 42.045 GC heap before
{Heap before GC invocations=29 (full 0):
 garbage-first heap   total 138240K, used 85941K [0x0000000080000000, 0x0000000100000000)
  region size 1024K, 6 young (6144K), 2 survivors (2048K)
 Metaspace       used 89176K, committed 89792K, reserved 1130496K
  class space    used 12201K, committed 12480K, reserved 1048576K
}
Event: 42.057 GC heap after
{Heap after GC invocations=30 (full 0):
 garbage-first heap   total 138240K, used 82072K [0x0000000080000000, 0x0000000100000000)
  region size 1024K, 1 young (1024K), 1 survivors (1024K)
 Metaspace       used 89176K, committed 89792K, reserved 1130496K
  class space    used 12201K, committed 12480K, reserved 1048576K
}
Event: 43.325 GC heap before
{Heap before GC invocations=30 (full 0):
 garbage-first heap   total 138240K, used 113816K [0x0000000080000000, 0x0000000100000000)
  region size 1024K, 32 young (32768K), 1 survivors (1024K)
 Metaspace       used 92448K, committed 93120K, reserved 1130496K
  class space    used 12624K, committed 12928K, reserved 1048576K
}
Event: 43.337 GC heap after
{Heap after GC invocations=31 (full 0):
 garbage-first heap   total 138240K, used 85221K [0x0000000080000000, 0x0000000100000000)
  region size 1024K, 4 young (4096K), 4 survivors (4096K)
 Metaspace       used 92448K, committed 93120K, reserved 1130496K
  class space    used 12624K, committed 12928K, reserved 1048576K
}
Event: 44.076 GC heap before
{Heap before GC invocations=31 (full 0):
 garbage-first heap   total 138240K, used 113893K [0x0000000080000000, 0x0000000100000000)
  region size 1024K, 32 young (32768K), 4 survivors (4096K)
 Metaspace       used 93221K, committed 93888K, reserved 1130496K
  class space    used 12731K, committed 13056K, reserved 1048576K
}
Event: 44.093 GC heap after
{Heap after GC invocations=32 (full 0):
 garbage-first heap   total 138240K, used 89228K [0x0000000080000000, 0x0000000100000000)
  region size 1024K, 4 young (4096K), 4 survivors (4096K)
 Metaspace       used 93221K, committed 93888K, reserved 1130496K
  class space    used 12731K, committed 13056K, reserved 1048576K
}
Event: 44.788 GC heap before
{Heap before GC invocations=32 (full 0):
 garbage-first heap   total 138240K, used 113804K [0x0000000080000000, 0x0000000100000000)
  region size 1024K, 28 young (28672K), 4 survivors (4096K)
 Metaspace       used 93483K, committed 94144K, reserved 1130496K
  class space    used 12772K, committed 13056K, reserved 1048576K
}
Event: 44.803 GC heap after
{Heap after GC invocations=33 (full 0):
 garbage-first heap   total 138240K, used 93329K [0x0000000080000000, 0x0000000100000000)
  region size 1024K, 4 young (4096K), 4 survivors (4096K)
 Metaspace       used 93483K, committed 94144K, reserved 1130496K
  class space    used 12772K, committed 13056K, reserved 1048576K
}
Event: 45.929 GC heap before
{Heap before GC invocations=33 (full 0):
 garbage-first heap   total 138240K, used 112785K [0x0000000080000000, 0x0000000100000000)
  region size 1024K, 24 young (24576K), 4 survivors (4096K)
 Metaspace       used 94757K, committed 95360K, reserved 1138688K
  class space    used 12970K, committed 13248K, reserved 1048576K
}
Event: 45.950 GC heap after
{Heap after GC invocations=34 (full 0):
 garbage-first heap   total 288768K, used 97185K [0x0000000080000000, 0x0000000100000000)
  region size 1024K, 3 young (3072K), 3 survivors (3072K)
 Metaspace       used 94757K, committed 95360K, reserved 1138688K
  class space    used 12970K, committed 13248K, reserved 1048576K
}

Dll operation events (2 events):
Event: 0.037 Loaded shared library C:\Program Files\Android\Android Studio\jbr\bin\java.dll
Event: 1.387 Loaded shared library C:\Program Files\Android\Android Studio\jbr\bin\verify.dll

Deoptimization events (20 events):
Event: 51.346 Thread 0x000002a219748d60 DEOPT PACKING pc=0x000002a207b6b6f0 sp=0x000000f7980fe010
Event: 51.347 Thread 0x000002a219748d60 DEOPT UNPACKING pc=0x000002a2075869a3 sp=0x000000f7980fdf80 mode 2
Event: 53.142 Thread 0x000002a21b98b590 Uncommon trap: trap_request=0xffffffde fr.pc=0x000002a2080ecfd0 relative=0x0000000000001610
Event: 53.142 Thread 0x000002a21b98b590 Uncommon trap: reason=class_check action=maybe_recompile pc=0x000002a2080ecfd0 method=org.gradle.internal.snapshot.MediumChildMap.withNode(Lorg/gradle/internal/snapshot/VfsRelativePath;Lorg/gradle/internal/snapshot/CaseSensitivity;Lorg/gradle/internal/sna
Event: 53.142 Thread 0x000002a21b98b590 DEOPT PACKING pc=0x000002a2080ecfd0 sp=0x000000f79a7fc440
Event: 53.142 Thread 0x000002a21b98b590 DEOPT UNPACKING pc=0x000002a2075869a3 sp=0x000000f79a7fc428 mode 2
Event: 53.487 Thread 0x000002a21b98b590 DEOPT PACKING pc=0x000002a2011d5a17 sp=0x000000f79a7fac20
Event: 53.487 Thread 0x000002a21b98b590 DEOPT UNPACKING pc=0x000002a207587143 sp=0x000000f79a7fa0e8 mode 0
Event: 53.810 Thread 0x000002a21b98b590 Uncommon trap: trap_request=0xffffffde fr.pc=0x000002a2080ecfd0 relative=0x0000000000001610
Event: 53.810 Thread 0x000002a21b98b590 Uncommon trap: reason=class_check action=maybe_recompile pc=0x000002a2080ecfd0 method=org.gradle.internal.snapshot.MediumChildMap.withNode(Lorg/gradle/internal/snapshot/VfsRelativePath;Lorg/gradle/internal/snapshot/CaseSensitivity;Lorg/gradle/internal/sna
Event: 53.810 Thread 0x000002a21b98b590 DEOPT PACKING pc=0x000002a2080ecfd0 sp=0x000000f79a7fc3f0
Event: 53.811 Thread 0x000002a21b98b590 DEOPT UNPACKING pc=0x000002a2075869a3 sp=0x000000f79a7fc3d8 mode 2
Event: 53.811 Thread 0x000002a21b98b590 Uncommon trap: trap_request=0xffffffde fr.pc=0x000002a2080ecfd0 relative=0x0000000000001610
Event: 53.811 Thread 0x000002a21b98b590 Uncommon trap: reason=class_check action=maybe_recompile pc=0x000002a2080ecfd0 method=org.gradle.internal.snapshot.MediumChildMap.withNode(Lorg/gradle/internal/snapshot/VfsRelativePath;Lorg/gradle/internal/snapshot/CaseSensitivity;Lorg/gradle/internal/sna
Event: 53.811 Thread 0x000002a21b98b590 DEOPT PACKING pc=0x000002a2080ecfd0 sp=0x000000f79a7fc3f0
Event: 53.811 Thread 0x000002a21b98b590 DEOPT UNPACKING pc=0x000002a2075869a3 sp=0x000000f79a7fc3d8 mode 2
Event: 53.811 Thread 0x000002a21b98b590 Uncommon trap: trap_request=0xffffffde fr.pc=0x000002a2080ecfd0 relative=0x0000000000001610
Event: 53.811 Thread 0x000002a21b98b590 Uncommon trap: reason=class_check action=maybe_recompile pc=0x000002a2080ecfd0 method=org.gradle.internal.snapshot.MediumChildMap.withNode(Lorg/gradle/internal/snapshot/VfsRelativePath;Lorg/gradle/internal/snapshot/CaseSensitivity;Lorg/gradle/internal/sna
Event: 53.811 Thread 0x000002a21b98b590 DEOPT PACKING pc=0x000002a2080ecfd0 sp=0x000000f79a7fc3f0
Event: 53.811 Thread 0x000002a21b98b590 DEOPT UNPACKING pc=0x000002a2075869a3 sp=0x000000f79a7fc3d8 mode 2

Classes unloaded (0 events):
No events

Classes redefined (0 events):
No events

Internal exceptions (20 events):
Event: 44.751 Thread 0x000002a216eb3140 Implicit null exception at 0x000002a207fdda80 to 0x000002a207fde430
Event: 44.862 Thread 0x000002a21b98b590 Exception <a 'java/lang/NoSuchMethodError'{0x00000000886f4f90}: 'void java.lang.invoke.DirectMethodHandle$Holder.invokeInterface(java.lang.Object, java.lang.Object, java.lang.Object, java.lang.Object)'> (0x00000000886f4f90) 
thrown [s\src\hotspot\share\interpreter\linkResolver.cpp, line 771]
Event: 44.909 Thread 0x000002a216eb0f90 Exception <a 'java/lang/NoSuchMethodError'{0x00000000885d3d98}: static Lorg/gradle/internal/build/event/types/DefaultTaskStartedProgressEvent;.<clinit>()V> (0x00000000885d3d98) 
thrown [s\src\hotspot\share\prims\jni.cpp, line 1108]
Event: 44.911 Thread 0x000002a216eb0f90 Exception <a 'java/lang/NoSuchMethodError'{0x00000000885fd4b8}: static Lorg/gradle/internal/build/event/types/DefaultTaskDescriptor;.<clinit>()V> (0x00000000885fd4b8) 
thrown [s\src\hotspot\share\prims\jni.cpp, line 1108]
Event: 44.982 Thread 0x000002a216eb0f90 Exception <a 'java/lang/NoSuchMethodError'{0x0000000088377030}: static Lorg/gradle/internal/build/event/types/DefaultTaskFinishedProgressEvent;.<clinit>()V> (0x0000000088377030) 
thrown [s\src\hotspot\share\prims\jni.cpp, line 1108]
Event: 44.986 Thread 0x000002a216eb0f90 Exception <a 'java/lang/NoSuchMethodError'{0x00000000883c5210}: static Lorg/gradle/internal/build/event/types/DefaultTaskSuccessResult;.<clinit>()V> (0x00000000883c5210) 
thrown [s\src\hotspot\share\prims\jni.cpp, line 1108]
Event: 44.986 Thread 0x000002a216eb0f90 Exception <a 'java/lang/NoSuchMethodError'{0x00000000883c6908}: static Lorg/gradle/internal/build/event/types/AbstractTaskResult;.<clinit>()V> (0x00000000883c6908) 
thrown [s\src\hotspot\share\prims\jni.cpp, line 1108]
Event: 45.023 Thread 0x000002a21b98b590 Exception <a 'sun/nio/fs/WindowsException'{0x00000000883dead8}> (0x00000000883dead8) 
thrown [s\src\hotspot\share\prims\jni.cpp, line 517]
Event: 45.042 Thread 0x000002a2165d7440 Exception <a 'java/lang/NoSuchMethodError'{0x00000000882f7a38}: static Lcom/android/buildanalyzer/common/AndroidGradlePluginAttributionData$BuildInfo;.<clinit>()V> (0x00000000882f7a38) 
thrown [s\src\hotspot\share\prims\jni.cpp, line 1108]
Event: 45.049 Thread 0x000002a2165d7440 Exception <a 'java/lang/NoSuchMethodError'{0x000000008810f8e0}: static Lcom/android/buildanalyzer/common/AndroidGradlePluginAttributionData$JavaInfo;.<clinit>()V> (0x000000008810f8e0) 
thrown [s\src\hotspot\share\prims\jni.cpp, line 1108]
Event: 45.058 Thread 0x000002a216eb0f90 Exception <a 'java/lang/NoSuchMethodError'{0x00000000881368f0}: static Lorg/gradle/internal/build/event/types/DefaultTaskSkippedResult;.<clinit>()V> (0x00000000881368f0) 
thrown [s\src\hotspot\share\prims\jni.cpp, line 1108]
Event: 45.107 Thread 0x000002a2165d7440 Exception <a 'java/lang/NoSuchMethodError'{0x000000008816cdb8}: static [Ljava/lang/String;.<clinit>()V> (0x000000008816cdb8) 
thrown [s\src\hotspot\share\prims\jni.cpp, line 1108]
Event: 45.121 Thread 0x000002a2165d7440 Exception <a 'java/lang/NoSuchMethodError'{0x0000000088186fe0}: static Lcom/android/buildanalyzer/common/AndroidGradlePluginAttributionData$TaskInfo;.<clinit>()V> (0x0000000088186fe0) 
thrown [s\src\hotspot\share\prims\jni.cpp, line 1108]
Event: 45.123 Thread 0x000002a2165d7440 Exception <a 'java/lang/NoSuchMethodError'{0x0000000088194618}: static Lcom/android/buildanalyzer/common/AndroidGradlePluginAttributionData$TaskCategoryInfo;.<clinit>()V> (0x0000000088194618) 
thrown [s\src\hotspot\share\prims\jni.cpp, line 1108]
Event: 45.163 Thread 0x000002a2165d7440 Exception <a 'java/lang/NoSuchMethodError'{0x00000000881e9520}: 'void java.lang.invoke.DirectMethodHandle$Holder.invokeSpecial(java.lang.Object, java.lang.Object, java.lang.Object, int)'> (0x00000000881e9520) 
thrown [s\src\hotspot\share\interpreter\linkResolver.cpp, line 771]
Event: 46.645 Thread 0x000002a21b98b590 Exception <a 'java/lang/NoSuchMethodError'{0x0000000091460c20}: 'void java.lang.invoke.DirectMethodHandle$Holder.invokeStatic(java.lang.Object, java.lang.Object, java.lang.Object, java.lang.Object, int, java.lang.Object, java.lang.Object)'> (0x0000000091460c20) 
thrown [s\src\hotspot\share\interpreter\linkResolver.cpp, line 771]
Event: 46.761 Thread 0x000002a2165d6aa0 Exception <a 'java/lang/NoSuchMethodError'{0x000000009135ee90}: 'java.lang.Object java.lang.invoke.DirectMethodHandle$Holder.invokeSpecialIFC(java.lang.Object, java.lang.Object, java.lang.Object)'> (0x000000009135ee90) 
thrown [s\src\hotspot\share\interpreter\linkResolver.cpp, line 771]
Event: 46.761 Thread 0x000002a219745d40 Exception <a 'java/lang/NoSuchMethodError'{0x0000000090dd1370}: 'java.lang.Object java.lang.invoke.DirectMethodHandle$Holder.invokeSpecialIFC(java.lang.Object, java.lang.Object, java.lang.Object)'> (0x0000000090dd1370) 
thrown [s\src\hotspot\share\interpreter\linkResolver.cpp, line 771]
Event: 47.002 Thread 0x000002a219748d60 Implicit null exception at 0x000002a208061fb2 to 0x000002a2080626e8
Event: 47.229 Thread 0x000002a21b98b590 Exception <a 'java/lang/NoSuchMethodError'{0x0000000090616970}: 'void java.lang.invoke.DirectMethodHandle$Holder.invokeVirtual(java.lang.Object, java.lang.Object)'> (0x0000000090616970) 
thrown [s\src\hotspot\share\interpreter\linkResolver.cpp, line 771]

VM Operations (20 events):
Event: 50.467 Executing VM operation: Cleanup
Event: 50.560 Executing VM operation: Cleanup done
Event: 50.929 Executing VM operation: HandshakeAllThreads
Event: 50.929 Executing VM operation: HandshakeAllThreads done
Event: 50.934 Executing VM operation: HandshakeAllThreads
Event: 50.934 Executing VM operation: HandshakeAllThreads done
Event: 50.937 Executing VM operation: HandshakeAllThreads
Event: 50.938 Executing VM operation: HandshakeAllThreads done
Event: 51.062 Executing VM operation: ICBufferFull
Event: 51.079 Executing VM operation: ICBufferFull done
Event: 52.091 Executing VM operation: Cleanup
Event: 52.093 Executing VM operation: Cleanup done
Event: 52.632 Executing VM operation: HandshakeAllThreads
Event: 52.633 Executing VM operation: HandshakeAllThreads done
Event: 52.659 Executing VM operation: ICBufferFull
Event: 52.662 Executing VM operation: ICBufferFull done
Event: 54.141 Executing VM operation: HandshakeAllThreads
Event: 54.142 Executing VM operation: HandshakeAllThreads done
Event: 54.142 Executing VM operation: Cleanup
Event: 54.142 Executing VM operation: Cleanup done

Events (20 events):
Event: 45.175 loading class java/io/ObjectInputFilter$Config$BuiltinFilterFactory done
Event: 45.175 loading class jdk/internal/access/JavaObjectInputFilterAccess
Event: 45.175 loading class jdk/internal/access/JavaObjectInputFilterAccess done
Event: 45.176 loading class jdk/internal/event/DeserializationEvent
Event: 45.177 loading class jdk/internal/event/DeserializationEvent done
Event: 45.177 loading class java/io/ObjectInputStream$FieldValues
Event: 45.177 loading class java/io/ObjectInputStream$GetField
Event: 45.178 loading class java/io/ObjectInputStream$GetField done
Event: 45.178 loading class java/io/ObjectInputStream$FieldValues done
Event: 48.442 Thread 0x000002a2191d8340 Thread exited: 0x000002a2191d8340
Event: 51.051 Thread 0x000002a21e30e8e0 Thread added: 0x000002a21e30e8e0
Event: 52.121 Thread 0x000002a21e30e8e0 Thread exited: 0x000002a21e30e8e0
Event: 52.644 Thread 0x000002a21599a020 flushing nmethod 0x000002a200285310
Event: 52.646 Thread 0x000002a21599a020 flushing nmethod 0x000002a20048bb90
Event: 52.655 Thread 0x000002a21599a020 flushing nmethod 0x000002a200ba7d10
Event: 53.493 loading class java/util/stream/SortedOps$SizedRefSortingSink
Event: 53.494 loading class java/util/stream/SortedOps$SizedRefSortingSink done
Event: 53.558 Thread 0x000002a21e310230 Thread added: 0x000002a21e310230
Event: 53.793 Thread 0x000002a21e310230 Thread exited: 0x000002a21e310230
Event: 54.266 Thread 0x000002a21e30e8e0 Thread added: 0x000002a21e30e8e0


Dynamic libraries:
0x00007ff6d54d0000 - 0x00007ff6d54da000 	C:\Program Files\Android\Android Studio\jbr\bin\java.exe
0x00007fff2e350000 - 0x00007fff2e548000 	C:\Windows\SYSTEM32\ntdll.dll
0x00007fff2c830000 - 0x00007fff2c8ed000 	C:\Windows\System32\KERNEL32.DLL
0x00007fff2bd10000 - 0x00007fff2c006000 	C:\Windows\System32\KERNELBASE.dll
0x00007fff2ba20000 - 0x00007fff2bb20000 	C:\Windows\System32\ucrtbase.dll
0x00007fff21f60000 - 0x00007fff21f77000 	C:\Program Files\Android\Android Studio\jbr\bin\jli.dll
0x00007fff2cf40000 - 0x00007fff2d0de000 	C:\Windows\System32\USER32.dll
0x00007fff2c010000 - 0x00007fff2c032000 	C:\Windows\System32\win32u.dll
0x00007fff2c800000 - 0x00007fff2c82c000 	C:\Windows\System32\GDI32.dll
0x00007fff2bbf0000 - 0x00007fff2bd0a000 	C:\Windows\System32\gdi32full.dll
0x00007fff2bb50000 - 0x00007fff2bbed000 	C:\Windows\System32\msvcp_win.dll
0x00007fff21f80000 - 0x00007fff21f9b000 	C:\Program Files\Android\Android Studio\jbr\bin\VCRUNTIME140.dll
0x00007fff16f40000 - 0x00007fff171da000 	C:\Windows\WinSxS\amd64_microsoft.windows.common-controls_6595b64144ccf1df_6.0.19041.3636_none_60b6a03d71f818d5\COMCTL32.dll
0x00007fff2e120000 - 0x00007fff2e1be000 	C:\Windows\System32\msvcrt.dll
0x00007fff2cc10000 - 0x00007fff2cc40000 	C:\Windows\System32\IMM32.DLL
0x00007fff22420000 - 0x00007fff2242c000 	C:\Program Files\Android\Android Studio\jbr\bin\vcruntime140_1.dll
0x00007fff13d30000 - 0x00007fff13dbd000 	C:\Program Files\Android\Android Studio\jbr\bin\msvcp140.dll
0x00007ffedb5c0000 - 0x00007ffedc22d000 	C:\Program Files\Android\Android Studio\jbr\bin\server\jvm.dll
0x00007fff2e250000 - 0x00007fff2e303000 	C:\Windows\System32\ADVAPI32.dll
0x00007fff2c3a0000 - 0x00007fff2c43f000 	C:\Windows\System32\sechost.dll
0x00007fff2c9a0000 - 0x00007fff2cac6000 	C:\Windows\System32\RPCRT4.dll
0x00007fff2bb20000 - 0x00007fff2bb47000 	C:\Windows\System32\bcrypt.dll
0x00007fff1b250000 - 0x00007fff1b259000 	C:\Windows\SYSTEM32\WSOCK32.dll
0x00007fff2da90000 - 0x00007fff2dafb000 	C:\Windows\System32\WS2_32.dll
0x00007fff173b0000 - 0x00007fff173d7000 	C:\Windows\SYSTEM32\WINMM.dll
0x00007fff22e70000 - 0x00007fff22e7a000 	C:\Windows\SYSTEM32\VERSION.dll
0x00007fff2a220000 - 0x00007fff2a232000 	C:\Windows\SYSTEM32\kernel.appcore.dll
0x00007fff272c0000 - 0x00007fff272ca000 	C:\Program Files\Android\Android Studio\jbr\bin\jimage.dll
0x00007fff29f30000 - 0x00007fff2a114000 	C:\Windows\SYSTEM32\DBGHELP.DLL
0x00007fff15450000 - 0x00007fff15484000 	C:\Windows\SYSTEM32\dbgcore.DLL
0x00007fff2c310000 - 0x00007fff2c392000 	C:\Windows\System32\bcryptPrimitives.dll
0x00007fff224d0000 - 0x00007fff224f5000 	C:\Program Files\Android\Android Studio\jbr\bin\java.dll
0x00007fff24b50000 - 0x00007fff24b68000 	C:\Program Files\Android\Android Studio\jbr\bin\zip.dll
0x00007fff2d0e0000 - 0x00007fff2d825000 	C:\Windows\System32\SHELL32.dll
0x00007fff296c0000 - 0x00007fff29e5b000 	C:\Windows\SYSTEM32\windows.storage.dll
0x00007fff2c4a0000 - 0x00007fff2c7f4000 	C:\Windows\System32\combase.dll
0x00007fff2b2a0000 - 0x00007fff2b2cd000 	C:\Windows\SYSTEM32\Wldp.dll
0x00007fff2db00000 - 0x00007fff2dbad000 	C:\Windows\System32\SHCORE.dll
0x00007fff2cad0000 - 0x00007fff2cb25000 	C:\Windows\System32\shlwapi.dll
0x00007fff2b950000 - 0x00007fff2b975000 	C:\Windows\SYSTEM32\profapi.dll
0x00007fff24550000 - 0x00007fff24569000 	C:\Program Files\Android\Android Studio\jbr\bin\net.dll
0x00007fff1ca90000 - 0x00007fff1cb9a000 	C:\Windows\SYSTEM32\WINHTTP.dll
0x00007fff2b080000 - 0x00007fff2b0ea000 	C:\Windows\system32\mswsock.dll
0x00007fff22200000 - 0x00007fff22216000 	C:\Program Files\Android\Android Studio\jbr\bin\nio.dll
0x00007fff221f0000 - 0x00007fff22200000 	C:\Program Files\Android\Android Studio\jbr\bin\verify.dll
0x00007fff21fa0000 - 0x00007fff21fc7000 	C:\Users\Area 7 Computer\.gradle\native\68d5fa5c4cc2d200863cafc0d521ce42e7d3e7ee720ec0a83991735586a16f82\windows-amd64\native-platform.dll
0x00007fff098e0000 - 0x00007fff09a24000 	C:\Users\Area 7 Computer\.gradle\native\e376f236ea51e6404a007f0833ffe2c6e607c4080706a723a18a27aeea778392\windows-amd64\native-platform-file-events.dll
0x00007fff23000000 - 0x00007fff23009000 	C:\Program Files\Android\Android Studio\jbr\bin\management.dll
0x00007fff224c0000 - 0x00007fff224cb000 	C:\Program Files\Android\Android Studio\jbr\bin\management_ext.dll
0x00007fff2da80000 - 0x00007fff2da88000 	C:\Windows\System32\PSAPI.DLL
0x00007fff2b2e0000 - 0x00007fff2b2f8000 	C:\Windows\SYSTEM32\CRYPTSP.dll
0x00007fff2a9d0000 - 0x00007fff2aa04000 	C:\Windows\system32\rsaenh.dll
0x00007fff2b910000 - 0x00007fff2b93e000 	C:\Windows\SYSTEM32\USERENV.dll
0x00007fff2b210000 - 0x00007fff2b21c000 	C:\Windows\SYSTEM32\CRYPTBASE.dll
0x00007fff2ad90000 - 0x00007fff2adcb000 	C:\Windows\SYSTEM32\IPHLPAPI.DLL
0x00007fff2dbb0000 - 0x00007fff2dbb8000 	C:\Windows\System32\NSI.dll
0x00007fff20a00000 - 0x00007fff20a17000 	C:\Windows\SYSTEM32\dhcpcsvc6.DLL
0x00007fff20ea0000 - 0x00007fff20ebd000 	C:\Windows\SYSTEM32\dhcpcsvc.DLL
0x00007fff2add0000 - 0x00007fff2ae9a000 	C:\Windows\SYSTEM32\DNSAPI.dll
0x00007fff26c20000 - 0x00007fff26c27000 	C:\Windows\system32\wshunix.dll
0x00007ffef2370000 - 0x00007ffef2387000 	C:\Windows\system32\napinsp.dll
0x00007ffef2350000 - 0x00007ffef236b000 	C:\Windows\system32\pnrpnsp.dll
0x00007fff25d40000 - 0x00007fff25d55000 	C:\Windows\system32\wshbth.dll
0x00007fff26c00000 - 0x00007fff26c1d000 	C:\Windows\system32\NLAapi.dll
0x00007ffef2310000 - 0x00007ffef2322000 	C:\Windows\System32\winrnr.dll
0x00007fff1b7f0000 - 0x00007fff1b7fa000 	C:\Windows\System32\rasadhlp.dll
0x00007fff1c0c0000 - 0x00007fff1c140000 	C:\Windows\System32\fwpuclnt.dll

dbghelp: loaded successfully - version: 4.0.5 - missing functions: none
symbol engine: initialized successfully - sym options: 0x614 - pdb path: .;C:\Program Files\Android\Android Studio\jbr\bin;C:\Windows\SYSTEM32;C:\Windows\WinSxS\amd64_microsoft.windows.common-controls_6595b64144ccf1df_6.0.19041.3636_none_60b6a03d71f818d5;C:\Program Files\Android\Android Studio\jbr\bin\server;C:\Users\Area 7 Computer\.gradle\native\68d5fa5c4cc2d200863cafc0d521ce42e7d3e7ee720ec0a83991735586a16f82\windows-amd64;C:\Users\Area 7 Computer\.gradle\native\e376f236ea51e6404a007f0833ffe2c6e607c4080706a723a18a27aeea778392\windows-amd64

VM Arguments:
jvm_args: --add-opens=java.base/java.util=ALL-UNNAMED --add-opens=java.base/java.lang=ALL-UNNAMED --add-opens=java.base/java.lang.invoke=ALL-UNNAMED --add-opens=java.prefs/java.util.prefs=ALL-UNNAMED --add-opens=java.base/java.nio.charset=ALL-UNNAMED --add-opens=java.base/java.net=ALL-UNNAMED --add-opens=java.base/java.util.concurrent.atomic=ALL-UNNAMED -Xmx2048m -Dfile.encoding=UTF-8 -Duser.country=US -Duser.language=en -Duser.variant 
java_command: org.gradle.launcher.daemon.bootstrap.GradleDaemon 8.0
java_class_path (initial): C:\Users\Area 7 Computer\.gradle\wrapper\dists\gradle-8.0-bin\ca5e32bp14vu59qr306oxotwh\gradle-8.0\lib\gradle-launcher-8.0.jar
Launcher Type: SUN_STANDARD

[Global flags]
     intx CICompilerCount                          = 3                                         {product} {ergonomic}
     uint ConcGCThreads                            = 1                                         {product} {ergonomic}
     uint G1ConcRefinementThreads                  = 4                                         {product} {ergonomic}
   size_t G1HeapRegionSize                         = 1048576                                   {product} {ergonomic}
    uintx GCDrainStackTargetSize                   = 64                                        {product} {ergonomic}
   size_t InitialHeapSize                          = 134217728                                 {product} {ergonomic}
   size_t MarkStackSize                            = 4194304                                   {product} {ergonomic}
   size_t MaxHeapSize                              = 2147483648                                {product} {command line}
   size_t MaxNewSize                               = 1287651328                                {product} {ergonomic}
   size_t MinHeapDeltaBytes                        = 1048576                                   {product} {ergonomic}
   size_t MinHeapSize                              = 8388608                                   {product} {ergonomic}
    uintx NonNMethodCodeHeapSize                   = 5832780                                {pd product} {ergonomic}
    uintx NonProfiledCodeHeapSize                  = 122912730                              {pd product} {ergonomic}
    uintx ProfiledCodeHeapSize                     = 122912730                              {pd product} {ergonomic}
    uintx ReservedCodeCacheSize                    = 251658240                              {pd product} {ergonomic}
     bool SegmentedCodeCache                       = true                                      {product} {ergonomic}
   size_t SoftMaxHeapSize                          = 2147483648                             {manageable} {ergonomic}
     bool UseCompressedClassPointers               = true                           {product lp64_product} {ergonomic}
     bool UseCompressedOops                        = true                           {product lp64_product} {ergonomic}
     bool UseG1GC                                  = true                                      {product} {ergonomic}
     bool UseLargePagesIndividualAllocation        = false                                  {pd product} {ergonomic}

Logging:
Log output configuration:
 #0: stdout all=warning uptime,level,tags
 #1: stderr all=off uptime,level,tags

Environment Variables:
JAVA_HOME=C:\Program Files (x86)\Java\jdk1.8.0_92
PATH=C:\ProgramData\Oracle\Java\javapath;D:\DevSuiteHome_1\jdk\jre\bin\classic;D:\DevSuiteHome_1\jdk\jre\bin;D:\DevSuiteHome_1\jdk\jre\bin\client;D:\DevSuiteHome_1\jlib;D:\DevSuiteHome_1\bin;D:\DevSuiteHome_1\jre\1.4.2\bin\client;D:\DevSuiteHome_1\jre\1.4.2\bin;C:\Windows\system32;C:\Windows;C:\Windows\System32\Wbem;C:\Windows\System32\WindowsPowerShell\v1.0\;C:\Windows\System32\OpenSSH\;C:\Program Files (x86)\Java\jdk1.8.0_92\bin;C:\Program Files\Microsoft SQL Server\150\Tools\Binn\;C:\Program Files\Microsoft SQL Server\Client SDK\ODBC\170\Tools\Binn\;C:\Program Files (x86)\Microsoft SQL Server\160\Tools\Binn\;C:\Program Files\Microsoft SQL Server\160\Tools\Binn\;C:\Program Files\Microsoft SQL Server\160\DTS\Binn\;C:\Program Files\Azure Data Studio\bin;C:\Program Files (x86)\Microsoft SQL Server\150\Tools\Binn\;C:\Program Files\Microsoft SQL Server\150\DTS\Binn\;C:\Program Files\Microsoft\Web Platform Installer\;C:\Program Files (x86)\Microsoft ASP.NET\ASP.NET Web Pages\v1.0\;C:\Program Files (x86)\Windows Kits\8.0\Windows Performance Toolkit\;D:\nodejs\;D:\Git\cmd;D:\GitHub CLI\;C:\Users\Area 7 Computer\AppData\Local\Microsoft\WindowsApps;;C:\Users\Area 7 Computer\AppData\Local\Programs\Microsoft VS Code\bin;C:\Program Files\Azure Data Studio\bin;C:\Users\Area 7 Computer\AppData\Roaming\npm
USERNAME=Area 7 Computer
OS=Windows_NT
PROCESSOR_IDENTIFIER=Intel64 Family 6 Model 78 Stepping 3, GenuineIntel
TMP=C:\Users\AREA7C~1\AppData\Local\Temp
TEMP=C:\Users\AREA7C~1\AppData\Local\Temp



---------------  S Y S T E M  ---------------

OS:
 Windows 10 , 64 bit Build 19041 (10.0.19041.3636)
OS uptime: 0 days 23:27 hours
Hyper-V role detected

CPU: total 4 (initial active 4) (2 cores per cpu, 2 threads per core) family 6 model 78 stepping 3 microcode 0xcc, cx8, cmov, fxsr, ht, mmx, 3dnowpref, sse, sse2, sse3, ssse3, sse4.1, sse4.2, popcnt, lzcnt, tsc, tscinvbit, avx, avx2, aes, erms, clmul, bmi1, bmi2, rtm, adx, fma, vzeroupper, clflush, clflushopt, hv

Memory: 4k page, system-wide physical 8076M (454M free)
TotalPageFile size 10124M (AvailPageFile size 2M)
current process WorkingSet (physical memory assigned to process): 502M, peak: 502M
current process commit charge ("private bytes"): 563M, peak: 568M

vm_info: OpenJDK 64-Bit Server VM (17.0.6+0-b2043.56-9586694) for windows-amd64 JRE (17.0.6+0-b2043.56-9586694), built on Feb  9 2023 20:06:20 by "androidbuild" with MS VC++ 16.10 / 16.11 (VS2019)

END.
