#
# There is insufficient memory for the Java Runtime Environment to continue.
# Native memory allocation (malloc) failed to allocate 1590896 bytes for Chunk::new
# Possible reasons:
#   The system is out of physical RAM or swap space
#   The process is running with CompressedOops enabled, and the Java Heap may be blocking the growth of the native heap
# Possible solutions:
#   Reduce memory load on the system
#   Increase physical memory or swap space
#   Check if swap backing store is full
#   Decrease Java heap size (-Xmx/-Xms)
#   Decrease number of Java threads
#   Decrease Java thread stack sizes (-Xss)
#   Set larger code cache with -XX:ReservedCodeCacheSize=
#   JVM is running with Unscaled Compressed Oops mode in which the Java heap is
#     placed in the first 4GB address space. The Java Heap base address is the
#     maximum limit for the native heap growth. Please use -XX:HeapBaseMinAddress
#     to set the Java Heap base and to place the Java Heap above 4GB virtual address.
# This output file may be truncated or incomplete.
#
#  Out of Memory Error (arena.cpp:189), pid=13852, tid=8492
#
# JRE version: OpenJDK Runtime Environment (17.0.6) (build 17.0.6+0-b2043.56-9586694)
# Java VM: OpenJDK 64-Bit Server VM (17.0.6+0-b2043.56-9586694, mixed mode, tiered, compressed oops, compressed class ptrs, g1 gc, windows-amd64)
# No core dump will be written. Minidumps are not enabled by default on client versions of Windows
#

---------------  S U M M A R Y ------------

Command Line: --add-opens=java.base/java.util=ALL-UNNAMED --add-opens=java.base/java.lang=ALL-UNNAMED --add-opens=java.base/java.lang.invoke=ALL-UNNAMED --add-opens=java.prefs/java.util.prefs=ALL-UNNAMED --add-opens=java.base/java.nio.charset=ALL-UNNAMED --add-opens=java.base/java.net=ALL-UNNAMED --add-opens=java.base/java.util.concurrent.atomic=ALL-UNNAMED -Xmx2048m -Dfile.encoding=UTF-8 -Duser.country=US -Duser.language=en -Duser.variant org.gradle.launcher.daemon.bootstrap.GradleDaemon 8.0

Host: Intel(R) Core(TM) i5-6300U CPU @ 2.40GHz, 4 cores, 7G,  Windows 10 , 64 bit Build 19041 (10.0.19041.3636)
Time: Tue Jan 16 22:13:10 2024 Pakistan Standard Time elapsed time: 332.019075 seconds (0d 0h 5m 32s)

---------------  T H R E A D  ---------------

Current thread (0x000001eb4311d630):  JavaThread "C2 CompilerThread0" daemon [_thread_in_native, id=8492, stack(0x000000c1d0300000,0x000000c1d0400000)]


Current CompileTask:
C2: 332019 19560       4       org.gradle.internal.service.DefaultServiceRegistry$ClassInspector::getDetailsForClass (50 bytes)

Stack: [0x000000c1d0300000,0x000000c1d0400000]
Native frames: (J=compiled Java code, j=interpreted, Vv=VM code, C=native code)
V  [jvm.dll+0x683b4a]
V  [jvm.dll+0x842654]
V  [jvm.dll+0x843dfe]
V  [jvm.dll+0x844463]
V  [jvm.dll+0x249b75]
V  [jvm.dll+0xabcac]
V  [jvm.dll+0xac27c]
V  [jvm.dll+0x368802]
V  [jvm.dll+0x1bced2]
V  [jvm.dll+0x21c359]
V  [jvm.dll+0x21b621]
V  [jvm.dll+0x1a4fdd]
V  [jvm.dll+0x22b098]
V  [jvm.dll+0x229159]
V  [jvm.dll+0x7f809c]
V  [jvm.dll+0x7f25fa]
V  [jvm.dll+0x682985]
C  [ucrtbase.dll+0x21bb2]
C  [KERNEL32.DLL+0x17344]
C  [ntdll.dll+0x526b1]


---------------  P R O C E S S  ---------------

Threads class SMR info:
_java_thread_list=0x000001eb48e74640, length=47, elements={
0x000001eb29106090, 0x000001eb426d5590, 0x000001eb426d6310, 0x000001eb426ffa70,
0x000001eb42700730, 0x000001eb4311c400, 0x000001eb4311ccc0, 0x000001eb4311d630,
0x000001eb4317cf40, 0x000001eb4317dbf0, 0x000001eb432a9020, 0x000001eb432af920,
0x000001eb46342820, 0x000001eb45f2a5a0, 0x000001eb4372c6a0, 0x000001eb4340cf50,
0x000001eb4340ddc0, 0x000001eb4340f5d0, 0x000001eb4340e290, 0x000001eb4340d420,
0x000001eb4340ca80, 0x000001eb45d1c610, 0x000001eb45d165d0, 0x000001eb45d1c140,
0x000001eb45d19ac0, 0x000001eb45d15c30, 0x000001eb45d16aa0, 0x000001eb490557c0,
0x000001eb4e9e9a10, 0x000001eb4e9ef580, 0x000001eb4e9f08c0, 0x000001eb4e9ecf00,
0x000001eb4e9f03f0, 0x000001eb49052c70, 0x000001eb4f9d09d0, 0x000001eb4f9cfb60,
0x000001eb4f9d0ea0, 0x000001eb4f9ce350, 0x000001eb4f9d39f0, 0x000001eb4f9d0030,
0x000001eb4f9d0500, 0x000001eb4f9d2b80, 0x000001eb4f9d3520, 0x000001eb4f9d1840,
0x000001eb4f9d5200, 0x000001eb4e9b5d00, 0x000001eb4f9d1d10
}

Java Threads: ( => current thread )
  0x000001eb29106090 JavaThread "main" [_thread_blocked, id=14924, stack(0x000000c1cf500000,0x000000c1cf600000)]
  0x000001eb426d5590 JavaThread "Reference Handler" daemon [_thread_blocked, id=1100, stack(0x000000c1cfd00000,0x000000c1cfe00000)]
  0x000001eb426d6310 JavaThread "Finalizer" daemon [_thread_blocked, id=5824, stack(0x000000c1cfe00000,0x000000c1cff00000)]
  0x000001eb426ffa70 JavaThread "Signal Dispatcher" daemon [_thread_blocked, id=6804, stack(0x000000c1cff00000,0x000000c1d0000000)]
  0x000001eb42700730 JavaThread "Attach Listener" daemon [_thread_blocked, id=5860, stack(0x000000c1d0000000,0x000000c1d0100000)]
  0x000001eb4311c400 JavaThread "Service Thread" daemon [_thread_blocked, id=2544, stack(0x000000c1d0100000,0x000000c1d0200000)]
  0x000001eb4311ccc0 JavaThread "Monitor Deflation Thread" daemon [_thread_blocked, id=15136, stack(0x000000c1d0200000,0x000000c1d0300000)]
=>0x000001eb4311d630 JavaThread "C2 CompilerThread0" daemon [_thread_in_native, id=8492, stack(0x000000c1d0300000,0x000000c1d0400000)]
  0x000001eb4317cf40 JavaThread "C1 CompilerThread0" daemon [_thread_blocked, id=5812, stack(0x000000c1d0400000,0x000000c1d0500000)]
  0x000001eb4317dbf0 JavaThread "Sweeper thread" daemon [_thread_blocked, id=14176, stack(0x000000c1d0500000,0x000000c1d0600000)]
  0x000001eb432a9020 JavaThread "Common-Cleaner" daemon [_thread_blocked, id=11024, stack(0x000000c1d0600000,0x000000c1d0700000)]
  0x000001eb432af920 JavaThread "Notification Thread" daemon [_thread_blocked, id=14856, stack(0x000000c1d0700000,0x000000c1d0800000)]
  0x000001eb46342820 JavaThread "Daemon health stats" [_thread_blocked, id=1276, stack(0x000000c1d0d00000,0x000000c1d0e00000)]
  0x000001eb45f2a5a0 JavaThread "Incoming local TCP Connector on port 27956" [_thread_in_native, id=12892, stack(0x000000c1d0c00000,0x000000c1d0d00000)]
  0x000001eb4372c6a0 JavaThread "Daemon periodic checks" [_thread_blocked, id=11580, stack(0x000000c1d0e00000,0x000000c1d0f00000)]
  0x000001eb4340cf50 JavaThread "Cache worker for journal cache (C:\Users\Area 7 Computer\.gradle\caches\journal-1)" [_thread_blocked, id=4136, stack(0x000000c1d1600000,0x000000c1d1700000)]
  0x000001eb4340ddc0 JavaThread "File lock request listener" [_thread_in_native, id=13116, stack(0x000000c1d1700000,0x000000c1d1800000)]
  0x000001eb4340f5d0 JavaThread "Cache worker for file hash cache (C:\Users\Area 7 Computer\.gradle\caches\8.0\fileHashes)" [_thread_blocked, id=6888, stack(0x000000c1d1800000,0x000000c1d1900000)]
  0x000001eb4340e290 JavaThread "File watcher server" daemon [_thread_in_native, id=11864, stack(0x000000c1d1a00000,0x000000c1d1b00000)]
  0x000001eb4340d420 JavaThread "File watcher consumer" daemon [_thread_blocked, id=7640, stack(0x000000c1d1b00000,0x000000c1d1c00000)]
  0x000001eb4340ca80 JavaThread "Cache worker for file content cache (C:\Users\Area 7 Computer\.gradle\caches\8.0\fileContent)" [_thread_blocked, id=13544, stack(0x000000c1d1e00000,0x000000c1d1f00000)]
  0x000001eb45d1c610 JavaThread "Cache worker for execution history cache (C:\Users\Area 7 Computer\.gradle\caches\8.0\executionHistory)" [_thread_blocked, id=13476, stack(0x000000c1d2100000,0x000000c1d2200000)]
  0x000001eb45d165d0 JavaThread "jar transforms" [_thread_blocked, id=12716, stack(0x000000c1d2200000,0x000000c1d2300000)]
  0x000001eb45d1c140 JavaThread "jar transforms Thread 2" [_thread_blocked, id=13704, stack(0x000000c1d2300000,0x000000c1d2400000)]
  0x000001eb45d19ac0 JavaThread "Cache worker for kotlin-dsl (C:\Users\Area 7 Computer\.gradle\caches\8.0\kotlin-dsl)" [_thread_blocked, id=9656, stack(0x000000c1d2400000,0x000000c1d2500000)]
  0x000001eb45d15c30 JavaThread "jar transforms Thread 3" [_thread_blocked, id=8748, stack(0x000000c1d2500000,0x000000c1d2600000)]
  0x000001eb45d16aa0 JavaThread "jar transforms Thread 4" [_thread_blocked, id=3772, stack(0x000000c1d2600000,0x000000c1d2700000)]
  0x000001eb490557c0 JavaThread "Memory manager" [_thread_blocked, id=14152, stack(0x000000c1d5200000,0x000000c1d5300000)]
  0x000001eb4e9e9a10 JavaThread "RMI Scheduler(0)" daemon [_thread_blocked, id=588, stack(0x000000c1d5b00000,0x000000c1d5c00000)]
  0x000001eb4e9ef580 JavaThread "RMI RenewClean-[127.0.0.1:17549,org.jetbrains.kotlin.daemon.common.LoopbackNetworkInterface$ClientLoopbackSocketFactory@40d1ca6b]" daemon [_thread_blocked, id=1836, stack(0x000000c1d5c00000,0x000000c1d5d00000)]
  0x000001eb4e9f08c0 JavaThread "RMI GC Daemon" daemon [_thread_blocked, id=6396, stack(0x000000c1d5d00000,0x000000c1d5e00000)]
  0x000001eb4e9ecf00 JavaThread "RMI TCP Accept-0" daemon [_thread_in_native, id=11968, stack(0x000000c1d5e00000,0x000000c1d5f00000)]
  0x000001eb4e9f03f0 JavaThread "RMI Reaper" [_thread_blocked, id=11512, stack(0x000000c1d5f00000,0x000000c1d6000000)]
  0x000001eb49052c70 JavaThread "ForkJoinPool.commonPool-worker-2" daemon [_thread_blocked, id=9232, stack(0x000000c1d6400000,0x000000c1d6500000)]
  0x000001eb4f9d09d0 JavaThread "Daemon Thread 2" [_thread_blocked, id=12328, stack(0x000000c1cf600000,0x000000c1cf700000)]
  0x000001eb4f9cfb60 JavaThread "Handler for socket connection from /127.0.0.1:27956 to /127.0.0.1:28291" [_thread_in_native, id=11252, stack(0x000000c1d0f00000,0x000000c1d1000000)]
  0x000001eb4f9d0ea0 JavaThread "Cancel handler" [_thread_blocked, id=3172, stack(0x000000c1d1000000,0x000000c1d1100000)]
  0x000001eb4f9ce350 JavaThread "Daemon worker Thread 2" [_thread_in_vm, id=7424, stack(0x000000c1d1100000,0x000000c1d1200000)]
  0x000001eb4f9d39f0 JavaThread "Asynchronous log dispatcher for DefaultDaemonConnection: socket connection from /127.0.0.1:27956 to /127.0.0.1:28291" [_thread_blocked, id=6728, stack(0x000000c1d1200000,0x000000c1d1300000)]
  0x000001eb4f9d0030 JavaThread "Stdin handler" [_thread_blocked, id=9552, stack(0x000000c1d1300000,0x000000c1d1400000)]
  0x000001eb4f9d0500 JavaThread "Daemon client event forwarder" [_thread_blocked, id=13464, stack(0x000000c1d1400000,0x000000c1d1500000)]
  0x000001eb4f9d2b80 JavaThread "Cache worker for checksums cache (D:\FYP\fypproject\FypDisasterManagement-1\FypDisasterManagement-1\FypDisasterManagement\.gradle\8.0\checksums)" [_thread_blocked, id=8632, stack(0x000000c1d1500000,0x000000c1d1600000)]
  0x000001eb4f9d3520 JavaThread "Cache worker for cache directory md-rule (C:\Users\Area 7 Computer\.gradle\caches\8.0\md-rule)" [_thread_blocked, id=10168, stack(0x000000c1d1900000,0x000000c1d1a00000)]
  0x000001eb4f9d1840 JavaThread "Cache worker for file hash cache (D:\FYP\fypproject\FypDisasterManagement-1\FypDisasterManagement-1\FypDisasterManagement\.gradle\8.0\fileHashes)" [_thread_blocked, id=12016, stack(0x000000c1d1c00000,0x000000c1d1d00000)]
  0x000001eb4f9d5200 JavaThread "Cache worker for cache directory md-supplier (C:\Users\Area 7 Computer\.gradle\caches\8.0\md-supplier)" [_thread_blocked, id=8276, stack(0x000000c1d1d00000,0x000000c1d1e00000)]
  0x000001eb4e9b5d00 JavaThread "C2 CompilerThread1" daemon [_thread_in_native, id=8060, stack(0x000000c1d1f00000,0x000000c1d2000000)]
  0x000001eb4f9d1d10 JavaThread "Cache worker for dependencies-accessors (D:\FYP\fypproject\FypDisasterManagement-1\FypDisasterManagement-1\FypDisasterManagement\.gradle\8.0\dependencies-accessors)" [_thread_blocked, id=13872, stack(0x000000c1d2000000,0x000000c1d2100000)]

Other Threads:
  0x000001eb426d0a40 VMThread "VM Thread" [stack: 0x000000c1cfc00000,0x000000c1cfd00000] [id=4312]
  0x000001eb432afdf0 WatcherThread [stack: 0x000000c1d0800000,0x000000c1d0900000] [id=6176]
  0x000001eb2915d550 GCTaskThread "GC Thread#0" [stack: 0x000000c1cf700000,0x000000c1cf800000] [id=14860]
  0x000001eb43437720 GCTaskThread "GC Thread#1" [stack: 0x000000c1d0a00000,0x000000c1d0b00000] [id=5440]
  0x000001eb4339c250 GCTaskThread "GC Thread#2" [stack: 0x000000c1d0b00000,0x000000c1d0c00000] [id=6704]
  0x000001eb440bf840 GCTaskThread "GC Thread#3" [stack: 0x000000c1d0900000,0x000000c1d0a00000] [id=6000]
  0x000001eb2916f3b0 ConcurrentGCThread "G1 Main Marker" [stack: 0x000000c1cf800000,0x000000c1cf900000] [id=1976]
  0x000001eb2916fcd0 ConcurrentGCThread "G1 Conc#0" [stack: 0x000000c1cf900000,0x000000c1cfa00000] [id=13736]
  0x000001eb291c6cc0 ConcurrentGCThread "G1 Refine#0" [stack: 0x000000c1cfa00000,0x000000c1cfb00000] [id=13216]
  0x000001eb425306f0 ConcurrentGCThread "G1 Service" [stack: 0x000000c1cfb00000,0x000000c1cfc00000] [id=14016]

Threads with active compile tasks:
C2 CompilerThread0   332075 19560       4       org.gradle.internal.service.DefaultServiceRegistry$ClassInspector::getDetailsForClass (50 bytes)
C2 CompilerThread1   332075 19599       4       org.gradle.api.internal.artifacts.repositories.resolver.AbstractResourcePattern::isOptionalToken (153 bytes)

VM state: not at safepoint (normal execution)

VM Mutex/Monitor currently owned by a thread: None

Heap address: 0x0000000080000000, size: 2048 MB, Compressed Oops mode: 32-bit

CDS archive(s) not mapped
Compressed class space mapped at: 0x0000000100000000-0x0000000140000000, reserved size: 1073741824
Narrow klass base: 0x0000000000000000, Narrow klass shift: 3, Narrow klass range: 0x140000000

GC Precious Log:
 CPUs: 4 total, 4 available
 Memory: 8076M
 Large Page Support: Disabled
 NUMA Support: Disabled
 Compressed Oops: Enabled (32-bit)
 Heap Region Size: 1M
 Heap Min Capacity: 8M
 Heap Initial Capacity: 128M
 Heap Max Capacity: 2G
 Pre-touch: Disabled
 Parallel Workers: 4
 Concurrent Workers: 1
 Concurrent Refinement Workers: 4
 Periodic GC: Disabled

Heap:
 garbage-first heap   total 330752K, used 148500K [0x0000000080000000, 0x0000000100000000)
  region size 1024K, 11 young (11264K), 1 survivors (1024K)
 Metaspace       used 123027K, committed 123968K, reserved 1163264K
  class space    used 16667K, committed 17088K, reserved 1048576K

Heap Regions: E=young(eden), S=young(survivor), O=old, HS=humongous(starts), HC=humongous(continues), CS=collection set, F=free, OA=open archive, CA=closed archive, TAMS=top-at-mark-start (previous, next)
|   0|0x0000000080000000, 0x0000000080100000, 0x0000000080100000|100%| O|  |TAMS 0x0000000080100000, 0x0000000080000000| Untracked 
|   1|0x0000000080100000, 0x0000000080200000, 0x0000000080200000|100%| O|  |TAMS 0x0000000080200000, 0x0000000080100000| Untracked 
|   2|0x0000000080200000, 0x0000000080300000, 0x0000000080300000|100%|HS|  |TAMS 0x0000000080300000, 0x0000000080200000| Complete 
|   3|0x0000000080300000, 0x0000000080400000, 0x0000000080400000|100%|HC|  |TAMS 0x0000000080400000, 0x0000000080300000| Complete 
|   4|0x0000000080400000, 0x0000000080500000, 0x0000000080500000|100%|HC|  |TAMS 0x0000000080500000, 0x0000000080400000| Complete 
|   5|0x0000000080500000, 0x0000000080600000, 0x0000000080600000|100%|HC|  |TAMS 0x0000000080600000, 0x0000000080500000| Complete 
|   6|0x0000000080600000, 0x0000000080700000, 0x0000000080700000|100%| O|  |TAMS 0x0000000080700000, 0x0000000080600000| Untracked 
|   7|0x0000000080700000, 0x0000000080800000, 0x0000000080800000|100%| O|  |TAMS 0x0000000080800000, 0x0000000080700000| Untracked 
|   8|0x0000000080800000, 0x0000000080900000, 0x0000000080900000|100%| O|  |TAMS 0x0000000080900000, 0x0000000080800000| Untracked 
|   9|0x0000000080900000, 0x0000000080a00000, 0x0000000080a00000|100%| O|  |TAMS 0x0000000080a00000, 0x0000000080900000| Untracked 
|  10|0x0000000080a00000, 0x0000000080b00000, 0x0000000080b00000|100%| O|  |TAMS 0x0000000080b00000, 0x0000000080a00000| Untracked 
|  11|0x0000000080b00000, 0x0000000080c00000, 0x0000000080c00000|100%| O|  |TAMS 0x0000000080c00000, 0x0000000080b00000| Untracked 
|  12|0x0000000080c00000, 0x0000000080d00000, 0x0000000080d00000|100%| O|  |TAMS 0x0000000080d00000, 0x0000000080c00000| Untracked 
|  13|0x0000000080d00000, 0x0000000080e00000, 0x0000000080e00000|100%| O|  |TAMS 0x0000000080e00000, 0x0000000080d00000| Untracked 
|  14|0x0000000080e00000, 0x0000000080f00000, 0x0000000080f00000|100%| O|  |TAMS 0x0000000080f00000, 0x0000000080e00000| Untracked 
|  15|0x0000000080f00000, 0x0000000081000000, 0x0000000081000000|100%| O|  |TAMS 0x0000000081000000, 0x0000000080f00000| Untracked 
|  16|0x0000000081000000, 0x0000000081100000, 0x0000000081100000|100%| O|  |TAMS 0x0000000081100000, 0x0000000081000000| Untracked 
|  17|0x0000000081100000, 0x0000000081200000, 0x0000000081200000|100%| O|  |TAMS 0x0000000081200000, 0x0000000081100000| Untracked 
|  18|0x0000000081200000, 0x0000000081300000, 0x0000000081300000|100%| O|  |TAMS 0x0000000081300000, 0x0000000081200000| Untracked 
|  19|0x0000000081300000, 0x0000000081400000, 0x0000000081400000|100%| O|  |TAMS 0x0000000081400000, 0x0000000081300000| Untracked 
|  20|0x0000000081400000, 0x0000000081500000, 0x0000000081500000|100%| O|  |TAMS 0x0000000081500000, 0x0000000081400000| Untracked 
|  21|0x0000000081500000, 0x0000000081600000, 0x0000000081600000|100%| O|  |TAMS 0x0000000081600000, 0x0000000081500000| Untracked 
|  22|0x0000000081600000, 0x0000000081700000, 0x0000000081700000|100%| O|  |TAMS 0x0000000081700000, 0x0000000081600000| Untracked 
|  23|0x0000000081700000, 0x0000000081800000, 0x0000000081800000|100%| O|  |TAMS 0x0000000081800000, 0x0000000081700000| Untracked 
|  24|0x0000000081800000, 0x0000000081900000, 0x0000000081900000|100%| O|  |TAMS 0x0000000081900000, 0x0000000081800000| Untracked 
|  25|0x0000000081900000, 0x0000000081a00000, 0x0000000081a00000|100%| O|  |TAMS 0x0000000081a00000, 0x0000000081900000| Untracked 
|  26|0x0000000081a00000, 0x0000000081b00000, 0x0000000081b00000|100%| O|  |TAMS 0x0000000081b00000, 0x0000000081a00000| Untracked 
|  27|0x0000000081b00000, 0x0000000081c00000, 0x0000000081c00000|100%| O|  |TAMS 0x0000000081c00000, 0x0000000081b00000| Untracked 
|  28|0x0000000081c00000, 0x0000000081d00000, 0x0000000081d00000|100%| O|  |TAMS 0x0000000081d00000, 0x0000000081c00000| Untracked 
|  29|0x0000000081d00000, 0x0000000081e00000, 0x0000000081e00000|100%| O|  |TAMS 0x0000000081e00000, 0x0000000081d00000| Untracked 
|  30|0x0000000081e00000, 0x0000000081f00000, 0x0000000081f00000|100%| O|  |TAMS 0x0000000081f00000, 0x0000000081e00000| Untracked 
|  31|0x0000000081f00000, 0x0000000082000000, 0x0000000082000000|100%| O|  |TAMS 0x0000000082000000, 0x0000000081f00000| Untracked 
|  32|0x0000000082000000, 0x0000000082100000, 0x0000000082100000|100%| O|  |TAMS 0x0000000082100000, 0x0000000082000000| Untracked 
|  33|0x0000000082100000, 0x0000000082200000, 0x0000000082200000|100%| O|  |TAMS 0x0000000082200000, 0x0000000082100000| Untracked 
|  34|0x0000000082200000, 0x0000000082300000, 0x0000000082300000|100%| O|  |TAMS 0x0000000082200000, 0x0000000082200000| Untracked 
|  35|0x0000000082300000, 0x0000000082400000, 0x0000000082400000|100%| O|  |TAMS 0x0000000082400000, 0x0000000082300000| Untracked 
|  36|0x0000000082400000, 0x0000000082500000, 0x0000000082500000|100%| O|  |TAMS 0x0000000082500000, 0x0000000082400000| Untracked 
|  37|0x0000000082500000, 0x0000000082500000, 0x0000000082600000|  0%| F|  |TAMS 0x0000000082500000, 0x0000000082500000| Untracked 
|  38|0x0000000082600000, 0x0000000082700000, 0x0000000082700000|100%|HS|  |TAMS 0x0000000082700000, 0x0000000082600000| Complete 
|  39|0x0000000082700000, 0x0000000082800000, 0x0000000082800000|100%|HS|  |TAMS 0x0000000082800000, 0x0000000082700000| Complete 
|  40|0x0000000082800000, 0x0000000082900000, 0x0000000082900000|100%|HS|  |TAMS 0x0000000082900000, 0x0000000082800000| Complete 
|  41|0x0000000082900000, 0x0000000082a00000, 0x0000000082a00000|100%|HC|  |TAMS 0x0000000082a00000, 0x0000000082900000| Complete 
|  42|0x0000000082a00000, 0x0000000082b00000, 0x0000000082b00000|100%| O|  |TAMS 0x0000000082b00000, 0x0000000082a00000| Untracked 
|  43|0x0000000082b00000, 0x0000000082c00000, 0x0000000082c00000|100%| O|  |TAMS 0x0000000082c00000, 0x0000000082b00000| Untracked 
|  44|0x0000000082c00000, 0x0000000082d00000, 0x0000000082d00000|100%|HS|  |TAMS 0x0000000082d00000, 0x0000000082c00000| Complete 
|  45|0x0000000082d00000, 0x0000000082e00000, 0x0000000082e00000|100%|HC|  |TAMS 0x0000000082e00000, 0x0000000082d00000| Complete 
|  46|0x0000000082e00000, 0x0000000082f00000, 0x0000000082f00000|100%|HC|  |TAMS 0x0000000082f00000, 0x0000000082e00000| Complete 
|  47|0x0000000082f00000, 0x0000000083000000, 0x0000000083000000|100%|HC|  |TAMS 0x0000000083000000, 0x0000000082f00000| Complete 
|  48|0x0000000083000000, 0x0000000083100000, 0x0000000083100000|100%| O|  |TAMS 0x0000000083100000, 0x0000000083000000| Untracked 
|  49|0x0000000083100000, 0x0000000083200000, 0x0000000083200000|100%| O|  |TAMS 0x0000000083200000, 0x0000000083100000| Untracked 
|  50|0x0000000083200000, 0x0000000083300000, 0x0000000083300000|100%| O|  |TAMS 0x0000000083300000, 0x0000000083200000| Untracked 
|  51|0x0000000083300000, 0x0000000083400000, 0x0000000083400000|100%| O|  |TAMS 0x0000000083400000, 0x0000000083300000| Untracked 
|  52|0x0000000083400000, 0x0000000083500000, 0x0000000083500000|100%| O|  |TAMS 0x0000000083500000, 0x0000000083400000| Untracked 
|  53|0x0000000083500000, 0x0000000083600000, 0x0000000083600000|100%| O|  |TAMS 0x0000000083600000, 0x0000000083500000| Untracked 
|  54|0x0000000083600000, 0x0000000083700000, 0x0000000083700000|100%| O|  |TAMS 0x0000000083700000, 0x0000000083600000| Untracked 
|  55|0x0000000083700000, 0x0000000083800000, 0x0000000083800000|100%| O|  |TAMS 0x0000000083800000, 0x0000000083700000| Untracked 
|  56|0x0000000083800000, 0x0000000083900000, 0x0000000083900000|100%| O|  |TAMS 0x0000000083900000, 0x0000000083800000| Untracked 
|  57|0x0000000083900000, 0x0000000083a00000, 0x0000000083a00000|100%| O|  |TAMS 0x0000000083a00000, 0x0000000083900000| Untracked 
|  58|0x0000000083a00000, 0x0000000083b00000, 0x0000000083b00000|100%| O|  |TAMS 0x0000000083b00000, 0x0000000083a00000| Untracked 
|  59|0x0000000083b00000, 0x0000000083c00000, 0x0000000083c00000|100%| O|  |TAMS 0x0000000083c00000, 0x0000000083b00000| Untracked 
|  60|0x0000000083c00000, 0x0000000083d00000, 0x0000000083d00000|100%| O|  |TAMS 0x0000000083d00000, 0x0000000083c00000| Untracked 
|  61|0x0000000083d00000, 0x0000000083e00000, 0x0000000083e00000|100%| O|  |TAMS 0x0000000083e00000, 0x0000000083d00000| Untracked 
|  62|0x0000000083e00000, 0x0000000083f00000, 0x0000000083f00000|100%| O|  |TAMS 0x0000000083f00000, 0x0000000083e00000| Untracked 
|  63|0x0000000083f00000, 0x0000000084000000, 0x0000000084000000|100%| O|  |TAMS 0x0000000084000000, 0x0000000083f00000| Untracked 
|  64|0x0000000084000000, 0x0000000084100000, 0x0000000084100000|100%| O|  |TAMS 0x0000000084100000, 0x0000000084000000| Untracked 
|  65|0x0000000084100000, 0x0000000084200000, 0x0000000084200000|100%| O|  |TAMS 0x0000000084100000, 0x0000000084100000| Untracked 
|  66|0x0000000084200000, 0x0000000084300000, 0x0000000084300000|100%| O|  |TAMS 0x0000000084300000, 0x0000000084200000| Untracked 
|  67|0x0000000084300000, 0x0000000084400000, 0x0000000084400000|100%| O|  |TAMS 0x0000000084400000, 0x0000000084300000| Untracked 
|  68|0x0000000084400000, 0x0000000084400000, 0x0000000084500000|  0%| F|  |TAMS 0x0000000084400000, 0x0000000084400000| Untracked 
|  69|0x0000000084500000, 0x0000000084600000, 0x0000000084600000|100%| O|  |TAMS 0x0000000084600000, 0x0000000084500000| Untracked 
|  70|0x0000000084600000, 0x0000000084700000, 0x0000000084700000|100%| O|  |TAMS 0x0000000084600000, 0x0000000084600000| Untracked 
|  71|0x0000000084700000, 0x0000000084800000, 0x0000000084800000|100%| O|  |TAMS 0x000000008475b400, 0x0000000084700000| Untracked 
|  72|0x0000000084800000, 0x0000000084900000, 0x0000000084900000|100%| O|  |TAMS 0x0000000084900000, 0x0000000084800000| Untracked 
|  73|0x0000000084900000, 0x0000000084a00000, 0x0000000084a00000|100%| O|  |TAMS 0x0000000084a00000, 0x0000000084900000| Untracked 
|  74|0x0000000084a00000, 0x0000000084b00000, 0x0000000084b00000|100%| O|  |TAMS 0x0000000084b00000, 0x0000000084a00000| Untracked 
|  75|0x0000000084b00000, 0x0000000084c00000, 0x0000000084c00000|100%| O|  |TAMS 0x0000000084c00000, 0x0000000084b00000| Untracked 
|  76|0x0000000084c00000, 0x0000000084d00000, 0x0000000084d00000|100%| O|  |TAMS 0x0000000084c00000, 0x0000000084c00000| Untracked 
|  77|0x0000000084d00000, 0x0000000084e00000, 0x0000000084e00000|100%| O|  |TAMS 0x0000000084d00000, 0x0000000084d00000| Untracked 
|  78|0x0000000084e00000, 0x0000000084f00000, 0x0000000084f00000|100%| O|  |TAMS 0x0000000084f00000, 0x0000000084e00000| Untracked 
|  79|0x0000000084f00000, 0x0000000085000000, 0x0000000085000000|100%| O|  |TAMS 0x0000000085000000, 0x0000000084f00000| Untracked 
|  80|0x0000000085000000, 0x0000000085100000, 0x0000000085100000|100%| O|  |TAMS 0x0000000085100000, 0x0000000085000000| Untracked 
|  81|0x0000000085100000, 0x0000000085100000, 0x0000000085200000|  0%| F|  |TAMS 0x0000000085100000, 0x0000000085100000| Untracked 
|  82|0x0000000085200000, 0x0000000085300000, 0x0000000085300000|100%| O|  |TAMS 0x0000000085300000, 0x0000000085200000| Untracked 
|  83|0x0000000085300000, 0x0000000085400000, 0x0000000085400000|100%| O|  |TAMS 0x0000000085400000, 0x0000000085300000| Untracked 
|  84|0x0000000085400000, 0x0000000085500000, 0x0000000085500000|100%| O|  |TAMS 0x0000000085500000, 0x0000000085400000| Untracked 
|  85|0x0000000085500000, 0x0000000085600000, 0x0000000085600000|100%| O|  |TAMS 0x0000000085600000, 0x0000000085500000| Untracked 
|  86|0x0000000085600000, 0x0000000085700000, 0x0000000085700000|100%| O|  |TAMS 0x0000000085700000, 0x0000000085600000| Untracked 
|  87|0x0000000085700000, 0x0000000085800000, 0x0000000085800000|100%| O|  |TAMS 0x0000000085800000, 0x0000000085700000| Untracked 
|  88|0x0000000085800000, 0x0000000085900000, 0x0000000085900000|100%| O|  |TAMS 0x0000000085900000, 0x0000000085800000| Untracked 
|  89|0x0000000085900000, 0x0000000085a00000, 0x0000000085a00000|100%| O|  |TAMS 0x0000000085a00000, 0x0000000085900000| Untracked 
|  90|0x0000000085a00000, 0x0000000085b00000, 0x0000000085b00000|100%| O|  |TAMS 0x0000000085b00000, 0x0000000085a00000| Untracked 
|  91|0x0000000085b00000, 0x0000000085c00000, 0x0000000085c00000|100%| O|  |TAMS 0x0000000085c00000, 0x0000000085b00000| Untracked 
|  92|0x0000000085c00000, 0x0000000085d00000, 0x0000000085d00000|100%| O|  |TAMS 0x0000000085c00000, 0x0000000085c00000| Untracked 
|  93|0x0000000085d00000, 0x0000000085e00000, 0x0000000085e00000|100%| O|  |TAMS 0x0000000085d00000, 0x0000000085d00000| Untracked 
|  94|0x0000000085e00000, 0x0000000085f00000, 0x0000000085f00000|100%| O|  |TAMS 0x0000000085f00000, 0x0000000085e00000| Untracked 
|  95|0x0000000085f00000, 0x0000000086000000, 0x0000000086000000|100%| O|  |TAMS 0x0000000086000000, 0x0000000085f00000| Untracked 
|  96|0x0000000086000000, 0x0000000086000000, 0x0000000086100000|  0%| F|  |TAMS 0x0000000086000000, 0x0000000086000000| Untracked 
|  97|0x0000000086100000, 0x0000000086200000, 0x0000000086200000|100%| O|  |TAMS 0x0000000086200000, 0x0000000086100000| Untracked 
|  98|0x0000000086200000, 0x0000000086200000, 0x0000000086300000|  0%| F|  |TAMS 0x0000000086200000, 0x0000000086200000| Untracked 
|  99|0x0000000086300000, 0x0000000086400000, 0x0000000086400000|100%| O|  |TAMS 0x0000000086400000, 0x0000000086300000| Untracked 
| 100|0x0000000086400000, 0x000000008640ec00, 0x0000000086500000|  5%| O|  |TAMS 0x0000000086400000, 0x0000000086400000| Untracked 
| 101|0x0000000086500000, 0x0000000086500000, 0x0000000086600000|  0%| F|  |TAMS 0x0000000086500000, 0x0000000086500000| Untracked 
| 102|0x0000000086600000, 0x0000000086600000, 0x0000000086700000|  0%| F|  |TAMS 0x0000000086600000, 0x0000000086600000| Untracked 
| 103|0x0000000086700000, 0x0000000086700000, 0x0000000086800000|  0%| F|  |TAMS 0x0000000086700000, 0x0000000086700000| Untracked 
| 104|0x0000000086800000, 0x0000000086800000, 0x0000000086900000|  0%| F|  |TAMS 0x0000000086800000, 0x0000000086800000| Untracked 
| 105|0x0000000086900000, 0x0000000086a00000, 0x0000000086a00000|100%| O|  |TAMS 0x0000000086a00000, 0x0000000086900000| Untracked 
| 106|0x0000000086a00000, 0x0000000086a00000, 0x0000000086b00000|  0%| F|  |TAMS 0x0000000086a00000, 0x0000000086a00000| Untracked 
| 107|0x0000000086b00000, 0x0000000086b00000, 0x0000000086c00000|  0%| F|  |TAMS 0x0000000086b00000, 0x0000000086b00000| Untracked 
| 108|0x0000000086c00000, 0x0000000086c00000, 0x0000000086d00000|  0%| F|  |TAMS 0x0000000086c00000, 0x0000000086c00000| Untracked 
| 109|0x0000000086d00000, 0x0000000086e00000, 0x0000000086e00000|100%| O|  |TAMS 0x0000000086e00000, 0x0000000086d00000| Untracked 
| 110|0x0000000086e00000, 0x0000000086e00000, 0x0000000086f00000|  0%| F|  |TAMS 0x0000000086e00000, 0x0000000086e00000| Untracked 
| 111|0x0000000086f00000, 0x0000000086f00000, 0x0000000087000000|  0%| F|  |TAMS 0x0000000086f00000, 0x0000000086f00000| Untracked 
| 112|0x0000000087000000, 0x0000000087000000, 0x0000000087100000|  0%| F|  |TAMS 0x0000000087000000, 0x0000000087000000| Untracked 
| 113|0x0000000087100000, 0x0000000087100000, 0x0000000087200000|  0%| F|  |TAMS 0x0000000087100000, 0x0000000087100000| Untracked 
| 114|0x0000000087200000, 0x0000000087200000, 0x0000000087300000|  0%| F|  |TAMS 0x0000000087200000, 0x0000000087200000| Untracked 
| 115|0x0000000087300000, 0x0000000087300000, 0x0000000087400000|  0%| F|  |TAMS 0x0000000087300000, 0x0000000087300000| Untracked 
| 116|0x0000000087400000, 0x0000000087400000, 0x0000000087500000|  0%| F|  |TAMS 0x0000000087400000, 0x0000000087400000| Untracked 
| 117|0x0000000087500000, 0x0000000087600000, 0x0000000087600000|100%| O|  |TAMS 0x0000000087600000, 0x0000000087500000| Untracked 
| 118|0x0000000087600000, 0x0000000087700000, 0x0000000087700000|100%| O|  |TAMS 0x0000000087700000, 0x0000000087600000| Untracked 
| 119|0x0000000087700000, 0x0000000087800000, 0x0000000087800000|100%| O|  |TAMS 0x0000000087800000, 0x0000000087700000| Untracked 
| 120|0x0000000087800000, 0x0000000087900000, 0x0000000087900000|100%| O|  |TAMS 0x0000000087900000, 0x0000000087800000| Untracked 
| 121|0x0000000087900000, 0x0000000087a00000, 0x0000000087a00000|100%| O|  |TAMS 0x0000000087a00000, 0x0000000087900000| Untracked 
| 122|0x0000000087a00000, 0x0000000087a00000, 0x0000000087b00000|  0%| F|  |TAMS 0x0000000087a00000, 0x0000000087a00000| Untracked 
| 123|0x0000000087b00000, 0x0000000087c00000, 0x0000000087c00000|100%| O|  |TAMS 0x0000000087c00000, 0x0000000087b00000| Untracked 
| 124|0x0000000087c00000, 0x0000000087c00000, 0x0000000087d00000|  0%| F|  |TAMS 0x0000000087c00000, 0x0000000087c00000| Untracked 
| 125|0x0000000087d00000, 0x0000000087d00000, 0x0000000087e00000|  0%| F|  |TAMS 0x0000000087d00000, 0x0000000087d00000| Untracked 
| 126|0x0000000087e00000, 0x0000000087e00000, 0x0000000087f00000|  0%| F|  |TAMS 0x0000000087e00000, 0x0000000087e00000| Untracked 
| 127|0x0000000087f00000, 0x0000000088000000, 0x0000000088000000|100%| O|  |TAMS 0x0000000088000000, 0x0000000087f00000| Untracked 
| 128|0x0000000088000000, 0x0000000088000000, 0x0000000088100000|  0%| F|  |TAMS 0x0000000088000000, 0x0000000088000000| Untracked 
| 129|0x0000000088100000, 0x0000000088200000, 0x0000000088200000|100%| O|  |TAMS 0x0000000088200000, 0x0000000088100000| Untracked 
| 130|0x0000000088200000, 0x0000000088300000, 0x0000000088300000|100%| O|  |TAMS 0x0000000088300000, 0x0000000088200000| Untracked 
| 131|0x0000000088300000, 0x0000000088400000, 0x0000000088400000|100%| O|  |TAMS 0x0000000088400000, 0x0000000088300000| Untracked 
| 132|0x0000000088400000, 0x0000000088500000, 0x0000000088500000|100%| O|  |TAMS 0x0000000088500000, 0x0000000088400000| Untracked 
| 133|0x0000000088500000, 0x0000000088600000, 0x0000000088600000|100%| O|  |TAMS 0x0000000088600000, 0x0000000088500000| Untracked 
| 134|0x0000000088600000, 0x0000000088700000, 0x0000000088700000|100%| O|  |TAMS 0x0000000088700000, 0x0000000088600000| Untracked 
| 135|0x0000000088700000, 0x0000000088800000, 0x0000000088800000|100%| O|  |TAMS 0x0000000088800000, 0x0000000088700000| Untracked 
| 136|0x0000000088800000, 0x0000000088900000, 0x0000000088900000|100%| O|  |TAMS 0x0000000088900000, 0x0000000088800000| Untracked 
| 137|0x0000000088900000, 0x0000000088a00000, 0x0000000088a00000|100%| O|  |TAMS 0x0000000088a00000, 0x0000000088900000| Untracked 
| 138|0x0000000088a00000, 0x0000000088b00000, 0x0000000088b00000|100%| O|  |TAMS 0x0000000088b00000, 0x0000000088a00000| Untracked 
| 139|0x0000000088b00000, 0x0000000088c00000, 0x0000000088c00000|100%| O|  |TAMS 0x0000000088c00000, 0x0000000088b00000| Untracked 
| 140|0x0000000088c00000, 0x0000000088c00000, 0x0000000088d00000|  0%| F|  |TAMS 0x0000000088c00000, 0x0000000088c00000| Untracked 
| 141|0x0000000088d00000, 0x0000000088e00000, 0x0000000088e00000|100%| O|  |TAMS 0x0000000088e00000, 0x0000000088d00000| Untracked 
| 142|0x0000000088e00000, 0x0000000088f00000, 0x0000000088f00000|100%| O|  |TAMS 0x0000000088f00000, 0x0000000088e00000| Untracked 
| 143|0x0000000088f00000, 0x0000000088f00000, 0x0000000089000000|  0%| F|  |TAMS 0x0000000088f00000, 0x0000000088f00000| Untracked 
| 144|0x0000000089000000, 0x0000000089100000, 0x0000000089100000|100%| O|  |TAMS 0x0000000089100000, 0x0000000089000000| Untracked 
| 145|0x0000000089100000, 0x0000000089200000, 0x0000000089200000|100%| O|  |TAMS 0x0000000089200000, 0x0000000089100000| Untracked 
| 146|0x0000000089200000, 0x0000000089300000, 0x0000000089300000|100%| O|  |TAMS 0x0000000089300000, 0x0000000089200000| Untracked 
| 147|0x0000000089300000, 0x0000000089400000, 0x0000000089400000|100%| O|  |TAMS 0x0000000089400000, 0x0000000089300000| Untracked 
| 148|0x0000000089400000, 0x0000000089500000, 0x0000000089500000|100%| O|  |TAMS 0x0000000089500000, 0x0000000089400000| Untracked 
| 149|0x0000000089500000, 0x0000000089600000, 0x0000000089600000|100%| O|  |TAMS 0x0000000089600000, 0x0000000089500000| Untracked 
| 150|0x0000000089600000, 0x0000000089700000, 0x0000000089700000|100%| O|  |TAMS 0x0000000089700000, 0x0000000089600000| Untracked 
| 151|0x0000000089700000, 0x0000000089800000, 0x0000000089800000|100%| O|  |TAMS 0x0000000089800000, 0x0000000089700000| Untracked 
| 152|0x0000000089800000, 0x0000000089900000, 0x0000000089900000|100%| O|  |TAMS 0x0000000089900000, 0x0000000089800000| Untracked 
| 153|0x0000000089900000, 0x0000000089a00000, 0x0000000089a00000|100%| O|  |TAMS 0x0000000089a00000, 0x0000000089900000| Untracked 
| 154|0x0000000089a00000, 0x0000000089b00000, 0x0000000089b00000|100%| O|  |TAMS 0x0000000089b00000, 0x0000000089a00000| Untracked 
| 155|0x0000000089b00000, 0x0000000089c00000, 0x0000000089c00000|100%| O|  |TAMS 0x0000000089c00000, 0x0000000089b00000| Untracked 
| 156|0x0000000089c00000, 0x0000000089d00000, 0x0000000089d00000|100%| O|  |TAMS 0x0000000089d00000, 0x0000000089c00000| Untracked 
| 157|0x0000000089d00000, 0x0000000089e00000, 0x0000000089e00000|100%| O|  |TAMS 0x0000000089e00000, 0x0000000089d00000| Untracked 
| 158|0x0000000089e00000, 0x0000000089f00000, 0x0000000089f00000|100%| O|  |TAMS 0x0000000089f00000, 0x0000000089e00000| Untracked 
| 159|0x0000000089f00000, 0x000000008a000000, 0x000000008a000000|100%| O|  |TAMS 0x000000008a000000, 0x0000000089f00000| Untracked 
| 160|0x000000008a000000, 0x000000008a100000, 0x000000008a100000|100%| O|  |TAMS 0x000000008a100000, 0x000000008a000000| Untracked 
| 161|0x000000008a100000, 0x000000008a200000, 0x000000008a200000|100%| O|  |TAMS 0x000000008a200000, 0x000000008a100000| Untracked 
| 162|0x000000008a200000, 0x000000008a200000, 0x000000008a300000|  0%| F|  |TAMS 0x000000008a200000, 0x000000008a200000| Untracked 
| 163|0x000000008a300000, 0x000000008a300000, 0x000000008a400000|  0%| F|  |TAMS 0x000000008a300000, 0x000000008a300000| Untracked 
| 164|0x000000008a400000, 0x000000008a400000, 0x000000008a500000|  0%| F|  |TAMS 0x000000008a400000, 0x000000008a400000| Untracked 
| 165|0x000000008a500000, 0x000000008a500000, 0x000000008a600000|  0%| F|  |TAMS 0x000000008a500000, 0x000000008a500000| Untracked 
| 166|0x000000008a600000, 0x000000008a600000, 0x000000008a700000|  0%| F|  |TAMS 0x000000008a600000, 0x000000008a600000| Untracked 
| 167|0x000000008a700000, 0x000000008a700000, 0x000000008a800000|  0%| F|  |TAMS 0x000000008a700000, 0x000000008a700000| Untracked 
| 168|0x000000008a800000, 0x000000008a800000, 0x000000008a900000|  0%| F|  |TAMS 0x000000008a800000, 0x000000008a800000| Untracked 
| 169|0x000000008a900000, 0x000000008a900000, 0x000000008aa00000|  0%| F|  |TAMS 0x000000008a900000, 0x000000008a900000| Untracked 
| 170|0x000000008aa00000, 0x000000008aa00000, 0x000000008ab00000|  0%| F|  |TAMS 0x000000008aa00000, 0x000000008aa00000| Untracked 
| 171|0x000000008ab00000, 0x000000008ab00000, 0x000000008ac00000|  0%| F|  |TAMS 0x000000008ab00000, 0x000000008ab00000| Untracked 
| 172|0x000000008ac00000, 0x000000008ac00000, 0x000000008ad00000|  0%| F|  |TAMS 0x000000008ac00000, 0x000000008ac00000| Untracked 
| 173|0x000000008ad00000, 0x000000008ad00000, 0x000000008ae00000|  0%| F|  |TAMS 0x000000008ad00000, 0x000000008ad00000| Untracked 
| 174|0x000000008ae00000, 0x000000008ae00000, 0x000000008af00000|  0%| F|  |TAMS 0x000000008ae00000, 0x000000008ae00000| Untracked 
| 175|0x000000008af00000, 0x000000008af00000, 0x000000008b000000|  0%| F|  |TAMS 0x000000008af00000, 0x000000008af00000| Untracked 
| 176|0x000000008b000000, 0x000000008b000000, 0x000000008b100000|  0%| F|  |TAMS 0x000000008b000000, 0x000000008b000000| Untracked 
| 177|0x000000008b100000, 0x000000008b100000, 0x000000008b200000|  0%| F|  |TAMS 0x000000008b100000, 0x000000008b100000| Untracked 
| 178|0x000000008b200000, 0x000000008b200000, 0x000000008b300000|  0%| F|  |TAMS 0x000000008b200000, 0x000000008b200000| Untracked 
| 179|0x000000008b300000, 0x000000008b300000, 0x000000008b400000|  0%| F|  |TAMS 0x000000008b300000, 0x000000008b300000| Untracked 
| 180|0x000000008b400000, 0x000000008b400000, 0x000000008b500000|  0%| F|  |TAMS 0x000000008b400000, 0x000000008b400000| Untracked 
| 181|0x000000008b500000, 0x000000008b500000, 0x000000008b600000|  0%| F|  |TAMS 0x000000008b500000, 0x000000008b500000| Untracked 
| 182|0x000000008b600000, 0x000000008b600000, 0x000000008b700000|  0%| F|  |TAMS 0x000000008b600000, 0x000000008b600000| Untracked 
| 183|0x000000008b700000, 0x000000008b700000, 0x000000008b800000|  0%| F|  |TAMS 0x000000008b700000, 0x000000008b700000| Untracked 
| 184|0x000000008b800000, 0x000000008b800000, 0x000000008b900000|  0%| F|  |TAMS 0x000000008b800000, 0x000000008b800000| Untracked 
| 185|0x000000008b900000, 0x000000008b900000, 0x000000008ba00000|  0%| F|  |TAMS 0x000000008b900000, 0x000000008b900000| Untracked 
| 186|0x000000008ba00000, 0x000000008ba00000, 0x000000008bb00000|  0%| F|  |TAMS 0x000000008ba00000, 0x000000008ba00000| Untracked 
| 187|0x000000008bb00000, 0x000000008bb00000, 0x000000008bc00000|  0%| F|  |TAMS 0x000000008bb00000, 0x000000008bb00000| Untracked 
| 188|0x000000008bc00000, 0x000000008bc00000, 0x000000008bd00000|  0%| F|  |TAMS 0x000000008bc00000, 0x000000008bc00000| Untracked 
| 189|0x000000008bd00000, 0x000000008bd00000, 0x000000008be00000|  0%| F|  |TAMS 0x000000008bd00000, 0x000000008bd00000| Untracked 
| 190|0x000000008be00000, 0x000000008be00000, 0x000000008bf00000|  0%| F|  |TAMS 0x000000008be00000, 0x000000008be00000| Untracked 
| 191|0x000000008bf00000, 0x000000008bf00000, 0x000000008c000000|  0%| F|  |TAMS 0x000000008bf00000, 0x000000008bf00000| Untracked 
| 192|0x000000008c000000, 0x000000008c000000, 0x000000008c100000|  0%| F|  |TAMS 0x000000008c000000, 0x000000008c000000| Untracked 
| 193|0x000000008c100000, 0x000000008c100000, 0x000000008c200000|  0%| F|  |TAMS 0x000000008c100000, 0x000000008c100000| Untracked 
| 194|0x000000008c200000, 0x000000008c200000, 0x000000008c300000|  0%| F|  |TAMS 0x000000008c200000, 0x000000008c200000| Untracked 
| 195|0x000000008c300000, 0x000000008c300000, 0x000000008c400000|  0%| F|  |TAMS 0x000000008c300000, 0x000000008c300000| Untracked 
| 196|0x000000008c400000, 0x000000008c400000, 0x000000008c500000|  0%| F|  |TAMS 0x000000008c400000, 0x000000008c400000| Untracked 
| 197|0x000000008c500000, 0x000000008c500000, 0x000000008c600000|  0%| F|  |TAMS 0x000000008c500000, 0x000000008c500000| Untracked 
| 198|0x000000008c600000, 0x000000008c600000, 0x000000008c700000|  0%| F|  |TAMS 0x000000008c600000, 0x000000008c600000| Untracked 
| 199|0x000000008c700000, 0x000000008c700000, 0x000000008c800000|  0%| F|  |TAMS 0x000000008c700000, 0x000000008c700000| Untracked 
| 200|0x000000008c800000, 0x000000008c800000, 0x000000008c900000|  0%| F|  |TAMS 0x000000008c800000, 0x000000008c800000| Untracked 
| 201|0x000000008c900000, 0x000000008c900000, 0x000000008ca00000|  0%| F|  |TAMS 0x000000008c900000, 0x000000008c900000| Untracked 
| 202|0x000000008ca00000, 0x000000008ca00000, 0x000000008cb00000|  0%| F|  |TAMS 0x000000008ca00000, 0x000000008ca00000| Untracked 
| 203|0x000000008cb00000, 0x000000008cb00000, 0x000000008cc00000|  0%| F|  |TAMS 0x000000008cb00000, 0x000000008cb00000| Untracked 
| 204|0x000000008cc00000, 0x000000008cc00000, 0x000000008cd00000|  0%| F|  |TAMS 0x000000008cc00000, 0x000000008cc00000| Untracked 
| 205|0x000000008cd00000, 0x000000008cd00000, 0x000000008ce00000|  0%| F|  |TAMS 0x000000008cd00000, 0x000000008cd00000| Untracked 
| 206|0x000000008ce00000, 0x000000008ce00000, 0x000000008cf00000|  0%| F|  |TAMS 0x000000008ce00000, 0x000000008ce00000| Untracked 
| 207|0x000000008cf00000, 0x000000008cf00000, 0x000000008d000000|  0%| F|  |TAMS 0x000000008cf00000, 0x000000008cf00000| Untracked 
| 208|0x000000008d000000, 0x000000008d000000, 0x000000008d100000|  0%| F|  |TAMS 0x000000008d000000, 0x000000008d000000| Untracked 
| 209|0x000000008d100000, 0x000000008d100000, 0x000000008d200000|  0%| F|  |TAMS 0x000000008d100000, 0x000000008d100000| Untracked 
| 210|0x000000008d200000, 0x000000008d200000, 0x000000008d300000|  0%| F|  |TAMS 0x000000008d200000, 0x000000008d200000| Untracked 
| 211|0x000000008d300000, 0x000000008d300000, 0x000000008d400000|  0%| F|  |TAMS 0x000000008d300000, 0x000000008d300000| Untracked 
| 212|0x000000008d400000, 0x000000008d400000, 0x000000008d500000|  0%| F|  |TAMS 0x000000008d400000, 0x000000008d400000| Untracked 
| 213|0x000000008d500000, 0x000000008d500000, 0x000000008d600000|  0%| F|  |TAMS 0x000000008d500000, 0x000000008d500000| Untracked 
| 214|0x000000008d600000, 0x000000008d600000, 0x000000008d700000|  0%| F|  |TAMS 0x000000008d600000, 0x000000008d600000| Untracked 
| 215|0x000000008d700000, 0x000000008d700000, 0x000000008d800000|  0%| F|  |TAMS 0x000000008d700000, 0x000000008d700000| Untracked 
| 216|0x000000008d800000, 0x000000008d800000, 0x000000008d900000|  0%| F|  |TAMS 0x000000008d800000, 0x000000008d800000| Untracked 
| 217|0x000000008d900000, 0x000000008d900000, 0x000000008da00000|  0%| F|  |TAMS 0x000000008d900000, 0x000000008d900000| Untracked 
| 218|0x000000008da00000, 0x000000008da00000, 0x000000008db00000|  0%| F|  |TAMS 0x000000008da00000, 0x000000008da00000| Untracked 
| 219|0x000000008db00000, 0x000000008db00000, 0x000000008dc00000|  0%| F|  |TAMS 0x000000008db00000, 0x000000008db00000| Untracked 
| 220|0x000000008dc00000, 0x000000008dc00000, 0x000000008dd00000|  0%| F|  |TAMS 0x000000008dc00000, 0x000000008dc00000| Untracked 
| 221|0x000000008dd00000, 0x000000008dd00000, 0x000000008de00000|  0%| F|  |TAMS 0x000000008dd00000, 0x000000008dd00000| Untracked 
| 222|0x000000008de00000, 0x000000008de00000, 0x000000008df00000|  0%| F|  |TAMS 0x000000008de00000, 0x000000008de00000| Untracked 
| 223|0x000000008df00000, 0x000000008df00000, 0x000000008e000000|  0%| F|  |TAMS 0x000000008df00000, 0x000000008df00000| Untracked 
| 224|0x000000008e000000, 0x000000008e000000, 0x000000008e100000|  0%| F|  |TAMS 0x000000008e000000, 0x000000008e000000| Untracked 
| 225|0x000000008e100000, 0x000000008e100000, 0x000000008e200000|  0%| F|  |TAMS 0x000000008e100000, 0x000000008e100000| Untracked 
| 226|0x000000008e200000, 0x000000008e200000, 0x000000008e300000|  0%| F|  |TAMS 0x000000008e200000, 0x000000008e200000| Untracked 
| 227|0x000000008e300000, 0x000000008e300000, 0x000000008e400000|  0%| F|  |TAMS 0x000000008e300000, 0x000000008e300000| Untracked 
| 228|0x000000008e400000, 0x000000008e400000, 0x000000008e500000|  0%| F|  |TAMS 0x000000008e400000, 0x000000008e400000| Untracked 
| 229|0x000000008e500000, 0x000000008e500000, 0x000000008e600000|  0%| F|  |TAMS 0x000000008e500000, 0x000000008e500000| Untracked 
| 230|0x000000008e600000, 0x000000008e600000, 0x000000008e700000|  0%| F|  |TAMS 0x000000008e600000, 0x000000008e600000| Untracked 
| 231|0x000000008e700000, 0x000000008e700000, 0x000000008e800000|  0%| F|  |TAMS 0x000000008e700000, 0x000000008e700000| Untracked 
| 232|0x000000008e800000, 0x000000008e800000, 0x000000008e900000|  0%| F|  |TAMS 0x000000008e800000, 0x000000008e800000| Untracked 
| 233|0x000000008e900000, 0x000000008e900000, 0x000000008ea00000|  0%| F|  |TAMS 0x000000008e900000, 0x000000008e900000| Untracked 
| 234|0x000000008ea00000, 0x000000008ea00000, 0x000000008eb00000|  0%| F|  |TAMS 0x000000008ea00000, 0x000000008ea00000| Untracked 
| 235|0x000000008eb00000, 0x000000008eb00000, 0x000000008ec00000|  0%| F|  |TAMS 0x000000008eb00000, 0x000000008eb00000| Untracked 
| 236|0x000000008ec00000, 0x000000008ec00000, 0x000000008ed00000|  0%| F|  |TAMS 0x000000008ec00000, 0x000000008ec00000| Untracked 
| 237|0x000000008ed00000, 0x000000008ed00000, 0x000000008ee00000|  0%| F|  |TAMS 0x000000008ed00000, 0x000000008ed00000| Untracked 
| 238|0x000000008ee00000, 0x000000008ee00000, 0x000000008ef00000|  0%| F|  |TAMS 0x000000008ee00000, 0x000000008ee00000| Untracked 
| 239|0x000000008ef00000, 0x000000008ef00000, 0x000000008f000000|  0%| F|  |TAMS 0x000000008ef00000, 0x000000008ef00000| Untracked 
| 240|0x000000008f000000, 0x000000008f000000, 0x000000008f100000|  0%| F|  |TAMS 0x000000008f000000, 0x000000008f000000| Untracked 
| 241|0x000000008f100000, 0x000000008f100000, 0x000000008f200000|  0%| F|  |TAMS 0x000000008f100000, 0x000000008f100000| Untracked 
| 242|0x000000008f200000, 0x000000008f200000, 0x000000008f300000|  0%| F|  |TAMS 0x000000008f200000, 0x000000008f200000| Untracked 
| 243|0x000000008f300000, 0x000000008f300000, 0x000000008f400000|  0%| F|  |TAMS 0x000000008f300000, 0x000000008f300000| Untracked 
| 244|0x000000008f400000, 0x000000008f400000, 0x000000008f500000|  0%| F|  |TAMS 0x000000008f400000, 0x000000008f400000| Untracked 
| 245|0x000000008f500000, 0x000000008f500000, 0x000000008f600000|  0%| F|  |TAMS 0x000000008f500000, 0x000000008f500000| Untracked 
| 246|0x000000008f600000, 0x000000008f600000, 0x000000008f700000|  0%| F|  |TAMS 0x000000008f600000, 0x000000008f600000| Untracked 
| 247|0x000000008f700000, 0x000000008f700000, 0x000000008f800000|  0%| F|  |TAMS 0x000000008f700000, 0x000000008f700000| Untracked 
| 248|0x000000008f800000, 0x000000008f800000, 0x000000008f900000|  0%| F|  |TAMS 0x000000008f800000, 0x000000008f800000| Untracked 
| 249|0x000000008f900000, 0x000000008f900000, 0x000000008fa00000|  0%| F|  |TAMS 0x000000008f900000, 0x000000008f900000| Untracked 
| 250|0x000000008fa00000, 0x000000008fa00000, 0x000000008fb00000|  0%| F|  |TAMS 0x000000008fa00000, 0x000000008fa00000| Untracked 
| 251|0x000000008fb00000, 0x000000008fb00000, 0x000000008fc00000|  0%| F|  |TAMS 0x000000008fb00000, 0x000000008fb00000| Untracked 
| 252|0x000000008fc00000, 0x000000008fc00000, 0x000000008fd00000|  0%| F|  |TAMS 0x000000008fc00000, 0x000000008fc00000| Untracked 
| 253|0x000000008fd00000, 0x000000008fd00000, 0x000000008fe00000|  0%| F|  |TAMS 0x000000008fd00000, 0x000000008fd00000| Untracked 
| 254|0x000000008fe00000, 0x000000008fe00000, 0x000000008ff00000|  0%| F|  |TAMS 0x000000008fe00000, 0x000000008fe00000| Untracked 
| 255|0x000000008ff00000, 0x000000008ff00000, 0x0000000090000000|  0%| F|  |TAMS 0x000000008ff00000, 0x000000008ff00000| Untracked 
| 256|0x0000000090000000, 0x0000000090000000, 0x0000000090100000|  0%| F|  |TAMS 0x0000000090000000, 0x0000000090000000| Untracked 
| 257|0x0000000090100000, 0x0000000090100000, 0x0000000090200000|  0%| F|  |TAMS 0x0000000090100000, 0x0000000090100000| Untracked 
| 258|0x0000000090200000, 0x0000000090200000, 0x0000000090300000|  0%| F|  |TAMS 0x0000000090200000, 0x0000000090200000| Untracked 
| 259|0x0000000090300000, 0x0000000090300000, 0x0000000090400000|  0%| F|  |TAMS 0x0000000090300000, 0x0000000090300000| Untracked 
| 260|0x0000000090400000, 0x0000000090400000, 0x0000000090500000|  0%| F|  |TAMS 0x0000000090400000, 0x0000000090400000| Untracked 
| 261|0x0000000090500000, 0x0000000090500000, 0x0000000090600000|  0%| F|  |TAMS 0x0000000090500000, 0x0000000090500000| Untracked 
| 262|0x0000000090600000, 0x0000000090600000, 0x0000000090700000|  0%| F|  |TAMS 0x0000000090600000, 0x0000000090600000| Untracked 
| 263|0x0000000090700000, 0x0000000090700000, 0x0000000090800000|  0%| F|  |TAMS 0x0000000090700000, 0x0000000090700000| Untracked 
| 264|0x0000000090800000, 0x0000000090800000, 0x0000000090900000|  0%| F|  |TAMS 0x0000000090800000, 0x0000000090800000| Untracked 
| 265|0x0000000090900000, 0x0000000090900000, 0x0000000090a00000|  0%| F|  |TAMS 0x0000000090900000, 0x0000000090900000| Untracked 
| 266|0x0000000090a00000, 0x0000000090a00000, 0x0000000090b00000|  0%| F|  |TAMS 0x0000000090a00000, 0x0000000090a00000| Untracked 
| 267|0x0000000090b00000, 0x0000000090b00000, 0x0000000090c00000|  0%| F|  |TAMS 0x0000000090b00000, 0x0000000090b00000| Untracked 
| 268|0x0000000090c00000, 0x0000000090c00000, 0x0000000090d00000|  0%| F|  |TAMS 0x0000000090c00000, 0x0000000090c00000| Untracked 
| 269|0x0000000090d00000, 0x0000000090d00000, 0x0000000090e00000|  0%| F|  |TAMS 0x0000000090d00000, 0x0000000090d00000| Untracked 
| 270|0x0000000090e00000, 0x0000000090e00000, 0x0000000090f00000|  0%| F|  |TAMS 0x0000000090e00000, 0x0000000090e00000| Untracked 
| 271|0x0000000090f00000, 0x0000000090f00000, 0x0000000091000000|  0%| F|  |TAMS 0x0000000090f00000, 0x0000000090f00000| Untracked 
| 272|0x0000000091000000, 0x0000000091000000, 0x0000000091100000|  0%| F|  |TAMS 0x0000000091000000, 0x0000000091000000| Untracked 
| 273|0x0000000091100000, 0x0000000091100000, 0x0000000091200000|  0%| F|  |TAMS 0x0000000091100000, 0x0000000091100000| Untracked 
| 274|0x0000000091200000, 0x0000000091200000, 0x0000000091300000|  0%| F|  |TAMS 0x0000000091200000, 0x0000000091200000| Untracked 
| 275|0x0000000091300000, 0x0000000091300000, 0x0000000091400000|  0%| F|  |TAMS 0x0000000091300000, 0x0000000091300000| Untracked 
| 276|0x0000000091400000, 0x0000000091400000, 0x0000000091500000|  0%| F|  |TAMS 0x0000000091400000, 0x0000000091400000| Untracked 
| 277|0x0000000091500000, 0x0000000091500000, 0x0000000091600000|  0%| F|  |TAMS 0x0000000091500000, 0x0000000091500000| Untracked 
| 278|0x0000000091600000, 0x0000000091600000, 0x0000000091700000|  0%| F|  |TAMS 0x0000000091600000, 0x0000000091600000| Untracked 
| 279|0x0000000091700000, 0x0000000091700000, 0x0000000091800000|  0%| F|  |TAMS 0x0000000091700000, 0x0000000091700000| Untracked 
| 280|0x0000000091800000, 0x0000000091800000, 0x0000000091900000|  0%| F|  |TAMS 0x0000000091800000, 0x0000000091800000| Untracked 
| 281|0x0000000091900000, 0x0000000091900000, 0x0000000091a00000|  0%| F|  |TAMS 0x0000000091900000, 0x0000000091900000| Untracked 
| 282|0x0000000091a00000, 0x0000000091a00000, 0x0000000091b00000|  0%| F|  |TAMS 0x0000000091a00000, 0x0000000091a00000| Untracked 
| 283|0x0000000091b00000, 0x0000000091b00000, 0x0000000091c00000|  0%| F|  |TAMS 0x0000000091b00000, 0x0000000091b00000| Untracked 
| 284|0x0000000091c00000, 0x0000000091c00000, 0x0000000091d00000|  0%| F|  |TAMS 0x0000000091c00000, 0x0000000091c00000| Untracked 
| 285|0x0000000091d00000, 0x0000000091d00000, 0x0000000091e00000|  0%| F|  |TAMS 0x0000000091d00000, 0x0000000091d00000| Untracked 
| 286|0x0000000091e00000, 0x0000000091e00000, 0x0000000091f00000|  0%| F|  |TAMS 0x0000000091e00000, 0x0000000091e00000| Untracked 
| 287|0x0000000091f00000, 0x0000000091f00000, 0x0000000092000000|  0%| F|  |TAMS 0x0000000091f00000, 0x0000000091f00000| Untracked 
| 288|0x0000000092000000, 0x0000000092000000, 0x0000000092100000|  0%| F|  |TAMS 0x0000000092000000, 0x0000000092000000| Untracked 
| 289|0x0000000092100000, 0x0000000092100000, 0x0000000092200000|  0%| F|  |TAMS 0x0000000092100000, 0x0000000092100000| Untracked 
| 290|0x0000000092200000, 0x0000000092200000, 0x0000000092300000|  0%| F|  |TAMS 0x0000000092200000, 0x0000000092200000| Untracked 
| 291|0x0000000092300000, 0x0000000092300000, 0x0000000092400000|  0%| F|  |TAMS 0x0000000092300000, 0x0000000092300000| Untracked 
| 292|0x0000000092400000, 0x0000000092400000, 0x0000000092500000|  0%| F|  |TAMS 0x0000000092400000, 0x0000000092400000| Untracked 
| 293|0x0000000092500000, 0x0000000092500000, 0x0000000092600000|  0%| F|  |TAMS 0x0000000092500000, 0x0000000092500000| Untracked 
| 294|0x0000000092600000, 0x0000000092600000, 0x0000000092700000|  0%| F|  |TAMS 0x0000000092600000, 0x0000000092600000| Untracked 
| 295|0x0000000092700000, 0x0000000092700000, 0x0000000092800000|  0%| F|  |TAMS 0x0000000092700000, 0x0000000092700000| Untracked 
| 296|0x0000000092800000, 0x0000000092800000, 0x0000000092900000|  0%| F|  |TAMS 0x0000000092800000, 0x0000000092800000| Untracked 
| 297|0x0000000092900000, 0x0000000092900000, 0x0000000092a00000|  0%| F|  |TAMS 0x0000000092900000, 0x0000000092900000| Untracked 
| 298|0x0000000092a00000, 0x0000000092a00000, 0x0000000092b00000|  0%| F|  |TAMS 0x0000000092a00000, 0x0000000092a00000| Untracked 
| 299|0x0000000092b00000, 0x0000000092b00000, 0x0000000092c00000|  0%| F|  |TAMS 0x0000000092b00000, 0x0000000092b00000| Untracked 
| 300|0x0000000092c00000, 0x0000000092c00000, 0x0000000092d00000|  0%| F|  |TAMS 0x0000000092c00000, 0x0000000092c00000| Untracked 
| 301|0x0000000092d00000, 0x0000000092d00000, 0x0000000092e00000|  0%| F|  |TAMS 0x0000000092d00000, 0x0000000092d00000| Untracked 
| 302|0x0000000092e00000, 0x0000000092e00000, 0x0000000092f00000|  0%| F|  |TAMS 0x0000000092e00000, 0x0000000092e00000| Untracked 
| 303|0x0000000092f00000, 0x0000000092f00000, 0x0000000093000000|  0%| F|  |TAMS 0x0000000092f00000, 0x0000000092f00000| Untracked 
| 304|0x0000000093000000, 0x0000000093000000, 0x0000000093100000|  0%| F|  |TAMS 0x0000000093000000, 0x0000000093000000| Untracked 
| 305|0x0000000093100000, 0x0000000093100000, 0x0000000093200000|  0%| F|  |TAMS 0x0000000093100000, 0x0000000093100000| Untracked 
| 306|0x0000000093200000, 0x0000000093200000, 0x0000000093300000|  0%| F|  |TAMS 0x0000000093200000, 0x0000000093200000| Untracked 
| 307|0x0000000093300000, 0x0000000093300000, 0x0000000093400000|  0%| F|  |TAMS 0x0000000093300000, 0x0000000093300000| Untracked 
| 308|0x0000000093400000, 0x0000000093400000, 0x0000000093500000|  0%| F|  |TAMS 0x0000000093400000, 0x0000000093400000| Untracked 
| 309|0x0000000093500000, 0x0000000093500000, 0x0000000093600000|  0%| F|  |TAMS 0x0000000093500000, 0x0000000093500000| Untracked 
| 310|0x0000000093600000, 0x0000000093600000, 0x0000000093700000|  0%| F|  |TAMS 0x0000000093600000, 0x0000000093600000| Untracked 
| 311|0x0000000093700000, 0x00000000937f6720, 0x0000000093800000| 96%| S|CS|TAMS 0x0000000093700000, 0x0000000093700000| Complete 
| 312|0x0000000093800000, 0x0000000093800000, 0x0000000093900000|  0%| F|  |TAMS 0x0000000093800000, 0x0000000093800000| Untracked 
| 313|0x0000000093900000, 0x00000000939cedd0, 0x0000000093a00000| 80%| E|  |TAMS 0x0000000093900000, 0x0000000093900000| Complete 
| 314|0x0000000093a00000, 0x0000000093b00000, 0x0000000093b00000|100%| E|CS|TAMS 0x0000000093a00000, 0x0000000093a00000| Complete 
| 315|0x0000000093b00000, 0x0000000093c00000, 0x0000000093c00000|100%| E|CS|TAMS 0x0000000093b00000, 0x0000000093b00000| Complete 
| 316|0x0000000093c00000, 0x0000000093d00000, 0x0000000093d00000|100%| E|CS|TAMS 0x0000000093c00000, 0x0000000093c00000| Complete 
| 317|0x0000000093d00000, 0x0000000093e00000, 0x0000000093e00000|100%| E|CS|TAMS 0x0000000093d00000, 0x0000000093d00000| Complete 
| 318|0x0000000093e00000, 0x0000000093f00000, 0x0000000093f00000|100%| E|CS|TAMS 0x0000000093e00000, 0x0000000093e00000| Complete 
| 319|0x0000000093f00000, 0x0000000094000000, 0x0000000094000000|100%| E|CS|TAMS 0x0000000093f00000, 0x0000000093f00000| Complete 
| 320|0x0000000094000000, 0x0000000094100000, 0x0000000094100000|100%| E|CS|TAMS 0x0000000094000000, 0x0000000094000000| Complete 
| 321|0x0000000094100000, 0x0000000094200000, 0x0000000094200000|100%| E|CS|TAMS 0x0000000094100000, 0x0000000094100000| Complete 
| 322|0x0000000094200000, 0x0000000094300000, 0x0000000094300000|100%| E|CS|TAMS 0x0000000094200000, 0x0000000094200000| Complete 

Card table byte_map: [0x000001eb3b9d0000,0x000001eb3bdd0000] _byte_map_base: 0x000001eb3b5d0000

Marking Bits (Prev, Next): (CMBitMap*) 0x000001eb2915eac0, (CMBitMap*) 0x000001eb2915ea80
 Prev Bits: [0x000001eb3e1d0000, 0x000001eb401d0000)
 Next Bits: [0x000001eb3c1d0000, 0x000001eb3e1d0000)

Polling page: 0x000001eb27090000

Metaspace:

Usage:
  Non-class:    103.87 MB used.
      Class:     16.28 MB used.
       Both:    120.14 MB used.

Virtual space:
  Non-class space:      112.00 MB reserved,     104.38 MB ( 93%) committed,  14 nodes.
      Class space:        1.00 GB reserved,      16.69 MB (  2%) committed,  1 nodes.
             Both:        1.11 GB reserved,     121.06 MB ( 11%) committed. 

Chunk freelists:
   Non-Class:  3.43 MB
       Class:  3.32 MB
        Both:  6.75 MB

MaxMetaspaceSize: unlimited
CompressedClassSpaceSize: 1.00 GB
Initial GC threshold: 21.00 MB
Current GC threshold: 193.88 MB
CDS: off
MetaspaceReclaimPolicy: balanced
 - commit_granule_bytes: 65536.
 - commit_granule_words: 8192.
 - virtual_space_node_default_size: 1048576.
 - enlarge_chunks_in_place: 1.
 - new_chunks_are_fully_committed: 0.
 - uncommit_free_chunks: 1.
 - use_allocation_guard: 0.
 - handle_deallocations: 1.


Internal statistics:

num_allocs_failed_limit: 21.
num_arena_births: 1560.
num_arena_deaths: 10.
num_vsnodes_births: 15.
num_vsnodes_deaths: 0.
num_space_committed: 1937.
num_space_uncommitted: 0.
num_chunks_returned_to_freelist: 35.
num_chunks_taken_from_freelist: 6370.
num_chunk_merges: 24.
num_chunk_splits: 4155.
num_chunks_enlarged: 2718.
num_purges: 4.
num_inconsistent_stats: 0.

CodeHeap 'non-profiled nmethods': size=120000Kb used=9626Kb max_used=9626Kb free=110373Kb
 bounds [0x000001eb340a0000, 0x000001eb34a10000, 0x000001eb3b5d0000]
CodeHeap 'profiled nmethods': size=120000Kb used=31288Kb max_used=31288Kb free=88711Kb
 bounds [0x000001eb2c5d0000, 0x000001eb2e460000, 0x000001eb33b00000]
CodeHeap 'non-nmethods': size=5760Kb used=2459Kb max_used=2557Kb free=3300Kb
 bounds [0x000001eb33b00000, 0x000001eb33d90000, 0x000001eb340a0000]
 total_blobs=17093 nmethods=16093 adapters=911
 compilation: enabled
              stopped_count=0, restarted_count=0
 full_count=0

Compilation events (20 events):
Event: 331.635 Thread 0x000001eb4317cf40 nmethod 19582 0x000001eb2e458e10 code [0x000001eb2e458fc0, 0x000001eb2e459288]
Event: 331.635 Thread 0x000001eb4317cf40 19583       3       java.util.Arrays::equals (43 bytes)
Event: 331.636 Thread 0x000001eb4317cf40 nmethod 19583 0x000001eb2e459390 code [0x000001eb2e459560, 0x000001eb2e459848]
Event: 331.638 Thread 0x000001eb4317cf40 19584       3       org.gradle.api.internal.DefaultDomainObjectCollection::addEagerAction (32 bytes)
Event: 331.638 Thread 0x000001eb4317cf40 nmethod 19584 0x000001eb2e459910 code [0x000001eb2e459ae0, 0x000001eb2e459f78]
Event: 331.644 Thread 0x000001eb4317cf40 19585       2       org.gradle.api.internal.classpath.DefaultModuleRegistry::getModules (51 bytes)
Event: 331.645 Thread 0x000001eb4317cf40 nmethod 19585 0x000001eb2e45a110 code [0x000001eb2e45a300, 0x000001eb2e45a588]
Event: 332.003 Thread 0x000001eb4317cf40 19587       2       java.security.MessageDigest$Delegate::clone (51 bytes)
Event: 332.004 Thread 0x000001eb4317cf40 nmethod 19587 0x000001eb2e45a790 code [0x000001eb2e45a960, 0x000001eb2e45ad78]
Event: 332.004 Thread 0x000001eb4317cf40 19588       2       java.security.MessageDigest$Delegate::<init> (12 bytes)
Event: 332.004 Thread 0x000001eb4e9b5d00 19586       4       java.lang.String::indexOf (64 bytes)
Event: 332.004 Thread 0x000001eb4317cf40 nmethod 19588 0x000001eb2e45ae90 code [0x000001eb2e45b020, 0x000001eb2e45b238]
Event: 332.004 Thread 0x000001eb4317cf40 19589       2       java.security.MessageDigest$Delegate$CloneableDelegate::<init> (8 bytes)
Event: 332.004 Thread 0x000001eb4317cf40 nmethod 19589 0x000001eb2e45b310 code [0x000001eb2e45b4a0, 0x000001eb2e45b6d8]
Event: 332.004 Thread 0x000001eb4317cf40 19590       2       java.security.MessageDigest::<init> (20 bytes)
Event: 332.005 Thread 0x000001eb4317cf40 nmethod 19590 0x000001eb2e45b790 code [0x000001eb2e45b920, 0x000001eb2e45bad8]
Event: 332.005 Thread 0x000001eb4e9b5d00 nmethod 19586 0x000001eb34a04290 code [0x000001eb34a04400, 0x000001eb34a04658]
Event: 332.005 Thread 0x000001eb4e9b5d00 19570       4       org.gradle.internal.hash.Hashing$DefaultHasher::putString (26 bytes)
Event: 332.014 Thread 0x000001eb4e9b5d00 nmethod 19570 0x000001eb34a04710 code [0x000001eb34a048e0, 0x000001eb34a04f58]
Event: 332.015 Thread 0x000001eb4e9b5d00 19559       4       org.gradle.internal.concurrent.CompositeStoppable::toStoppable (37 bytes)

GC Heap History (20 events):
Event: 183.496 GC heap before
{Heap before GC invocations=54 (full 0):
 garbage-first heap   total 211968K, used 180401K [0x0000000080000000, 0x0000000100000000)
  region size 1024K, 34 young (34816K), 2 survivors (2048K)
 Metaspace       used 103493K, committed 104320K, reserved 1146880K
  class space    used 14052K, committed 14464K, reserved 1048576K
}
Event: 183.505 GC heap after
{Heap after GC invocations=55 (full 0):
 garbage-first heap   total 211968K, used 152533K [0x0000000080000000, 0x0000000100000000)
  region size 1024K, 5 young (5120K), 5 survivors (5120K)
 Metaspace       used 103493K, committed 104320K, reserved 1146880K
  class space    used 14052K, committed 14464K, reserved 1048576K
}
Event: 184.438 GC heap before
{Heap before GC invocations=55 (full 0):
 garbage-first heap   total 211968K, used 180181K [0x0000000080000000, 0x0000000100000000)
  region size 1024K, 33 young (33792K), 5 survivors (5120K)
 Metaspace       used 104523K, committed 105408K, reserved 1146880K
  class space    used 14135K, committed 14592K, reserved 1048576K
}
Event: 184.451 GC heap after
{Heap after GC invocations=56 (full 0):
 garbage-first heap   total 211968K, used 155319K [0x0000000080000000, 0x0000000100000000)
  region size 1024K, 3 young (3072K), 3 survivors (3072K)
 Metaspace       used 104523K, committed 105408K, reserved 1146880K
  class space    used 14135K, committed 14592K, reserved 1048576K
}
Event: 184.690 GC heap before
{Heap before GC invocations=56 (full 0):
 garbage-first heap   total 211968K, used 180919K [0x0000000080000000, 0x0000000100000000)
  region size 1024K, 29 young (29696K), 3 survivors (3072K)
 Metaspace       used 105185K, committed 106112K, reserved 1146880K
  class space    used 14229K, committed 14656K, reserved 1048576K
}
Event: 184.699 GC heap after
{Heap after GC invocations=57 (full 0):
 garbage-first heap   total 211968K, used 155837K [0x0000000080000000, 0x0000000100000000)
  region size 1024K, 1 young (1024K), 1 survivors (1024K)
 Metaspace       used 105185K, committed 106112K, reserved 1146880K
  class space    used 14229K, committed 14656K, reserved 1048576K
}
Event: 185.190 GC heap before
{Heap before GC invocations=57 (full 0):
 garbage-first heap   total 211968K, used 161981K [0x0000000080000000, 0x0000000100000000)
  region size 1024K, 8 young (8192K), 1 survivors (1024K)
 Metaspace       used 106591K, committed 107456K, reserved 1146880K
  class space    used 14423K, committed 14848K, reserved 1048576K
}
Event: 185.194 GC heap after
{Heap after GC invocations=58 (full 0):
 garbage-first heap   total 211968K, used 156130K [0x0000000080000000, 0x0000000100000000)
  region size 1024K, 1 young (1024K), 1 survivors (1024K)
 Metaspace       used 106591K, committed 107456K, reserved 1146880K
  class space    used 14423K, committed 14848K, reserved 1048576K
}
Event: 186.627 GC heap before
{Heap before GC invocations=59 (full 0):
 garbage-first heap   total 271360K, used 178658K [0x0000000080000000, 0x0000000100000000)
  region size 1024K, 23 young (23552K), 1 survivors (1024K)
 Metaspace       used 111541K, committed 112448K, reserved 1146880K
  class space    used 15112K, committed 15552K, reserved 1048576K
}
Event: 186.635 GC heap after
{Heap after GC invocations=60 (full 0):
 garbage-first heap   total 271360K, used 157586K [0x0000000080000000, 0x0000000100000000)
  region size 1024K, 3 young (3072K), 3 survivors (3072K)
 Metaspace       used 111541K, committed 112448K, reserved 1146880K
  class space    used 15112K, committed 15552K, reserved 1048576K
}
Event: 186.897 GC heap before
{Heap before GC invocations=60 (full 0):
 garbage-first heap   total 271360K, used 167826K [0x0000000080000000, 0x0000000100000000)
  region size 1024K, 13 young (13312K), 3 survivors (3072K)
 Metaspace       used 112555K, committed 113472K, reserved 1155072K
  class space    used 15247K, committed 15680K, reserved 1048576K
}
Event: 186.924 GC heap after
{Heap after GC invocations=61 (full 0):
 garbage-first heap   total 271360K, used 139041K [0x0000000080000000, 0x0000000100000000)
  region size 1024K, 1 young (1024K), 1 survivors (1024K)
 Metaspace       used 112555K, committed 113472K, reserved 1155072K
  class space    used 15247K, committed 15680K, reserved 1048576K
}
Event: 187.532 GC heap before
{Heap before GC invocations=61 (full 0):
 garbage-first heap   total 271360K, used 151329K [0x0000000080000000, 0x0000000100000000)
  region size 1024K, 13 young (13312K), 1 survivors (1024K)
 Metaspace       used 115130K, committed 116032K, reserved 1155072K
  class space    used 15638K, committed 16064K, reserved 1048576K
}
Event: 187.542 GC heap after
{Heap after GC invocations=62 (full 0):
 garbage-first heap   total 271360K, used 136650K [0x0000000080000000, 0x0000000100000000)
  region size 1024K, 2 young (2048K), 2 survivors (2048K)
 Metaspace       used 115130K, committed 116032K, reserved 1155072K
  class space    used 15638K, committed 16064K, reserved 1048576K
}
Event: 190.172 GC heap before
{Heap before GC invocations=62 (full 0):
 garbage-first heap   total 271360K, used 223690K [0x0000000080000000, 0x0000000100000000)
  region size 1024K, 87 young (89088K), 2 survivors (2048K)
 Metaspace       used 117190K, committed 118080K, reserved 1155072K
  class space    used 15854K, committed 16320K, reserved 1048576K
}
Event: 190.179 GC heap after
{Heap after GC invocations=63 (full 0):
 garbage-first heap   total 271360K, used 137123K [0x0000000080000000, 0x0000000100000000)
  region size 1024K, 2 young (2048K), 2 survivors (2048K)
 Metaspace       used 117190K, committed 118080K, reserved 1155072K
  class space    used 15854K, committed 16320K, reserved 1048576K
}
Event: 193.300 GC heap before
{Heap before GC invocations=64 (full 0):
 garbage-first heap   total 330752K, used 320419K [0x0000000080000000, 0x0000000100000000)
  region size 1024K, 80 young (81920K), 2 survivors (2048K)
 Metaspace       used 122799K, committed 123712K, reserved 1163264K
  class space    used 16645K, committed 17088K, reserved 1048576K
}
Event: 193.313 GC heap after
{Heap after GC invocations=65 (full 0):
 garbage-first heap   total 330752K, used 140561K [0x0000000080000000, 0x0000000100000000)
  region size 1024K, 5 young (5120K), 5 survivors (5120K)
 Metaspace       used 122799K, committed 123712K, reserved 1163264K
  class space    used 16645K, committed 17088K, reserved 1048576K
}
Event: 331.646 GC heap before
{Heap before GC invocations=65 (full 0):
 garbage-first heap   total 330752K, used 151825K [0x0000000080000000, 0x0000000100000000)
  region size 1024K, 16 young (16384K), 5 survivors (5120K)
 Metaspace       used 123021K, committed 123968K, reserved 1163264K
  class space    used 16666K, committed 17088K, reserved 1048576K
}
Event: 331.673 GC heap after
{Heap after GC invocations=66 (full 0):
 garbage-first heap   total 330752K, used 139284K [0x0000000080000000, 0x0000000100000000)
  region size 1024K, 1 young (1024K), 1 survivors (1024K)
 Metaspace       used 123021K, committed 123968K, reserved 1163264K
  class space    used 16666K, committed 17088K, reserved 1048576K
}

Dll operation events (2 events):
Event: 0.079 Loaded shared library C:\Program Files\Android\Android Studio\jbr\bin\java.dll
Event: 1.536 Loaded shared library C:\Program Files\Android\Android Studio\jbr\bin\verify.dll

Deoptimization events (20 events):
Event: 331.499 Thread 0x000001eb4f9ce350 DEOPT PACKING pc=0x000001eb3477fc6c sp=0x000000c1d11fef20
Event: 331.499 Thread 0x000001eb4f9ce350 DEOPT UNPACKING pc=0x000001eb33b569a3 sp=0x000000c1d11feeb8 mode 2
Event: 331.501 Thread 0x000001eb4f9ce350 Uncommon trap: trap_request=0xffffffc6 fr.pc=0x000001eb3477fc6c relative=0x000000000000014c
Event: 331.501 Thread 0x000001eb4f9ce350 Uncommon trap: reason=bimorphic_or_optimized_type_check action=maybe_recompile pc=0x000001eb3477fc6c method=java.util.Collections$UnmodifiableList.get(I)Ljava/lang/Object; @ 5 c2
Event: 331.501 Thread 0x000001eb4f9ce350 DEOPT PACKING pc=0x000001eb3477fc6c sp=0x000000c1d11fee70
Event: 331.501 Thread 0x000001eb4f9ce350 DEOPT UNPACKING pc=0x000001eb33b569a3 sp=0x000000c1d11fee08 mode 2
Event: 331.505 Thread 0x000001eb4f9ce350 Uncommon trap: trap_request=0xffffff45 fr.pc=0x000001eb346757b8 relative=0x0000000000000438
Event: 331.505 Thread 0x000001eb4f9ce350 Uncommon trap: reason=unstable_if action=reinterpret pc=0x000001eb346757b8 method=org.gradle.api.internal.tasks.compile.tooling.JavaCompileTaskSuccessResultPostProcessor.started(Lorg/gradle/internal/operations/BuildOperationDescriptor;Lorg/gradle/internal
Event: 331.505 Thread 0x000001eb4f9ce350 DEOPT PACKING pc=0x000001eb346757b8 sp=0x000000c1d11fdaa0
Event: 331.505 Thread 0x000001eb4f9ce350 DEOPT UNPACKING pc=0x000001eb33b569a3 sp=0x000000c1d11fda48 mode 2
Event: 331.505 Thread 0x000001eb4f9ce350 Uncommon trap: trap_request=0xffffff45 fr.pc=0x000001eb349f97c4 relative=0x0000000000005a64
Event: 331.505 Thread 0x000001eb4f9ce350 Uncommon trap: reason=unstable_if action=reinterpret pc=0x000001eb349f97c4 method=org.gradle.internal.logging.sink.OutputEventTransformer.onOutput(Lorg/gradle/internal/logging/events/OutputEvent;)V @ 84 c2
Event: 331.505 Thread 0x000001eb4f9ce350 DEOPT PACKING pc=0x000001eb349f97c4 sp=0x000000c1d11fda00
Event: 331.505 Thread 0x000001eb4f9ce350 DEOPT UNPACKING pc=0x000001eb33b569a3 sp=0x000000c1d11fd9e8 mode 2
Event: 331.541 Thread 0x000001eb4f9ce350 Uncommon trap: trap_request=0xffffffc6 fr.pc=0x000001eb341d4f48 relative=0x00000000000007e8
Event: 331.541 Thread 0x000001eb4f9ce350 Uncommon trap: reason=bimorphic_or_optimized_type_check action=maybe_recompile pc=0x000001eb341d4f48 method=java.util.stream.MatchOps$MatchOp.evaluateSequential(Ljava/util/stream/PipelineHelper;Ljava/util/Spliterator;)Ljava/lang/Boolean; @ 14 c2
Event: 331.541 Thread 0x000001eb4f9ce350 DEOPT PACKING pc=0x000001eb341d4f48 sp=0x000000c1d11fbf80
Event: 331.541 Thread 0x000001eb4f9ce350 DEOPT UNPACKING pc=0x000001eb33b569a3 sp=0x000000c1d11fbeb8 mode 2
Event: 331.992 Thread 0x000001eb4f9ce350 DEOPT PACKING pc=0x000001eb2ce6c259 sp=0x000000c1d11f9930
Event: 331.992 Thread 0x000001eb4f9ce350 DEOPT UNPACKING pc=0x000001eb33b57143 sp=0x000000c1d11f8e20 mode 0

Classes unloaded (5 events):
Event: 185.611 Thread 0x000001eb426d0a40 Unloading class 0x0000000100d21400 'java/lang/invoke/LambdaForm$DMH+0x0000000100d21400'
Event: 185.611 Thread 0x000001eb426d0a40 Unloading class 0x0000000100d20c00 'java/lang/invoke/LambdaForm$DMH+0x0000000100d20c00'
Event: 185.611 Thread 0x000001eb426d0a40 Unloading class 0x0000000100d20800 'java/lang/invoke/LambdaForm$DMH+0x0000000100d20800'
Event: 185.611 Thread 0x000001eb426d0a40 Unloading class 0x0000000100d20400 'java/lang/invoke/LambdaForm$DMH+0x0000000100d20400'
Event: 190.583 Thread 0x000001eb426d0a40 Unloading class 0x0000000100e50400 'jdk/internal/reflect/GeneratedSerializationConstructorAccessor157'

Classes redefined (0 events):
No events

Internal exceptions (20 events):
Event: 192.108 Thread 0x000001eb48dbf4c0 Exception <a 'java/lang/NoSuchMethodError'{0x000000008c72d700}: static Lcom/android/build/api/variant/impl/VariantOutputConfigurationImpl;.<clinit>()V> (0x000000008c72d700) 
thrown [s\src\hotspot\share\prims\jni.cpp, line 1108]
Event: 192.172 Thread 0x000001eb48dc0cd0 Exception <a 'sun/nio/fs/WindowsException'{0x000000008c686988}> (0x000000008c686988) 
thrown [s\src\hotspot\share\prims\jni.cpp, line 517]
Event: 192.371 Thread 0x000001eb48dc0cd0 Exception <a 'java/lang/NoSuchMethodError'{0x000000008c536658}: 'java.lang.Object java.lang.invoke.DirectMethodHandle$Holder.newInvokeSpecial(java.lang.Object, java.lang.Object, java.lang.Object, java.lang.Object, java.lang.Object, int, java.lang.Object)'> (0x000000008c536658) 
thrown [s\src\hotspot\share\interpreter\linkResolver.cpp, line 771]
Event: 192.372 Thread 0x000001eb48dc0cd0 Exception <a 'java/lang/NoSuchMethodError'{0x000000008c53f918}: 'java.lang.Object java.lang.invoke.Invokers$Holder.linkToTargetMethod(java.lang.Object, java.lang.Object, java.lang.Object, java.lang.Object, int, java.lang.Object, java.lang.Object)'> (0x000000008c53f918) 
thrown [s\src\hotspot\share\interpreter\linkResolver.cpp, line 771]
Event: 192.427 Thread 0x000001eb48dc0cd0 Exception <a 'java/lang/NoSuchMethodError'{0x000000008c5c9e48}: 'java.lang.Object java.lang.invoke.DirectMethodHandle$Holder.newInvokeSpecial(java.lang.Object, java.lang.Object, java.lang.Object, java.lang.Object, java.lang.Object, java.lang.Object, java.lang.Object, int)'> (0x000000008c5c9e48) 
thrown [s\src\hotspot\share\interpreter\linkResolver.cpp, line 771]
Event: 192.428 Thread 0x000001eb48dc0cd0 Exception <a 'java/lang/NoSuchMethodError'{0x000000008c5cf3f8}: 'java.lang.Object java.lang.invoke.DirectMethodHandle$Holder.invokeSpecial(java.lang.Object, java.lang.Object, java.lang.Object, java.lang.Object, java.lang.Object, java.lang.Object, java.lang.Object, java.lang.Object, int)'> (0x000000008c5cf3f8) 
thrown [s\src\hotspot\share\interpreter\linkResolver.cpp, line 771]
Event: 192.428 Thread 0x000001eb48dc0cd0 Exception <a 'java/lang/NoSuchMethodError'{0x000000008c5d4120}: 'java.lang.Object java.lang.invoke.Invokers$Holder.linkToTargetMethod(java.lang.Object, java.lang.Object, java.lang.Object, java.lang.Object, java.lang.Object, java.lang.Object, int, java.lang.Object)'> (0x000000008c5d4120) 
thrown [s\src\hotspot\share\interpreter\linkResolver.cpp, line 771]
Event: 192.730 Thread 0x000001eb45d182b0 Implicit null exception at 0x000001eb346a64f0 to 0x000001eb346a67f0
Event: 192.792 Thread 0x000001eb45d182b0 Implicit null exception at 0x000001eb341edb17 to 0x000001eb341edc78
Event: 193.003 Thread 0x000001eb48dc0cd0 Exception <a 'java/lang/NoSuchMethodError'{0x000000008be989c8}: 'java.lang.Object java.lang.invoke.DirectMethodHandle$Holder.invokeVirtual(java.lang.Object, java.lang.Object, int)'> (0x000000008be989c8) 
thrown [s\src\hotspot\share\interpreter\linkResolver.cpp, line 771]
Event: 193.006 Thread 0x000001eb48dc0cd0 Implicit null exception at 0x000001eb345187cb to 0x000001eb345187f0
Event: 193.254 Thread 0x000001eb4340d8f0 Implicit null exception at 0x000001eb346eff6e to 0x000001eb346f03f8
Event: 193.259 Thread 0x000001eb4340d8f0 Exception <a 'sun/nio/fs/WindowsException'{0x0000000088f85540}> (0x0000000088f85540) 
thrown [s\src\hotspot\share\prims\jni.cpp, line 517]
Event: 193.259 Thread 0x000001eb4340d8f0 Exception <a 'sun/nio/fs/WindowsException'{0x0000000088f85a10}> (0x0000000088f85a10) 
thrown [s\src\hotspot\share\prims\jni.cpp, line 517]
Event: 193.259 Thread 0x000001eb4340d8f0 Exception <a 'sun/nio/fs/WindowsException'{0x0000000088f879a8}> (0x0000000088f879a8) 
thrown [s\src\hotspot\share\prims\jni.cpp, line 517]
Event: 193.350 Thread 0x000001eb4340d8f0 Implicit null exception at 0x000001eb3482b840 to 0x000001eb3482e5d4
Event: 193.350 Thread 0x000001eb4340d8f0 Implicit null exception at 0x000001eb346f3bb9 to 0x000001eb346f412c
Event: 193.411 Thread 0x000001eb4340d8f0 Implicit null exception at 0x000001eb348bd5c4 to 0x000001eb348bd888
Event: 331.505 Thread 0x000001eb4f9ce350 Implicit null exception at 0x000001eb34675460 to 0x000001eb346757a4
Event: 331.505 Thread 0x000001eb4f9ce350 Implicit null exception at 0x000001eb349f3dcc to 0x000001eb349f97ac

VM Operations (20 events):
Event: 223.322 Executing VM operation: Cleanup
Event: 223.322 Executing VM operation: Cleanup done
Event: 231.326 Executing VM operation: Cleanup
Event: 231.326 Executing VM operation: Cleanup done
Event: 241.331 Executing VM operation: Cleanup
Event: 241.331 Executing VM operation: Cleanup done
Event: 261.341 Executing VM operation: Cleanup
Event: 261.341 Executing VM operation: Cleanup done
Event: 263.341 Executing VM operation: Cleanup
Event: 263.341 Executing VM operation: Cleanup done
Event: 271.346 Executing VM operation: Cleanup
Event: 271.346 Executing VM operation: Cleanup done
Event: 311.376 Executing VM operation: Cleanup
Event: 311.376 Executing VM operation: Cleanup done
Event: 321.414 Executing VM operation: Cleanup
Event: 321.414 Executing VM operation: Cleanup done
Event: 331.422 Executing VM operation: Cleanup
Event: 331.423 Executing VM operation: Cleanup done
Event: 331.646 Executing VM operation: G1CollectForAllocation
Event: 331.673 Executing VM operation: G1CollectForAllocation done

Events (20 events):
Event: 212.809 loading class java/lang/StackStreamFactory$StackFrameTraverser$StackFrameBuffer done
Event: 252.964 Thread 0x000001eb4f9cf1c0 Thread exited: 0x000001eb4f9cf1c0
Event: 253.251 Thread 0x000001eb48dbf4c0 Thread exited: 0x000001eb48dbf4c0
Event: 253.417 Thread 0x000001eb4340d8f0 Thread exited: 0x000001eb4340d8f0
Event: 253.435 Thread 0x000001eb44c03880 Thread exited: 0x000001eb44c03880
Event: 272.813 Thread 0x000001eb48dc5500 Thread exited: 0x000001eb48dc5500
Event: 312.966 Thread 0x000001eb45d182b0 Thread exited: 0x000001eb45d182b0
Event: 331.468 Thread 0x000001eb4f9d09d0 Thread added: 0x000001eb4f9d09d0
Event: 331.469 Thread 0x000001eb4f9cfb60 Thread added: 0x000001eb4f9cfb60
Event: 331.475 Thread 0x000001eb4f9d0ea0 Thread added: 0x000001eb4f9d0ea0
Event: 331.482 Thread 0x000001eb4f9ce350 Thread added: 0x000001eb4f9ce350
Event: 331.499 Thread 0x000001eb4f9d39f0 Thread added: 0x000001eb4f9d39f0
Event: 331.502 Thread 0x000001eb4f9d0030 Thread added: 0x000001eb4f9d0030
Event: 331.503 Thread 0x000001eb4f9d0500 Thread added: 0x000001eb4f9d0500
Event: 331.578 Thread 0x000001eb4f9d2b80 Thread added: 0x000001eb4f9d2b80
Event: 331.585 Thread 0x000001eb4f9d3520 Thread added: 0x000001eb4f9d3520
Event: 331.592 Thread 0x000001eb4f9d1840 Thread added: 0x000001eb4f9d1840
Event: 331.597 Thread 0x000001eb4f9d5200 Thread added: 0x000001eb4f9d5200
Event: 332.004 Thread 0x000001eb4e9b5d00 Thread added: 0x000001eb4e9b5d00
Event: 332.007 Thread 0x000001eb4f9d1d10 Thread added: 0x000001eb4f9d1d10


Dynamic libraries:
0x00007ff6d54d0000 - 0x00007ff6d54da000 	C:\Program Files\Android\Android Studio\jbr\bin\java.exe
0x00007fff2e350000 - 0x00007fff2e548000 	C:\Windows\SYSTEM32\ntdll.dll
0x00007fff2c830000 - 0x00007fff2c8ed000 	C:\Windows\System32\KERNEL32.DLL
0x00007fff2bd10000 - 0x00007fff2c006000 	C:\Windows\System32\KERNELBASE.dll
0x00007fff2ba20000 - 0x00007fff2bb20000 	C:\Windows\System32\ucrtbase.dll
0x00007fff21f60000 - 0x00007fff21f77000 	C:\Program Files\Android\Android Studio\jbr\bin\jli.dll
0x00007fff2cf40000 - 0x00007fff2d0de000 	C:\Windows\System32\USER32.dll
0x00007fff2c010000 - 0x00007fff2c032000 	C:\Windows\System32\win32u.dll
0x00007fff2c800000 - 0x00007fff2c82c000 	C:\Windows\System32\GDI32.dll
0x00007fff2bbf0000 - 0x00007fff2bd0a000 	C:\Windows\System32\gdi32full.dll
0x00007fff2bb50000 - 0x00007fff2bbed000 	C:\Windows\System32\msvcp_win.dll
0x00007fff21f80000 - 0x00007fff21f9b000 	C:\Program Files\Android\Android Studio\jbr\bin\VCRUNTIME140.dll
0x00007fff16f40000 - 0x00007fff171da000 	C:\Windows\WinSxS\amd64_microsoft.windows.common-controls_6595b64144ccf1df_6.0.19041.3636_none_60b6a03d71f818d5\COMCTL32.dll
0x00007fff2e120000 - 0x00007fff2e1be000 	C:\Windows\System32\msvcrt.dll
0x00007fff2cc10000 - 0x00007fff2cc40000 	C:\Windows\System32\IMM32.DLL
0x00007fff22420000 - 0x00007fff2242c000 	C:\Program Files\Android\Android Studio\jbr\bin\vcruntime140_1.dll
0x00007fff13d30000 - 0x00007fff13dbd000 	C:\Program Files\Android\Android Studio\jbr\bin\msvcp140.dll
0x00007ffedb5c0000 - 0x00007ffedc22d000 	C:\Program Files\Android\Android Studio\jbr\bin\server\jvm.dll
0x00007fff2e250000 - 0x00007fff2e303000 	C:\Windows\System32\ADVAPI32.dll
0x00007fff2c3a0000 - 0x00007fff2c43f000 	C:\Windows\System32\sechost.dll
0x00007fff2c9a0000 - 0x00007fff2cac6000 	C:\Windows\System32\RPCRT4.dll
0x00007fff2bb20000 - 0x00007fff2bb47000 	C:\Windows\System32\bcrypt.dll
0x00007fff1b250000 - 0x00007fff1b259000 	C:\Windows\SYSTEM32\WSOCK32.dll
0x00007fff2da90000 - 0x00007fff2dafb000 	C:\Windows\System32\WS2_32.dll
0x00007fff173b0000 - 0x00007fff173d7000 	C:\Windows\SYSTEM32\WINMM.dll
0x00007fff22e70000 - 0x00007fff22e7a000 	C:\Windows\SYSTEM32\VERSION.dll
0x00007fff2a220000 - 0x00007fff2a232000 	C:\Windows\SYSTEM32\kernel.appcore.dll
0x00007fff272c0000 - 0x00007fff272ca000 	C:\Program Files\Android\Android Studio\jbr\bin\jimage.dll
0x00007fff29f30000 - 0x00007fff2a114000 	C:\Windows\SYSTEM32\DBGHELP.DLL
0x00007fff15450000 - 0x00007fff15484000 	C:\Windows\SYSTEM32\dbgcore.DLL
0x00007fff2c310000 - 0x00007fff2c392000 	C:\Windows\System32\bcryptPrimitives.dll
0x00007fff224d0000 - 0x00007fff224f5000 	C:\Program Files\Android\Android Studio\jbr\bin\java.dll
0x00007fff24b50000 - 0x00007fff24b68000 	C:\Program Files\Android\Android Studio\jbr\bin\zip.dll
0x00007fff2d0e0000 - 0x00007fff2d825000 	C:\Windows\System32\SHELL32.dll
0x00007fff296c0000 - 0x00007fff29e5b000 	C:\Windows\SYSTEM32\windows.storage.dll
0x00007fff2c4a0000 - 0x00007fff2c7f4000 	C:\Windows\System32\combase.dll
0x00007fff2b2a0000 - 0x00007fff2b2cd000 	C:\Windows\SYSTEM32\Wldp.dll
0x00007fff2db00000 - 0x00007fff2dbad000 	C:\Windows\System32\SHCORE.dll
0x00007fff2cad0000 - 0x00007fff2cb25000 	C:\Windows\System32\shlwapi.dll
0x00007fff2b950000 - 0x00007fff2b975000 	C:\Windows\SYSTEM32\profapi.dll
0x00007fff24550000 - 0x00007fff24569000 	C:\Program Files\Android\Android Studio\jbr\bin\net.dll
0x00007fff1ca90000 - 0x00007fff1cb9a000 	C:\Windows\SYSTEM32\WINHTTP.dll
0x00007fff2b080000 - 0x00007fff2b0ea000 	C:\Windows\system32\mswsock.dll
0x00007fff22200000 - 0x00007fff22216000 	C:\Program Files\Android\Android Studio\jbr\bin\nio.dll
0x00007fff221f0000 - 0x00007fff22200000 	C:\Program Files\Android\Android Studio\jbr\bin\verify.dll
0x00007fff21fa0000 - 0x00007fff21fc7000 	C:\Users\Area 7 Computer\.gradle\native\68d5fa5c4cc2d200863cafc0d521ce42e7d3e7ee720ec0a83991735586a16f82\windows-amd64\native-platform.dll
0x00007fff04820000 - 0x00007fff04964000 	C:\Users\Area 7 Computer\.gradle\native\e376f236ea51e6404a007f0833ffe2c6e607c4080706a723a18a27aeea778392\windows-amd64\native-platform-file-events.dll
0x00007fff23000000 - 0x00007fff23009000 	C:\Program Files\Android\Android Studio\jbr\bin\management.dll
0x00007fff224c0000 - 0x00007fff224cb000 	C:\Program Files\Android\Android Studio\jbr\bin\management_ext.dll
0x00007fff2da80000 - 0x00007fff2da88000 	C:\Windows\System32\PSAPI.DLL
0x00007fff2b2e0000 - 0x00007fff2b2f8000 	C:\Windows\SYSTEM32\CRYPTSP.dll
0x00007fff2a9d0000 - 0x00007fff2aa04000 	C:\Windows\system32\rsaenh.dll
0x00007fff2b910000 - 0x00007fff2b93e000 	C:\Windows\SYSTEM32\USERENV.dll
0x00007fff2b210000 - 0x00007fff2b21c000 	C:\Windows\SYSTEM32\CRYPTBASE.dll
0x00007fff2ad90000 - 0x00007fff2adcb000 	C:\Windows\SYSTEM32\IPHLPAPI.DLL
0x00007fff2dbb0000 - 0x00007fff2dbb8000 	C:\Windows\System32\NSI.dll
0x00007fff20a00000 - 0x00007fff20a17000 	C:\Windows\SYSTEM32\dhcpcsvc6.DLL
0x00007fff20ea0000 - 0x00007fff20ebd000 	C:\Windows\SYSTEM32\dhcpcsvc.DLL
0x00007fff2add0000 - 0x00007fff2ae9a000 	C:\Windows\SYSTEM32\DNSAPI.dll
0x00007fff272d0000 - 0x00007fff272d7000 	C:\Windows\system32\wshunix.dll
0x00007ffef2370000 - 0x00007ffef2387000 	C:\Windows\system32\napinsp.dll
0x00007ffef2350000 - 0x00007ffef236b000 	C:\Windows\system32\pnrpnsp.dll
0x00007fff25d40000 - 0x00007fff25d55000 	C:\Windows\system32\wshbth.dll
0x00007fff26c00000 - 0x00007fff26c1d000 	C:\Windows\system32\NLAapi.dll
0x00007ffef2310000 - 0x00007ffef2322000 	C:\Windows\System32\winrnr.dll
0x00007fff1b7f0000 - 0x00007fff1b7fa000 	C:\Windows\System32\rasadhlp.dll
0x00007fff1c0c0000 - 0x00007fff1c140000 	C:\Windows\System32\fwpuclnt.dll
0x00007fff26f20000 - 0x00007fff26f27000 	C:\Program Files\Android\Android Studio\jbr\bin\rmi.dll
0x00007fff21d50000 - 0x00007fff21d6e000 	C:\Users\Area 7 Computer\AppData\Local\Temp\native-platform11847979614145275711dir\native-platform.dll

dbghelp: loaded successfully - version: 4.0.5 - missing functions: none
symbol engine: initialized successfully - sym options: 0x614 - pdb path: .;C:\Program Files\Android\Android Studio\jbr\bin;C:\Windows\SYSTEM32;C:\Windows\WinSxS\amd64_microsoft.windows.common-controls_6595b64144ccf1df_6.0.19041.3636_none_60b6a03d71f818d5;C:\Program Files\Android\Android Studio\jbr\bin\server;C:\Users\Area 7 Computer\.gradle\native\68d5fa5c4cc2d200863cafc0d521ce42e7d3e7ee720ec0a83991735586a16f82\windows-amd64;C:\Users\Area 7 Computer\.gradle\native\e376f236ea51e6404a007f0833ffe2c6e607c4080706a723a18a27aeea778392\windows-amd64;C:\Users\Area 7 Computer\AppData\Local\Temp\native-platform11847979614145275711dir

VM Arguments:
jvm_args: --add-opens=java.base/java.util=ALL-UNNAMED --add-opens=java.base/java.lang=ALL-UNNAMED --add-opens=java.base/java.lang.invoke=ALL-UNNAMED --add-opens=java.prefs/java.util.prefs=ALL-UNNAMED --add-opens=java.base/java.nio.charset=ALL-UNNAMED --add-opens=java.base/java.net=ALL-UNNAMED --add-opens=java.base/java.util.concurrent.atomic=ALL-UNNAMED -Xmx2048m -Dfile.encoding=UTF-8 -Duser.country=US -Duser.language=en -Duser.variant 
java_command: org.gradle.launcher.daemon.bootstrap.GradleDaemon 8.0
java_class_path (initial): C:\Users\Area 7 Computer\.gradle\wrapper\dists\gradle-8.0-bin\ca5e32bp14vu59qr306oxotwh\gradle-8.0\lib\gradle-launcher-8.0.jar
Launcher Type: SUN_STANDARD

[Global flags]
     intx CICompilerCount                          = 3                                         {product} {ergonomic}
     uint ConcGCThreads                            = 1                                         {product} {ergonomic}
     uint G1ConcRefinementThreads                  = 4                                         {product} {ergonomic}
   size_t G1HeapRegionSize                         = 1048576                                   {product} {ergonomic}
    uintx GCDrainStackTargetSize                   = 64                                        {product} {ergonomic}
   size_t InitialHeapSize                          = 134217728                                 {product} {ergonomic}
   size_t MarkStackSize                            = 4194304                                   {product} {ergonomic}
   size_t MaxHeapSize                              = 2147483648                                {product} {command line}
   size_t MaxNewSize                               = 1287651328                                {product} {ergonomic}
   size_t MinHeapDeltaBytes                        = 1048576                                   {product} {ergonomic}
   size_t MinHeapSize                              = 8388608                                   {product} {ergonomic}
    uintx NonNMethodCodeHeapSize                   = 5832780                                {pd product} {ergonomic}
    uintx NonProfiledCodeHeapSize                  = 122912730                              {pd product} {ergonomic}
    uintx ProfiledCodeHeapSize                     = 122912730                              {pd product} {ergonomic}
    uintx ReservedCodeCacheSize                    = 251658240                              {pd product} {ergonomic}
     bool SegmentedCodeCache                       = true                                      {product} {ergonomic}
   size_t SoftMaxHeapSize                          = 2147483648                             {manageable} {ergonomic}
     bool UseCompressedClassPointers               = true                           {product lp64_product} {ergonomic}
     bool UseCompressedOops                        = true                           {product lp64_product} {ergonomic}
     bool UseG1GC                                  = true                                      {product} {ergonomic}
     bool UseLargePagesIndividualAllocation        = false                                  {pd product} {ergonomic}

Logging:
Log output configuration:
 #0: stdout all=warning uptime,level,tags
 #1: stderr all=off uptime,level,tags

Environment Variables:
JAVA_HOME=C:\Program Files (x86)\Java\jdk1.8.0_92
PATH=C:\ProgramData\Oracle\Java\javapath;D:\DevSuiteHome_1\jdk\jre\bin\classic;D:\DevSuiteHome_1\jdk\jre\bin;D:\DevSuiteHome_1\jdk\jre\bin\client;D:\DevSuiteHome_1\jlib;D:\DevSuiteHome_1\bin;D:\DevSuiteHome_1\jre\1.4.2\bin\client;D:\DevSuiteHome_1\jre\1.4.2\bin;C:\Windows\system32;C:\Windows;C:\Windows\System32\Wbem;C:\Windows\System32\WindowsPowerShell\v1.0\;C:\Windows\System32\OpenSSH\;C:\Program Files (x86)\Java\jdk1.8.0_92\bin;C:\Program Files\Microsoft SQL Server\150\Tools\Binn\;C:\Program Files\Microsoft SQL Server\Client SDK\ODBC\170\Tools\Binn\;C:\Program Files (x86)\Microsoft SQL Server\160\Tools\Binn\;C:\Program Files\Microsoft SQL Server\160\Tools\Binn\;C:\Program Files\Microsoft SQL Server\160\DTS\Binn\;C:\Program Files\Azure Data Studio\bin;C:\Program Files (x86)\Microsoft SQL Server\150\Tools\Binn\;C:\Program Files\Microsoft SQL Server\150\DTS\Binn\;C:\Program Files\Microsoft\Web Platform Installer\;C:\Program Files (x86)\Microsoft ASP.NET\ASP.NET Web Pages\v1.0\;C:\Program Files (x86)\Windows Kits\8.0\Windows Performance Toolkit\;D:\nodejs\;D:\Git\cmd;D:\GitHub CLI\;C:\Users\Area 7 Computer\AppData\Local\Microsoft\WindowsApps;;C:\Users\Area 7 Computer\AppData\Local\Programs\Microsoft VS Code\bin;C:\Program Files\Azure Data Studio\bin;C:\Users\Area 7 Computer\AppData\Roaming\npm
USERNAME=Area 7 Computer
OS=Windows_NT
PROCESSOR_IDENTIFIER=Intel64 Family 6 Model 78 Stepping 3, GenuineIntel
TMP=C:\Users\AREA7C~1\AppData\Local\Temp
TEMP=C:\Users\AREA7C~1\AppData\Local\Temp



---------------  S Y S T E M  ---------------

OS:
 Windows 10 , 64 bit Build 19041 (10.0.19041.3636)
OS uptime: 0 days 23:48 hours
Hyper-V role detected

CPU: total 4 (initial active 4) (2 cores per cpu, 2 threads per core) family 6 model 78 stepping 3 microcode 0xcc, cx8, cmov, fxsr, ht, mmx, 3dnowpref, sse, sse2, sse3, ssse3, sse4.1, sse4.2, popcnt, lzcnt, tsc, tscinvbit, avx, avx2, aes, erms, clmul, bmi1, bmi2, rtm, adx, fma, vzeroupper, clflush, clflushopt, hv

Memory: 4k page, system-wide physical 8076M (771M free)
TotalPageFile size 10124M (AvailPageFile size 7M)
current process WorkingSet (physical memory assigned to process): 603M, peak: 617M
current process commit charge ("private bytes"): 655M, peak: 676M

vm_info: OpenJDK 64-Bit Server VM (17.0.6+0-b2043.56-9586694) for windows-amd64 JRE (17.0.6+0-b2043.56-9586694), built on Feb  9 2023 20:06:20 by "androidbuild" with MS VC++ 16.10 / 16.11 (VS2019)

END.
