#
# There is insufficient memory for the Java Runtime Environment to continue.
# Native memory allocation (mmap) failed to map 2310144 bytes for G1 virtual space
# Possible reasons:
#   The system is out of physical RAM or swap space
#   The process is running with CompressedOops enabled, and the Java Heap may be blocking the growth of the native heap
# Possible solutions:
#   Reduce memory load on the system
#   Increase physical memory or swap space
#   Check if swap backing store is full
#   Decrease Java heap size (-Xmx/-Xms)
#   Decrease number of Java threads
#   Decrease Java thread stack sizes (-Xss)
#   Set larger code cache with -XX:ReservedCodeCacheSize=
#   JVM is running with Unscaled Compressed Oops mode in which the Java heap is
#     placed in the first 4GB address space. The Java Heap base address is the
#     maximum limit for the native heap growth. Please use -XX:HeapBaseMinAddress
#     to set the Java Heap base and to place the Java Heap above 4GB virtual address.
# This output file may be truncated or incomplete.
#
#  Out of Memory Error (os_windows.cpp:3769), pid=11476, tid=11392
#
# JRE version: OpenJDK Runtime Environment (17.0.6) (build 17.0.6+0-b2043.56-9586694)
# Java VM: OpenJDK 64-Bit Server VM (17.0.6+0-b2043.56-9586694, mixed mode, tiered, compressed oops, compressed class ptrs, g1 gc, windows-amd64)
# No core dump will be written. Minidumps are not enabled by default on client versions of Windows
#

---------------  S U M M A R Y ------------

Command Line: --add-opens=java.base/java.util=ALL-UNNAMED --add-opens=java.base/java.lang=ALL-UNNAMED --add-opens=java.base/java.lang.invoke=ALL-UNNAMED --add-opens=java.prefs/java.util.prefs=ALL-UNNAMED --add-opens=java.base/java.nio.charset=ALL-UNNAMED --add-opens=java.base/java.net=ALL-UNNAMED --add-opens=java.base/java.util.concurrent.atomic=ALL-UNNAMED -Xmx2048m -Dfile.encoding=UTF-8 -Duser.country=US -Duser.language=en -Duser.variant org.gradle.launcher.daemon.bootstrap.GradleDaemon 8.0

Host: Intel(R) Core(TM) i5-6300U CPU @ 2.40GHz, 4 cores, 7G,  Windows 10 , 64 bit Build 19041 (10.0.19041.3636)
Time: Tue Jan 16 21:24:57 2024 Pakistan Standard Time elapsed time: 22.098570 seconds (0d 0h 0m 22s)

---------------  T H R E A D  ---------------

Current thread (0x000002031df11540):  VMThread "VM Thread" [stack: 0x000000c7f3a00000,0x000000c7f3b00000] [id=11392]

Stack: [0x000000c7f3a00000,0x000000c7f3b00000]
Native frames: (J=compiled Java code, j=interpreted, Vv=VM code, C=native code)
V  [jvm.dll+0x683b4a]
V  [jvm.dll+0x842654]
V  [jvm.dll+0x843dfe]
V  [jvm.dll+0x844463]
V  [jvm.dll+0x249b75]
V  [jvm.dll+0x680a19]
V  [jvm.dll+0x674f0a]
V  [jvm.dll+0x309acb]
V  [jvm.dll+0x310f86]
V  [jvm.dll+0x360918]
V  [jvm.dll+0x360b1f]
V  [jvm.dll+0x2dfbf8]
V  [jvm.dll+0x2ddec4]
V  [jvm.dll+0x2dd4cc]
V  [jvm.dll+0x321f3b]
V  [jvm.dll+0x84893b]
V  [jvm.dll+0x849674]
V  [jvm.dll+0x849b8d]
V  [jvm.dll+0x849f64]
V  [jvm.dll+0x84a030]
V  [jvm.dll+0x7f25fa]
V  [jvm.dll+0x682985]
C  [ucrtbase.dll+0x21bb2]
C  [KERNEL32.DLL+0x17344]
C  [ntdll.dll+0x526b1]

VM_Operation (0x000000c7f51f5f20): G1CollectForAllocation, mode: safepoint, requested by thread 0x00000203215b6a80


---------------  P R O C E S S  ---------------

Threads class SMR info:
_java_thread_list=0x0000020321405db0, length=83, elements={
0x0000020304966560, 0x000002031df15910, 0x000002031df48910, 0x000002031df55470,
0x000002031df35030, 0x000002031df36090, 0x000002031e91c7b0, 0x000002031e920d10,
0x000002031e923dc0, 0x000002031e9286d0, 0x000002031ea8f0e0, 0x000002031ea91de0,
0x000002031fd43970, 0x0000020320168420, 0x000002031f73cf10, 0x00000203210ed610,
0x00000203217bd020, 0x00000203214741f0, 0x00000203215b6a80, 0x000002031f8f5090,
0x000002031f8f80b0, 0x000002031f8f8580, 0x000002031f8f4bc0, 0x000002031f8f5560,
0x000002031f8f6d70, 0x000002031f8f63d0, 0x000002031f8f68a0, 0x000002031f8f7710,
0x000002031f8f7be0, 0x0000020321a8d700, 0x0000020321a8bef0, 0x0000020321a8b080,
0x0000020321a8a6e0, 0x00000203235bc930, 0x0000020321a8d230, 0x0000020321a8cd60,
0x0000020321a8dbd0, 0x0000020321a8f3e0, 0x0000020321a88530, 0x0000020321a8a210,
0x0000020321a8e570, 0x0000020321a88ed0, 0x0000020321a8ba20, 0x0000020324b9d240,
0x0000020324b9e580, 0x0000020324b9b560, 0x0000020324b9e0b0, 0x0000020324b9b090,
0x0000020324b9cd70, 0x0000020324b9abc0, 0x0000020324b9d710, 0x0000020324b9ba30,
0x0000020324b9dbe0, 0x0000020324b9bf00, 0x0000020324b9c3d0, 0x0000020324b9c8a0,
0x000002031f2582d0, 0x000002031f25e310, 0x000002031f259ae0, 0x000002031f25ecb0,
0x000002031f25f180, 0x000002031f25c630, 0x000002031f25a480, 0x000002031f25bc90,
0x000002031f259610, 0x000002031f25f650, 0x000002031f25d4a0, 0x000002031f25e7e0,
0x000002031f25cb00, 0x000002031f25cfd0, 0x000002031f2587a0, 0x000002031f25c160,
0x000002031f25fb20, 0x000002031f258c70, 0x000002031f25a950, 0x000002031f259140,
0x000002031f25d970, 0x000002031f259fb0, 0x000002031f25ae20, 0x000002031f25de40,
0x000002031f25b7c0, 0x000002031fa29890, 0x000002031fa25060
}

Java Threads: ( => current thread )
  0x0000020304966560 JavaThread "main" [_thread_blocked, id=8928, stack(0x000000c7f3400000,0x000000c7f3500000)]
  0x000002031df15910 JavaThread "Reference Handler" daemon [_thread_blocked, id=12336, stack(0x000000c7f3b00000,0x000000c7f3c00000)]
  0x000002031df48910 JavaThread "Finalizer" daemon [_thread_blocked, id=15296, stack(0x000000c7f3c00000,0x000000c7f3d00000)]
  0x000002031df55470 JavaThread "Signal Dispatcher" daemon [_thread_blocked, id=10460, stack(0x000000c7f3d00000,0x000000c7f3e00000)]
  0x000002031df35030 JavaThread "Attach Listener" daemon [_thread_blocked, id=7452, stack(0x000000c7f3e00000,0x000000c7f3f00000)]
  0x000002031df36090 JavaThread "Service Thread" daemon [_thread_blocked, id=1656, stack(0x000000c7f3f00000,0x000000c7f4000000)]
  0x000002031e91c7b0 JavaThread "Monitor Deflation Thread" daemon [_thread_blocked, id=14584, stack(0x000000c7f4000000,0x000000c7f4100000)]
  0x000002031e920d10 JavaThread "C2 CompilerThread0" daemon [_thread_blocked, id=12612, stack(0x000000c7f4100000,0x000000c7f4200000)]
  0x000002031e923dc0 JavaThread "C1 CompilerThread0" daemon [_thread_blocked, id=14988, stack(0x000000c7f4200000,0x000000c7f4300000)]
  0x000002031e9286d0 JavaThread "Sweeper thread" daemon [_thread_blocked, id=13516, stack(0x000000c7f4300000,0x000000c7f4400000)]
  0x000002031ea8f0e0 JavaThread "Common-Cleaner" daemon [_thread_blocked, id=8120, stack(0x000000c7f4400000,0x000000c7f4500000)]
  0x000002031ea91de0 JavaThread "Notification Thread" daemon [_thread_blocked, id=9224, stack(0x000000c7f4500000,0x000000c7f4600000)]
  0x000002031fd43970 JavaThread "Daemon health stats" [_thread_blocked, id=8352, stack(0x000000c7f4b00000,0x000000c7f4c00000)]
  0x0000020320168420 JavaThread "Incoming local TCP Connector on port 25146" [_thread_in_native, id=1208, stack(0x000000c7f4c00000,0x000000c7f4d00000)]
  0x000002031f73cf10 JavaThread "Daemon periodic checks" [_thread_blocked, id=5868, stack(0x000000c7f4d00000,0x000000c7f4e00000)]
  0x00000203210ed610 JavaThread "Daemon" [_thread_blocked, id=7048, stack(0x000000c7f4e00000,0x000000c7f4f00000)]
  0x00000203217bd020 JavaThread "Handler for socket connection from /127.0.0.1:25146 to /127.0.0.1:25147" [_thread_in_native, id=13660, stack(0x000000c7f4f00000,0x000000c7f5000000)]
  0x00000203214741f0 JavaThread "Cancel handler" [_thread_blocked, id=10376, stack(0x000000c7f5000000,0x000000c7f5100000)]
  0x00000203215b6a80 JavaThread "Daemon worker" [_thread_blocked, id=5676, stack(0x000000c7f5100000,0x000000c7f5200000)]
  0x000002031f8f5090 JavaThread "Asynchronous log dispatcher for DefaultDaemonConnection: socket connection from /127.0.0.1:25146 to /127.0.0.1:25147" [_thread_blocked, id=14420, stack(0x000000c7f5200000,0x000000c7f5300000)]
  0x000002031f8f80b0 JavaThread "Stdin handler" [_thread_blocked, id=1728, stack(0x000000c7f5300000,0x000000c7f5400000)]
  0x000002031f8f8580 JavaThread "Daemon client event forwarder" [_thread_blocked, id=11968, stack(0x000000c7f5400000,0x000000c7f5500000)]
  0x000002031f8f4bc0 JavaThread "Cache worker for journal cache (C:\Users\Area 7 Computer\.gradle\caches\journal-1)" [_thread_blocked, id=7376, stack(0x000000c7f4700000,0x000000c7f4800000)]
  0x000002031f8f5560 JavaThread "File lock request listener" [_thread_in_native, id=9464, stack(0x000000c7f5500000,0x000000c7f5600000)]
  0x000002031f8f6d70 JavaThread "Cache worker for file hash cache (C:\Users\Area 7 Computer\.gradle\caches\8.0\fileHashes)" [_thread_blocked, id=9552, stack(0x000000c7f5700000,0x000000c7f5800000)]
  0x000002031f8f63d0 JavaThread "File watcher server" daemon [_thread_in_native, id=9720, stack(0x000000c7f5800000,0x000000c7f5900000)]
  0x000002031f8f68a0 JavaThread "File watcher consumer" daemon [_thread_blocked, id=11708, stack(0x000000c7f5900000,0x000000c7f5a00000)]
  0x000002031f8f7710 JavaThread "Cache worker for checksums cache (D:\FYP\fypproject\FypDisasterManagement-1\FypDisasterManagement-1\FypDisasterManagement\.gradle\8.0\checksums)" [_thread_blocked, id=15032, stack(0x000000c7f5a00000,0x000000c7f5b00000)]
  0x000002031f8f7be0 JavaThread "Cache worker for cache directory md-rule (C:\Users\Area 7 Computer\.gradle\caches\8.0\md-rule)" [_thread_blocked, id=8108, stack(0x000000c7f5b00000,0x000000c7f5c00000)]
  0x0000020321a8d700 JavaThread "Cache worker for file content cache (C:\Users\Area 7 Computer\.gradle\caches\8.0\fileContent)" [_thread_blocked, id=11636, stack(0x000000c7f5c00000,0x000000c7f5d00000)]
  0x0000020321a8bef0 JavaThread "Cache worker for file hash cache (D:\FYP\fypproject\FypDisasterManagement-1\FypDisasterManagement-1\FypDisasterManagement\.gradle\8.0\fileHashes)" [_thread_blocked, id=13928, stack(0x000000c7f5d00000,0x000000c7f5e00000)]
  0x0000020321a8b080 JavaThread "Cache worker for cache directory md-supplier (C:\Users\Area 7 Computer\.gradle\caches\8.0\md-supplier)" [_thread_blocked, id=10448, stack(0x000000c7f5e00000,0x000000c7f5f00000)]
  0x0000020321a8a6e0 JavaThread "Cache worker for execution history cache (C:\Users\Area 7 Computer\.gradle\caches\8.0\executionHistory)" [_thread_blocked, id=14260, stack(0x000000c7f5600000,0x000000c7f5700000)]
  0x00000203235bc930 JavaThread "C2 CompilerThread1" daemon [_thread_blocked, id=7472, stack(0x000000c7f5f00000,0x000000c7f6000000)]
  0x0000020321a8d230 JavaThread "jar transforms" [_thread_blocked, id=9616, stack(0x000000c7f6000000,0x000000c7f6100000)]
  0x0000020321a8cd60 JavaThread "jar transforms Thread 2" [_thread_blocked, id=3324, stack(0x000000c7f6100000,0x000000c7f6200000)]
  0x0000020321a8dbd0 JavaThread "Cache worker for kotlin-dsl (C:\Users\Area 7 Computer\.gradle\caches\8.0\kotlin-dsl)" [_thread_blocked, id=3960, stack(0x000000c7f6300000,0x000000c7f6400000)]
  0x0000020321a8f3e0 JavaThread "jar transforms Thread 3" [_thread_blocked, id=13360, stack(0x000000c7f6400000,0x000000c7f6500000)]
  0x0000020321a88530 JavaThread "jar transforms Thread 4" [_thread_blocked, id=8056, stack(0x000000c7f6500000,0x000000c7f6600000)]
  0x0000020321a8a210 JavaThread "Cache worker for dependencies-accessors (D:\FYP\fypproject\FypDisasterManagement-1\FypDisasterManagement-1\FypDisasterManagement\.gradle\8.0\dependencies-accessors)" [_thread_blocked, id=14688, stack(0x000000c7f6600000,0x000000c7f6700000)]
  0x0000020321a8e570 JavaThread "Cache worker for Build Output Cleanup Cache (D:\FYP\fypproject\FypDisasterManagement-1\FypDisasterManagement-1\FypDisasterManagement\.gradle\buildOutputCleanup)" [_thread_blocked, id=13764, stack(0x000000c7f6700000,0x000000c7f6800000)]
  0x0000020321a88ed0 JavaThread "Unconstrained build operations" [_thread_blocked, id=1352, stack(0x000000c7f6800000,0x000000c7f6900000)]
  0x0000020321a8ba20 JavaThread "Unconstrained build operations Thread 2" [_thread_blocked, id=15188, stack(0x000000c7f6900000,0x000000c7f6a00000)]
  0x0000020324b9d240 JavaThread "Unconstrained build operations Thread 3" [_thread_blocked, id=12776, stack(0x000000c7f6a00000,0x000000c7f6b00000)]
  0x0000020324b9e580 JavaThread "Unconstrained build operations Thread 4" [_thread_blocked, id=9580, stack(0x000000c7f6b00000,0x000000c7f6c00000)]
  0x0000020324b9b560 JavaThread "Unconstrained build operations Thread 5" [_thread_blocked, id=9852, stack(0x000000c7f6c00000,0x000000c7f6d00000)]
  0x0000020324b9e0b0 JavaThread "Unconstrained build operations Thread 6" [_thread_blocked, id=11268, stack(0x000000c7f6d00000,0x000000c7f6e00000)]
  0x0000020324b9b090 JavaThread "Unconstrained build operations Thread 7" [_thread_blocked, id=6336, stack(0x000000c7f6e00000,0x000000c7f6f00000)]
  0x0000020324b9cd70 JavaThread "Unconstrained build operations Thread 8" [_thread_blocked, id=13128, stack(0x000000c7f6f00000,0x000000c7f7000000)]
  0x0000020324b9abc0 JavaThread "Unconstrained build operations Thread 9" [_thread_blocked, id=8896, stack(0x000000c7f7000000,0x000000c7f7100000)]
  0x0000020324b9d710 JavaThread "Unconstrained build operations Thread 10" [_thread_blocked, id=12236, stack(0x000000c7f7100000,0x000000c7f7200000)]
  0x0000020324b9ba30 JavaThread "Unconstrained build operations Thread 11" [_thread_blocked, id=10212, stack(0x000000c7f7200000,0x000000c7f7300000)]
  0x0000020324b9dbe0 JavaThread "Unconstrained build operations Thread 12" [_thread_blocked, id=1980, stack(0x000000c7f7300000,0x000000c7f7400000)]
  0x0000020324b9bf00 JavaThread "Unconstrained build operations Thread 13" [_thread_blocked, id=14488, stack(0x000000c7f7400000,0x000000c7f7500000)]
  0x0000020324b9c3d0 JavaThread "Unconstrained build operations Thread 14" [_thread_blocked, id=6044, stack(0x000000c7f7500000,0x000000c7f7600000)]
  0x0000020324b9c8a0 JavaThread "Unconstrained build operations Thread 15" [_thread_blocked, id=5864, stack(0x000000c7f7600000,0x000000c7f7700000)]
  0x000002031f2582d0 JavaThread "Unconstrained build operations Thread 16" [_thread_blocked, id=13964, stack(0x000000c7f7700000,0x000000c7f7800000)]
  0x000002031f25e310 JavaThread "Unconstrained build operations Thread 17" [_thread_blocked, id=7384, stack(0x000000c7f7800000,0x000000c7f7900000)]
  0x000002031f259ae0 JavaThread "Unconstrained build operations Thread 18" [_thread_blocked, id=12532, stack(0x000000c7f7900000,0x000000c7f7a00000)]
  0x000002031f25ecb0 JavaThread "Unconstrained build operations Thread 19" [_thread_blocked, id=8816, stack(0x000000c7f7a00000,0x000000c7f7b00000)]
  0x000002031f25f180 JavaThread "Unconstrained build operations Thread 20" [_thread_blocked, id=5324, stack(0x000000c7f7b00000,0x000000c7f7c00000)]
  0x000002031f25c630 JavaThread "Unconstrained build operations Thread 21" [_thread_blocked, id=11096, stack(0x000000c7f7c00000,0x000000c7f7d00000)]
  0x000002031f25a480 JavaThread "Unconstrained build operations Thread 22" [_thread_blocked, id=848, stack(0x000000c7f7d00000,0x000000c7f7e00000)]
  0x000002031f25bc90 JavaThread "Unconstrained build operations Thread 23" [_thread_blocked, id=6032, stack(0x000000c7f7e00000,0x000000c7f7f00000)]
  0x000002031f259610 JavaThread "Unconstrained build operations Thread 24" [_thread_blocked, id=8476, stack(0x000000c7f7f00000,0x000000c7f8000000)]
  0x000002031f25f650 JavaThread "Unconstrained build operations Thread 25" [_thread_blocked, id=4960, stack(0x000000c7f8000000,0x000000c7f8100000)]
  0x000002031f25d4a0 JavaThread "Unconstrained build operations Thread 26" [_thread_blocked, id=3680, stack(0x000000c7f8100000,0x000000c7f8200000)]
  0x000002031f25e7e0 JavaThread "Unconstrained build operations Thread 27" [_thread_blocked, id=14324, stack(0x000000c7f8200000,0x000000c7f8300000)]
  0x000002031f25cb00 JavaThread "Unconstrained build operations Thread 28" [_thread_blocked, id=10304, stack(0x000000c7f8300000,0x000000c7f8400000)]
  0x000002031f25cfd0 JavaThread "Unconstrained build operations Thread 29" [_thread_blocked, id=2632, stack(0x000000c7f8400000,0x000000c7f8500000)]
  0x000002031f2587a0 JavaThread "Unconstrained build operations Thread 30" [_thread_blocked, id=6408, stack(0x000000c7f8500000,0x000000c7f8600000)]
  0x000002031f25c160 JavaThread "Unconstrained build operations Thread 31" [_thread_blocked, id=11180, stack(0x000000c7f8600000,0x000000c7f8700000)]
  0x000002031f25fb20 JavaThread "Unconstrained build operations Thread 32" [_thread_blocked, id=14784, stack(0x000000c7f8700000,0x000000c7f8800000)]
  0x000002031f258c70 JavaThread "Unconstrained build operations Thread 33" [_thread_blocked, id=1196, stack(0x000000c7f8800000,0x000000c7f8900000)]
  0x000002031f25a950 JavaThread "Unconstrained build operations Thread 34" [_thread_blocked, id=12604, stack(0x000000c7f8900000,0x000000c7f8a00000)]
  0x000002031f259140 JavaThread "Unconstrained build operations Thread 35" [_thread_blocked, id=10556, stack(0x000000c7f8a00000,0x000000c7f8b00000)]
  0x000002031f25d970 JavaThread "Unconstrained build operations Thread 36" [_thread_blocked, id=11116, stack(0x000000c7f8b00000,0x000000c7f8c00000)]
  0x000002031f259fb0 JavaThread "Unconstrained build operations Thread 37" [_thread_blocked, id=10324, stack(0x000000c7f8c00000,0x000000c7f8d00000)]
  0x000002031f25ae20 JavaThread "Unconstrained build operations Thread 38" [_thread_blocked, id=12752, stack(0x000000c7f8d00000,0x000000c7f8e00000)]
  0x000002031f25de40 JavaThread "Unconstrained build operations Thread 39" [_thread_blocked, id=14816, stack(0x000000c7f8e00000,0x000000c7f8f00000)]
  0x000002031f25b7c0 JavaThread "Unconstrained build operations Thread 40" [_thread_blocked, id=13784, stack(0x000000c7f8f00000,0x000000c7f9000000)]
  0x000002031fa29890 JavaThread "build event listener" [_thread_blocked, id=11612, stack(0x000000c7f9000000,0x000000c7f9100000)]
  0x000002031fa25060 JavaThread "Memory manager" [_thread_blocked, id=11620, stack(0x000000c7f9100000,0x000000c7f9200000)]

Other Threads:
=>0x000002031df11540 VMThread "VM Thread" [stack: 0x000000c7f3a00000,0x000000c7f3b00000] [id=11392]
  0x000002031ea922b0 WatcherThread [stack: 0x000000c7f4600000,0x000000c7f4700000] [id=11036]
  0x00000203049bda50 GCTaskThread "GC Thread#0" [stack: 0x000000c7f3500000,0x000000c7f3600000] [id=9736]
  0x000002031ee12400 GCTaskThread "GC Thread#1" [stack: 0x000000c7f4800000,0x000000c7f4900000] [id=14460]
  0x000002031efa8040 GCTaskThread "GC Thread#2" [stack: 0x000000c7f4900000,0x000000c7f4a00000] [id=10228]
  0x000002031fbf9c60 GCTaskThread "GC Thread#3" [stack: 0x000000c7f4a00000,0x000000c7f4b00000] [id=11100]
  0x00000203049cf8b0 ConcurrentGCThread "G1 Main Marker" [stack: 0x000000c7f3600000,0x000000c7f3700000] [id=2024]
  0x00000203049d0970 ConcurrentGCThread "G1 Conc#0" [stack: 0x000000c7f3700000,0x000000c7f3800000] [id=2276]
  0x0000020304a26550 ConcurrentGCThread "G1 Refine#0" [stack: 0x000000c7f3800000,0x000000c7f3900000] [id=14720]
  0x0000020321e5e950 ConcurrentGCThread "G1 Refine#1" [stack: 0x000000c7f6200000,0x000000c7f6300000] [id=14820]
  0x000002031dd814b0 ConcurrentGCThread "G1 Service" [stack: 0x000000c7f3900000,0x000000c7f3a00000] [id=7024]

Threads with active compile tasks:
C2 CompilerThread0    22140 8591       4       java.lang.PublicMethods::merge (81 bytes)
C2 CompilerThread1    22140 8589       4       org.codehaus.groovy.reflection.CachedMethod::compareToCachedMethod (160 bytes)

VM state: at safepoint (normal execution)

VM Mutex/Monitor currently owned by a thread:  ([mutex/lock_event])
[0x0000020304963e20] Threads_lock - owner thread: 0x000002031df11540
[0x0000020304963eb0] Heap_lock - owner thread: 0x00000203215b6a80

Heap address: 0x0000000080000000, size: 2048 MB, Compressed Oops mode: 32-bit

CDS archive(s) not mapped
Compressed class space mapped at: 0x0000000100000000-0x0000000140000000, reserved size: 1073741824
Narrow klass base: 0x0000000000000000, Narrow klass shift: 3, Narrow klass range: 0x140000000

GC Precious Log:
 CPUs: 4 total, 4 available
 Memory: 8076M
 Large Page Support: Disabled
 NUMA Support: Disabled
 Compressed Oops: Enabled (32-bit)
 Heap Region Size: 1M
 Heap Min Capacity: 8M
 Heap Initial Capacity: 128M
 Heap Max Capacity: 2G
 Pre-touch: Disabled
 Parallel Workers: 4
 Concurrent Workers: 1
 Concurrent Refinement Workers: 4
 Periodic GC: Disabled

Heap:
 garbage-first heap   total 144384K, used 78457K [0x0000000080000000, 0x0000000100000000)
  region size 1024K, 6 young (6144K), 6 survivors (6144K)
 Metaspace       used 83969K, committed 84608K, reserved 1122304K
  class space    used 11410K, committed 11712K, reserved 1048576K

Heap Regions: E=young(eden), S=young(survivor), O=old, HS=humongous(starts), HC=humongous(continues), CS=collection set, F=free, OA=open archive, CA=closed archive, TAMS=top-at-mark-start (previous, next)
|   0|0x0000000080000000, 0x0000000080100000, 0x0000000080100000|100%| O|  |TAMS 0x0000000080100000, 0x0000000080100000| Untracked 
|   1|0x0000000080100000, 0x0000000080200000, 0x0000000080200000|100%| O|  |TAMS 0x0000000080200000, 0x0000000080200000| Untracked 
|   2|0x0000000080200000, 0x0000000080300000, 0x0000000080300000|100%|HS|  |TAMS 0x0000000080300000, 0x0000000080300000| Complete 
|   3|0x0000000080300000, 0x0000000080400000, 0x0000000080400000|100%|HC|  |TAMS 0x0000000080400000, 0x0000000080400000| Complete 
|   4|0x0000000080400000, 0x0000000080500000, 0x0000000080500000|100%|HC|  |TAMS 0x0000000080500000, 0x0000000080500000| Complete 
|   5|0x0000000080500000, 0x0000000080600000, 0x0000000080600000|100%|HC|  |TAMS 0x0000000080600000, 0x0000000080600000| Complete 
|   6|0x0000000080600000, 0x0000000080700000, 0x0000000080700000|100%| O|  |TAMS 0x0000000080700000, 0x0000000080700000| Untracked 
|   7|0x0000000080700000, 0x0000000080800000, 0x0000000080800000|100%| O|  |TAMS 0x0000000080800000, 0x0000000080800000| Untracked 
|   8|0x0000000080800000, 0x0000000080900000, 0x0000000080900000|100%| O|  |TAMS 0x0000000080900000, 0x0000000080900000| Untracked 
|   9|0x0000000080900000, 0x0000000080a00000, 0x0000000080a00000|100%| O|  |TAMS 0x0000000080a00000, 0x0000000080a00000| Untracked 
|  10|0x0000000080a00000, 0x0000000080b00000, 0x0000000080b00000|100%| O|  |TAMS 0x0000000080a00000, 0x0000000080b00000| Untracked 
|  11|0x0000000080b00000, 0x0000000080c00000, 0x0000000080c00000|100%| O|  |TAMS 0x0000000080c00000, 0x0000000080c00000| Untracked 
|  12|0x0000000080c00000, 0x0000000080d00000, 0x0000000080d00000|100%| O|  |TAMS 0x0000000080d00000, 0x0000000080d00000| Untracked 
|  13|0x0000000080d00000, 0x0000000080e00000, 0x0000000080e00000|100%| O|  |TAMS 0x0000000080e00000, 0x0000000080e00000| Untracked 
|  14|0x0000000080e00000, 0x0000000080f00000, 0x0000000080f00000|100%| O|  |TAMS 0x0000000080f00000, 0x0000000080f00000| Untracked 
|  15|0x0000000080f00000, 0x0000000081000000, 0x0000000081000000|100%| O|  |TAMS 0x0000000081000000, 0x0000000081000000| Untracked 
|  16|0x0000000081000000, 0x0000000081100000, 0x0000000081100000|100%| O|  |TAMS 0x0000000081100000, 0x0000000081100000| Untracked 
|  17|0x0000000081100000, 0x0000000081200000, 0x0000000081200000|100%| O|  |TAMS 0x0000000081200000, 0x0000000081200000| Untracked 
|  18|0x0000000081200000, 0x0000000081300000, 0x0000000081300000|100%| O|  |TAMS 0x0000000081300000, 0x0000000081300000| Untracked 
|  19|0x0000000081300000, 0x0000000081400000, 0x0000000081400000|100%| O|  |TAMS 0x0000000081400000, 0x0000000081400000| Untracked 
|  20|0x0000000081400000, 0x0000000081500000, 0x0000000081500000|100%| O|  |TAMS 0x0000000081500000, 0x0000000081500000| Untracked 
|  21|0x0000000081500000, 0x0000000081600000, 0x0000000081600000|100%| O|  |TAMS 0x0000000081600000, 0x0000000081600000| Untracked 
|  22|0x0000000081600000, 0x0000000081700000, 0x0000000081700000|100%| O|  |TAMS 0x0000000081700000, 0x0000000081700000| Untracked 
|  23|0x0000000081700000, 0x0000000081800000, 0x0000000081800000|100%| O|  |TAMS 0x0000000081800000, 0x0000000081800000| Untracked 
|  24|0x0000000081800000, 0x0000000081900000, 0x0000000081900000|100%| O|  |TAMS 0x0000000081900000, 0x0000000081900000| Untracked 
|  25|0x0000000081900000, 0x0000000081a00000, 0x0000000081a00000|100%| O|  |TAMS 0x0000000081a00000, 0x0000000081a00000| Untracked 
|  26|0x0000000081a00000, 0x0000000081b00000, 0x0000000081b00000|100%| O|  |TAMS 0x0000000081b00000, 0x0000000081b00000| Untracked 
|  27|0x0000000081b00000, 0x0000000081c00000, 0x0000000081c00000|100%| O|  |TAMS 0x0000000081c00000, 0x0000000081c00000| Untracked 
|  28|0x0000000081c00000, 0x0000000081d00000, 0x0000000081d00000|100%| O|  |TAMS 0x0000000081d00000, 0x0000000081d00000| Untracked 
|  29|0x0000000081d00000, 0x0000000081e00000, 0x0000000081e00000|100%| O|  |TAMS 0x0000000081e00000, 0x0000000081e00000| Untracked 
|  30|0x0000000081e00000, 0x0000000081f00000, 0x0000000081f00000|100%| O|  |TAMS 0x0000000081f00000, 0x0000000081f00000| Untracked 
|  31|0x0000000081f00000, 0x0000000082000000, 0x0000000082000000|100%| O|  |TAMS 0x0000000082000000, 0x0000000082000000| Untracked 
|  32|0x0000000082000000, 0x0000000082100000, 0x0000000082100000|100%|HS|  |TAMS 0x0000000082100000, 0x0000000082100000| Complete 
|  33|0x0000000082100000, 0x0000000082200000, 0x0000000082200000|100%|HS|  |TAMS 0x0000000082200000, 0x0000000082200000| Complete 
|  34|0x0000000082200000, 0x0000000082300000, 0x0000000082300000|100%| O|  |TAMS 0x0000000082300000, 0x0000000082300000| Untracked 
|  35|0x0000000082300000, 0x0000000082400000, 0x0000000082400000|100%| O|  |TAMS 0x0000000082400000, 0x0000000082400000| Untracked 
|  36|0x0000000082400000, 0x0000000082500000, 0x0000000082500000|100%| O|  |TAMS 0x0000000082500000, 0x0000000082500000| Untracked 
|  37|0x0000000082500000, 0x0000000082600000, 0x0000000082600000|100%| O|  |TAMS 0x0000000082600000, 0x0000000082600000| Untracked 
|  38|0x0000000082600000, 0x0000000082700000, 0x0000000082700000|100%| O|  |TAMS 0x0000000082700000, 0x0000000082700000| Untracked 
|  39|0x0000000082700000, 0x0000000082800000, 0x0000000082800000|100%| O|  |TAMS 0x0000000082800000, 0x0000000082800000| Untracked 
|  40|0x0000000082800000, 0x0000000082900000, 0x0000000082900000|100%| O|  |TAMS 0x0000000082900000, 0x0000000082900000| Untracked 
|  41|0x0000000082900000, 0x0000000082a00000, 0x0000000082a00000|100%| O|  |TAMS 0x0000000082a00000, 0x0000000082a00000| Untracked 
|  42|0x0000000082a00000, 0x0000000082b00000, 0x0000000082b00000|100%| O|  |TAMS 0x0000000082a00000, 0x0000000082b00000| Untracked 
|  43|0x0000000082b00000, 0x0000000082c00000, 0x0000000082c00000|100%|HS|  |TAMS 0x0000000082c00000, 0x0000000082c00000| Complete 
|  44|0x0000000082c00000, 0x0000000082d00000, 0x0000000082d00000|100%|HC|  |TAMS 0x0000000082d00000, 0x0000000082d00000| Complete 
|  45|0x0000000082d00000, 0x0000000082e00000, 0x0000000082e00000|100%|HS|  |TAMS 0x0000000082e00000, 0x0000000082e00000| Complete 
|  46|0x0000000082e00000, 0x0000000082f00000, 0x0000000082f00000|100%|HC|  |TAMS 0x0000000082f00000, 0x0000000082f00000| Complete 
|  47|0x0000000082f00000, 0x0000000083000000, 0x0000000083000000|100%|HC|  |TAMS 0x0000000083000000, 0x0000000083000000| Complete 
|  48|0x0000000083000000, 0x0000000083100000, 0x0000000083100000|100%|HC|  |TAMS 0x0000000083100000, 0x0000000083100000| Complete 
|  49|0x0000000083100000, 0x0000000083200000, 0x0000000083200000|100%| O|  |TAMS 0x0000000083200000, 0x0000000083200000| Untracked 
|  50|0x0000000083200000, 0x0000000083300000, 0x0000000083300000|100%| O|  |TAMS 0x0000000083300000, 0x0000000083300000| Untracked 
|  51|0x0000000083300000, 0x0000000083400000, 0x0000000083400000|100%| O|  |TAMS 0x0000000083400000, 0x0000000083400000| Untracked 
|  52|0x0000000083400000, 0x0000000083500000, 0x0000000083500000|100%| O|  |TAMS 0x0000000083500000, 0x0000000083500000| Untracked 
|  53|0x0000000083500000, 0x0000000083600000, 0x0000000083600000|100%| O|  |TAMS 0x0000000083600000, 0x0000000083600000| Untracked 
|  54|0x0000000083600000, 0x0000000083700000, 0x0000000083700000|100%| O|  |TAMS 0x0000000083600000, 0x0000000083700000| Untracked 
|  55|0x0000000083700000, 0x0000000083800000, 0x0000000083800000|100%| O|  |TAMS 0x0000000083700000, 0x0000000083800000| Untracked 
|  56|0x0000000083800000, 0x0000000083900000, 0x0000000083900000|100%| O|  |TAMS 0x0000000083800000, 0x0000000083900000| Untracked 
|  57|0x0000000083900000, 0x0000000083a00000, 0x0000000083a00000|100%| O|  |TAMS 0x0000000083900000, 0x0000000083a00000| Untracked 
|  58|0x0000000083a00000, 0x0000000083b00000, 0x0000000083b00000|100%| O|  |TAMS 0x0000000083a00000, 0x0000000083b00000| Untracked 
|  59|0x0000000083b00000, 0x0000000083c00000, 0x0000000083c00000|100%| O|  |TAMS 0x0000000083b00000, 0x0000000083c00000| Untracked 
|  60|0x0000000083c00000, 0x0000000083d00000, 0x0000000083d00000|100%| O|  |TAMS 0x0000000083c00000, 0x0000000083d00000| Untracked 
|  61|0x0000000083d00000, 0x0000000083e00000, 0x0000000083e00000|100%| O|  |TAMS 0x0000000083d00000, 0x0000000083e00000| Untracked 
|  62|0x0000000083e00000, 0x0000000083f00000, 0x0000000083f00000|100%| O|  |TAMS 0x0000000083e00000, 0x0000000083f00000| Untracked 
|  63|0x0000000083f00000, 0x0000000084000000, 0x0000000084000000|100%| O|  |TAMS 0x0000000083f00000, 0x0000000084000000| Untracked 
|  64|0x0000000084000000, 0x0000000084100000, 0x0000000084100000|100%| O|  |TAMS 0x0000000084000000, 0x0000000084100000| Untracked 
|  65|0x0000000084100000, 0x0000000084200000, 0x0000000084200000|100%| O|  |TAMS 0x0000000084100000, 0x0000000084200000| Untracked 
|  66|0x0000000084200000, 0x0000000084300000, 0x0000000084300000|100%| O|  |TAMS 0x0000000084200000, 0x0000000084300000| Untracked 
|  67|0x0000000084300000, 0x0000000084400000, 0x0000000084400000|100%| O|  |TAMS 0x0000000084300000, 0x0000000084400000| Untracked 
|  68|0x0000000084400000, 0x0000000084500000, 0x0000000084500000|100%| O|  |TAMS 0x0000000084400000, 0x0000000084500000| Untracked 
|  69|0x0000000084500000, 0x0000000084600000, 0x0000000084600000|100%| O|  |TAMS 0x0000000084500000, 0x00000000845f3600| Untracked 
|  70|0x0000000084600000, 0x000000008469e400, 0x0000000084700000| 61%| O|  |TAMS 0x0000000084600000, 0x0000000084600000| Untracked 
|  71|0x0000000084700000, 0x0000000084700000, 0x0000000084800000|  0%| F|  |TAMS 0x0000000084700000, 0x0000000084700000| Untracked 
|  72|0x0000000084800000, 0x0000000084800000, 0x0000000084900000|  0%| F|  |TAMS 0x0000000084800000, 0x0000000084800000| Untracked 
|  73|0x0000000084900000, 0x0000000084900000, 0x0000000084a00000|  0%| F|  |TAMS 0x0000000084900000, 0x0000000084900000| Untracked 
|  74|0x0000000084a00000, 0x0000000084a00000, 0x0000000084b00000|  0%| F|  |TAMS 0x0000000084a00000, 0x0000000084a00000| Untracked 
|  75|0x0000000084b00000, 0x0000000084b00000, 0x0000000084c00000|  0%| F|  |TAMS 0x0000000084b00000, 0x0000000084b00000| Untracked 
|  76|0x0000000084c00000, 0x0000000084c00000, 0x0000000084d00000|  0%| F|  |TAMS 0x0000000084c00000, 0x0000000084c00000| Untracked 
|  77|0x0000000084d00000, 0x0000000084d00000, 0x0000000084e00000|  0%| F|  |TAMS 0x0000000084d00000, 0x0000000084d00000| Untracked 
|  78|0x0000000084e00000, 0x0000000084e00000, 0x0000000084f00000|  0%| F|  |TAMS 0x0000000084e00000, 0x0000000084e00000| Untracked 
|  79|0x0000000084f00000, 0x0000000084f00000, 0x0000000085000000|  0%| F|  |TAMS 0x0000000084f00000, 0x0000000084f00000| Untracked 
|  80|0x0000000085000000, 0x0000000085000000, 0x0000000085100000|  0%| F|  |TAMS 0x0000000085000000, 0x0000000085000000| Untracked 
|  81|0x0000000085100000, 0x0000000085100000, 0x0000000085200000|  0%| F|  |TAMS 0x0000000085100000, 0x0000000085100000| Untracked 
|  82|0x0000000085200000, 0x0000000085200000, 0x0000000085300000|  0%| F|  |TAMS 0x0000000085200000, 0x0000000085200000| Untracked 
|  83|0x0000000085300000, 0x0000000085300000, 0x0000000085400000|  0%| F|  |TAMS 0x0000000085300000, 0x0000000085300000| Untracked 
|  84|0x0000000085400000, 0x0000000085400000, 0x0000000085500000|  0%| F|  |TAMS 0x0000000085400000, 0x0000000085400000| Untracked 
|  85|0x0000000085500000, 0x0000000085500000, 0x0000000085600000|  0%| F|  |TAMS 0x0000000085500000, 0x0000000085500000| Untracked 
|  86|0x0000000085600000, 0x0000000085600000, 0x0000000085700000|  0%| F|  |TAMS 0x0000000085600000, 0x0000000085600000| Untracked 
|  87|0x0000000085700000, 0x0000000085700000, 0x0000000085800000|  0%| F|  |TAMS 0x0000000085700000, 0x0000000085700000| Untracked 
|  88|0x0000000085800000, 0x0000000085800000, 0x0000000085900000|  0%| F|  |TAMS 0x0000000085800000, 0x0000000085800000| Untracked 
|  89|0x0000000085900000, 0x0000000085900000, 0x0000000085a00000|  0%| F|  |TAMS 0x0000000085900000, 0x0000000085900000| Untracked 
|  90|0x0000000085a00000, 0x0000000085a00000, 0x0000000085b00000|  0%| F|  |TAMS 0x0000000085a00000, 0x0000000085a00000| Untracked 
|  91|0x0000000085b00000, 0x0000000085b00000, 0x0000000085c00000|  0%| F|  |TAMS 0x0000000085b00000, 0x0000000085b00000| Untracked 
|  92|0x0000000085c00000, 0x0000000085d00000, 0x0000000085d00000|100%| S|CS|TAMS 0x0000000085c00000, 0x0000000085c00000| Complete 
|  93|0x0000000085d00000, 0x0000000085e00000, 0x0000000085e00000|100%| S|CS|TAMS 0x0000000085d00000, 0x0000000085d00000| Complete 
|  94|0x0000000085e00000, 0x0000000085f00000, 0x0000000085f00000|100%| S|CS|TAMS 0x0000000085e00000, 0x0000000085e00000| Complete 
|  95|0x0000000085f00000, 0x0000000086000000, 0x0000000086000000|100%| S|CS|TAMS 0x0000000085f00000, 0x0000000085f00000| Complete 
|  96|0x0000000086000000, 0x0000000086100000, 0x0000000086100000|100%| S|CS|TAMS 0x0000000086000000, 0x0000000086000000| Complete 
|  97|0x0000000086100000, 0x0000000086100000, 0x0000000086200000|  0%| F|  |TAMS 0x0000000086100000, 0x0000000086100000| Untracked 
|  98|0x0000000086200000, 0x0000000086200000, 0x0000000086300000|  0%| F|  |TAMS 0x0000000086200000, 0x0000000086200000| Untracked 
|  99|0x0000000086300000, 0x0000000086300000, 0x0000000086400000|  0%| F|  |TAMS 0x0000000086300000, 0x0000000086300000| Untracked 
| 100|0x0000000086400000, 0x0000000086500000, 0x0000000086500000|100%| S|CS|TAMS 0x0000000086400000, 0x0000000086400000| Complete 
| 101|0x0000000086500000, 0x0000000086500000, 0x0000000086600000|  0%| F|  |TAMS 0x0000000086500000, 0x0000000086500000| Untracked 
| 102|0x0000000086600000, 0x0000000086600000, 0x0000000086700000|  0%| F|  |TAMS 0x0000000086600000, 0x0000000086600000| Untracked 
| 103|0x0000000086700000, 0x0000000086700000, 0x0000000086800000|  0%| F|  |TAMS 0x0000000086700000, 0x0000000086700000| Untracked 
| 104|0x0000000086800000, 0x0000000086800000, 0x0000000086900000|  0%| F|  |TAMS 0x0000000086800000, 0x0000000086800000| Untracked 
| 105|0x0000000086900000, 0x0000000086900000, 0x0000000086a00000|  0%| F|  |TAMS 0x0000000086900000, 0x0000000086900000| Untracked 
| 106|0x0000000086a00000, 0x0000000086a00000, 0x0000000086b00000|  0%| F|  |TAMS 0x0000000086a00000, 0x0000000086a00000| Untracked 
| 107|0x0000000086b00000, 0x0000000086b00000, 0x0000000086c00000|  0%| F|  |TAMS 0x0000000086b00000, 0x0000000086b00000| Untracked 
| 108|0x0000000086c00000, 0x0000000086c00000, 0x0000000086d00000|  0%| F|  |TAMS 0x0000000086c00000, 0x0000000086c00000| Untracked 
| 109|0x0000000086d00000, 0x0000000086d00000, 0x0000000086e00000|  0%| F|  |TAMS 0x0000000086d00000, 0x0000000086d00000| Untracked 
| 110|0x0000000086e00000, 0x0000000086e00000, 0x0000000086f00000|  0%| F|  |TAMS 0x0000000086e00000, 0x0000000086e00000| Untracked 
| 111|0x0000000086f00000, 0x0000000086f00000, 0x0000000087000000|  0%| F|  |TAMS 0x0000000086f00000, 0x0000000086f00000| Untracked 
| 112|0x0000000087000000, 0x0000000087000000, 0x0000000087100000|  0%| F|  |TAMS 0x0000000087000000, 0x0000000087000000| Untracked 
| 113|0x0000000087100000, 0x0000000087100000, 0x0000000087200000|  0%| F|  |TAMS 0x0000000087100000, 0x0000000087100000| Untracked 
| 114|0x0000000087200000, 0x0000000087200000, 0x0000000087300000|  0%| F|  |TAMS 0x0000000087200000, 0x0000000087200000| Untracked 
| 115|0x0000000087300000, 0x0000000087300000, 0x0000000087400000|  0%| F|  |TAMS 0x0000000087300000, 0x0000000087300000| Untracked 
| 116|0x0000000087400000, 0x0000000087400000, 0x0000000087500000|  0%| F|  |TAMS 0x0000000087400000, 0x0000000087400000| Untracked 
| 117|0x0000000087500000, 0x0000000087500000, 0x0000000087600000|  0%| F|  |TAMS 0x0000000087500000, 0x0000000087500000| Untracked 
| 118|0x0000000087600000, 0x0000000087600000, 0x0000000087700000|  0%| F|  |TAMS 0x0000000087600000, 0x0000000087600000| Untracked 
| 119|0x0000000087700000, 0x0000000087700000, 0x0000000087800000|  0%| F|  |TAMS 0x0000000087700000, 0x0000000087700000| Untracked 
| 120|0x0000000087800000, 0x0000000087800000, 0x0000000087900000|  0%| F|  |TAMS 0x0000000087800000, 0x0000000087800000| Untracked 
| 121|0x0000000087900000, 0x0000000087900000, 0x0000000087a00000|  0%| F|  |TAMS 0x0000000087900000, 0x0000000087900000| Untracked 
| 122|0x0000000087a00000, 0x0000000087a00000, 0x0000000087b00000|  0%| F|  |TAMS 0x0000000087a00000, 0x0000000087a00000| Untracked 
| 123|0x0000000087b00000, 0x0000000087b00000, 0x0000000087c00000|  0%| F|  |TAMS 0x0000000087b00000, 0x0000000087b00000| Untracked 
| 124|0x0000000087c00000, 0x0000000087c00000, 0x0000000087d00000|  0%| F|  |TAMS 0x0000000087c00000, 0x0000000087c00000| Untracked 
| 125|0x0000000087d00000, 0x0000000087d00000, 0x0000000087e00000|  0%| F|  |TAMS 0x0000000087d00000, 0x0000000087d00000| Untracked 
| 126|0x0000000087e00000, 0x0000000087e00000, 0x0000000087f00000|  0%| F|  |TAMS 0x0000000087e00000, 0x0000000087e00000| Untracked 
| 127|0x0000000087f00000, 0x0000000087f00000, 0x0000000088000000|  0%| F|  |TAMS 0x0000000087f00000, 0x0000000087f00000| Untracked 
| 128|0x0000000088000000, 0x0000000088000000, 0x0000000088100000|  0%| F|  |TAMS 0x0000000088000000, 0x0000000088000000| Untracked 
| 129|0x0000000088100000, 0x0000000088100000, 0x0000000088200000|  0%| F|  |TAMS 0x0000000088100000, 0x0000000088100000| Untracked 
| 130|0x0000000088200000, 0x0000000088200000, 0x0000000088300000|  0%| F|  |TAMS 0x0000000088200000, 0x0000000088200000| Untracked 
| 131|0x0000000088300000, 0x0000000088300000, 0x0000000088400000|  0%| F|  |TAMS 0x0000000088300000, 0x0000000088300000| Untracked 
| 132|0x0000000088400000, 0x0000000088400000, 0x0000000088500000|  0%| F|  |TAMS 0x0000000088400000, 0x0000000088400000| Untracked 
| 133|0x0000000088500000, 0x0000000088500000, 0x0000000088600000|  0%| F|  |TAMS 0x0000000088500000, 0x0000000088500000| Untracked 
| 134|0x0000000088600000, 0x0000000088600000, 0x0000000088700000|  0%| F|  |TAMS 0x0000000088600000, 0x0000000088600000| Untracked 
| 135|0x0000000088700000, 0x0000000088700000, 0x0000000088800000|  0%| F|  |TAMS 0x0000000088700000, 0x0000000088700000| Untracked 
| 136|0x0000000088800000, 0x0000000088800000, 0x0000000088900000|  0%| F|  |TAMS 0x0000000088800000, 0x0000000088800000| Untracked 
| 137|0x0000000088900000, 0x0000000088900000, 0x0000000088a00000|  0%| F|  |TAMS 0x0000000088900000, 0x0000000088900000| Untracked 
| 138|0x0000000088a00000, 0x0000000088a00000, 0x0000000088b00000|  0%| F|  |TAMS 0x0000000088a00000, 0x0000000088a00000| Untracked 
| 139|0x0000000088b00000, 0x0000000088b00000, 0x0000000088c00000|  0%| F|  |TAMS 0x0000000088b00000, 0x0000000088b00000| Untracked 
| 140|0x0000000088c00000, 0x0000000088c00000, 0x0000000088d00000|  0%| F|  |TAMS 0x0000000088c00000, 0x0000000088c00000| Untracked 

Card table byte_map: [0x0000020317230000,0x0000020317630000] _byte_map_base: 0x0000020316e30000

Marking Bits (Prev, Next): (CMBitMap*) 0x00000203049bef80, (CMBitMap*) 0x00000203049befc0
 Prev Bits: [0x0000020317a30000, 0x0000020319a30000)
 Next Bits: [0x0000020319a30000, 0x000002031ba30000)

Polling page: 0x00000203028e0000

Metaspace:

Usage:
  Non-class:     70.86 MB used.
      Class:     11.14 MB used.
       Both:     82.00 MB used.

Virtual space:
  Non-class space:       72.00 MB reserved,      71.19 MB ( 99%) committed,  9 nodes.
      Class space:        1.00 GB reserved,      11.44 MB (  1%) committed,  1 nodes.
             Both:        1.07 GB reserved,      82.62 MB (  8%) committed. 

Chunk freelists:
   Non-Class:  540.00 KB
       Class:  538.00 KB
        Both:  1.05 MB

MaxMetaspaceSize: unlimited
CompressedClassSpaceSize: 1.00 GB
Initial GC threshold: 21.00 MB
Current GC threshold: 96.19 MB
CDS: off
MetaspaceReclaimPolicy: balanced
 - commit_granule_bytes: 65536.
 - commit_granule_words: 8192.
 - virtual_space_node_default_size: 1048576.
 - enlarge_chunks_in_place: 1.
 - new_chunks_are_fully_committed: 0.
 - uncommit_free_chunks: 1.
 - use_allocation_guard: 0.
 - handle_deallocations: 1.


Internal statistics:

num_allocs_failed_limit: 6.
num_arena_births: 804.
num_arena_deaths: 0.
num_vsnodes_births: 10.
num_vsnodes_deaths: 0.
num_space_committed: 1322.
num_space_uncommitted: 0.
num_chunks_returned_to_freelist: 6.
num_chunks_taken_from_freelist: 3773.
num_chunk_merges: 6.
num_chunk_splits: 2544.
num_chunks_enlarged: 1765.
num_purges: 0.
num_inconsistent_stats: 0.

CodeHeap 'non-profiled nmethods': size=120000Kb used=4355Kb max_used=4355Kb free=115644Kb
 bounds [0x000002030f900000, 0x000002030fd50000, 0x0000020316e30000]
CodeHeap 'profiled nmethods': size=120000Kb used=14601Kb max_used=14601Kb free=105398Kb
 bounds [0x0000020307e30000, 0x0000020308c80000, 0x000002030f360000]
CodeHeap 'non-nmethods': size=5760Kb used=2375Kb max_used=2469Kb free=3384Kb
 bounds [0x000002030f360000, 0x000002030f5d0000, 0x000002030f900000]
 total_blobs=8568 nmethods=7660 adapters=820
 compilation: enabled
              stopped_count=0, restarted_count=0
 full_count=0

Compilation events (20 events):
Event: 22.051 Thread 0x000002031e923dc0 8593       3       org.codehaus.groovy.reflection.stdclasses.CachedSAMClass::isAssignableFrom (30 bytes)
Event: 22.051 Thread 0x000002031e923dc0 nmethod 8593 0x0000020308c6e190 code [0x0000020308c6e360, 0x0000020308c6e678]
Event: 22.054 Thread 0x00000203235bc930 nmethod 8560% 0x000002030fd32810 code [0x000002030fd329c0, 0x000002030fd33678]
Event: 22.054 Thread 0x00000203235bc930 8594       4       java.util.Arrays::binarySearch0 (95 bytes)
Event: 22.058 Thread 0x000002031e920d10 nmethod 8339 0x000002030fd33c10 code [0x000002030fd34200, 0x000002030fd3cbd8]
Event: 22.061 Thread 0x00000203235bc930 nmethod 8594 0x000002030fd40a10 code [0x000002030fd40ba0, 0x000002030fd40d38]
Event: 22.061 Thread 0x00000203235bc930 8589       4       org.codehaus.groovy.reflection.CachedMethod::compareToCachedMethod (160 bytes)
Event: 22.062 Thread 0x000002031e920d10 8591       4       java.lang.PublicMethods::merge (81 bytes)
Event: 22.063 Thread 0x000002031e923dc0 8595       3       sun.reflect.generics.reflectiveObjects.ParameterizedTypeImpl::equals (81 bytes)
Event: 22.063 Thread 0x000002031e923dc0 nmethod 8595 0x0000020308c6e790 code [0x0000020308c6e9e0, 0x0000020308c6f588]
Event: 22.064 Thread 0x000002031e923dc0 8596       3       com.sun.beans.util.Cache$Kind$Soft::isStale (14 bytes)
Event: 22.064 Thread 0x000002031e923dc0 nmethod 8596 0x0000020308c6f810 code [0x0000020308c6f9c0, 0x0000020308c6fbc8]
Event: 22.068 Thread 0x000002031e923dc0 8597       3       com.sun.beans.WeakCache::get (42 bytes)
Event: 22.068 Thread 0x000002031e923dc0 nmethod 8597 0x0000020308c6fc90 code [0x0000020308c6fe60, 0x0000020308c70348]
Event: 22.070 Thread 0x000002031e923dc0 8598       3       sun.reflect.generics.reflectiveObjects.TypeVariableImpl::equals (67 bytes)
Event: 22.071 Thread 0x000002031e923dc0 nmethod 8598 0x0000020308c70490 code [0x0000020308c706c0, 0x0000020308c71038]
Event: 22.076 Thread 0x000002031e923dc0 8601       3       java.util.stream.SpinedBuffer::copyInto (129 bytes)
Event: 22.077 Thread 0x000002031e923dc0 nmethod 8601 0x0000020308c71290 code [0x0000020308c714c0, 0x0000020308c71ef8]
Event: 22.077 Thread 0x000002031e923dc0 8600       3       java.util.stream.Nodes$SpinedNodeBuilder::copyInto (30 bytes)
Event: 22.077 Thread 0x000002031e923dc0 nmethod 8600 0x0000020308c72210 code [0x0000020308c723c0, 0x0000020308c72508]

GC Heap History (20 events):
Event: 13.553 GC heap after
{Heap after GC invocations=17 (full 0):
 garbage-first heap   total 82944K, used 43806K [0x0000000080000000, 0x0000000100000000)
  region size 1024K, 1 young (1024K), 1 survivors (1024K)
 Metaspace       used 53513K, committed 54016K, reserved 1097728K
  class space    used 7134K, committed 7360K, reserved 1048576K
}
Event: 13.972 GC heap before
{Heap before GC invocations=18 (full 0):
 garbage-first heap   total 97280K, used 67358K [0x0000000080000000, 0x0000000100000000)
  region size 1024K, 18 young (18432K), 1 survivors (1024K)
 Metaspace       used 55085K, committed 55616K, reserved 1097728K
  class space    used 7337K, committed 7552K, reserved 1048576K
}
Event: 13.977 GC heap after
{Heap after GC invocations=19 (full 0):
 garbage-first heap   total 97280K, used 54373K [0x0000000080000000, 0x0000000100000000)
  region size 1024K, 3 young (3072K), 3 survivors (3072K)
 Metaspace       used 55085K, committed 55616K, reserved 1097728K
  class space    used 7337K, committed 7552K, reserved 1048576K
}
Event: 14.015 GC heap before
{Heap before GC invocations=19 (full 0):
 garbage-first heap   total 97280K, used 55397K [0x0000000080000000, 0x0000000100000000)
  region size 1024K, 4 young (4096K), 3 survivors (3072K)
 Metaspace       used 55176K, committed 55680K, reserved 1097728K
  class space    used 7353K, committed 7552K, reserved 1048576K
}
Event: 14.021 GC heap after
{Heap after GC invocations=20 (full 0):
 garbage-first heap   total 97280K, used 54448K [0x0000000080000000, 0x0000000100000000)
  region size 1024K, 1 young (1024K), 1 survivors (1024K)
 Metaspace       used 55176K, committed 55680K, reserved 1097728K
  class space    used 7353K, committed 7552K, reserved 1048576K
}
Event: 14.650 GC heap before
{Heap before GC invocations=20 (full 0):
 garbage-first heap   total 97280K, used 71856K [0x0000000080000000, 0x0000000100000000)
  region size 1024K, 19 young (19456K), 1 survivors (1024K)
 Metaspace       used 57936K, committed 58432K, reserved 1105920K
  class space    used 7712K, committed 7936K, reserved 1048576K
}
Event: 14.655 GC heap after
{Heap after GC invocations=21 (full 0):
 garbage-first heap   total 144384K, used 55054K [0x0000000080000000, 0x0000000100000000)
  region size 1024K, 1 young (1024K), 1 survivors (1024K)
 Metaspace       used 57936K, committed 58432K, reserved 1105920K
  class space    used 7712K, committed 7936K, reserved 1048576K
}
Event: 16.205 GC heap before
{Heap before GC invocations=22 (full 0):
 garbage-first heap   total 144384K, used 112398K [0x0000000080000000, 0x0000000100000000)
  region size 1024K, 51 young (52224K), 1 survivors (1024K)
 Metaspace       used 65057K, committed 65600K, reserved 1114112K
  class space    used 8639K, committed 8896K, reserved 1048576K
}
Event: 16.214 GC heap after
{Heap after GC invocations=23 (full 0):
 garbage-first heap   total 144384K, used 59514K [0x0000000080000000, 0x0000000100000000)
  region size 1024K, 6 young (6144K), 6 survivors (6144K)
 Metaspace       used 65057K, committed 65600K, reserved 1114112K
  class space    used 8639K, committed 8896K, reserved 1048576K
}
Event: 16.233 GC heap before
{Heap before GC invocations=23 (full 0):
 garbage-first heap   total 144384K, used 60538K [0x0000000080000000, 0x0000000100000000)
  region size 1024K, 7 young (7168K), 6 survivors (6144K)
 Metaspace       used 65104K, committed 65664K, reserved 1114112K
  class space    used 8646K, committed 8896K, reserved 1048576K
}
Event: 16.242 GC heap after
{Heap after GC invocations=24 (full 0):
 garbage-first heap   total 144384K, used 59420K [0x0000000080000000, 0x0000000100000000)
  region size 1024K, 1 young (1024K), 1 survivors (1024K)
 Metaspace       used 65104K, committed 65664K, reserved 1114112K
  class space    used 8646K, committed 8896K, reserved 1048576K
}
Event: 17.574 GC heap before
{Heap before GC invocations=24 (full 0):
 garbage-first heap   total 144384K, used 109596K [0x0000000080000000, 0x0000000100000000)
  region size 1024K, 49 young (50176K), 1 survivors (1024K)
 Metaspace       used 69673K, committed 70208K, reserved 1114112K
  class space    used 9231K, committed 9472K, reserved 1048576K
}
Event: 17.584 GC heap after
{Heap after GC invocations=25 (full 0):
 garbage-first heap   total 144384K, used 62518K [0x0000000080000000, 0x0000000100000000)
  region size 1024K, 4 young (4096K), 4 survivors (4096K)
 Metaspace       used 69673K, committed 70208K, reserved 1114112K
  class space    used 9231K, committed 9472K, reserved 1048576K
}
Event: 18.799 GC heap before
{Heap before GC invocations=25 (full 0):
 garbage-first heap   total 144384K, used 110646K [0x0000000080000000, 0x0000000100000000)
  region size 1024K, 51 young (52224K), 4 survivors (4096K)
 Metaspace       used 74073K, committed 74624K, reserved 1114112K
  class space    used 9843K, committed 10112K, reserved 1048576K
}
Event: 18.813 GC heap after
{Heap after GC invocations=26 (full 0):
 garbage-first heap   total 144384K, used 66045K [0x0000000080000000, 0x0000000100000000)
  region size 1024K, 7 young (7168K), 7 survivors (7168K)
 Metaspace       used 74073K, committed 74624K, reserved 1114112K
  class space    used 9843K, committed 10112K, reserved 1048576K
}
Event: 19.956 GC heap before
{Heap before GC invocations=26 (full 0):
 garbage-first heap   total 144384K, used 113149K [0x0000000080000000, 0x0000000100000000)
  region size 1024K, 53 young (54272K), 7 survivors (7168K)
 Metaspace       used 77315K, committed 77952K, reserved 1122304K
  class space    used 10251K, committed 10560K, reserved 1048576K
}
Event: 19.978 GC heap after
{Heap after GC invocations=27 (full 0):
 garbage-first heap   total 144384K, used 71251K [0x0000000080000000, 0x0000000100000000)
  region size 1024K, 7 young (7168K), 7 survivors (7168K)
 Metaspace       used 77315K, committed 77952K, reserved 1122304K
  class space    used 10251K, committed 10560K, reserved 1048576K
}
Event: 21.292 GC heap before
{Heap before GC invocations=27 (full 0):
 garbage-first heap   total 144384K, used 113235K [0x0000000080000000, 0x0000000100000000)
  region size 1024K, 48 young (49152K), 7 survivors (7168K)
 Metaspace       used 82286K, committed 82944K, reserved 1122304K
  class space    used 11155K, committed 11456K, reserved 1048576K
}
Event: 21.310 GC heap after
{Heap after GC invocations=28 (full 0):
 garbage-first heap   total 144384K, used 74701K [0x0000000080000000, 0x0000000100000000)
  region size 1024K, 3 young (3072K), 3 survivors (3072K)
 Metaspace       used 82286K, committed 82944K, reserved 1122304K
  class space    used 11155K, committed 11456K, reserved 1048576K
}
Event: 22.082 GC heap before
{Heap before GC invocations=28 (full 0):
 garbage-first heap   total 144384K, used 115661K [0x0000000080000000, 0x0000000100000000)
  region size 1024K, 43 young (44032K), 3 survivors (3072K)
 Metaspace       used 83969K, committed 84608K, reserved 1122304K
  class space    used 11410K, committed 11712K, reserved 1048576K
}

Dll operation events (2 events):
Event: 0.014 Loaded shared library C:\Program Files\Android\Android Studio\jbr\bin\java.dll
Event: 1.629 Loaded shared library C:\Program Files\Android\Android Studio\jbr\bin\verify.dll

Deoptimization events (20 events):
Event: 20.143 Thread 0x00000203215b6a80 DEOPT PACKING pc=0x00000203089d4eed sp=0x000000c7f51f8560
Event: 20.143 Thread 0x00000203215b6a80 DEOPT UNPACKING pc=0x000002030f3b7143 sp=0x000000c7f51f7b00 mode 0
Event: 21.033 Thread 0x00000203215b6a80 Uncommon trap: trap_request=0xffffff45 fr.pc=0x000002030fc106cc relative=0x000000000000028c
Event: 21.033 Thread 0x00000203215b6a80 Uncommon trap: reason=unstable_if action=reinterpret pc=0x000002030fc106cc method=java.io.WinNTFileSystem.prefixLength(Ljava/lang/String;)I @ 11 c2
Event: 21.033 Thread 0x00000203215b6a80 DEOPT PACKING pc=0x000002030fc106cc sp=0x000000c7f51f8f60
Event: 21.033 Thread 0x00000203215b6a80 DEOPT UNPACKING pc=0x000002030f3b69a3 sp=0x000000c7f51f8ee0 mode 2
Event: 21.556 Thread 0x00000203215b6a80 DEOPT PACKING pc=0x00000203081ccfaa sp=0x000000c7f51f89d0
Event: 21.556 Thread 0x00000203215b6a80 DEOPT UNPACKING pc=0x000002030f3b7143 sp=0x000000c7f51f7e90 mode 0
Event: 21.981 Thread 0x00000203215b6a80 Uncommon trap: trap_request=0xffffff45 fr.pc=0x000002030f9e9068 relative=0x00000000000004a8
Event: 21.981 Thread 0x00000203215b6a80 Uncommon trap: reason=unstable_if action=reinterpret pc=0x000002030f9e9068 method=java.lang.StringLatin1.regionMatchesCI([BI[BII)Z @ 72 c2
Event: 21.981 Thread 0x00000203215b6a80 DEOPT PACKING pc=0x000002030f9e9068 sp=0x000000c7f51f88b0
Event: 21.982 Thread 0x00000203215b6a80 DEOPT UNPACKING pc=0x000002030f3b69a3 sp=0x000000c7f51f8818 mode 2
Event: 22.062 Thread 0x00000203215b6a80 Uncommon trap: trap_request=0xffffffde fr.pc=0x000002030fab1df8 relative=0x00000000000009b8
Event: 22.062 Thread 0x00000203215b6a80 Uncommon trap: reason=class_check action=maybe_recompile pc=0x000002030fab1df8 method=java.util.WeakHashMap.matchesKey(Ljava/util/WeakHashMap$Entry;Ljava/lang/Object;)Z @ 21 c2
Event: 22.062 Thread 0x00000203215b6a80 DEOPT PACKING pc=0x000002030fab1df8 sp=0x000000c7f51f6ba0
Event: 22.062 Thread 0x00000203215b6a80 DEOPT UNPACKING pc=0x000002030f3b69a3 sp=0x000000c7f51f6b00 mode 2
Event: 22.064 Thread 0x00000203215b6a80 Uncommon trap: trap_request=0xffffffde fr.pc=0x000002030fab1df8 relative=0x00000000000009b8
Event: 22.064 Thread 0x00000203215b6a80 Uncommon trap: reason=class_check action=maybe_recompile pc=0x000002030fab1df8 method=java.util.WeakHashMap.matchesKey(Ljava/util/WeakHashMap$Entry;Ljava/lang/Object;)Z @ 21 c2
Event: 22.064 Thread 0x00000203215b6a80 DEOPT PACKING pc=0x000002030fab1df8 sp=0x000000c7f51f6d20
Event: 22.064 Thread 0x00000203215b6a80 DEOPT UNPACKING pc=0x000002030f3b69a3 sp=0x000000c7f51f6c80 mode 2

Classes unloaded (0 events):
No events

Classes redefined (0 events):
No events

Internal exceptions (20 events):
Event: 21.783 Thread 0x00000203215b6a80 Exception <a 'java/lang/ClassNotFoundException'{0x00000000870fa270}: org/gradle/api/internal/DefaultNamedDomainObjectCollection$AbstractDomainObjectCreatingProviderBeanInfo> (0x00000000870fa270) 
thrown [s\src\hotspot\share\classfile\systemDictionary.cpp, line 256]
Event: 21.786 Thread 0x00000203215b6a80 Exception <a 'java/lang/ClassNotFoundException'{0x0000000086f07d50}: org/gradle/api/internal/DefaultNamedDomainObjectCollection$AbstractNamedDomainObjectProviderBeanInfo> (0x0000000086f07d50) 
thrown [s\src\hotspot\share\classfile\systemDictionary.cpp, line 256]
Event: 21.786 Thread 0x00000203215b6a80 Exception <a 'java/lang/ClassNotFoundException'{0x0000000086f150c8}: org/gradle/api/internal/provider/AbstractMinimalProviderBeanInfo> (0x0000000086f150c8) 
thrown [s\src\hotspot\share\classfile\systemDictionary.cpp, line 256]
Event: 21.787 Thread 0x00000203215b6a80 Exception <a 'java/lang/ClassNotFoundException'{0x0000000086f22430}: org/gradle/api/internal/provider/AbstractMinimalProviderCustomizer> (0x0000000086f22430) 
thrown [s\src\hotspot\share\classfile\systemDictionary.cpp, line 256]
Event: 21.789 Thread 0x00000203215b6a80 Exception <a 'java/lang/ClassNotFoundException'{0x0000000086f47770}: org/gradle/api/internal/DefaultNamedDomainObjectCollection$AbstractNamedDomainObjectProviderCustomizer> (0x0000000086f47770) 
thrown [s\src\hotspot\share\classfile\systemDictionary.cpp, line 256]
Event: 21.793 Thread 0x00000203215b6a80 Exception <a 'java/lang/ClassNotFoundException'{0x0000000086f68168}: org/gradle/api/internal/DefaultNamedDomainObjectCollection$AbstractDomainObjectCreatingProviderCustomizer> (0x0000000086f68168) 
thrown [s\src\hotspot\share\classfile\systemDictionary.cpp, line 256]
Event: 21.795 Thread 0x00000203215b6a80 Exception <a 'java/lang/ClassNotFoundException'{0x0000000086f80580}: org/gradle/api/internal/tasks/DefaultTaskContainer$TaskCreatingProviderCustomizer> (0x0000000086f80580) 
thrown [s\src\hotspot\share\classfile\systemDictionary.cpp, line 256]
Event: 21.796 Thread 0x00000203215b6a80 Exception <a 'java/lang/ClassNotFoundException'{0x0000000086f95588}: org/gradle/api/internal/tasks/DefaultTaskContainer$TaskCreatingProvider_DecoratedCustomizer> (0x0000000086f95588) 
thrown [s\src\hotspot\share\classfile\systemDictionary.cpp, line 256]
Event: 22.022 Thread 0x00000203215b6a80 Exception <a 'java/lang/ClassNotFoundException'{0x000000008694d3c0}: com/google/android/gms/dependencies/DependencyAnalyzerBeanInfo> (0x000000008694d3c0) 
thrown [s\src\hotspot\share\classfile\systemDictionary.cpp, line 256]
Event: 22.023 Thread 0x00000203215b6a80 Exception <a 'java/lang/ClassNotFoundException'{0x000000008695ad18}: com/google/android/gms/dependencies/DependencyAnalyzerCustomizer> (0x000000008695ad18) 
thrown [s\src\hotspot\share\classfile\systemDictionary.cpp, line 256]
Event: 22.036 Thread 0x00000203215b6a80 Exception <a 'java/lang/ClassNotFoundException'{0x00000000869b9ef0}: com/google/android/gms/dependencies/DependencyInspectorBeanInfo> (0x00000000869b9ef0) 
thrown [s\src\hotspot\share\classfile\systemDictionary.cpp, line 256]
Event: 22.037 Thread 0x00000203215b6a80 Exception <a 'java/lang/ClassNotFoundException'{0x00000000869c7898}: com/google/android/gms/dependencies/DependencyInspectorCustomizer> (0x00000000869c7898) 
thrown [s\src\hotspot\share\classfile\systemDictionary.cpp, line 256]
Event: 22.055 Thread 0x00000203215b6a80 Exception <a 'java/lang/ClassNotFoundException'{0x0000000086652388}: org/gradle/api/internal/artifacts/configurations/DefaultConfigurationContainer_DecoratedBeanInfo> (0x0000000086652388) 
thrown [s\src\hotspot\share\classfile\systemDictionary.cpp, line 256]
Event: 22.056 Thread 0x00000203215b6a80 Exception <a 'java/lang/ClassNotFoundException'{0x0000000086661c58}: org/gradle/api/internal/artifacts/configurations/DefaultConfigurationContainerBeanInfo> (0x0000000086661c58) 
thrown [s\src\hotspot\share\classfile\systemDictionary.cpp, line 256]
Event: 22.057 Thread 0x00000203215b6a80 Exception <a 'java/lang/ClassNotFoundException'{0x000000008666dd00}: org/gradle/api/internal/AbstractValidatingNamedDomainObjectContainerBeanInfo> (0x000000008666dd00) 
thrown [s\src\hotspot\share\classfile\systemDictionary.cpp, line 256]
Event: 22.058 Thread 0x00000203215b6a80 Exception <a 'java/lang/ClassNotFoundException'{0x0000000086679ca8}: org/gradle/api/internal/AbstractNamedDomainObjectContainerBeanInfo> (0x0000000086679ca8) 
thrown [s\src\hotspot\share\classfile\systemDictionary.cpp, line 256]
Event: 22.062 Thread 0x00000203215b6a80 Exception <a 'java/lang/ClassNotFoundException'{0x0000000086685ec8}: org/gradle/api/internal/AbstractNamedDomainObjectContainerCustomizer> (0x0000000086685ec8) 
thrown [s\src\hotspot\share\classfile\systemDictionary.cpp, line 256]
Event: 22.064 Thread 0x00000203215b6a80 Exception <a 'java/lang/ClassNotFoundException'{0x00000000866a5518}: org/gradle/api/internal/AbstractValidatingNamedDomainObjectContainerCustomizer> (0x00000000866a5518) 
thrown [s\src\hotspot\share\classfile\systemDictionary.cpp, line 256]
Event: 22.066 Thread 0x00000203215b6a80 Exception <a 'java/lang/ClassNotFoundException'{0x00000000866f04a0}: org/gradle/api/internal/artifacts/configurations/DefaultConfigurationContainerCustomizer> (0x00000000866f04a0) 
thrown [s\src\hotspot\share\classfile\systemDictionary.cpp, line 256]
Event: 22.069 Thread 0x00000203215b6a80 Exception <a 'java/lang/ClassNotFoundException'{0x0000000086514770}: org/gradle/api/internal/artifacts/configurations/DefaultConfigurationContainer_DecoratedCustomizer> (0x0000000086514770) 
thrown [s\src\hotspot\share\classfile\systemDictionary.cpp, line 256]

VM Operations (20 events):
Event: 18.244 Executing VM operation: HandshakeAllThreads done
Event: 18.799 Executing VM operation: G1CollectForAllocation
Event: 18.813 Executing VM operation: G1CollectForAllocation done
Event: 19.659 Executing VM operation: ICBufferFull
Event: 19.659 Executing VM operation: ICBufferFull done
Event: 19.841 Executing VM operation: HandshakeAllThreads
Event: 19.841 Executing VM operation: HandshakeAllThreads done
Event: 19.956 Executing VM operation: G1CollectForAllocation
Event: 19.978 Executing VM operation: G1CollectForAllocation done
Event: 20.413 Executing VM operation: HandshakeAllThreads
Event: 20.413 Executing VM operation: HandshakeAllThreads done
Event: 21.235 Executing VM operation: HandshakeAllThreads
Event: 21.235 Executing VM operation: HandshakeAllThreads done
Event: 21.235 Executing VM operation: Cleanup
Event: 21.236 Executing VM operation: Cleanup done
Event: 21.292 Executing VM operation: G1CollectForAllocation
Event: 21.310 Executing VM operation: G1CollectForAllocation done
Event: 22.010 Executing VM operation: HandshakeAllThreads
Event: 22.011 Executing VM operation: HandshakeAllThreads done
Event: 22.081 Executing VM operation: G1CollectForAllocation

Events (20 events):
Event: 21.719 loading class java/lang/StringCustomizer
Event: 21.719 loading class java/lang/StringCustomizer done
Event: 21.720 loading class java/lang/StringCustomizer
Event: 21.720 loading class java/lang/StringCustomizer done
Event: 21.766 loading class java/util/Collections$SingletonListBeanInfo
Event: 21.767 loading class java/util/Collections$SingletonListBeanInfo done
Event: 21.767 loading class java/util/Collections$SingletonListBeanInfo
Event: 21.767 loading class java/util/Collections$SingletonListBeanInfo done
Event: 21.768 loading class java/util/Collections$SingletonListCustomizer
Event: 21.768 loading class java/util/Collections$SingletonListCustomizer done
Event: 21.769 loading class java/util/Collections$SingletonListCustomizer
Event: 21.769 loading class java/util/Collections$SingletonListCustomizer done
Event: 22.008 loading class java/util/AbstractList$RandomAccessSubList
Event: 22.009 loading class java/util/AbstractList$SubList
Event: 22.009 loading class java/util/AbstractList$SubList done
Event: 22.009 loading class java/util/AbstractList$RandomAccessSubList done
Event: 22.009 loading class java/util/AbstractList$SubList$1
Event: 22.009 loading class java/util/AbstractList$SubList$1 done
Event: 22.009 loading class java/util/AbstractList$ListItr
Event: 22.010 loading class java/util/AbstractList$ListItr done


Dynamic libraries:
0x00007ff6d54d0000 - 0x00007ff6d54da000 	C:\Program Files\Android\Android Studio\jbr\bin\java.exe
0x00007fff2e350000 - 0x00007fff2e548000 	C:\Windows\SYSTEM32\ntdll.dll
0x00007fff2c830000 - 0x00007fff2c8ed000 	C:\Windows\System32\KERNEL32.DLL
0x00007fff2bd10000 - 0x00007fff2c006000 	C:\Windows\System32\KERNELBASE.dll
0x00007fff2ba20000 - 0x00007fff2bb20000 	C:\Windows\System32\ucrtbase.dll
0x00007fff21f80000 - 0x00007fff21f9b000 	C:\Program Files\Android\Android Studio\jbr\bin\VCRUNTIME140.dll
0x00007fff21f60000 - 0x00007fff21f77000 	C:\Program Files\Android\Android Studio\jbr\bin\jli.dll
0x00007fff2cf40000 - 0x00007fff2d0de000 	C:\Windows\System32\USER32.dll
0x00007fff2c010000 - 0x00007fff2c032000 	C:\Windows\System32\win32u.dll
0x00007fff16f40000 - 0x00007fff171da000 	C:\Windows\WinSxS\amd64_microsoft.windows.common-controls_6595b64144ccf1df_6.0.19041.3636_none_60b6a03d71f818d5\COMCTL32.dll
0x00007fff2c800000 - 0x00007fff2c82c000 	C:\Windows\System32\GDI32.dll
0x00007fff2e120000 - 0x00007fff2e1be000 	C:\Windows\System32\msvcrt.dll
0x00007fff2bbf0000 - 0x00007fff2bd0a000 	C:\Windows\System32\gdi32full.dll
0x00007fff2bb50000 - 0x00007fff2bbed000 	C:\Windows\System32\msvcp_win.dll
0x00007fff2cc10000 - 0x00007fff2cc40000 	C:\Windows\System32\IMM32.DLL
0x00007fff22420000 - 0x00007fff2242c000 	C:\Program Files\Android\Android Studio\jbr\bin\vcruntime140_1.dll
0x00007fff13d30000 - 0x00007fff13dbd000 	C:\Program Files\Android\Android Studio\jbr\bin\msvcp140.dll
0x00007ffedb5c0000 - 0x00007ffedc22d000 	C:\Program Files\Android\Android Studio\jbr\bin\server\jvm.dll
0x00007fff2e250000 - 0x00007fff2e303000 	C:\Windows\System32\ADVAPI32.dll
0x00007fff2c3a0000 - 0x00007fff2c43f000 	C:\Windows\System32\sechost.dll
0x00007fff2c9a0000 - 0x00007fff2cac6000 	C:\Windows\System32\RPCRT4.dll
0x00007fff2bb20000 - 0x00007fff2bb47000 	C:\Windows\System32\bcrypt.dll
0x00007fff1b250000 - 0x00007fff1b259000 	C:\Windows\SYSTEM32\WSOCK32.dll
0x00007fff2da90000 - 0x00007fff2dafb000 	C:\Windows\System32\WS2_32.dll
0x00007fff173b0000 - 0x00007fff173d7000 	C:\Windows\SYSTEM32\WINMM.dll
0x00007fff22e70000 - 0x00007fff22e7a000 	C:\Windows\SYSTEM32\VERSION.dll
0x00007fff2a220000 - 0x00007fff2a232000 	C:\Windows\SYSTEM32\kernel.appcore.dll
0x00007fff272c0000 - 0x00007fff272ca000 	C:\Program Files\Android\Android Studio\jbr\bin\jimage.dll
0x00007fff29f30000 - 0x00007fff2a114000 	C:\Windows\SYSTEM32\DBGHELP.DLL
0x00007fff15450000 - 0x00007fff15484000 	C:\Windows\SYSTEM32\dbgcore.DLL
0x00007fff2c310000 - 0x00007fff2c392000 	C:\Windows\System32\bcryptPrimitives.dll
0x00007fff224d0000 - 0x00007fff224f5000 	C:\Program Files\Android\Android Studio\jbr\bin\java.dll
0x00007fff24b50000 - 0x00007fff24b68000 	C:\Program Files\Android\Android Studio\jbr\bin\zip.dll
0x00007fff2d0e0000 - 0x00007fff2d825000 	C:\Windows\System32\SHELL32.dll
0x00007fff296c0000 - 0x00007fff29e5b000 	C:\Windows\SYSTEM32\windows.storage.dll
0x00007fff2c4a0000 - 0x00007fff2c7f4000 	C:\Windows\System32\combase.dll
0x00007fff2b2a0000 - 0x00007fff2b2cd000 	C:\Windows\SYSTEM32\Wldp.dll
0x00007fff2db00000 - 0x00007fff2dbad000 	C:\Windows\System32\SHCORE.dll
0x00007fff2cad0000 - 0x00007fff2cb25000 	C:\Windows\System32\shlwapi.dll
0x00007fff2b950000 - 0x00007fff2b975000 	C:\Windows\SYSTEM32\profapi.dll
0x00007fff24550000 - 0x00007fff24569000 	C:\Program Files\Android\Android Studio\jbr\bin\net.dll
0x00007fff1ca90000 - 0x00007fff1cb9a000 	C:\Windows\SYSTEM32\WINHTTP.dll
0x00007fff2b080000 - 0x00007fff2b0ea000 	C:\Windows\system32\mswsock.dll
0x00007fff22200000 - 0x00007fff22216000 	C:\Program Files\Android\Android Studio\jbr\bin\nio.dll
0x00007fff221f0000 - 0x00007fff22200000 	C:\Program Files\Android\Android Studio\jbr\bin\verify.dll
0x00007fff21fa0000 - 0x00007fff21fc7000 	C:\Users\Area 7 Computer\.gradle\native\68d5fa5c4cc2d200863cafc0d521ce42e7d3e7ee720ec0a83991735586a16f82\windows-amd64\native-platform.dll
0x00007fff098e0000 - 0x00007fff09a24000 	C:\Users\Area 7 Computer\.gradle\native\e376f236ea51e6404a007f0833ffe2c6e607c4080706a723a18a27aeea778392\windows-amd64\native-platform-file-events.dll
0x00007fff23000000 - 0x00007fff23009000 	C:\Program Files\Android\Android Studio\jbr\bin\management.dll
0x00007fff224c0000 - 0x00007fff224cb000 	C:\Program Files\Android\Android Studio\jbr\bin\management_ext.dll
0x00007fff2da80000 - 0x00007fff2da88000 	C:\Windows\System32\PSAPI.DLL
0x00007fff2b2e0000 - 0x00007fff2b2f8000 	C:\Windows\SYSTEM32\CRYPTSP.dll
0x00007fff2a9d0000 - 0x00007fff2aa04000 	C:\Windows\system32\rsaenh.dll
0x00007fff2b910000 - 0x00007fff2b93e000 	C:\Windows\SYSTEM32\USERENV.dll
0x00007fff2b210000 - 0x00007fff2b21c000 	C:\Windows\SYSTEM32\CRYPTBASE.dll
0x00007fff2ad90000 - 0x00007fff2adcb000 	C:\Windows\SYSTEM32\IPHLPAPI.DLL
0x00007fff2dbb0000 - 0x00007fff2dbb8000 	C:\Windows\System32\NSI.dll
0x00007fff20a00000 - 0x00007fff20a17000 	C:\Windows\SYSTEM32\dhcpcsvc6.DLL
0x00007fff20ea0000 - 0x00007fff20ebd000 	C:\Windows\SYSTEM32\dhcpcsvc.DLL
0x00007fff2add0000 - 0x00007fff2ae9a000 	C:\Windows\SYSTEM32\DNSAPI.dll
0x00007fff24580000 - 0x00007fff24587000 	C:\Windows\system32\wshunix.dll

dbghelp: loaded successfully - version: 4.0.5 - missing functions: none
symbol engine: initialized successfully - sym options: 0x614 - pdb path: .;C:\Program Files\Android\Android Studio\jbr\bin;C:\Windows\SYSTEM32;C:\Windows\WinSxS\amd64_microsoft.windows.common-controls_6595b64144ccf1df_6.0.19041.3636_none_60b6a03d71f818d5;C:\Program Files\Android\Android Studio\jbr\bin\server;C:\Users\Area 7 Computer\.gradle\native\68d5fa5c4cc2d200863cafc0d521ce42e7d3e7ee720ec0a83991735586a16f82\windows-amd64;C:\Users\Area 7 Computer\.gradle\native\e376f236ea51e6404a007f0833ffe2c6e607c4080706a723a18a27aeea778392\windows-amd64

VM Arguments:
jvm_args: --add-opens=java.base/java.util=ALL-UNNAMED --add-opens=java.base/java.lang=ALL-UNNAMED --add-opens=java.base/java.lang.invoke=ALL-UNNAMED --add-opens=java.prefs/java.util.prefs=ALL-UNNAMED --add-opens=java.base/java.nio.charset=ALL-UNNAMED --add-opens=java.base/java.net=ALL-UNNAMED --add-opens=java.base/java.util.concurrent.atomic=ALL-UNNAMED -Xmx2048m -Dfile.encoding=UTF-8 -Duser.country=US -Duser.language=en -Duser.variant 
java_command: org.gradle.launcher.daemon.bootstrap.GradleDaemon 8.0
java_class_path (initial): C:\Users\Area 7 Computer\.gradle\wrapper\dists\gradle-8.0-bin\ca5e32bp14vu59qr306oxotwh\gradle-8.0\lib\gradle-launcher-8.0.jar
Launcher Type: SUN_STANDARD

[Global flags]
     intx CICompilerCount                          = 3                                         {product} {ergonomic}
     uint ConcGCThreads                            = 1                                         {product} {ergonomic}
     uint G1ConcRefinementThreads                  = 4                                         {product} {ergonomic}
   size_t G1HeapRegionSize                         = 1048576                                   {product} {ergonomic}
    uintx GCDrainStackTargetSize                   = 64                                        {product} {ergonomic}
   size_t InitialHeapSize                          = 134217728                                 {product} {ergonomic}
   size_t MarkStackSize                            = 4194304                                   {product} {ergonomic}
   size_t MaxHeapSize                              = 2147483648                                {product} {command line}
   size_t MaxNewSize                               = 1287651328                                {product} {ergonomic}
   size_t MinHeapDeltaBytes                        = 1048576                                   {product} {ergonomic}
   size_t MinHeapSize                              = 8388608                                   {product} {ergonomic}
    uintx NonNMethodCodeHeapSize                   = 5832780                                {pd product} {ergonomic}
    uintx NonProfiledCodeHeapSize                  = 122912730                              {pd product} {ergonomic}
    uintx ProfiledCodeHeapSize                     = 122912730                              {pd product} {ergonomic}
    uintx ReservedCodeCacheSize                    = 251658240                              {pd product} {ergonomic}
     bool SegmentedCodeCache                       = true                                      {product} {ergonomic}
   size_t SoftMaxHeapSize                          = 2147483648                             {manageable} {ergonomic}
     bool UseCompressedClassPointers               = true                           {product lp64_product} {ergonomic}
     bool UseCompressedOops                        = true                           {product lp64_product} {ergonomic}
     bool UseG1GC                                  = true                                      {product} {ergonomic}
     bool UseLargePagesIndividualAllocation        = false                                  {pd product} {ergonomic}

Logging:
Log output configuration:
 #0: stdout all=warning uptime,level,tags
 #1: stderr all=off uptime,level,tags

Environment Variables:
JAVA_HOME=C:\Program Files (x86)\Java\jdk1.8.0_92
PATH=C:\ProgramData\Oracle\Java\javapath;D:\DevSuiteHome_1\jdk\jre\bin\classic;D:\DevSuiteHome_1\jdk\jre\bin;D:\DevSuiteHome_1\jdk\jre\bin\client;D:\DevSuiteHome_1\jlib;D:\DevSuiteHome_1\bin;D:\DevSuiteHome_1\jre\1.4.2\bin\client;D:\DevSuiteHome_1\jre\1.4.2\bin;C:\Windows\system32;C:\Windows;C:\Windows\System32\Wbem;C:\Windows\System32\WindowsPowerShell\v1.0\;C:\Windows\System32\OpenSSH\;C:\Program Files (x86)\Java\jdk1.8.0_92\bin;C:\Program Files\Microsoft SQL Server\150\Tools\Binn\;C:\Program Files\Microsoft SQL Server\Client SDK\ODBC\170\Tools\Binn\;C:\Program Files (x86)\Microsoft SQL Server\160\Tools\Binn\;C:\Program Files\Microsoft SQL Server\160\Tools\Binn\;C:\Program Files\Microsoft SQL Server\160\DTS\Binn\;C:\Program Files\Azure Data Studio\bin;C:\Program Files (x86)\Microsoft SQL Server\150\Tools\Binn\;C:\Program Files\Microsoft SQL Server\150\DTS\Binn\;C:\Program Files\Microsoft\Web Platform Installer\;C:\Program Files (x86)\Microsoft ASP.NET\ASP.NET Web Pages\v1.0\;C:\Program Files (x86)\Windows Kits\8.0\Windows Performance Toolkit\;D:\nodejs\;D:\Git\cmd;D:\GitHub CLI\;C:\Users\Area 7 Computer\AppData\Local\Microsoft\WindowsApps;;C:\Users\Area 7 Computer\AppData\Local\Programs\Microsoft VS Code\bin;C:\Program Files\Azure Data Studio\bin;C:\Users\Area 7 Computer\AppData\Roaming\npm
USERNAME=Area 7 Computer
OS=Windows_NT
PROCESSOR_IDENTIFIER=Intel64 Family 6 Model 78 Stepping 3, GenuineIntel
TMP=C:\Users\AREA7C~1\AppData\Local\Temp
TEMP=C:\Users\AREA7C~1\AppData\Local\Temp



---------------  S Y S T E M  ---------------

OS:
 Windows 10 , 64 bit Build 19041 (10.0.19041.3636)
OS uptime: 0 days 23:00 hours
Hyper-V role detected

CPU: total 4 (initial active 4) (2 cores per cpu, 2 threads per core) family 6 model 78 stepping 3 microcode 0xcc, cx8, cmov, fxsr, ht, mmx, 3dnowpref, sse, sse2, sse3, ssse3, sse4.1, sse4.2, popcnt, lzcnt, tsc, tscinvbit, avx, avx2, aes, erms, clmul, bmi1, bmi2, rtm, adx, fma, vzeroupper, clflush, clflushopt, hv

Memory: 4k page, system-wide physical 8076M (778M free)
TotalPageFile size 10124M (AvailPageFile size 6M)
current process WorkingSet (physical memory assigned to process): 355M, peak: 371M
current process commit charge ("private bytes"): 528M, peak: 530M

vm_info: OpenJDK 64-Bit Server VM (17.0.6+0-b2043.56-9586694) for windows-amd64 JRE (17.0.6+0-b2043.56-9586694), built on Feb  9 2023 20:06:20 by "androidbuild" with MS VC++ 16.10 / 16.11 (VS2019)

END.
