#
# There is insufficient memory for the Java Runtime Environment to continue.
# Native memory allocation (mmap) failed to map 242221056 bytes for G1 virtual space
# Possible reasons:
#   The system is out of physical RAM or swap space
#   The process is running with CompressedOops enabled, and the Java Heap may be blocking the growth of the native heap
# Possible solutions:
#   Reduce memory load on the system
#   Increase physical memory or swap space
#   Check if swap backing store is full
#   Decrease Java heap size (-Xmx/-Xms)
#   Decrease number of Java threads
#   Decrease Java thread stack sizes (-Xss)
#   Set larger code cache with -XX:ReservedCodeCacheSize=
#   JVM is running with Unscaled Compressed Oops mode in which the Java heap is
#     placed in the first 4GB address space. The Java Heap base address is the
#     maximum limit for the native heap growth. Please use -XX:HeapBaseMinAddress
#     to set the Java Heap base and to place the Java Heap above 4GB virtual address.
# This output file may be truncated or incomplete.
#
#  Out of Memory Error (os_windows.cpp:3769), pid=14064, tid=7224
#
# JRE version: OpenJDK Runtime Environment (17.0.6) (build 17.0.6+0-b2043.56-9586694)
# Java VM: OpenJDK 64-Bit Server VM (17.0.6+0-b2043.56-9586694, mixed mode, tiered, compressed oops, compressed class ptrs, g1 gc, windows-amd64)
# No core dump will be written. Minidumps are not enabled by default on client versions of Windows
#

---------------  S U M M A R Y ------------

Command Line: --add-opens=java.base/java.util=ALL-UNNAMED --add-opens=java.base/java.lang=ALL-UNNAMED --add-opens=java.base/java.lang.invoke=ALL-UNNAMED --add-opens=java.prefs/java.util.prefs=ALL-UNNAMED --add-opens=java.base/java.nio.charset=ALL-UNNAMED --add-opens=java.base/java.net=ALL-UNNAMED --add-opens=java.base/java.util.concurrent.atomic=ALL-UNNAMED -Xmx2048m -Dfile.encoding=UTF-8 -Duser.country=US -Duser.language=en -Duser.variant org.gradle.launcher.daemon.bootstrap.GradleDaemon 8.0

Host: Intel(R) Core(TM) i5-6300U CPU @ 2.40GHz, 4 cores, 7G,  Windows 10 , 64 bit Build 19041 (10.0.19041.3636)
Time: Tue Jan 16 21:23:52 2024 Pakistan Standard Time elapsed time: 39.890852 seconds (0d 0h 0m 39s)

---------------  T H R E A D  ---------------

Current thread (0x0000021be1c6fbc0):  VMThread "VM Thread" [stack: 0x0000004e68000000,0x0000004e68100000] [id=7224]

Stack: [0x0000004e68000000,0x0000004e68100000]
Native frames: (J=compiled Java code, j=interpreted, Vv=VM code, C=native code)
V  [jvm.dll+0x683b4a]
V  [jvm.dll+0x842654]
V  [jvm.dll+0x843dfe]
V  [jvm.dll+0x844463]
V  [jvm.dll+0x249b75]
V  [jvm.dll+0x680a19]
V  [jvm.dll+0x674f0a]
V  [jvm.dll+0x309acb]
V  [jvm.dll+0x310f86]
V  [jvm.dll+0x3608ee]
V  [jvm.dll+0x360b1f]
V  [jvm.dll+0x2dfbf8]
V  [jvm.dll+0x2ddec4]
V  [jvm.dll+0x2dd4cc]
V  [jvm.dll+0x321f3b]
V  [jvm.dll+0x84893b]
V  [jvm.dll+0x849674]
V  [jvm.dll+0x849b8d]
V  [jvm.dll+0x849f64]
V  [jvm.dll+0x84a030]
V  [jvm.dll+0x7f25fa]
V  [jvm.dll+0x682985]
C  [ucrtbase.dll+0x21bb2]
C  [KERNEL32.DLL+0x17344]
C  [ntdll.dll+0x526b1]

VM_Operation (0x0000004e6c9fd950): G1CollectForAllocation, mode: safepoint, requested by thread 0x0000021be4e9ca60


---------------  P R O C E S S  ---------------

Threads class SMR info:
_java_thread_list=0x0000021be6d94d90, length=88, elements={
0x0000021bc8686700, 0x0000021be2832260, 0x0000021be2833350, 0x0000021be1c68890,
0x0000021be2846700, 0x0000021be28490c0, 0x0000021be2849a70, 0x0000021be284a750,
0x0000021be2858710, 0x0000021be2859100, 0x0000021be29d68d0, 0x0000021be29d71b0,
0x0000021be42d6cf0, 0x0000021be42f72d0, 0x0000021be3730530, 0x0000021be43c8430,
0x0000021be372ffe0, 0x0000021be3787030, 0x0000021be2f0afd0, 0x0000021be368edf0,
0x0000021be368f2c0, 0x0000021be3691e10, 0x0000021be36922e0, 0x0000021be368f790,
0x0000021be3691940, 0x0000021be3690ad0, 0x0000021be3690fa0, 0x0000021be3691470,
0x0000021be368e920, 0x0000021be368fc60, 0x0000021be3690130, 0x0000021be3690600,
0x0000021be55eb7b0, 0x0000021be55e9600, 0x0000021be55ecfc0, 0x0000021be55ef170,
0x0000021be55e9130, 0x0000021be55ec150, 0x0000021be55eae10, 0x0000021be55ee300,
0x0000021be55efb10, 0x0000021be55effe0, 0x0000021be55ea470, 0x0000021be55ecaf0,
0x0000021be55e9ad0, 0x0000021be55ed490, 0x0000021be55ed960, 0x0000021be55e9fa0,
0x0000021be55e8790, 0x0000021be4e9f5b0, 0x0000021be4e9fa80, 0x0000021be4ea08f0,
0x0000021be4e9cf30, 0x0000021be4e9ad80, 0x0000021be4e99f10, 0x0000021be4e9bbf0,
0x0000021be4e9a8b0, 0x0000021be4e99570, 0x0000021be4e9d8d0, 0x0000021be4e9ff50,
0x0000021be4e99a40, 0x0000021be4e9b250, 0x0000021be4e9b720, 0x0000021be4e9c0c0,
0x0000021be4e9c590, 0x0000021be4ea0420, 0x0000021be4e9a3e0, 0x0000021be4e990a0,
0x0000021be4e9ca60, 0x0000021be4e9d400, 0x0000021be4e9dda0, 0x0000021be4e9e270,
0x0000021be4e9e740, 0x0000021be4e9ec10, 0x0000021be4e9f0e0, 0x0000021be5936c30,
0x0000021be5939c50, 0x0000021be5934a80, 0x0000021be5938440, 0x0000021be5932da0,
0x0000021be5935420, 0x0000021be59375d0, 0x0000021be73c8640, 0x0000021be5938de0,
0x0000021be5937aa0, 0x0000021be5937100, 0x0000021be59392b0, 0x0000021be5933740
}

Java Threads: ( => current thread )
  0x0000021bc8686700 JavaThread "main" [_thread_blocked, id=5916, stack(0x0000004e67a00000,0x0000004e67b00000)]
  0x0000021be2832260 JavaThread "Reference Handler" daemon [_thread_blocked, id=12740, stack(0x0000004e68100000,0x0000004e68200000)]
  0x0000021be2833350 JavaThread "Finalizer" daemon [_thread_blocked, id=3568, stack(0x0000004e68200000,0x0000004e68300000)]
  0x0000021be1c68890 JavaThread "Signal Dispatcher" daemon [_thread_blocked, id=3672, stack(0x0000004e68300000,0x0000004e68400000)]
  0x0000021be2846700 JavaThread "Attach Listener" daemon [_thread_blocked, id=11048, stack(0x0000004e68400000,0x0000004e68500000)]
  0x0000021be28490c0 JavaThread "Service Thread" daemon [_thread_blocked, id=6844, stack(0x0000004e68500000,0x0000004e68600000)]
  0x0000021be2849a70 JavaThread "Monitor Deflation Thread" daemon [_thread_blocked, id=6516, stack(0x0000004e68600000,0x0000004e68700000)]
  0x0000021be284a750 JavaThread "C2 CompilerThread0" daemon [_thread_blocked, id=6172, stack(0x0000004e68700000,0x0000004e68800000)]
  0x0000021be2858710 JavaThread "C1 CompilerThread0" daemon [_thread_blocked, id=6908, stack(0x0000004e68800000,0x0000004e68900000)]
  0x0000021be2859100 JavaThread "Sweeper thread" daemon [_thread_blocked, id=15156, stack(0x0000004e68900000,0x0000004e68a00000)]
  0x0000021be29d68d0 JavaThread "Common-Cleaner" daemon [_thread_blocked, id=12420, stack(0x0000004e68a00000,0x0000004e68b00000)]
  0x0000021be29d71b0 JavaThread "Notification Thread" daemon [_thread_blocked, id=9040, stack(0x0000004e68b00000,0x0000004e68c00000)]
  0x0000021be42d6cf0 JavaThread "Daemon health stats" [_thread_blocked, id=12624, stack(0x0000004e69000000,0x0000004e69100000)]
  0x0000021be42f72d0 JavaThread "Incoming local TCP Connector on port 25048" [_thread_in_native, id=8204, stack(0x0000004e69100000,0x0000004e69200000)]
  0x0000021be3730530 JavaThread "Daemon periodic checks" [_thread_blocked, id=14200, stack(0x0000004e69200000,0x0000004e69300000)]
  0x0000021be43c8430 JavaThread "Daemon" [_thread_blocked, id=15340, stack(0x0000004e69300000,0x0000004e69400000)]
  0x0000021be372ffe0 JavaThread "Handler for socket connection from /127.0.0.1:25048 to /127.0.0.1:25049" [_thread_in_native, id=7324, stack(0x0000004e69400000,0x0000004e69500000)]
  0x0000021be3787030 JavaThread "Cancel handler" [_thread_blocked, id=8832, stack(0x0000004e69500000,0x0000004e69600000)]
  0x0000021be2f0afd0 JavaThread "Daemon worker" [_thread_blocked, id=8568, stack(0x0000004e69600000,0x0000004e69700000)]
  0x0000021be368edf0 JavaThread "Asynchronous log dispatcher for DefaultDaemonConnection: socket connection from /127.0.0.1:25048 to /127.0.0.1:25049" [_thread_blocked, id=3220, stack(0x0000004e69700000,0x0000004e69800000)]
  0x0000021be368f2c0 JavaThread "Stdin handler" [_thread_blocked, id=2544, stack(0x0000004e69800000,0x0000004e69900000)]
  0x0000021be3691e10 JavaThread "Daemon client event forwarder" [_thread_blocked, id=11052, stack(0x0000004e69900000,0x0000004e69a00000)]
  0x0000021be36922e0 JavaThread "Cache worker for journal cache (C:\Users\Area 7 Computer\.gradle\caches\journal-1)" [_thread_blocked, id=6860, stack(0x0000004e69b00000,0x0000004e69c00000)]
  0x0000021be368f790 JavaThread "File lock request listener" [_thread_in_native, id=15312, stack(0x0000004e69c00000,0x0000004e69d00000)]
  0x0000021be3691940 JavaThread "Cache worker for file hash cache (C:\Users\Area 7 Computer\.gradle\caches\8.0\fileHashes)" [_thread_blocked, id=11508, stack(0x0000004e69d00000,0x0000004e69e00000)]
  0x0000021be3690ad0 JavaThread "File watcher server" daemon [_thread_blocked, id=6028, stack(0x0000004e69e00000,0x0000004e69f00000)]
  0x0000021be3690fa0 JavaThread "File watcher consumer" daemon [_thread_blocked, id=11120, stack(0x0000004e69f00000,0x0000004e6a000000)]
  0x0000021be3691470 JavaThread "Cache worker for checksums cache (D:\FYP\fypproject\FypDisasterManagement-1\FypDisasterManagement-1\FypDisasterManagement\.gradle\8.0\checksums)" [_thread_blocked, id=6548, stack(0x0000004e6a000000,0x0000004e6a100000)]
  0x0000021be368e920 JavaThread "Cache worker for cache directory md-rule (C:\Users\Area 7 Computer\.gradle\caches\8.0\md-rule)" [_thread_blocked, id=10200, stack(0x0000004e6a100000,0x0000004e6a200000)]
  0x0000021be368fc60 JavaThread "Cache worker for file content cache (C:\Users\Area 7 Computer\.gradle\caches\8.0\fileContent)" [_thread_blocked, id=6508, stack(0x0000004e6a200000,0x0000004e6a300000)]
  0x0000021be3690130 JavaThread "Cache worker for file hash cache (D:\FYP\fypproject\FypDisasterManagement-1\FypDisasterManagement-1\FypDisasterManagement\.gradle\8.0\fileHashes)" [_thread_blocked, id=3268, stack(0x0000004e6a300000,0x0000004e6a400000)]
  0x0000021be3690600 JavaThread "Cache worker for cache directory md-supplier (C:\Users\Area 7 Computer\.gradle\caches\8.0\md-supplier)" [_thread_blocked, id=8068, stack(0x0000004e69a00000,0x0000004e69b00000)]
  0x0000021be55eb7b0 JavaThread "Cache worker for execution history cache (C:\Users\Area 7 Computer\.gradle\caches\8.0\executionHistory)" [_thread_blocked, id=1184, stack(0x0000004e6a400000,0x0000004e6a500000)]
  0x0000021be55e9600 JavaThread "jar transforms" [_thread_blocked, id=13064, stack(0x0000004e6a500000,0x0000004e6a600000)]
  0x0000021be55ecfc0 JavaThread "jar transforms Thread 2" [_thread_blocked, id=11072, stack(0x0000004e6a700000,0x0000004e6a800000)]
  0x0000021be55ef170 JavaThread "Cache worker for kotlin-dsl (C:\Users\Area 7 Computer\.gradle\caches\8.0\kotlin-dsl)" [_thread_blocked, id=6808, stack(0x0000004e6a800000,0x0000004e6a900000)]
  0x0000021be55e9130 JavaThread "jar transforms Thread 3" [_thread_blocked, id=9972, stack(0x0000004e6a900000,0x0000004e6aa00000)]
  0x0000021be55ec150 JavaThread "jar transforms Thread 4" [_thread_blocked, id=7400, stack(0x0000004e6aa00000,0x0000004e6ab00000)]
  0x0000021be55eae10 JavaThread "Cache worker for dependencies-accessors (D:\FYP\fypproject\FypDisasterManagement-1\FypDisasterManagement-1\FypDisasterManagement\.gradle\8.0\dependencies-accessors)" [_thread_blocked, id=13332, stack(0x0000004e6ab00000,0x0000004e6ac00000)]
  0x0000021be55ee300 JavaThread "Cache worker for Build Output Cleanup Cache (D:\FYP\fypproject\FypDisasterManagement-1\FypDisasterManagement-1\FypDisasterManagement\.gradle\buildOutputCleanup)" [_thread_blocked, id=7804, stack(0x0000004e6ac00000,0x0000004e6ad00000)]
  0x0000021be55efb10 JavaThread "Unconstrained build operations" [_thread_blocked, id=8404, stack(0x0000004e6ad00000,0x0000004e6ae00000)]
  0x0000021be55effe0 JavaThread "Unconstrained build operations Thread 2" [_thread_blocked, id=8812, stack(0x0000004e6ae00000,0x0000004e6af00000)]
  0x0000021be55ea470 JavaThread "Unconstrained build operations Thread 3" [_thread_blocked, id=5680, stack(0x0000004e6af00000,0x0000004e6b000000)]
  0x0000021be55ecaf0 JavaThread "Unconstrained build operations Thread 4" [_thread_blocked, id=6656, stack(0x0000004e6b000000,0x0000004e6b100000)]
  0x0000021be55e9ad0 JavaThread "Unconstrained build operations Thread 5" [_thread_blocked, id=2056, stack(0x0000004e6b100000,0x0000004e6b200000)]
  0x0000021be55ed490 JavaThread "Unconstrained build operations Thread 6" [_thread_blocked, id=12256, stack(0x0000004e6b200000,0x0000004e6b300000)]
  0x0000021be55ed960 JavaThread "Unconstrained build operations Thread 7" [_thread_blocked, id=5824, stack(0x0000004e6b300000,0x0000004e6b400000)]
  0x0000021be55e9fa0 JavaThread "Unconstrained build operations Thread 8" [_thread_blocked, id=10560, stack(0x0000004e6b400000,0x0000004e6b500000)]
  0x0000021be55e8790 JavaThread "Unconstrained build operations Thread 9" [_thread_blocked, id=1020, stack(0x0000004e6b500000,0x0000004e6b600000)]
  0x0000021be4e9f5b0 JavaThread "Unconstrained build operations Thread 10" [_thread_blocked, id=7824, stack(0x0000004e6b600000,0x0000004e6b700000)]
  0x0000021be4e9fa80 JavaThread "Unconstrained build operations Thread 11" [_thread_blocked, id=15232, stack(0x0000004e6b700000,0x0000004e6b800000)]
  0x0000021be4ea08f0 JavaThread "Unconstrained build operations Thread 12" [_thread_blocked, id=264, stack(0x0000004e6b800000,0x0000004e6b900000)]
  0x0000021be4e9cf30 JavaThread "Unconstrained build operations Thread 13" [_thread_blocked, id=5104, stack(0x0000004e6b900000,0x0000004e6ba00000)]
  0x0000021be4e9ad80 JavaThread "Unconstrained build operations Thread 14" [_thread_blocked, id=13356, stack(0x0000004e6ba00000,0x0000004e6bb00000)]
  0x0000021be4e99f10 JavaThread "Unconstrained build operations Thread 15" [_thread_blocked, id=8964, stack(0x0000004e6bb00000,0x0000004e6bc00000)]
  0x0000021be4e9bbf0 JavaThread "Unconstrained build operations Thread 16" [_thread_blocked, id=8044, stack(0x0000004e6bc00000,0x0000004e6bd00000)]
  0x0000021be4e9a8b0 JavaThread "Unconstrained build operations Thread 17" [_thread_blocked, id=2016, stack(0x0000004e6bd00000,0x0000004e6be00000)]
  0x0000021be4e99570 JavaThread "Unconstrained build operations Thread 18" [_thread_blocked, id=12264, stack(0x0000004e6be00000,0x0000004e6bf00000)]
  0x0000021be4e9d8d0 JavaThread "Unconstrained build operations Thread 19" [_thread_blocked, id=5156, stack(0x0000004e6bf00000,0x0000004e6c000000)]
  0x0000021be4e9ff50 JavaThread "Unconstrained build operations Thread 20" [_thread_blocked, id=2616, stack(0x0000004e6c000000,0x0000004e6c100000)]
  0x0000021be4e99a40 JavaThread "Unconstrained build operations Thread 21" [_thread_blocked, id=5936, stack(0x0000004e6c100000,0x0000004e6c200000)]
  0x0000021be4e9b250 JavaThread "Unconstrained build operations Thread 22" [_thread_blocked, id=1972, stack(0x0000004e6c200000,0x0000004e6c300000)]
  0x0000021be4e9b720 JavaThread "Unconstrained build operations Thread 23" [_thread_blocked, id=9656, stack(0x0000004e6c300000,0x0000004e6c400000)]
  0x0000021be4e9c0c0 JavaThread "Unconstrained build operations Thread 24" [_thread_blocked, id=8800, stack(0x0000004e6c400000,0x0000004e6c500000)]
  0x0000021be4e9c590 JavaThread "Unconstrained build operations Thread 25" [_thread_blocked, id=3060, stack(0x0000004e6c500000,0x0000004e6c600000)]
  0x0000021be4ea0420 JavaThread "Unconstrained build operations Thread 26" [_thread_blocked, id=11196, stack(0x0000004e6c600000,0x0000004e6c700000)]
  0x0000021be4e9a3e0 JavaThread "Unconstrained build operations Thread 27" [_thread_blocked, id=12128, stack(0x0000004e6c700000,0x0000004e6c800000)]
  0x0000021be4e990a0 JavaThread "Unconstrained build operations Thread 28" [_thread_blocked, id=9936, stack(0x0000004e6c800000,0x0000004e6c900000)]
  0x0000021be4e9ca60 JavaThread "Unconstrained build operations Thread 29" [_thread_blocked, id=14560, stack(0x0000004e6c900000,0x0000004e6ca00000)]
  0x0000021be4e9d400 JavaThread "Unconstrained build operations Thread 30" [_thread_blocked, id=12656, stack(0x0000004e6ca00000,0x0000004e6cb00000)]
  0x0000021be4e9dda0 JavaThread "Unconstrained build operations Thread 31" [_thread_blocked, id=3564, stack(0x0000004e6cb00000,0x0000004e6cc00000)]
  0x0000021be4e9e270 JavaThread "Unconstrained build operations Thread 32" [_thread_blocked, id=12548, stack(0x0000004e6cc00000,0x0000004e6cd00000)]
  0x0000021be4e9e740 JavaThread "Unconstrained build operations Thread 33" [_thread_blocked, id=11480, stack(0x0000004e6cd00000,0x0000004e6ce00000)]
  0x0000021be4e9ec10 JavaThread "Unconstrained build operations Thread 34" [_thread_blocked, id=4888, stack(0x0000004e6ce00000,0x0000004e6cf00000)]
  0x0000021be4e9f0e0 JavaThread "Unconstrained build operations Thread 35" [_thread_blocked, id=14832, stack(0x0000004e6cf00000,0x0000004e6d000000)]
  0x0000021be5936c30 JavaThread "Unconstrained build operations Thread 36" [_thread_blocked, id=4904, stack(0x0000004e6d000000,0x0000004e6d100000)]
  0x0000021be5939c50 JavaThread "Unconstrained build operations Thread 37" [_thread_blocked, id=13236, stack(0x0000004e6d100000,0x0000004e6d200000)]
  0x0000021be5934a80 JavaThread "Unconstrained build operations Thread 38" [_thread_blocked, id=280, stack(0x0000004e6d200000,0x0000004e6d300000)]
  0x0000021be5938440 JavaThread "Unconstrained build operations Thread 39" [_thread_blocked, id=13244, stack(0x0000004e6d300000,0x0000004e6d400000)]
  0x0000021be5932da0 JavaThread "Unconstrained build operations Thread 40" [_thread_blocked, id=15164, stack(0x0000004e6d400000,0x0000004e6d500000)]
  0x0000021be5935420 JavaThread "build event listener" [_thread_blocked, id=12176, stack(0x0000004e6d600000,0x0000004e6d700000)]
  0x0000021be59375d0 JavaThread "Memory manager" [_thread_blocked, id=13076, stack(0x0000004e6d700000,0x0000004e6d800000)]
  0x0000021be73c8640 JavaThread "C2 CompilerThread1" daemon [_thread_in_native, id=2608, stack(0x0000004e6a600000,0x0000004e6a700000)]
  0x0000021be5938de0 JavaThread "included builds" [_thread_blocked, id=3996, stack(0x0000004e67800000,0x0000004e67900000)]
  0x0000021be5937aa0 JavaThread "Execution worker" [_thread_blocked, id=5504, stack(0x0000004e6d800000,0x0000004e6d900000)]
  0x0000021be5937100 JavaThread "Execution worker Thread 2" [_thread_blocked, id=15028, stack(0x0000004e6d900000,0x0000004e6da00000)]
  0x0000021be59392b0 JavaThread "Execution worker Thread 3" [_thread_blocked, id=10296, stack(0x0000004e6da00000,0x0000004e6db00000)]
  0x0000021be5933740 JavaThread "Cache worker for execution history cache (D:\FYP\fypproject\FypDisasterManagement-1\FypDisasterManagement-1\FypDisasterManagement\.gradle\8.0\executionHistory)" [_thread_blocked, id=12836, stack(0x0000004e6db00000,0x0000004e6dc00000)]

Other Threads:
=>0x0000021be1c6fbc0 VMThread "VM Thread" [stack: 0x0000004e68000000,0x0000004e68100000] [id=7224]
  0x0000021bc86f73d0 WatcherThread [stack: 0x0000004e68c00000,0x0000004e68d00000] [id=15184]
  0x0000021bc86dcbb0 GCTaskThread "GC Thread#0" [stack: 0x0000004e67b00000,0x0000004e67c00000] [id=11404]
  0x0000021be2e6b6f0 GCTaskThread "GC Thread#1" [stack: 0x0000004e68d00000,0x0000004e68e00000] [id=6208]
  0x0000021be2ba5ee0 GCTaskThread "GC Thread#2" [stack: 0x0000004e68e00000,0x0000004e68f00000] [id=13776]
  0x0000021be35d94a0 GCTaskThread "GC Thread#3" [stack: 0x0000004e68f00000,0x0000004e69000000] [id=6064]
  0x0000021bc86eeb00 ConcurrentGCThread "G1 Main Marker" [stack: 0x0000004e67c00000,0x0000004e67d00000] [id=5124]
  0x0000021bc86efcb0 ConcurrentGCThread "G1 Conc#0" [stack: 0x0000004e67d00000,0x0000004e67e00000] [id=12204]
  0x0000021bc874e830 ConcurrentGCThread "G1 Refine#0" [stack: 0x0000004e67e00000,0x0000004e67f00000] [id=6512]
  0x0000021be78115c0 ConcurrentGCThread "G1 Refine#1" [stack: 0x0000004e6d500000,0x0000004e6d600000] [id=13188]
  0x0000021be1ad5490 ConcurrentGCThread "G1 Service" [stack: 0x0000004e67f00000,0x0000004e68000000] [id=2648]

Threads with active compile tasks:
C2 CompilerThread0    39949 12449   !   4       org.gradle.cache.internal.DefaultMultiProcessSafePersistentIndexedCache::getIfPresent (25 bytes)
C2 CompilerThread1    39949 12445   !   4       java.util.concurrent.FutureTask::run (123 bytes)

VM state: at safepoint (normal execution)

VM Mutex/Monitor currently owned by a thread:  ([mutex/lock_event])
[0x0000021bc86834e0] Threads_lock - owner thread: 0x0000021be1c6fbc0
[0x0000021bc8681b00] Heap_lock - owner thread: 0x0000021be4e9ca60

Heap address: 0x0000000080000000, size: 2048 MB, Compressed Oops mode: 32-bit

CDS archive(s) not mapped
Compressed class space mapped at: 0x0000000100000000-0x0000000140000000, reserved size: 1073741824
Narrow klass base: 0x0000000000000000, Narrow klass shift: 3, Narrow klass range: 0x140000000

GC Precious Log:
 CPUs: 4 total, 4 available
 Memory: 8076M
 Large Page Support: Disabled
 NUMA Support: Disabled
 Compressed Oops: Enabled (32-bit)
 Heap Region Size: 1M
 Heap Min Capacity: 8M
 Heap Initial Capacity: 128M
 Heap Max Capacity: 2G
 Pre-touch: Disabled
 Parallel Workers: 4
 Concurrent Workers: 1
 Concurrent Refinement Workers: 4
 Periodic GC: Disabled

Heap:
 garbage-first heap   total 196608K, used 117504K [0x0000000080000000, 0x0000000100000000)
  region size 1024K, 6 young (6144K), 6 survivors (6144K)
 Metaspace       used 96478K, committed 97152K, reserved 1138688K
  class space    used 13153K, committed 13440K, reserved 1048576K

Heap Regions: E=young(eden), S=young(survivor), O=old, HS=humongous(starts), HC=humongous(continues), CS=collection set, F=free, OA=open archive, CA=closed archive, TAMS=top-at-mark-start (previous, next)
|   0|0x0000000080000000, 0x0000000080100000, 0x0000000080100000|100%| O|  |TAMS 0x0000000080100000, 0x0000000080000000| Untracked 
|   1|0x0000000080100000, 0x0000000080200000, 0x0000000080200000|100%| O|  |TAMS 0x0000000080200000, 0x0000000080100000| Untracked 
|   2|0x0000000080200000, 0x0000000080300000, 0x0000000080300000|100%|HS|  |TAMS 0x0000000080300000, 0x0000000080200000| Complete 
|   3|0x0000000080300000, 0x0000000080400000, 0x0000000080400000|100%|HC|  |TAMS 0x0000000080400000, 0x0000000080300000| Complete 
|   4|0x0000000080400000, 0x0000000080500000, 0x0000000080500000|100%|HC|  |TAMS 0x0000000080500000, 0x0000000080400000| Complete 
|   5|0x0000000080500000, 0x0000000080600000, 0x0000000080600000|100%|HC|  |TAMS 0x0000000080600000, 0x0000000080500000| Complete 
|   6|0x0000000080600000, 0x0000000080700000, 0x0000000080700000|100%| O|  |TAMS 0x0000000080700000, 0x0000000080600000| Untracked 
|   7|0x0000000080700000, 0x0000000080800000, 0x0000000080800000|100%| O|  |TAMS 0x0000000080800000, 0x0000000080700000| Untracked 
|   8|0x0000000080800000, 0x0000000080900000, 0x0000000080900000|100%| O|  |TAMS 0x0000000080900000, 0x0000000080800000| Untracked 
|   9|0x0000000080900000, 0x0000000080a00000, 0x0000000080a00000|100%| O|  |TAMS 0x0000000080a00000, 0x0000000080900000| Untracked 
|  10|0x0000000080a00000, 0x0000000080b00000, 0x0000000080b00000|100%| O|  |TAMS 0x0000000080b00000, 0x0000000080a00000| Untracked 
|  11|0x0000000080b00000, 0x0000000080c00000, 0x0000000080c00000|100%| O|  |TAMS 0x0000000080c00000, 0x0000000080b00000| Untracked 
|  12|0x0000000080c00000, 0x0000000080d00000, 0x0000000080d00000|100%|HS|  |TAMS 0x0000000080d00000, 0x0000000080c00000| Complete 
|  13|0x0000000080d00000, 0x0000000080e00000, 0x0000000080e00000|100%| O|  |TAMS 0x0000000080e00000, 0x0000000080d00000| Untracked 
|  14|0x0000000080e00000, 0x0000000080f00000, 0x0000000080f00000|100%| O|  |TAMS 0x0000000080f00000, 0x0000000080e00000| Untracked 
|  15|0x0000000080f00000, 0x0000000081000000, 0x0000000081000000|100%| O|  |TAMS 0x0000000081000000, 0x0000000080f00000| Untracked 
|  16|0x0000000081000000, 0x0000000081100000, 0x0000000081100000|100%| O|  |TAMS 0x0000000081100000, 0x0000000081000000| Untracked 
|  17|0x0000000081100000, 0x0000000081200000, 0x0000000081200000|100%| O|  |TAMS 0x0000000081200000, 0x0000000081100000| Untracked 
|  18|0x0000000081200000, 0x0000000081300000, 0x0000000081300000|100%| O|  |TAMS 0x0000000081300000, 0x0000000081200000| Untracked 
|  19|0x0000000081300000, 0x0000000081400000, 0x0000000081400000|100%| O|  |TAMS 0x0000000081400000, 0x0000000081300000| Untracked 
|  20|0x0000000081400000, 0x0000000081500000, 0x0000000081500000|100%| O|  |TAMS 0x0000000081500000, 0x0000000081400000| Untracked 
|  21|0x0000000081500000, 0x0000000081600000, 0x0000000081600000|100%| O|  |TAMS 0x0000000081600000, 0x0000000081500000| Untracked 
|  22|0x0000000081600000, 0x0000000081700000, 0x0000000081700000|100%| O|  |TAMS 0x0000000081700000, 0x0000000081600000| Untracked 
|  23|0x0000000081700000, 0x0000000081800000, 0x0000000081800000|100%| O|  |TAMS 0x0000000081800000, 0x0000000081700000| Untracked 
|  24|0x0000000081800000, 0x0000000081900000, 0x0000000081900000|100%| O|  |TAMS 0x0000000081900000, 0x0000000081800000| Untracked 
|  25|0x0000000081900000, 0x0000000081a00000, 0x0000000081a00000|100%| O|  |TAMS 0x0000000081a00000, 0x0000000081900000| Untracked 
|  26|0x0000000081a00000, 0x0000000081b00000, 0x0000000081b00000|100%| O|  |TAMS 0x0000000081b00000, 0x0000000081a00000| Untracked 
|  27|0x0000000081b00000, 0x0000000081c00000, 0x0000000081c00000|100%| O|  |TAMS 0x0000000081c00000, 0x0000000081b00000| Untracked 
|  28|0x0000000081c00000, 0x0000000081d00000, 0x0000000081d00000|100%|HS|  |TAMS 0x0000000081d00000, 0x0000000081c00000| Complete 
|  29|0x0000000081d00000, 0x0000000081e00000, 0x0000000081e00000|100%|HS|  |TAMS 0x0000000081e00000, 0x0000000081d00000| Complete 
|  30|0x0000000081e00000, 0x0000000081f00000, 0x0000000081f00000|100%|HC|  |TAMS 0x0000000081f00000, 0x0000000081e00000| Complete 
|  31|0x0000000081f00000, 0x0000000082000000, 0x0000000082000000|100%|HS|  |TAMS 0x0000000082000000, 0x0000000081f00000| Complete 
|  32|0x0000000082000000, 0x0000000082100000, 0x0000000082100000|100%|HC|  |TAMS 0x0000000082100000, 0x0000000082000000| Complete 
|  33|0x0000000082100000, 0x0000000082200000, 0x0000000082200000|100%|HC|  |TAMS 0x0000000082200000, 0x0000000082100000| Complete 
|  34|0x0000000082200000, 0x0000000082300000, 0x0000000082300000|100%|HC|  |TAMS 0x0000000082300000, 0x0000000082200000| Complete 
|  35|0x0000000082300000, 0x0000000082400000, 0x0000000082400000|100%| O|  |TAMS 0x0000000082400000, 0x0000000082300000| Untracked 
|  36|0x0000000082400000, 0x0000000082500000, 0x0000000082500000|100%| O|  |TAMS 0x0000000082500000, 0x0000000082400000| Untracked 
|  37|0x0000000082500000, 0x0000000082600000, 0x0000000082600000|100%| O|  |TAMS 0x0000000082600000, 0x0000000082500000| Untracked 
|  38|0x0000000082600000, 0x0000000082700000, 0x0000000082700000|100%| O|  |TAMS 0x0000000082700000, 0x0000000082600000| Untracked 
|  39|0x0000000082700000, 0x0000000082800000, 0x0000000082800000|100%| O|  |TAMS 0x0000000082800000, 0x0000000082700000| Untracked 
|  40|0x0000000082800000, 0x0000000082900000, 0x0000000082900000|100%| O|  |TAMS 0x0000000082800000, 0x0000000082800000| Untracked 
|  41|0x0000000082900000, 0x0000000082a00000, 0x0000000082a00000|100%| O|  |TAMS 0x0000000082900000, 0x0000000082900000| Untracked 
|  42|0x0000000082a00000, 0x0000000082b00000, 0x0000000082b00000|100%| O|  |TAMS 0x0000000082b00000, 0x0000000082a00000| Untracked 
|  43|0x0000000082b00000, 0x0000000082c00000, 0x0000000082c00000|100%| O|  |TAMS 0x0000000082c00000, 0x0000000082b00000| Untracked 
|  44|0x0000000082c00000, 0x0000000082d00000, 0x0000000082d00000|100%| O|  |TAMS 0x0000000082d00000, 0x0000000082c00000| Untracked 
|  45|0x0000000082d00000, 0x0000000082e00000, 0x0000000082e00000|100%| O|  |TAMS 0x0000000082e00000, 0x0000000082d00000| Untracked 
|  46|0x0000000082e00000, 0x0000000082f00000, 0x0000000082f00000|100%| O|  |TAMS 0x0000000082f00000, 0x0000000082e00000| Untracked 
|  47|0x0000000082f00000, 0x0000000083000000, 0x0000000083000000|100%| O|  |TAMS 0x0000000083000000, 0x0000000082f00000| Untracked 
|  48|0x0000000083000000, 0x0000000083100000, 0x0000000083100000|100%| O|  |TAMS 0x0000000083100000, 0x0000000083000000| Untracked 
|  49|0x0000000083100000, 0x0000000083200000, 0x0000000083200000|100%| O|  |TAMS 0x0000000083200000, 0x0000000083100000| Untracked 
|  50|0x0000000083200000, 0x0000000083300000, 0x0000000083300000|100%| O|  |TAMS 0x0000000083300000, 0x0000000083200000| Untracked 
|  51|0x0000000083300000, 0x0000000083400000, 0x0000000083400000|100%| O|  |TAMS 0x0000000083400000, 0x0000000083300000| Untracked 
|  52|0x0000000083400000, 0x0000000083500000, 0x0000000083500000|100%| O|  |TAMS 0x0000000083500000, 0x0000000083400000| Untracked 
|  53|0x0000000083500000, 0x0000000083600000, 0x0000000083600000|100%| O|  |TAMS 0x0000000083600000, 0x0000000083500000| Untracked 
|  54|0x0000000083600000, 0x0000000083700000, 0x0000000083700000|100%| O|  |TAMS 0x0000000083700000, 0x0000000083600000| Untracked 
|  55|0x0000000083700000, 0x0000000083800000, 0x0000000083800000|100%| O|  |TAMS 0x0000000083800000, 0x0000000083700000| Untracked 
|  56|0x0000000083800000, 0x0000000083900000, 0x0000000083900000|100%| O|  |TAMS 0x0000000083900000, 0x0000000083800000| Untracked 
|  57|0x0000000083900000, 0x0000000083a00000, 0x0000000083a00000|100%| O|  |TAMS 0x0000000083a00000, 0x0000000083900000| Untracked 
|  58|0x0000000083a00000, 0x0000000083b00000, 0x0000000083b00000|100%| O|  |TAMS 0x0000000083b00000, 0x0000000083a00000| Untracked 
|  59|0x0000000083b00000, 0x0000000083c00000, 0x0000000083c00000|100%| O|  |TAMS 0x0000000083c00000, 0x0000000083b00000| Untracked 
|  60|0x0000000083c00000, 0x0000000083d00000, 0x0000000083d00000|100%| O|  |TAMS 0x0000000083d00000, 0x0000000083c00000| Untracked 
|  61|0x0000000083d00000, 0x0000000083e00000, 0x0000000083e00000|100%| O|  |TAMS 0x0000000083e00000, 0x0000000083d00000| Untracked 
|  62|0x0000000083e00000, 0x0000000083f00000, 0x0000000083f00000|100%| O|  |TAMS 0x0000000083f00000, 0x0000000083e00000| Untracked 
|  63|0x0000000083f00000, 0x0000000084000000, 0x0000000084000000|100%| O|  |TAMS 0x0000000084000000, 0x0000000083f00000| Untracked 
|  64|0x0000000084000000, 0x0000000084100000, 0x0000000084100000|100%| O|  |TAMS 0x0000000084100000, 0x0000000084000000| Untracked 
|  65|0x0000000084100000, 0x0000000084200000, 0x0000000084200000|100%| O|  |TAMS 0x0000000084200000, 0x0000000084100000| Untracked 
|  66|0x0000000084200000, 0x0000000084300000, 0x0000000084300000|100%| O|  |TAMS 0x0000000084300000, 0x0000000084200000| Untracked 
|  67|0x0000000084300000, 0x0000000084400000, 0x0000000084400000|100%| O|  |TAMS 0x0000000084400000, 0x0000000084300000| Untracked 
|  68|0x0000000084400000, 0x0000000084500000, 0x0000000084500000|100%| O|  |TAMS 0x0000000084500000, 0x0000000084400000| Untracked 
|  69|0x0000000084500000, 0x0000000084600000, 0x0000000084600000|100%| O|  |TAMS 0x0000000084600000, 0x0000000084500000| Untracked 
|  70|0x0000000084600000, 0x0000000084700000, 0x0000000084700000|100%| O|  |TAMS 0x0000000084700000, 0x0000000084600000| Untracked 
|  71|0x0000000084700000, 0x0000000084800000, 0x0000000084800000|100%| O|  |TAMS 0x0000000084800000, 0x0000000084700000| Untracked 
|  72|0x0000000084800000, 0x0000000084900000, 0x0000000084900000|100%| O|  |TAMS 0x0000000084900000, 0x0000000084800000| Untracked 
|  73|0x0000000084900000, 0x0000000084a00000, 0x0000000084a00000|100%| O|  |TAMS 0x0000000084a00000, 0x0000000084900000| Untracked 
|  74|0x0000000084a00000, 0x0000000084b00000, 0x0000000084b00000|100%| O|  |TAMS 0x0000000084b00000, 0x0000000084a00000| Untracked 
|  75|0x0000000084b00000, 0x0000000084c00000, 0x0000000084c00000|100%| O|  |TAMS 0x0000000084c00000, 0x0000000084b00000| Untracked 
|  76|0x0000000084c00000, 0x0000000084d00000, 0x0000000084d00000|100%| O|  |TAMS 0x0000000084d00000, 0x0000000084c00000| Untracked 
|  77|0x0000000084d00000, 0x0000000084e00000, 0x0000000084e00000|100%| O|  |TAMS 0x0000000084e00000, 0x0000000084d00000| Untracked 
|  78|0x0000000084e00000, 0x0000000084f00000, 0x0000000084f00000|100%| O|  |TAMS 0x0000000084e55a00, 0x0000000084e00000| Untracked 
|  79|0x0000000084f00000, 0x0000000085000000, 0x0000000085000000|100%| O|  |TAMS 0x0000000084f00000, 0x0000000084f00000| Untracked 
|  80|0x0000000085000000, 0x0000000085100000, 0x0000000085100000|100%| O|  |TAMS 0x0000000085000000, 0x0000000085000000| Untracked 
|  81|0x0000000085100000, 0x0000000085200000, 0x0000000085200000|100%| O|  |TAMS 0x0000000085100000, 0x0000000085100000| Untracked 
|  82|0x0000000085200000, 0x0000000085300000, 0x0000000085300000|100%| O|  |TAMS 0x0000000085200000, 0x0000000085200000| Untracked 
|  83|0x0000000085300000, 0x0000000085400000, 0x0000000085400000|100%| O|  |TAMS 0x0000000085300000, 0x0000000085300000| Untracked 
|  84|0x0000000085400000, 0x0000000085500000, 0x0000000085500000|100%| O|  |TAMS 0x0000000085400000, 0x0000000085400000| Untracked 
|  85|0x0000000085500000, 0x0000000085600000, 0x0000000085600000|100%| O|  |TAMS 0x0000000085500000, 0x0000000085500000| Untracked 
|  86|0x0000000085600000, 0x0000000085700000, 0x0000000085700000|100%| O|  |TAMS 0x0000000085600000, 0x0000000085600000| Untracked 
|  87|0x0000000085700000, 0x0000000085800000, 0x0000000085800000|100%| O|  |TAMS 0x0000000085700000, 0x0000000085700000| Untracked 
|  88|0x0000000085800000, 0x0000000085900000, 0x0000000085900000|100%| O|  |TAMS 0x0000000085800000, 0x0000000085800000| Untracked 
|  89|0x0000000085900000, 0x0000000085a00000, 0x0000000085a00000|100%| O|  |TAMS 0x0000000085900000, 0x0000000085900000| Untracked 
|  90|0x0000000085a00000, 0x0000000085b00000, 0x0000000085b00000|100%| O|  |TAMS 0x0000000085a00000, 0x0000000085a00000| Untracked 
|  91|0x0000000085b00000, 0x0000000085c00000, 0x0000000085c00000|100%| O|  |TAMS 0x0000000085b00000, 0x0000000085b00000| Untracked 
|  92|0x0000000085c00000, 0x0000000085d00000, 0x0000000085d00000|100%| O|  |TAMS 0x0000000085c00000, 0x0000000085c00000| Untracked 
|  93|0x0000000085d00000, 0x0000000085e00000, 0x0000000085e00000|100%| O|  |TAMS 0x0000000085d00000, 0x0000000085d00000| Untracked 
|  94|0x0000000085e00000, 0x0000000085f00000, 0x0000000085f00000|100%| O|  |TAMS 0x0000000085e00000, 0x0000000085e00000| Untracked 
|  95|0x0000000085f00000, 0x0000000086000000, 0x0000000086000000|100%| O|  |TAMS 0x0000000085f00000, 0x0000000085f00000| Untracked 
|  96|0x0000000086000000, 0x0000000086100000, 0x0000000086100000|100%| O|  |TAMS 0x0000000086000000, 0x0000000086000000| Untracked 
|  97|0x0000000086100000, 0x0000000086200000, 0x0000000086200000|100%| O|  |TAMS 0x0000000086100000, 0x0000000086100000| Untracked 
|  98|0x0000000086200000, 0x0000000086300000, 0x0000000086300000|100%| O|  |TAMS 0x0000000086200000, 0x0000000086200000| Untracked 
|  99|0x0000000086300000, 0x0000000086400000, 0x0000000086400000|100%| O|  |TAMS 0x0000000086300000, 0x0000000086300000| Untracked 
| 100|0x0000000086400000, 0x0000000086500000, 0x0000000086500000|100%| O|  |TAMS 0x0000000086400000, 0x0000000086400000| Untracked 
| 101|0x0000000086500000, 0x0000000086600000, 0x0000000086600000|100%| O|  |TAMS 0x0000000086500000, 0x0000000086500000| Untracked 
| 102|0x0000000086600000, 0x0000000086700000, 0x0000000086700000|100%| O|  |TAMS 0x0000000086600000, 0x0000000086600000| Untracked 
| 103|0x0000000086700000, 0x0000000086800000, 0x0000000086800000|100%| O|  |TAMS 0x0000000086700000, 0x0000000086700000| Untracked 
| 104|0x0000000086800000, 0x0000000086900000, 0x0000000086900000|100%| O|  |TAMS 0x0000000086800000, 0x0000000086800000| Untracked 
| 105|0x0000000086900000, 0x0000000086a00000, 0x0000000086a00000|100%| O|  |TAMS 0x0000000086900000, 0x0000000086900000| Untracked 
| 106|0x0000000086a00000, 0x0000000086b00000, 0x0000000086b00000|100%| O|  |TAMS 0x0000000086a00000, 0x0000000086a00000| Untracked 
| 107|0x0000000086b00000, 0x0000000086c00000, 0x0000000086c00000|100%| O|  |TAMS 0x0000000086b00000, 0x0000000086b00000| Untracked 
| 108|0x0000000086c00000, 0x0000000086d00000, 0x0000000086d00000|100%| O|  |TAMS 0x0000000086c00000, 0x0000000086c00000| Untracked 
| 109|0x0000000086d00000, 0x0000000086d00000, 0x0000000086e00000|  0%| F|  |TAMS 0x0000000086d00000, 0x0000000086d00000| Untracked 
| 110|0x0000000086e00000, 0x0000000086e00000, 0x0000000086f00000|  0%| F|  |TAMS 0x0000000086e00000, 0x0000000086e00000| Untracked 
| 111|0x0000000086f00000, 0x0000000086f00000, 0x0000000087000000|  0%| F|  |TAMS 0x0000000086f00000, 0x0000000086f00000| Untracked 
| 112|0x0000000087000000, 0x0000000087000000, 0x0000000087100000|  0%| F|  |TAMS 0x0000000087000000, 0x0000000087000000| Untracked 
| 113|0x0000000087100000, 0x0000000087100000, 0x0000000087200000|  0%| F|  |TAMS 0x0000000087100000, 0x0000000087100000| Untracked 
| 114|0x0000000087200000, 0x0000000087200000, 0x0000000087300000|  0%| F|  |TAMS 0x0000000087200000, 0x0000000087200000| Untracked 
| 115|0x0000000087300000, 0x0000000087300000, 0x0000000087400000|  0%| F|  |TAMS 0x0000000087300000, 0x0000000087300000| Untracked 
| 116|0x0000000087400000, 0x0000000087400000, 0x0000000087500000|  0%| F|  |TAMS 0x0000000087400000, 0x0000000087400000| Untracked 
| 117|0x0000000087500000, 0x0000000087500000, 0x0000000087600000|  0%| F|  |TAMS 0x0000000087500000, 0x0000000087500000| Untracked 
| 118|0x0000000087600000, 0x0000000087600000, 0x0000000087700000|  0%| F|  |TAMS 0x0000000087600000, 0x0000000087600000| Untracked 
| 119|0x0000000087700000, 0x0000000087700000, 0x0000000087800000|  0%| F|  |TAMS 0x0000000087700000, 0x0000000087700000| Untracked 
| 120|0x0000000087800000, 0x0000000087800000, 0x0000000087900000|  0%| F|  |TAMS 0x0000000087800000, 0x0000000087800000| Untracked 
| 121|0x0000000087900000, 0x0000000087900000, 0x0000000087a00000|  0%| F|  |TAMS 0x0000000087900000, 0x0000000087900000| Untracked 
| 122|0x0000000087a00000, 0x0000000087a00000, 0x0000000087b00000|  0%| F|  |TAMS 0x0000000087a00000, 0x0000000087a00000| Untracked 
| 123|0x0000000087b00000, 0x0000000087b00000, 0x0000000087c00000|  0%| F|  |TAMS 0x0000000087b00000, 0x0000000087b00000| Untracked 
| 124|0x0000000087c00000, 0x0000000087c00000, 0x0000000087d00000|  0%| F|  |TAMS 0x0000000087c00000, 0x0000000087c00000| Untracked 
| 125|0x0000000087d00000, 0x0000000087d00000, 0x0000000087e00000|  0%| F|  |TAMS 0x0000000087d00000, 0x0000000087d00000| Untracked 
| 126|0x0000000087e00000, 0x0000000087e00000, 0x0000000087f00000|  0%| F|  |TAMS 0x0000000087e00000, 0x0000000087e00000| Untracked 
| 127|0x0000000087f00000, 0x0000000087f00000, 0x0000000088000000|  0%| F|  |TAMS 0x0000000087f00000, 0x0000000087f00000| Untracked 
| 128|0x0000000088000000, 0x0000000088000000, 0x0000000088100000|  0%| F|  |TAMS 0x0000000088000000, 0x0000000088000000| Untracked 
| 129|0x0000000088100000, 0x0000000088100000, 0x0000000088200000|  0%| F|  |TAMS 0x0000000088100000, 0x0000000088100000| Untracked 
| 130|0x0000000088200000, 0x0000000088200000, 0x0000000088300000|  0%| F|  |TAMS 0x0000000088200000, 0x0000000088200000| Untracked 
| 131|0x0000000088300000, 0x0000000088300000, 0x0000000088400000|  0%| F|  |TAMS 0x0000000088300000, 0x0000000088300000| Untracked 
| 132|0x0000000088400000, 0x0000000088400000, 0x0000000088500000|  0%| F|  |TAMS 0x0000000088400000, 0x0000000088400000| Untracked 
| 133|0x0000000088500000, 0x0000000088500000, 0x0000000088600000|  0%| F|  |TAMS 0x0000000088500000, 0x0000000088500000| Untracked 
| 134|0x0000000088600000, 0x0000000088600000, 0x0000000088700000|  0%| F|  |TAMS 0x0000000088600000, 0x0000000088600000| Untracked 
| 135|0x0000000088700000, 0x00000000887c0330, 0x0000000088800000| 75%| S|CS|TAMS 0x0000000088700000, 0x0000000088700000| Complete 
| 136|0x0000000088800000, 0x0000000088900000, 0x0000000088900000|100%| S|CS|TAMS 0x0000000088800000, 0x0000000088800000| Complete 
| 137|0x0000000088900000, 0x0000000088900000, 0x0000000088a00000|  0%| F|  |TAMS 0x0000000088900000, 0x0000000088900000| Untracked 
| 138|0x0000000088a00000, 0x0000000088b00000, 0x0000000088b00000|100%| S|CS|TAMS 0x0000000088a00000, 0x0000000088a00000| Complete 
| 139|0x0000000088b00000, 0x0000000088c00000, 0x0000000088c00000|100%| S|CS|TAMS 0x0000000088b00000, 0x0000000088b00000| Complete 
| 140|0x0000000088c00000, 0x0000000088c00000, 0x0000000088d00000|  0%| F|  |TAMS 0x0000000088c00000, 0x0000000088c00000| Untracked 
| 141|0x0000000088d00000, 0x0000000088d00000, 0x0000000088e00000|  0%| F|  |TAMS 0x0000000088d00000, 0x0000000088d00000| Untracked 
| 142|0x0000000088e00000, 0x0000000088e00000, 0x0000000088f00000|  0%| F|  |TAMS 0x0000000088e00000, 0x0000000088e00000| Untracked 
| 143|0x0000000088f00000, 0x0000000088f00000, 0x0000000089000000|  0%| F|  |TAMS 0x0000000088f00000, 0x0000000088f00000| Untracked 
| 144|0x0000000089000000, 0x0000000089000000, 0x0000000089100000|  0%| F|  |TAMS 0x0000000089000000, 0x0000000089000000| Untracked 
| 145|0x0000000089100000, 0x0000000089200000, 0x0000000089200000|100%| S|CS|TAMS 0x0000000089100000, 0x0000000089100000| Complete 
| 146|0x0000000089200000, 0x0000000089300000, 0x0000000089300000|100%| S|CS|TAMS 0x0000000089200000, 0x0000000089200000| Complete 
| 147|0x0000000089300000, 0x0000000089300000, 0x0000000089400000|  0%| F|  |TAMS 0x0000000089300000, 0x0000000089300000| Untracked 
| 148|0x0000000089400000, 0x0000000089400000, 0x0000000089500000|  0%| F|  |TAMS 0x0000000089400000, 0x0000000089400000| Untracked 
| 149|0x0000000089500000, 0x0000000089500000, 0x0000000089600000|  0%| F|  |TAMS 0x0000000089500000, 0x0000000089500000| Untracked 
| 150|0x0000000089600000, 0x0000000089600000, 0x0000000089700000|  0%| F|  |TAMS 0x0000000089600000, 0x0000000089600000| Untracked 
| 151|0x0000000089700000, 0x0000000089700000, 0x0000000089800000|  0%| F|  |TAMS 0x0000000089700000, 0x0000000089700000| Untracked 
| 152|0x0000000089800000, 0x0000000089800000, 0x0000000089900000|  0%| F|  |TAMS 0x0000000089800000, 0x0000000089800000| Untracked 
| 153|0x0000000089900000, 0x0000000089900000, 0x0000000089a00000|  0%| F|  |TAMS 0x0000000089900000, 0x0000000089900000| Untracked 
| 154|0x0000000089a00000, 0x0000000089a00000, 0x0000000089b00000|  0%| F|  |TAMS 0x0000000089a00000, 0x0000000089a00000| Untracked 
| 155|0x0000000089b00000, 0x0000000089b00000, 0x0000000089c00000|  0%| F|  |TAMS 0x0000000089b00000, 0x0000000089b00000| Untracked 
| 156|0x0000000089c00000, 0x0000000089c00000, 0x0000000089d00000|  0%| F|  |TAMS 0x0000000089c00000, 0x0000000089c00000| Untracked 
| 157|0x0000000089d00000, 0x0000000089d00000, 0x0000000089e00000|  0%| F|  |TAMS 0x0000000089d00000, 0x0000000089d00000| Untracked 
| 158|0x0000000089e00000, 0x0000000089e00000, 0x0000000089f00000|  0%| F|  |TAMS 0x0000000089e00000, 0x0000000089e00000| Untracked 
| 159|0x0000000089f00000, 0x0000000089f00000, 0x000000008a000000|  0%| F|  |TAMS 0x0000000089f00000, 0x0000000089f00000| Untracked 
| 160|0x000000008a000000, 0x000000008a000000, 0x000000008a100000|  0%| F|  |TAMS 0x000000008a000000, 0x000000008a000000| Untracked 
| 161|0x000000008a100000, 0x000000008a100000, 0x000000008a200000|  0%| F|  |TAMS 0x000000008a100000, 0x000000008a100000| Untracked 
| 162|0x000000008a200000, 0x000000008a200000, 0x000000008a300000|  0%| F|  |TAMS 0x000000008a200000, 0x000000008a200000| Untracked 
| 163|0x000000008a300000, 0x000000008a300000, 0x000000008a400000|  0%| F|  |TAMS 0x000000008a300000, 0x000000008a300000| Untracked 
| 164|0x000000008a400000, 0x000000008a400000, 0x000000008a500000|  0%| F|  |TAMS 0x000000008a400000, 0x000000008a400000| Untracked 
| 165|0x000000008a500000, 0x000000008a500000, 0x000000008a600000|  0%| F|  |TAMS 0x000000008a500000, 0x000000008a500000| Untracked 
| 166|0x000000008a600000, 0x000000008a600000, 0x000000008a700000|  0%| F|  |TAMS 0x000000008a600000, 0x000000008a600000| Untracked 
| 167|0x000000008a700000, 0x000000008a700000, 0x000000008a800000|  0%| F|  |TAMS 0x000000008a700000, 0x000000008a700000| Untracked 
| 168|0x000000008a800000, 0x000000008a800000, 0x000000008a900000|  0%| F|  |TAMS 0x000000008a800000, 0x000000008a800000| Untracked 
| 169|0x000000008a900000, 0x000000008a900000, 0x000000008aa00000|  0%| F|  |TAMS 0x000000008a900000, 0x000000008a900000| Untracked 
| 170|0x000000008aa00000, 0x000000008aa00000, 0x000000008ab00000|  0%| F|  |TAMS 0x000000008aa00000, 0x000000008aa00000| Untracked 
| 171|0x000000008ab00000, 0x000000008ab00000, 0x000000008ac00000|  0%| F|  |TAMS 0x000000008ab00000, 0x000000008ab00000| Untracked 
| 172|0x000000008ac00000, 0x000000008ac00000, 0x000000008ad00000|  0%| F|  |TAMS 0x000000008ac00000, 0x000000008ac00000| Untracked 
| 173|0x000000008ad00000, 0x000000008ad00000, 0x000000008ae00000|  0%| F|  |TAMS 0x000000008ad00000, 0x000000008ad00000| Untracked 
| 174|0x000000008ae00000, 0x000000008ae00000, 0x000000008af00000|  0%| F|  |TAMS 0x000000008ae00000, 0x000000008ae00000| Untracked 
| 175|0x000000008af00000, 0x000000008af00000, 0x000000008b000000|  0%| F|  |TAMS 0x000000008af00000, 0x000000008af00000| Untracked 
| 176|0x000000008b000000, 0x000000008b000000, 0x000000008b100000|  0%| F|  |TAMS 0x000000008b000000, 0x000000008b000000| Untracked 
| 177|0x000000008b100000, 0x000000008b100000, 0x000000008b200000|  0%| F|  |TAMS 0x000000008b100000, 0x000000008b100000| Untracked 
| 178|0x000000008b200000, 0x000000008b200000, 0x000000008b300000|  0%| F|  |TAMS 0x000000008b200000, 0x000000008b200000| Untracked 
| 179|0x000000008b300000, 0x000000008b300000, 0x000000008b400000|  0%| F|  |TAMS 0x000000008b300000, 0x000000008b300000| Untracked 
| 180|0x000000008b400000, 0x000000008b400000, 0x000000008b500000|  0%| F|  |TAMS 0x000000008b400000, 0x000000008b400000| Untracked 
| 181|0x000000008b500000, 0x000000008b500000, 0x000000008b600000|  0%| F|  |TAMS 0x000000008b500000, 0x000000008b500000| Untracked 
| 182|0x000000008b600000, 0x000000008b600000, 0x000000008b700000|  0%| F|  |TAMS 0x000000008b600000, 0x000000008b600000| Untracked 
| 183|0x000000008b700000, 0x000000008b700000, 0x000000008b800000|  0%| F|  |TAMS 0x000000008b700000, 0x000000008b700000| Untracked 
| 184|0x000000008b800000, 0x000000008b800000, 0x000000008b900000|  0%| F|  |TAMS 0x000000008b800000, 0x000000008b800000| Untracked 
| 185|0x000000008b900000, 0x000000008b900000, 0x000000008ba00000|  0%| F|  |TAMS 0x000000008b900000, 0x000000008b900000| Untracked 
| 186|0x000000008ba00000, 0x000000008ba00000, 0x000000008bb00000|  0%| F|  |TAMS 0x000000008ba00000, 0x000000008ba00000| Untracked 
| 187|0x000000008bb00000, 0x000000008bb00000, 0x000000008bc00000|  0%| F|  |TAMS 0x000000008bb00000, 0x000000008bb00000| Untracked 
| 188|0x000000008bc00000, 0x000000008bc00000, 0x000000008bd00000|  0%| F|  |TAMS 0x000000008bc00000, 0x000000008bc00000| Untracked 
| 189|0x000000008bd00000, 0x000000008bd00000, 0x000000008be00000|  0%| F|  |TAMS 0x000000008bd00000, 0x000000008bd00000| Untracked 
| 190|0x000000008be00000, 0x000000008be00000, 0x000000008bf00000|  0%| F|  |TAMS 0x000000008be00000, 0x000000008be00000| Untracked 
| 191|0x000000008bf00000, 0x000000008bf00000, 0x000000008c000000|  0%| F|  |TAMS 0x000000008bf00000, 0x000000008bf00000| Untracked 

Card table byte_map: [0x0000021bdaf50000,0x0000021bdb350000] _byte_map_base: 0x0000021bdab50000

Marking Bits (Prev, Next): (CMBitMap*) 0x0000021bc86de210, (CMBitMap*) 0x0000021bc86de1d0
 Prev Bits: [0x0000021bdd750000, 0x0000021bdf750000)
 Next Bits: [0x0000021bdb750000, 0x0000021bdd750000)

Polling page: 0x0000021bc65f0000

Metaspace:

Usage:
  Non-class:     81.37 MB used.
      Class:     12.84 MB used.
       Both:     94.22 MB used.

Virtual space:
  Non-class space:       88.00 MB reserved,      81.75 MB ( 93%) committed,  11 nodes.
      Class space:        1.00 GB reserved,      13.12 MB (  1%) committed,  1 nodes.
             Both:        1.09 GB reserved,      94.88 MB (  9%) committed. 

Chunk freelists:
   Non-Class:  1.39 MB
       Class:  2.75 MB
        Both:  4.14 MB

MaxMetaspaceSize: unlimited
CompressedClassSpaceSize: 1.00 GB
Initial GC threshold: 21.00 MB
Current GC threshold: 149.62 MB
CDS: off
MetaspaceReclaimPolicy: balanced
 - commit_granule_bytes: 65536.
 - commit_granule_words: 8192.
 - virtual_space_node_default_size: 1048576.
 - enlarge_chunks_in_place: 1.
 - new_chunks_are_fully_committed: 0.
 - uncommit_free_chunks: 1.
 - use_allocation_guard: 0.
 - handle_deallocations: 1.


Internal statistics:

num_allocs_failed_limit: 9.
num_arena_births: 1010.
num_arena_deaths: 0.
num_vsnodes_births: 12.
num_vsnodes_deaths: 0.
num_space_committed: 1518.
num_space_uncommitted: 0.
num_chunks_returned_to_freelist: 9.
num_chunks_taken_from_freelist: 4621.
num_chunk_merges: 9.
num_chunk_splits: 3034.
num_chunks_enlarged: 2004.
num_purges: 0.
num_inconsistent_stats: 0.

CodeHeap 'non-profiled nmethods': size=120000Kb used=6287Kb max_used=6287Kb free=113713Kb
 bounds [0x0000021bd3620000, 0x0000021bd3c50000, 0x0000021bdab50000]
CodeHeap 'profiled nmethods': size=120000Kb used=20977Kb max_used=20977Kb free=99022Kb
 bounds [0x0000021bcbb50000, 0x0000021bccfd0000, 0x0000021bd3080000]
CodeHeap 'non-nmethods': size=5760Kb used=2384Kb max_used=2518Kb free=3375Kb
 bounds [0x0000021bd3080000, 0x0000021bd3300000, 0x0000021bd3620000]
 total_blobs=11766 nmethods=10847 adapters=831
 compilation: enabled
              stopped_count=0, restarted_count=0
 full_count=0

Compilation events (20 events):
Event: 39.801 Thread 0x0000021be2858710 12459       3       org.gradle.internal.snapshot.impl.IsolatedImmutableManagedValue::hashCode (5 bytes)
Event: 39.801 Thread 0x0000021be2858710 nmethod 12459 0x0000021bccfcbd10 code [0x0000021bccfcbec0, 0x0000021bccfcc0e8]
Event: 39.802 Thread 0x0000021be2858710 12460       3       java.util.BitSet::or (105 bytes)
Event: 39.803 Thread 0x0000021be2858710 nmethod 12460 0x0000021bccfcc210 code [0x0000021bccfcc400, 0x0000021bccfcc908]
Event: 39.804 Thread 0x0000021be2858710 12461       1       org.gradle.api.internal.artifacts.transform.DefaultTransformationRegistrationFactory$DefaultArtifactTransformRegistration::getTransformationStep (5 bytes)
Event: 39.804 Thread 0x0000021be2858710 nmethod 12461 0x0000021bd3c43610 code [0x0000021bd3c437a0, 0x0000021bd3c43878]
Event: 39.804 Thread 0x0000021be2858710 12462       3       org.gradle.api.internal.artifacts.transform.TransformedVariant::getAttributes (5 bytes)
Event: 39.805 Thread 0x0000021be2858710 nmethod 12462 0x0000021bccfccb10 code [0x0000021bccfcccc0, 0x0000021bccfcce98]
Event: 39.805 Thread 0x0000021be2858710 12463       3       org.gradle.api.internal.artifacts.transform.TransformedVariant::getAttributes (10 bytes)
Event: 39.805 Thread 0x0000021be2858710 nmethod 12463 0x0000021bccfccf90 code [0x0000021bccfcd120, 0x0000021bccfcd278]
Event: 39.805 Thread 0x0000021be2858710 12464       1       org.gradle.api.internal.artifacts.transform.TransformationStep::stepsCount (2 bytes)
Event: 39.806 Thread 0x0000021be2858710 nmethod 12464 0x0000021bd3c43910 code [0x0000021bd3c43aa0, 0x0000021bd3c43b78]
Event: 39.834 Thread 0x0000021be2858710 12466       3       org.gradle.internal.operations.DefaultBuildOperationQueue$WorkerRunnable$$Lambda$745/0x0000000100725940::create (12 bytes)
Event: 39.835 Thread 0x0000021be2858710 nmethod 12466 0x0000021bccfcd390 code [0x0000021bccfcd5a0, 0x0000021bccfcdb98]
Event: 39.835 Thread 0x0000021be2858710 12467       3       org.gradle.internal.operations.DefaultBuildOperationQueue$WorkerRunnable::lambda$runBatch$0 (9 bytes)
Event: 39.837 Thread 0x0000021be2858710 nmethod 12467 0x0000021bccfcdf90 code [0x0000021bccfce1c0, 0x0000021bccfce9c8]
Event: 39.839 Thread 0x0000021be2858710 12468   !   3       org.gradle.internal.resources.AbstractResourceLockRegistry::whileDisallowingLockChanges (44 bytes)
Event: 39.839 Thread 0x0000021be2858710 nmethod 12468 0x0000021bccfcee90 code [0x0000021bccfcf060, 0x0000021bccfcf3f8]
Event: 39.858 Thread 0x0000021be2858710 12469       3       org.gradle.internal.vfs.impl.DefaultFileSystemAccess$$Lambda$350/0x00000001004bfd98::<init> (10 bytes)
Event: 39.859 Thread 0x0000021be2858710 nmethod 12469 0x0000021bccfcf610 code [0x0000021bccfcf7a0, 0x0000021bccfcf958]

GC Heap History (20 events):
Event: 28.973 GC heap after
{Heap after GC invocations=22 (full 0):
 garbage-first heap   total 143360K, used 76092K [0x0000000080000000, 0x0000000100000000)
  region size 1024K, 4 young (4096K), 4 survivors (4096K)
 Metaspace       used 83222K, committed 83840K, reserved 1122304K
  class space    used 11294K, committed 11584K, reserved 1048576K
}
Event: 30.030 GC heap before
{Heap before GC invocations=23 (full 0):
 garbage-first heap   total 147456K, used 116028K [0x0000000080000000, 0x0000000100000000)
  region size 1024K, 43 young (44032K), 4 survivors (4096K)
 Metaspace       used 85352K, committed 86016K, reserved 1130496K
  class space    used 11621K, committed 11904K, reserved 1048576K
}
Event: 30.045 GC heap after
{Heap after GC invocations=24 (full 0):
 garbage-first heap   total 147456K, used 80096K [0x0000000080000000, 0x0000000100000000)
  region size 1024K, 4 young (4096K), 4 survivors (4096K)
 Metaspace       used 85352K, committed 86016K, reserved 1130496K
  class space    used 11621K, committed 11904K, reserved 1048576K
}
Event: 30.144 GC heap before
{Heap before GC invocations=24 (full 0):
 garbage-first heap   total 147456K, used 83168K [0x0000000080000000, 0x0000000100000000)
  region size 1024K, 7 young (7168K), 4 survivors (4096K)
 Metaspace       used 85654K, committed 86336K, reserved 1130496K
  class space    used 11670K, committed 11968K, reserved 1048576K
}
Event: 30.155 GC heap after
{Heap after GC invocations=25 (full 0):
 garbage-first heap   total 147456K, used 79915K [0x0000000080000000, 0x0000000100000000)
  region size 1024K, 1 young (1024K), 1 survivors (1024K)
 Metaspace       used 85654K, committed 86336K, reserved 1130496K
  class space    used 11670K, committed 11968K, reserved 1048576K
}
Event: 31.431 GC heap before
{Heap before GC invocations=25 (full 0):
 garbage-first heap   total 147456K, used 118827K [0x0000000080000000, 0x0000000100000000)
  region size 1024K, 39 young (39936K), 1 survivors (1024K)
 Metaspace       used 90644K, committed 91328K, reserved 1130496K
  class space    used 12389K, committed 12672K, reserved 1048576K
}
Event: 31.440 GC heap after
{Heap after GC invocations=26 (full 0):
 garbage-first heap   total 196608K, used 81982K [0x0000000080000000, 0x0000000100000000)
  region size 1024K, 3 young (3072K), 3 survivors (3072K)
 Metaspace       used 90644K, committed 91328K, reserved 1130496K
  class space    used 12389K, committed 12672K, reserved 1048576K
}
Event: 33.201 GC heap before
{Heap before GC invocations=27 (full 0):
 garbage-first heap   total 196608K, used 154686K [0x0000000080000000, 0x0000000100000000)
  region size 1024K, 74 young (75776K), 3 survivors (3072K)
 Metaspace       used 93206K, committed 93888K, reserved 1130496K
  class space    used 12739K, committed 13056K, reserved 1048576K
}
Event: 33.229 GC heap after
{Heap after GC invocations=28 (full 0):
 garbage-first heap   total 196608K, used 91550K [0x0000000080000000, 0x0000000100000000)
  region size 1024K, 10 young (10240K), 10 survivors (10240K)
 Metaspace       used 93206K, committed 93888K, reserved 1130496K
  class space    used 12739K, committed 13056K, reserved 1048576K
}
Event: 33.246 GC heap before
{Heap before GC invocations=28 (full 0):
 garbage-first heap   total 196608K, used 92574K [0x0000000080000000, 0x0000000100000000)
  region size 1024K, 11 young (11264K), 10 survivors (10240K)
 Metaspace       used 93206K, committed 93888K, reserved 1130496K
  class space    used 12739K, committed 13056K, reserved 1048576K
}
Event: 33.270 GC heap after
{Heap after GC invocations=29 (full 0):
 garbage-first heap   total 196608K, used 92326K [0x0000000080000000, 0x0000000100000000)
  region size 1024K, 2 young (2048K), 2 survivors (2048K)
 Metaspace       used 93206K, committed 93888K, reserved 1130496K
  class space    used 12739K, committed 13056K, reserved 1048576K
}
Event: 35.305 GC heap before
{Heap before GC invocations=29 (full 0):
 garbage-first heap   total 196608K, used 154790K [0x0000000080000000, 0x0000000100000000)
  region size 1024K, 64 young (65536K), 2 survivors (2048K)
 Metaspace       used 95303K, committed 96000K, reserved 1138688K
  class space    used 13060K, committed 13376K, reserved 1048576K
}
Event: 35.323 GC heap after
{Heap after GC invocations=30 (full 0):
 garbage-first heap   total 196608K, used 100761K [0x0000000080000000, 0x0000000100000000)
  region size 1024K, 8 young (8192K), 8 survivors (8192K)
 Metaspace       used 95303K, committed 96000K, reserved 1138688K
  class space    used 13060K, committed 13376K, reserved 1048576K
}
Event: 36.526 GC heap before
{Heap before GC invocations=30 (full 0):
 garbage-first heap   total 196608K, used 155033K [0x0000000080000000, 0x0000000100000000)
  region size 1024K, 62 young (63488K), 8 survivors (8192K)
 Metaspace       used 95586K, committed 96256K, reserved 1138688K
  class space    used 13060K, committed 13376K, reserved 1048576K
}
Event: 36.546 GC heap after
{Heap after GC invocations=31 (full 0):
 garbage-first heap   total 196608K, used 104473K [0x0000000080000000, 0x0000000100000000)
  region size 1024K, 6 young (6144K), 6 survivors (6144K)
 Metaspace       used 95586K, committed 96256K, reserved 1138688K
  class space    used 13060K, committed 13376K, reserved 1048576K
}
Event: 38.004 GC heap before
{Heap before GC invocations=31 (full 0):
 garbage-first heap   total 196608K, used 156697K [0x0000000080000000, 0x0000000100000000)
  region size 1024K, 58 young (59392K), 6 survivors (6144K)
 Metaspace       used 96081K, committed 96832K, reserved 1138688K
  class space    used 13114K, committed 13440K, reserved 1048576K
}
Event: 38.021 GC heap after
{Heap after GC invocations=32 (full 0):
 garbage-first heap   total 196608K, used 109560K [0x0000000080000000, 0x0000000100000000)
  region size 1024K, 8 young (8192K), 8 survivors (8192K)
 Metaspace       used 96081K, committed 96832K, reserved 1138688K
  class space    used 13114K, committed 13440K, reserved 1048576K
}
Event: 38.864 GC heap before
{Heap before GC invocations=32 (full 0):
 garbage-first heap   total 196608K, used 156664K [0x0000000080000000, 0x0000000100000000)
  region size 1024K, 55 young (56320K), 8 survivors (8192K)
 Metaspace       used 96185K, committed 96896K, reserved 1138688K
  class space    used 13128K, committed 13440K, reserved 1048576K
}
Event: 38.882 GC heap after
{Heap after GC invocations=33 (full 0):
 garbage-first heap   total 196608K, used 113142K [0x0000000080000000, 0x0000000100000000)
  region size 1024K, 6 young (6144K), 6 survivors (6144K)
 Metaspace       used 96185K, committed 96896K, reserved 1138688K
  class space    used 13128K, committed 13440K, reserved 1048576K
}
Event: 39.868 GC heap before
{Heap before GC invocations=33 (full 0):
 garbage-first heap   total 196608K, used 158198K [0x0000000080000000, 0x0000000100000000)
  region size 1024K, 51 young (52224K), 6 survivors (6144K)
 Metaspace       used 96478K, committed 97152K, reserved 1138688K
  class space    used 13153K, committed 13440K, reserved 1048576K
}

Dll operation events (2 events):
Event: 0.019 Loaded shared library C:\Program Files\Android\Android Studio\jbr\bin\java.dll
Event: 1.743 Loaded shared library C:\Program Files\Android\Android Studio\jbr\bin\verify.dll

Deoptimization events (20 events):
Event: 39.601 Thread 0x0000021be5937100 Uncommon trap: trap_request=0xffffff45 fr.pc=0x0000021bd3bd6b00 relative=0x00000000000002c0
Event: 39.601 Thread 0x0000021be5937100 Uncommon trap: reason=unstable_if action=reinterpret pc=0x0000021bd3bd6b00 method=org.gradle.internal.snapshot.AbstractIncompleteFileSystemNode.store(Lorg/gradle/internal/snapshot/VfsRelativePath;Lorg/gradle/internal/snapshot/CaseSensitivity;Lorg/gradle/i
Event: 39.601 Thread 0x0000021be5937100 DEOPT PACKING pc=0x0000021bd3bd6b00 sp=0x0000004e6d9fa3c0
Event: 39.601 Thread 0x0000021be5937100 DEOPT UNPACKING pc=0x0000021bd30d69a3 sp=0x0000004e6d9fa268 mode 2
Event: 39.602 Thread 0x0000021be5937100 Uncommon trap: trap_request=0xffffff45 fr.pc=0x0000021bd39e8b54 relative=0x00000000000009b4
Event: 39.602 Thread 0x0000021be5937100 Uncommon trap: reason=unstable_if action=reinterpret pc=0x0000021bd39e8b54 method=org.gradle.internal.snapshot.VfsRelativePath.compareToFirstSegment(Ljava/lang/String;Lorg/gradle/internal/snapshot/CaseSensitivity;)I @ 156 c2
Event: 39.602 Thread 0x0000021be5937100 DEOPT PACKING pc=0x0000021bd39e8b54 sp=0x0000004e6d9f92d0
Event: 39.602 Thread 0x0000021be5937100 DEOPT UNPACKING pc=0x0000021bd30d69a3 sp=0x0000004e6d9f9178 mode 2
Event: 39.611 Thread 0x0000021be5937100 Uncommon trap: trap_request=0xffffff45 fr.pc=0x0000021bd39e73bc relative=0x000000000000091c
Event: 39.611 Thread 0x0000021be5937100 Uncommon trap: reason=unstable_if action=reinterpret pc=0x0000021bd39e73bc method=org.gradle.internal.snapshot.VfsRelativePath.compareToFirstSegment(Ljava/lang/String;Lorg/gradle/internal/snapshot/CaseSensitivity;)I @ 156 c2
Event: 39.611 Thread 0x0000021be5937100 DEOPT PACKING pc=0x0000021bd39e73bc sp=0x0000004e6d9f92f0
Event: 39.611 Thread 0x0000021be5937100 DEOPT UNPACKING pc=0x0000021bd30d69a3 sp=0x0000004e6d9f9270 mode 2
Event: 39.635 Thread 0x0000021be5937100 DEOPT PACKING pc=0x0000021bcc419317 sp=0x0000004e6d9fbcf0
Event: 39.635 Thread 0x0000021be5937100 DEOPT UNPACKING pc=0x0000021bd30d7143 sp=0x0000004e6d9fb1b8 mode 0
Event: 39.686 Thread 0x0000021be5937100 DEOPT PACKING pc=0x0000021bcc419317 sp=0x0000004e6d9fbcf0
Event: 39.686 Thread 0x0000021be5937100 DEOPT UNPACKING pc=0x0000021bd30d7143 sp=0x0000004e6d9fb1b8 mode 0
Event: 39.727 Thread 0x0000021be5937100 DEOPT PACKING pc=0x0000021bcc419317 sp=0x0000004e6d9fbcf0
Event: 39.727 Thread 0x0000021be5937100 DEOPT UNPACKING pc=0x0000021bd30d7143 sp=0x0000004e6d9fb1b8 mode 0
Event: 39.770 Thread 0x0000021be5937100 DEOPT PACKING pc=0x0000021bcc419317 sp=0x0000004e6d9fbcf0
Event: 39.770 Thread 0x0000021be5937100 DEOPT UNPACKING pc=0x0000021bd30d7143 sp=0x0000004e6d9fb1b8 mode 0

Classes unloaded (0 events):
No events

Classes redefined (0 events):
No events

Internal exceptions (20 events):
Event: 33.684 Thread 0x0000021be3691e10 Exception <a 'java/lang/NoSuchMethodError'{0x000000008b2ed168}: static Lorg/gradle/internal/build/event/types/DefaultTaskSkippedResult;.<clinit>()V> (0x000000008b2ed168) 
thrown [s\src\hotspot\share\prims\jni.cpp, line 1108]
Event: 33.764 Thread 0x0000021be5935420 Exception <a 'java/lang/NoSuchMethodError'{0x000000008b2fca10}: static Lcom/android/buildanalyzer/common/AndroidGradlePluginAttributionData$BuildInfo;.<clinit>()V> (0x000000008b2fca10) 
thrown [s\src\hotspot\share\prims\jni.cpp, line 1108]
Event: 33.772 Thread 0x0000021be5935420 Exception <a 'java/lang/NoSuchMethodError'{0x000000008b113600}: static Lcom/android/buildanalyzer/common/AndroidGradlePluginAttributionData$JavaInfo;.<clinit>()V> (0x000000008b113600) 
thrown [s\src\hotspot\share\prims\jni.cpp, line 1108]
Event: 33.783 Thread 0x0000021be5935420 Exception <a 'java/lang/NoSuchMethodError'{0x000000008b135220}: static [Ljava/lang/String;.<clinit>()V> (0x000000008b135220) 
thrown [s\src\hotspot\share\prims\jni.cpp, line 1108]
Event: 33.800 Thread 0x0000021be5935420 Exception <a 'java/lang/NoSuchMethodError'{0x000000008b143b50}: static Lcom/android/buildanalyzer/common/AndroidGradlePluginAttributionData$TaskInfo;.<clinit>()V> (0x000000008b143b50) 
thrown [s\src\hotspot\share\prims\jni.cpp, line 1108]
Event: 33.802 Thread 0x0000021be5935420 Exception <a 'java/lang/NoSuchMethodError'{0x000000008b150248}: static Lcom/android/buildanalyzer/common/AndroidGradlePluginAttributionData$TaskCategoryInfo;.<clinit>()V> (0x000000008b150248) 
thrown [s\src\hotspot\share\prims\jni.cpp, line 1108]
Event: 33.818 Thread 0x0000021be5935420 Exception <a 'java/lang/NoSuchMethodError'{0x000000008b1a1528}: 'void java.lang.invoke.DirectMethodHandle$Holder.invokeSpecial(java.lang.Object, java.lang.Object, java.lang.Object, int)'> (0x000000008b1a1528) 
thrown [s\src\hotspot\share\interpreter\linkResolver.cpp, line 771]
Event: 34.552 Thread 0x0000021be5937100 Exception <a 'java/lang/NoSuchMethodError'{0x0000000089ed7018}: 'void java.lang.invoke.DirectMethodHandle$Holder.invokeStatic(java.lang.Object, java.lang.Object, java.lang.Object, java.lang.Object, int, java.lang.Object, java.lang.Object)'> (0x0000000089ed7018) 
thrown [s\src\hotspot\share\interpreter\linkResolver.cpp, line 771]
Event: 34.616 Thread 0x0000021be55e9fa0 Exception <a 'java/lang/NoSuchMethodError'{0x000000008991d420}: 'java.lang.Object java.lang.invoke.DirectMethodHandle$Holder.invokeSpecialIFC(java.lang.Object, java.lang.Object, java.lang.Object)'> (0x000000008991d420) 
thrown [s\src\hotspot\share\interpreter\linkResolver.cpp, line 771]
Event: 34.616 Thread 0x0000021be55e9ad0 Exception <a 'java/lang/NoSuchMethodError'{0x000000008990df60}: 'java.lang.Object java.lang.invoke.DirectMethodHandle$Holder.invokeSpecialIFC(java.lang.Object, java.lang.Object, java.lang.Object)'> (0x000000008990df60) 
thrown [s\src\hotspot\share\interpreter\linkResolver.cpp, line 771]
Event: 34.854 Thread 0x0000021be55ed490 Implicit null exception at 0x0000021bd36d97e0 to 0x0000021bd36d986c
Event: 34.940 Thread 0x0000021be55ed490 Exception <a 'java/lang/NoSuchMethodError'{0x0000000088e14fb8}: 'void java.lang.invoke.DirectMethodHandle$Holder.invokeVirtual(java.lang.Object, java.lang.Object)'> (0x0000000088e14fb8) 
thrown [s\src\hotspot\share\interpreter\linkResolver.cpp, line 771]
Event: 35.161 Thread 0x0000021be5932da0 Implicit null exception at 0x0000021bd3713ee7 to 0x0000021bd3714a00
Event: 38.290 Thread 0x0000021be5937100 Exception <a 'java/lang/NoSuchMethodError'{0x000000008aeaa538}: static Lcom/android/build/gradle/internal/scope/InternalArtifactType;.<clinit>()V> (0x000000008aeaa538) 
thrown [s\src\hotspot\share\prims\jni.cpp, line 1108]
Event: 38.291 Thread 0x0000021be5937100 Exception <a 'java/lang/NoSuchMethodError'{0x000000008aeabc90}: static Lcom/android/build/gradle/internal/scope/InternalArtifactType;.<clinit>()V> (0x000000008aeabc90) 
thrown [s\src\hotspot\share\prims\jni.cpp, line 1108]
Event: 38.292 Thread 0x0000021be5937100 Exception <a 'java/lang/NoSuchMethodError'{0x000000008aeaee20}: static Lcom/android/build/api/artifact/Artifact$Single;.<clinit>()V> (0x000000008aeaee20) 
thrown [s\src\hotspot\share\prims\jni.cpp, line 1108]
Event: 38.292 Thread 0x0000021be5937100 Exception <a 'java/lang/NoSuchMethodError'{0x000000008aeb1408}: static Ljava/lang/Object;.<clinit>()V> (0x000000008aeb1408) 
thrown [s\src\hotspot\share\prims\jni.cpp, line 1108]
Event: 38.295 Thread 0x0000021be5937100 Exception <a 'java/lang/NoSuchMethodError'{0x000000008aec75c0}: static Lcom/android/build/api/artifact/ArtifactKind;.<clinit>()V> (0x000000008aec75c0) 
thrown [s\src\hotspot\share\prims\jni.cpp, line 1108]
Event: 38.296 Thread 0x0000021be5937100 Exception <a 'java/lang/NoSuchMethodError'{0x000000008aec8780}: static Lcom/android/build/api/artifact/ArtifactKind;.<clinit>()V> (0x000000008aec8780) 
thrown [s\src\hotspot\share\prims\jni.cpp, line 1108]
Event: 39.535 Thread 0x0000021be5937100 Exception <a 'java/lang/NoSuchMethodError'{0x000000008a506398}: 'int java.lang.invoke.DirectMethodHandle$Holder.invokeSpecial(java.lang.Object, java.lang.Object, java.lang.Object, java.lang.Object, java.lang.Object)'> (0x000000008a506398) 
thrown [s\src\hotspot\share\interpreter\linkResolver.cpp, line 771]

VM Operations (20 events):
Event: 37.212 Executing VM operation: ICBufferFull done
Event: 37.328 Executing VM operation: HandshakeAllThreads
Event: 37.329 Executing VM operation: HandshakeAllThreads done
Event: 37.906 Executing VM operation: ICBufferFull
Event: 37.907 Executing VM operation: ICBufferFull done
Event: 38.004 Executing VM operation: G1CollectForAllocation
Event: 38.022 Executing VM operation: G1CollectForAllocation done
Event: 38.300 Executing VM operation: HandshakeAllThreads
Event: 38.301 Executing VM operation: HandshakeAllThreads done
Event: 38.320 Executing VM operation: HandshakeAllThreads
Event: 38.320 Executing VM operation: HandshakeAllThreads done
Event: 38.322 Executing VM operation: HandshakeAllThreads
Event: 38.322 Executing VM operation: HandshakeAllThreads done
Event: 38.862 Executing VM operation: G1CollectForAllocation
Event: 38.883 Executing VM operation: G1CollectForAllocation done
Event: 39.531 Executing VM operation: HandshakeAllThreads
Event: 39.531 Executing VM operation: HandshakeAllThreads done
Event: 39.552 Executing VM operation: ICBufferFull
Event: 39.553 Executing VM operation: ICBufferFull done
Event: 39.868 Executing VM operation: G1CollectForAllocation

Events (20 events):
Event: 34.713 Thread 0x0000021be2859100 flushing nmethod 0x0000021bcca60f90
Event: 34.713 Thread 0x0000021be2859100 flushing nmethod 0x0000021bcca62610
Event: 34.713 Thread 0x0000021be2859100 flushing nmethod 0x0000021bcca68e10
Event: 34.713 Thread 0x0000021be2859100 flushing nmethod 0x0000021bcca6a790
Event: 34.714 Thread 0x0000021be2859100 flushing nmethod 0x0000021bccaa7110
Event: 34.714 Thread 0x0000021be2859100 flushing nmethod 0x0000021bccaac290
Event: 34.714 Thread 0x0000021be2859100 flushing nmethod 0x0000021bccaec810
Event: 34.714 Thread 0x0000021be2859100 flushing nmethod 0x0000021bccaee010
Event: 34.714 Thread 0x0000021be2859100 flushing nmethod 0x0000021bccaf0f10
Event: 34.714 Thread 0x0000021be2859100 flushing nmethod 0x0000021bccb50190
Event: 34.714 Thread 0x0000021be2859100 flushing nmethod 0x0000021bccb50610
Event: 34.715 Thread 0x0000021be2859100 flushing nmethod 0x0000021bccb67390
Event: 34.715 Thread 0x0000021be2859100 flushing nmethod 0x0000021bccba7f10
Event: 34.715 Thread 0x0000021be2859100 flushing nmethod 0x0000021bccbd4510
Event: 34.715 Thread 0x0000021be2859100 flushing nmethod 0x0000021bccbed810
Event: 34.715 Thread 0x0000021be2859100 flushing nmethod 0x0000021bccbede10
Event: 34.716 Thread 0x0000021be2859100 flushing nmethod 0x0000021bccc73e90
Event: 34.717 Thread 0x0000021be2859100 flushing nmethod 0x0000021bcccae710
Event: 37.191 loading class java/util/stream/SortedOps$SizedRefSortingSink
Event: 37.192 loading class java/util/stream/SortedOps$SizedRefSortingSink done


Dynamic libraries:
0x00007ff6d54d0000 - 0x00007ff6d54da000 	C:\Program Files\Android\Android Studio\jbr\bin\java.exe
0x00007fff2e350000 - 0x00007fff2e548000 	C:\Windows\SYSTEM32\ntdll.dll
0x00007fff2c830000 - 0x00007fff2c8ed000 	C:\Windows\System32\KERNEL32.DLL
0x00007fff2bd10000 - 0x00007fff2c006000 	C:\Windows\System32\KERNELBASE.dll
0x00007fff2ba20000 - 0x00007fff2bb20000 	C:\Windows\System32\ucrtbase.dll
0x00007fff21f80000 - 0x00007fff21f9b000 	C:\Program Files\Android\Android Studio\jbr\bin\VCRUNTIME140.dll
0x00007fff21f60000 - 0x00007fff21f77000 	C:\Program Files\Android\Android Studio\jbr\bin\jli.dll
0x00007fff2cf40000 - 0x00007fff2d0de000 	C:\Windows\System32\USER32.dll
0x00007fff2c010000 - 0x00007fff2c032000 	C:\Windows\System32\win32u.dll
0x00007fff16f40000 - 0x00007fff171da000 	C:\Windows\WinSxS\amd64_microsoft.windows.common-controls_6595b64144ccf1df_6.0.19041.3636_none_60b6a03d71f818d5\COMCTL32.dll
0x00007fff2e120000 - 0x00007fff2e1be000 	C:\Windows\System32\msvcrt.dll
0x00007fff2c800000 - 0x00007fff2c82c000 	C:\Windows\System32\GDI32.dll
0x00007fff2bbf0000 - 0x00007fff2bd0a000 	C:\Windows\System32\gdi32full.dll
0x00007fff2bb50000 - 0x00007fff2bbed000 	C:\Windows\System32\msvcp_win.dll
0x00007fff2cc10000 - 0x00007fff2cc40000 	C:\Windows\System32\IMM32.DLL
0x00007fff22420000 - 0x00007fff2242c000 	C:\Program Files\Android\Android Studio\jbr\bin\vcruntime140_1.dll
0x00007fff13d30000 - 0x00007fff13dbd000 	C:\Program Files\Android\Android Studio\jbr\bin\msvcp140.dll
0x00007ffedb5c0000 - 0x00007ffedc22d000 	C:\Program Files\Android\Android Studio\jbr\bin\server\jvm.dll
0x00007fff2e250000 - 0x00007fff2e303000 	C:\Windows\System32\ADVAPI32.dll
0x00007fff2c3a0000 - 0x00007fff2c43f000 	C:\Windows\System32\sechost.dll
0x00007fff2c9a0000 - 0x00007fff2cac6000 	C:\Windows\System32\RPCRT4.dll
0x00007fff2bb20000 - 0x00007fff2bb47000 	C:\Windows\System32\bcrypt.dll
0x00007fff173b0000 - 0x00007fff173d7000 	C:\Windows\SYSTEM32\WINMM.dll
0x00007fff22e70000 - 0x00007fff22e7a000 	C:\Windows\SYSTEM32\VERSION.dll
0x00007fff1b250000 - 0x00007fff1b259000 	C:\Windows\SYSTEM32\WSOCK32.dll
0x00007fff2da90000 - 0x00007fff2dafb000 	C:\Windows\System32\WS2_32.dll
0x00007fff2a220000 - 0x00007fff2a232000 	C:\Windows\SYSTEM32\kernel.appcore.dll
0x00007fff272c0000 - 0x00007fff272ca000 	C:\Program Files\Android\Android Studio\jbr\bin\jimage.dll
0x00007fff29f30000 - 0x00007fff2a114000 	C:\Windows\SYSTEM32\DBGHELP.DLL
0x00007fff15450000 - 0x00007fff15484000 	C:\Windows\SYSTEM32\dbgcore.DLL
0x00007fff2c310000 - 0x00007fff2c392000 	C:\Windows\System32\bcryptPrimitives.dll
0x00007fff224d0000 - 0x00007fff224f5000 	C:\Program Files\Android\Android Studio\jbr\bin\java.dll
0x00007fff24b50000 - 0x00007fff24b68000 	C:\Program Files\Android\Android Studio\jbr\bin\zip.dll
0x00007fff2d0e0000 - 0x00007fff2d825000 	C:\Windows\System32\SHELL32.dll
0x00007fff296c0000 - 0x00007fff29e5b000 	C:\Windows\SYSTEM32\windows.storage.dll
0x00007fff2c4a0000 - 0x00007fff2c7f4000 	C:\Windows\System32\combase.dll
0x00007fff2b2a0000 - 0x00007fff2b2cd000 	C:\Windows\SYSTEM32\Wldp.dll
0x00007fff2db00000 - 0x00007fff2dbad000 	C:\Windows\System32\SHCORE.dll
0x00007fff2cad0000 - 0x00007fff2cb25000 	C:\Windows\System32\shlwapi.dll
0x00007fff2b950000 - 0x00007fff2b975000 	C:\Windows\SYSTEM32\profapi.dll
0x00007fff24550000 - 0x00007fff24569000 	C:\Program Files\Android\Android Studio\jbr\bin\net.dll
0x00007fff1ca90000 - 0x00007fff1cb9a000 	C:\Windows\SYSTEM32\WINHTTP.dll
0x00007fff2b080000 - 0x00007fff2b0ea000 	C:\Windows\system32\mswsock.dll
0x00007fff22200000 - 0x00007fff22216000 	C:\Program Files\Android\Android Studio\jbr\bin\nio.dll
0x00007fff221f0000 - 0x00007fff22200000 	C:\Program Files\Android\Android Studio\jbr\bin\verify.dll
0x00007fff21fa0000 - 0x00007fff21fc7000 	C:\Users\Area 7 Computer\.gradle\native\68d5fa5c4cc2d200863cafc0d521ce42e7d3e7ee720ec0a83991735586a16f82\windows-amd64\native-platform.dll
0x00007fff098e0000 - 0x00007fff09a24000 	C:\Users\Area 7 Computer\.gradle\native\e376f236ea51e6404a007f0833ffe2c6e607c4080706a723a18a27aeea778392\windows-amd64\native-platform-file-events.dll
0x00007fff23000000 - 0x00007fff23009000 	C:\Program Files\Android\Android Studio\jbr\bin\management.dll
0x00007fff224c0000 - 0x00007fff224cb000 	C:\Program Files\Android\Android Studio\jbr\bin\management_ext.dll
0x00007fff2da80000 - 0x00007fff2da88000 	C:\Windows\System32\PSAPI.DLL
0x00007fff2b2e0000 - 0x00007fff2b2f8000 	C:\Windows\SYSTEM32\CRYPTSP.dll
0x00007fff2a9d0000 - 0x00007fff2aa04000 	C:\Windows\system32\rsaenh.dll
0x00007fff2b910000 - 0x00007fff2b93e000 	C:\Windows\SYSTEM32\USERENV.dll
0x00007fff2b210000 - 0x00007fff2b21c000 	C:\Windows\SYSTEM32\CRYPTBASE.dll
0x00007fff2ad90000 - 0x00007fff2adcb000 	C:\Windows\SYSTEM32\IPHLPAPI.DLL
0x00007fff2dbb0000 - 0x00007fff2dbb8000 	C:\Windows\System32\NSI.dll
0x00007fff20a00000 - 0x00007fff20a17000 	C:\Windows\SYSTEM32\dhcpcsvc6.DLL
0x00007fff20ea0000 - 0x00007fff20ebd000 	C:\Windows\SYSTEM32\dhcpcsvc.DLL
0x00007fff2add0000 - 0x00007fff2ae9a000 	C:\Windows\SYSTEM32\DNSAPI.dll
0x00007fff24580000 - 0x00007fff24587000 	C:\Windows\system32\wshunix.dll
0x00007ffef2370000 - 0x00007ffef2387000 	C:\Windows\system32\napinsp.dll
0x00007ffef2350000 - 0x00007ffef236b000 	C:\Windows\system32\pnrpnsp.dll
0x00007fff25d40000 - 0x00007fff25d55000 	C:\Windows\system32\wshbth.dll
0x00007fff26c00000 - 0x00007fff26c1d000 	C:\Windows\system32\NLAapi.dll
0x00007ffef2310000 - 0x00007ffef2322000 	C:\Windows\System32\winrnr.dll
0x00007fff1b7f0000 - 0x00007fff1b7fa000 	C:\Windows\System32\rasadhlp.dll
0x00007fff1c0c0000 - 0x00007fff1c140000 	C:\Windows\System32\fwpuclnt.dll

dbghelp: loaded successfully - version: 4.0.5 - missing functions: none
symbol engine: initialized successfully - sym options: 0x614 - pdb path: .;C:\Program Files\Android\Android Studio\jbr\bin;C:\Windows\SYSTEM32;C:\Windows\WinSxS\amd64_microsoft.windows.common-controls_6595b64144ccf1df_6.0.19041.3636_none_60b6a03d71f818d5;C:\Program Files\Android\Android Studio\jbr\bin\server;C:\Users\Area 7 Computer\.gradle\native\68d5fa5c4cc2d200863cafc0d521ce42e7d3e7ee720ec0a83991735586a16f82\windows-amd64;C:\Users\Area 7 Computer\.gradle\native\e376f236ea51e6404a007f0833ffe2c6e607c4080706a723a18a27aeea778392\windows-amd64

VM Arguments:
jvm_args: --add-opens=java.base/java.util=ALL-UNNAMED --add-opens=java.base/java.lang=ALL-UNNAMED --add-opens=java.base/java.lang.invoke=ALL-UNNAMED --add-opens=java.prefs/java.util.prefs=ALL-UNNAMED --add-opens=java.base/java.nio.charset=ALL-UNNAMED --add-opens=java.base/java.net=ALL-UNNAMED --add-opens=java.base/java.util.concurrent.atomic=ALL-UNNAMED -Xmx2048m -Dfile.encoding=UTF-8 -Duser.country=US -Duser.language=en -Duser.variant 
java_command: org.gradle.launcher.daemon.bootstrap.GradleDaemon 8.0
java_class_path (initial): C:\Users\Area 7 Computer\.gradle\wrapper\dists\gradle-8.0-bin\ca5e32bp14vu59qr306oxotwh\gradle-8.0\lib\gradle-launcher-8.0.jar
Launcher Type: SUN_STANDARD

[Global flags]
     intx CICompilerCount                          = 3                                         {product} {ergonomic}
     uint ConcGCThreads                            = 1                                         {product} {ergonomic}
     uint G1ConcRefinementThreads                  = 4                                         {product} {ergonomic}
   size_t G1HeapRegionSize                         = 1048576                                   {product} {ergonomic}
    uintx GCDrainStackTargetSize                   = 64                                        {product} {ergonomic}
   size_t InitialHeapSize                          = 134217728                                 {product} {ergonomic}
   size_t MarkStackSize                            = 4194304                                   {product} {ergonomic}
   size_t MaxHeapSize                              = 2147483648                                {product} {command line}
   size_t MaxNewSize                               = 1287651328                                {product} {ergonomic}
   size_t MinHeapDeltaBytes                        = 1048576                                   {product} {ergonomic}
   size_t MinHeapSize                              = 8388608                                   {product} {ergonomic}
    uintx NonNMethodCodeHeapSize                   = 5832780                                {pd product} {ergonomic}
    uintx NonProfiledCodeHeapSize                  = 122912730                              {pd product} {ergonomic}
    uintx ProfiledCodeHeapSize                     = 122912730                              {pd product} {ergonomic}
    uintx ReservedCodeCacheSize                    = 251658240                              {pd product} {ergonomic}
     bool SegmentedCodeCache                       = true                                      {product} {ergonomic}
   size_t SoftMaxHeapSize                          = 2147483648                             {manageable} {ergonomic}
     bool UseCompressedClassPointers               = true                           {product lp64_product} {ergonomic}
     bool UseCompressedOops                        = true                           {product lp64_product} {ergonomic}
     bool UseG1GC                                  = true                                      {product} {ergonomic}
     bool UseLargePagesIndividualAllocation        = false                                  {pd product} {ergonomic}

Logging:
Log output configuration:
 #0: stdout all=warning uptime,level,tags
 #1: stderr all=off uptime,level,tags

Environment Variables:
JAVA_HOME=C:\Program Files (x86)\Java\jdk1.8.0_92
PATH=C:\ProgramData\Oracle\Java\javapath;D:\DevSuiteHome_1\jdk\jre\bin\classic;D:\DevSuiteHome_1\jdk\jre\bin;D:\DevSuiteHome_1\jdk\jre\bin\client;D:\DevSuiteHome_1\jlib;D:\DevSuiteHome_1\bin;D:\DevSuiteHome_1\jre\1.4.2\bin\client;D:\DevSuiteHome_1\jre\1.4.2\bin;C:\Windows\system32;C:\Windows;C:\Windows\System32\Wbem;C:\Windows\System32\WindowsPowerShell\v1.0\;C:\Windows\System32\OpenSSH\;C:\Program Files (x86)\Java\jdk1.8.0_92\bin;C:\Program Files\Microsoft SQL Server\150\Tools\Binn\;C:\Program Files\Microsoft SQL Server\Client SDK\ODBC\170\Tools\Binn\;C:\Program Files (x86)\Microsoft SQL Server\160\Tools\Binn\;C:\Program Files\Microsoft SQL Server\160\Tools\Binn\;C:\Program Files\Microsoft SQL Server\160\DTS\Binn\;C:\Program Files\Azure Data Studio\bin;C:\Program Files (x86)\Microsoft SQL Server\150\Tools\Binn\;C:\Program Files\Microsoft SQL Server\150\DTS\Binn\;C:\Program Files\Microsoft\Web Platform Installer\;C:\Program Files (x86)\Microsoft ASP.NET\ASP.NET Web Pages\v1.0\;C:\Program Files (x86)\Windows Kits\8.0\Windows Performance Toolkit\;D:\nodejs\;D:\Git\cmd;D:\GitHub CLI\;C:\Users\Area 7 Computer\AppData\Local\Microsoft\WindowsApps;;C:\Users\Area 7 Computer\AppData\Local\Programs\Microsoft VS Code\bin;C:\Program Files\Azure Data Studio\bin;C:\Users\Area 7 Computer\AppData\Roaming\npm
USERNAME=Area 7 Computer
OS=Windows_NT
PROCESSOR_IDENTIFIER=Intel64 Family 6 Model 78 Stepping 3, GenuineIntel
TMP=C:\Users\AREA7C~1\AppData\Local\Temp
TEMP=C:\Users\AREA7C~1\AppData\Local\Temp



---------------  S Y S T E M  ---------------

OS:
 Windows 10 , 64 bit Build 19041 (10.0.19041.3636)
OS uptime: 0 days 22:59 hours
Hyper-V role detected

CPU: total 4 (initial active 4) (2 cores per cpu, 2 threads per core) family 6 model 78 stepping 3 microcode 0xcc, cx8, cmov, fxsr, ht, mmx, 3dnowpref, sse, sse2, sse3, ssse3, sse4.1, sse4.2, popcnt, lzcnt, tsc, tscinvbit, avx, avx2, aes, erms, clmul, bmi1, bmi2, rtm, adx, fma, vzeroupper, clflush, clflushopt, hv

Memory: 4k page, system-wide physical 8076M (686M free)
TotalPageFile size 10124M (AvailPageFile size 60M)
current process WorkingSet (physical memory assigned to process): 454M, peak: 464M
current process commit charge ("private bytes"): 481M, peak: 712M

vm_info: OpenJDK 64-Bit Server VM (17.0.6+0-b2043.56-9586694) for windows-amd64 JRE (17.0.6+0-b2043.56-9586694), built on Feb  9 2023 20:06:20 by "androidbuild" with MS VC++ 16.10 / 16.11 (VS2019)

END.
