#
# There is insufficient memory for the Java Runtime Environment to continue.
# Native memory allocation (malloc) failed to allocate 1733456 bytes for Chunk::new
# Possible reasons:
#   The system is out of physical RAM or swap space
#   The process is running with CompressedOops enabled, and the Java Heap may be blocking the growth of the native heap
# Possible solutions:
#   Reduce memory load on the system
#   Increase physical memory or swap space
#   Check if swap backing store is full
#   Decrease Java heap size (-Xmx/-Xms)
#   Decrease number of Java threads
#   Decrease Java thread stack sizes (-Xss)
#   Set larger code cache with -XX:ReservedCodeCacheSize=
#   JVM is running with Unscaled Compressed Oops mode in which the Java heap is
#     placed in the first 4GB address space. The Java Heap base address is the
#     maximum limit for the native heap growth. Please use -XX:HeapBaseMinAddress
#     to set the Java Heap base and to place the Java Heap above 4GB virtual address.
# This output file may be truncated or incomplete.
#
#  Out of Memory Error (arena.cpp:189), pid=6440, tid=2692
#
# JRE version: OpenJDK Runtime Environment (17.0.6) (build 17.0.6+0-b2043.56-9586694)
# Java VM: OpenJDK 64-Bit Server VM (17.0.6+0-b2043.56-9586694, mixed mode, tiered, compressed oops, compressed class ptrs, g1 gc, windows-amd64)
# No core dump will be written. Minidumps are not enabled by default on client versions of Windows
#

---------------  S U M M A R Y ------------

Command Line: --add-opens=java.base/java.util=ALL-UNNAMED --add-opens=java.base/java.lang=ALL-UNNAMED --add-opens=java.base/java.lang.invoke=ALL-UNNAMED --add-opens=java.prefs/java.util.prefs=ALL-UNNAMED --add-opens=java.base/java.nio.charset=ALL-UNNAMED --add-opens=java.base/java.net=ALL-UNNAMED --add-opens=java.base/java.util.concurrent.atomic=ALL-UNNAMED -Xmx2048m -Dfile.encoding=UTF-8 -Duser.country=US -Duser.language=en -Duser.variant org.gradle.launcher.daemon.bootstrap.GradleDaemon 8.0

Host: Intel(R) Core(TM) i5-6300U CPU @ 2.40GHz, 4 cores, 7G,  Windows 10 , 64 bit Build 19041 (10.0.19041.3636)
Time: Tue Jan 16 21:30:28 2024 Pakistan Standard Time elapsed time: 19.919655 seconds (0d 0h 0m 19s)

---------------  T H R E A D  ---------------

Current thread (0x0000022547d35790):  JavaThread "C2 CompilerThread0" daemon [_thread_in_native, id=2692, stack(0x000000fc04d00000,0x000000fc04e00000)]


Current CompileTask:
C2:  19919 8407       4       groovy.lang.MetaClassImpl$1MOPIter::methodNameAction (325 bytes)

Stack: [0x000000fc04d00000,0x000000fc04e00000]
Native frames: (J=compiled Java code, j=interpreted, Vv=VM code, C=native code)
V  [jvm.dll+0x683b4a]
V  [jvm.dll+0x842654]
V  [jvm.dll+0x843dfe]
V  [jvm.dll+0x844463]
V  [jvm.dll+0x249b75]
V  [jvm.dll+0xabcac]
V  [jvm.dll+0xac27c]
V  [jvm.dll+0x368802]
V  [jvm.dll+0x332f31]
V  [jvm.dll+0x3323da]
V  [jvm.dll+0x21c201]
V  [jvm.dll+0x21b621]
V  [jvm.dll+0x1a4fdd]
V  [jvm.dll+0x22b098]
V  [jvm.dll+0x229159]
V  [jvm.dll+0x7f809c]
V  [jvm.dll+0x7f25fa]
V  [jvm.dll+0x682985]
C  [ucrtbase.dll+0x21bb2]
C  [KERNEL32.DLL+0x17344]
C  [ntdll.dll+0x526b1]


---------------  P R O C E S S  ---------------

Threads class SMR info:
_java_thread_list=0x000002254856ddf0, length=83, elements={
0x000002252de06540, 0x00000225473b6a30, 0x00000225473e13f0, 0x00000225473fea80,
0x00000225473f32b0, 0x0000022547d2f5d0, 0x0000022547d30240, 0x0000022547d35790,
0x0000022547d0bc50, 0x0000022547d0ccf0, 0x0000022547ea7030, 0x0000022547ec0200,
0x000002254a41d350, 0x00000225496a4020, 0x000002254912b2c0, 0x000002254a9b95c0,
0x0000022549613170, 0x0000022548da3bf0, 0x000002254b11b020, 0x00000225485b4550,
0x00000225485b5d60, 0x00000225485b53c0, 0x00000225485b4080, 0x00000225485b6230,
0x00000225485b4a20, 0x00000225485b6700, 0x00000225485b70a0, 0x00000225485b4ef0,
0x00000225485b7570, 0x00000225485b7a40, 0x000002254c128a60, 0x000002254c12cdc0,
0x000002254c12d760, 0x000002254c12c420, 0x000002254c12b5b0, 0x000002254c12d290,
0x000002254c12ac10, 0x000002254c12e100, 0x000002254c12e5d0, 0x000002254c12eaa0,
0x000002254c1280c0, 0x000002254c128590, 0x000002254b332690, 0x000002254b3356b0,
0x000002254b338200, 0x000002254b331cf0, 0x000002254b337860, 0x000002254b333030,
0x000002254b337d30, 0x000002254b332b60, 0x000002254b339540, 0x000002254b336050,
0x000002254b335b80, 0x000002254b3321c0, 0x000002254b336ec0, 0x000002254b3386d0,
0x000002254b3339d0, 0x000002254b338ba0, 0x000002254b339070, 0x000002254b333500,
0x000002254b333ea0, 0x000002254b334370, 0x000002254b334840, 0x000002254b334d10,
0x000002254b336520, 0x000002254b3351e0, 0x000002254b3369f0, 0x000002254b337390,
0x000002254dc97d10, 0x000002254dc93e80, 0x000002254dc981e0, 0x000002254dc95690,
0x000002254dc94cf0, 0x000002254dc986b0, 0x000002254dc951c0, 0x000002254dc969d0,
0x000002254dc94350, 0x000002254dc96500, 0x000002254dc96ea0, 0x000002254dc921a0,
0x000002254dc95b60, 0x000002254dc94820, 0x000002254bae9a80
}

Java Threads: ( => current thread )
  0x000002252de06540 JavaThread "main" [_thread_blocked, id=9896, stack(0x000000fc04000000,0x000000fc04100000)]
  0x00000225473b6a30 JavaThread "Reference Handler" daemon [_thread_blocked, id=14736, stack(0x000000fc04700000,0x000000fc04800000)]
  0x00000225473e13f0 JavaThread "Finalizer" daemon [_thread_blocked, id=14480, stack(0x000000fc04800000,0x000000fc04900000)]
  0x00000225473fea80 JavaThread "Signal Dispatcher" daemon [_thread_blocked, id=4660, stack(0x000000fc04900000,0x000000fc04a00000)]
  0x00000225473f32b0 JavaThread "Attach Listener" daemon [_thread_blocked, id=13392, stack(0x000000fc04a00000,0x000000fc04b00000)]
  0x0000022547d2f5d0 JavaThread "Service Thread" daemon [_thread_blocked, id=13136, stack(0x000000fc04b00000,0x000000fc04c00000)]
  0x0000022547d30240 JavaThread "Monitor Deflation Thread" daemon [_thread_blocked, id=11168, stack(0x000000fc04c00000,0x000000fc04d00000)]
=>0x0000022547d35790 JavaThread "C2 CompilerThread0" daemon [_thread_in_native, id=2692, stack(0x000000fc04d00000,0x000000fc04e00000)]
  0x0000022547d0bc50 JavaThread "C1 CompilerThread0" daemon [_thread_blocked, id=6180, stack(0x000000fc04e00000,0x000000fc04f00000)]
  0x0000022547d0ccf0 JavaThread "Sweeper thread" daemon [_thread_blocked, id=6972, stack(0x000000fc04f00000,0x000000fc05000000)]
  0x0000022547ea7030 JavaThread "Common-Cleaner" daemon [_thread_blocked, id=11656, stack(0x000000fc05000000,0x000000fc05100000)]
  0x0000022547ec0200 JavaThread "Notification Thread" daemon [_thread_blocked, id=10128, stack(0x000000fc05100000,0x000000fc05200000)]
  0x000002254a41d350 JavaThread "Daemon health stats" [_thread_blocked, id=3528, stack(0x000000fc05700000,0x000000fc05800000)]
  0x00000225496a4020 JavaThread "Incoming local TCP Connector on port 25482" [_thread_in_native, id=11544, stack(0x000000fc05800000,0x000000fc05900000)]
  0x000002254912b2c0 JavaThread "Daemon periodic checks" [_thread_blocked, id=5832, stack(0x000000fc05900000,0x000000fc05a00000)]
  0x000002254a9b95c0 JavaThread "Daemon" [_thread_blocked, id=11144, stack(0x000000fc05a00000,0x000000fc05b00000)]
  0x0000022549613170 JavaThread "Handler for socket connection from /127.0.0.1:25482 to /127.0.0.1:25483" [_thread_in_native, id=14524, stack(0x000000fc05b00000,0x000000fc05c00000)]
  0x0000022548da3bf0 JavaThread "Cancel handler" [_thread_blocked, id=15088, stack(0x000000fc05c00000,0x000000fc05d00000)]
  0x000002254b11b020 JavaThread "Daemon worker" [_thread_in_vm, id=11768, stack(0x000000fc05d00000,0x000000fc05e00000)]
  0x00000225485b4550 JavaThread "Asynchronous log dispatcher for DefaultDaemonConnection: socket connection from /127.0.0.1:25482 to /127.0.0.1:25483" [_thread_blocked, id=3312, stack(0x000000fc05e00000,0x000000fc05f00000)]
  0x00000225485b5d60 JavaThread "Stdin handler" [_thread_blocked, id=7140, stack(0x000000fc05f00000,0x000000fc06000000)]
  0x00000225485b53c0 JavaThread "Daemon client event forwarder" [_thread_blocked, id=788, stack(0x000000fc06000000,0x000000fc06100000)]
  0x00000225485b4080 JavaThread "Cache worker for journal cache (C:\Users\Area 7 Computer\.gradle\caches\journal-1)" [_thread_blocked, id=15068, stack(0x000000fc05300000,0x000000fc05400000)]
  0x00000225485b6230 JavaThread "File lock request listener" [_thread_in_native, id=9276, stack(0x000000fc06100000,0x000000fc06200000)]
  0x00000225485b4a20 JavaThread "Cache worker for file hash cache (C:\Users\Area 7 Computer\.gradle\caches\8.0\fileHashes)" [_thread_blocked, id=536, stack(0x000000fc06200000,0x000000fc06300000)]
  0x00000225485b6700 JavaThread "File watcher server" daemon [_thread_in_native, id=7392, stack(0x000000fc06400000,0x000000fc06500000)]
  0x00000225485b70a0 JavaThread "File watcher consumer" daemon [_thread_blocked, id=15168, stack(0x000000fc06500000,0x000000fc06600000)]
  0x00000225485b4ef0 JavaThread "Cache worker for checksums cache (D:\FYP\fypproject\FypDisasterManagement-1\FypDisasterManagement-1\FypDisasterManagement\.gradle\8.0\checksums)" [_thread_blocked, id=11128, stack(0x000000fc06600000,0x000000fc06700000)]
  0x00000225485b7570 JavaThread "Cache worker for cache directory md-rule (C:\Users\Area 7 Computer\.gradle\caches\8.0\md-rule)" [_thread_blocked, id=8828, stack(0x000000fc06700000,0x000000fc06800000)]
  0x00000225485b7a40 JavaThread "Cache worker for file content cache (C:\Users\Area 7 Computer\.gradle\caches\8.0\fileContent)" [_thread_blocked, id=3044, stack(0x000000fc06800000,0x000000fc06900000)]
  0x000002254c128a60 JavaThread "Cache worker for file hash cache (D:\FYP\fypproject\FypDisasterManagement-1\FypDisasterManagement-1\FypDisasterManagement\.gradle\8.0\fileHashes)" [_thread_blocked, id=3820, stack(0x000000fc06900000,0x000000fc06a00000)]
  0x000002254c12cdc0 JavaThread "Cache worker for cache directory md-supplier (C:\Users\Area 7 Computer\.gradle\caches\8.0\md-supplier)" [_thread_blocked, id=13584, stack(0x000000fc06a00000,0x000000fc06b00000)]
  0x000002254c12d760 JavaThread "Cache worker for execution history cache (C:\Users\Area 7 Computer\.gradle\caches\8.0\executionHistory)" [_thread_blocked, id=7872, stack(0x000000fc06b00000,0x000000fc06c00000)]
  0x000002254c12c420 JavaThread "jar transforms" [_thread_blocked, id=2728, stack(0x000000fc06300000,0x000000fc06400000)]
  0x000002254c12b5b0 JavaThread "jar transforms Thread 2" [_thread_blocked, id=3796, stack(0x000000fc06c00000,0x000000fc06d00000)]
  0x000002254c12d290 JavaThread "Cache worker for kotlin-dsl (C:\Users\Area 7 Computer\.gradle\caches\8.0\kotlin-dsl)" [_thread_blocked, id=736, stack(0x000000fc06f00000,0x000000fc07000000)]
  0x000002254c12ac10 JavaThread "jar transforms Thread 3" [_thread_blocked, id=3232, stack(0x000000fc07000000,0x000000fc07100000)]
  0x000002254c12e100 JavaThread "jar transforms Thread 4" [_thread_blocked, id=6996, stack(0x000000fc07100000,0x000000fc07200000)]
  0x000002254c12e5d0 JavaThread "Cache worker for dependencies-accessors (D:\FYP\fypproject\FypDisasterManagement-1\FypDisasterManagement-1\FypDisasterManagement\.gradle\8.0\dependencies-accessors)" [_thread_blocked, id=1212, stack(0x000000fc07200000,0x000000fc07300000)]
  0x000002254c12eaa0 JavaThread "Cache worker for Build Output Cleanup Cache (D:\FYP\fypproject\FypDisasterManagement-1\FypDisasterManagement-1\FypDisasterManagement\.gradle\buildOutputCleanup)" [_thread_blocked, id=2416, stack(0x000000fc07300000,0x000000fc07400000)]
  0x000002254c1280c0 JavaThread "Unconstrained build operations" [_thread_blocked, id=7812, stack(0x000000fc07400000,0x000000fc07500000)]
  0x000002254c128590 JavaThread "Unconstrained build operations Thread 2" [_thread_blocked, id=9540, stack(0x000000fc07500000,0x000000fc07600000)]
  0x000002254b332690 JavaThread "Unconstrained build operations Thread 3" [_thread_blocked, id=4084, stack(0x000000fc07600000,0x000000fc07700000)]
  0x000002254b3356b0 JavaThread "Unconstrained build operations Thread 4" [_thread_blocked, id=11704, stack(0x000000fc07700000,0x000000fc07800000)]
  0x000002254b338200 JavaThread "Unconstrained build operations Thread 5" [_thread_blocked, id=12424, stack(0x000000fc07800000,0x000000fc07900000)]
  0x000002254b331cf0 JavaThread "Unconstrained build operations Thread 6" [_thread_blocked, id=8368, stack(0x000000fc07900000,0x000000fc07a00000)]
  0x000002254b337860 JavaThread "Unconstrained build operations Thread 7" [_thread_blocked, id=4928, stack(0x000000fc07a00000,0x000000fc07b00000)]
  0x000002254b333030 JavaThread "Unconstrained build operations Thread 8" [_thread_blocked, id=5380, stack(0x000000fc07b00000,0x000000fc07c00000)]
  0x000002254b337d30 JavaThread "Unconstrained build operations Thread 9" [_thread_blocked, id=13596, stack(0x000000fc07c00000,0x000000fc07d00000)]
  0x000002254b332b60 JavaThread "Unconstrained build operations Thread 10" [_thread_blocked, id=14704, stack(0x000000fc07d00000,0x000000fc07e00000)]
  0x000002254b339540 JavaThread "Unconstrained build operations Thread 11" [_thread_blocked, id=14356, stack(0x000000fc07e00000,0x000000fc07f00000)]
  0x000002254b336050 JavaThread "Unconstrained build operations Thread 12" [_thread_blocked, id=5432, stack(0x000000fc07f00000,0x000000fc08000000)]
  0x000002254b335b80 JavaThread "Unconstrained build operations Thread 13" [_thread_blocked, id=14536, stack(0x000000fc08000000,0x000000fc08100000)]
  0x000002254b3321c0 JavaThread "Unconstrained build operations Thread 14" [_thread_blocked, id=7748, stack(0x000000fc08100000,0x000000fc08200000)]
  0x000002254b336ec0 JavaThread "Unconstrained build operations Thread 15" [_thread_blocked, id=13452, stack(0x000000fc08200000,0x000000fc08300000)]
  0x000002254b3386d0 JavaThread "Unconstrained build operations Thread 16" [_thread_blocked, id=13284, stack(0x000000fc08300000,0x000000fc08400000)]
  0x000002254b3339d0 JavaThread "Unconstrained build operations Thread 17" [_thread_blocked, id=14684, stack(0x000000fc08400000,0x000000fc08500000)]
  0x000002254b338ba0 JavaThread "Unconstrained build operations Thread 18" [_thread_blocked, id=6252, stack(0x000000fc08500000,0x000000fc08600000)]
  0x000002254b339070 JavaThread "Unconstrained build operations Thread 19" [_thread_blocked, id=7284, stack(0x000000fc08600000,0x000000fc08700000)]
  0x000002254b333500 JavaThread "Unconstrained build operations Thread 20" [_thread_blocked, id=2376, stack(0x000000fc08700000,0x000000fc08800000)]
  0x000002254b333ea0 JavaThread "Unconstrained build operations Thread 21" [_thread_blocked, id=6660, stack(0x000000fc08800000,0x000000fc08900000)]
  0x000002254b334370 JavaThread "Unconstrained build operations Thread 22" [_thread_blocked, id=13512, stack(0x000000fc08900000,0x000000fc08a00000)]
  0x000002254b334840 JavaThread "Unconstrained build operations Thread 23" [_thread_blocked, id=12384, stack(0x000000fc08a00000,0x000000fc08b00000)]
  0x000002254b334d10 JavaThread "Unconstrained build operations Thread 24" [_thread_blocked, id=1808, stack(0x000000fc08b00000,0x000000fc08c00000)]
  0x000002254b336520 JavaThread "Unconstrained build operations Thread 25" [_thread_blocked, id=9076, stack(0x000000fc08c00000,0x000000fc08d00000)]
  0x000002254b3351e0 JavaThread "Unconstrained build operations Thread 26" [_thread_blocked, id=9188, stack(0x000000fc08d00000,0x000000fc08e00000)]
  0x000002254b3369f0 JavaThread "Unconstrained build operations Thread 27" [_thread_blocked, id=12672, stack(0x000000fc08e00000,0x000000fc08f00000)]
  0x000002254b337390 JavaThread "Unconstrained build operations Thread 28" [_thread_blocked, id=13860, stack(0x000000fc08f00000,0x000000fc09000000)]
  0x000002254dc97d10 JavaThread "Unconstrained build operations Thread 29" [_thread_blocked, id=1204, stack(0x000000fc09000000,0x000000fc09100000)]
  0x000002254dc93e80 JavaThread "Unconstrained build operations Thread 30" [_thread_blocked, id=1388, stack(0x000000fc09100000,0x000000fc09200000)]
  0x000002254dc981e0 JavaThread "Unconstrained build operations Thread 31" [_thread_blocked, id=1592, stack(0x000000fc09200000,0x000000fc09300000)]
  0x000002254dc95690 JavaThread "Unconstrained build operations Thread 32" [_thread_blocked, id=10244, stack(0x000000fc09300000,0x000000fc09400000)]
  0x000002254dc94cf0 JavaThread "Unconstrained build operations Thread 33" [_thread_blocked, id=10476, stack(0x000000fc09400000,0x000000fc09500000)]
  0x000002254dc986b0 JavaThread "Unconstrained build operations Thread 34" [_thread_blocked, id=6700, stack(0x000000fc09500000,0x000000fc09600000)]
  0x000002254dc951c0 JavaThread "Unconstrained build operations Thread 35" [_thread_blocked, id=9372, stack(0x000000fc09600000,0x000000fc09700000)]
  0x000002254dc969d0 JavaThread "Unconstrained build operations Thread 36" [_thread_blocked, id=9736, stack(0x000000fc09700000,0x000000fc09800000)]
  0x000002254dc94350 JavaThread "Unconstrained build operations Thread 37" [_thread_blocked, id=2024, stack(0x000000fc09800000,0x000000fc09900000)]
  0x000002254dc96500 JavaThread "Unconstrained build operations Thread 38" [_thread_blocked, id=2276, stack(0x000000fc09900000,0x000000fc09a00000)]
  0x000002254dc96ea0 JavaThread "Unconstrained build operations Thread 39" [_thread_blocked, id=14720, stack(0x000000fc09a00000,0x000000fc09b00000)]
  0x000002254dc921a0 JavaThread "Unconstrained build operations Thread 40" [_thread_blocked, id=7024, stack(0x000000fc09b00000,0x000000fc09c00000)]
  0x000002254dc95b60 JavaThread "build event listener" [_thread_blocked, id=12612, stack(0x000000fc09c00000,0x000000fc09d00000)]
  0x000002254dc94820 JavaThread "Memory manager" [_thread_blocked, id=14988, stack(0x000000fc09d00000,0x000000fc09e00000)]
  0x000002254bae9a80 JavaThread "C2 CompilerThread1" daemon [_thread_in_native, id=10228, stack(0x000000fc06d00000,0x000000fc06e00000)]

Other Threads:
  0x00000225473d5540 VMThread "VM Thread" [stack: 0x000000fc04600000,0x000000fc04700000] [id=11520]
  0x0000022547ec4ef0 WatcherThread [stack: 0x000000fc05200000,0x000000fc05300000] [id=3660]
  0x000002252de5f800 GCTaskThread "GC Thread#0" [stack: 0x000000fc04100000,0x000000fc04200000] [id=11256]
  0x0000022548857810 GCTaskThread "GC Thread#1" [stack: 0x000000fc05400000,0x000000fc05500000] [id=8984]
  0x00000225483413a0 GCTaskThread "GC Thread#2" [stack: 0x000000fc05500000,0x000000fc05600000] [id=9884]
  0x0000022548bf91b0 GCTaskThread "GC Thread#3" [stack: 0x000000fc05600000,0x000000fc05700000] [id=10668]
  0x000002252de71560 ConcurrentGCThread "G1 Main Marker" [stack: 0x000000fc04200000,0x000000fc04300000] [id=1628]
  0x000002252de72520 ConcurrentGCThread "G1 Conc#0" [stack: 0x000000fc04300000,0x000000fc04400000] [id=3688]
  0x000002252dec85c0 ConcurrentGCThread "G1 Refine#0" [stack: 0x000000fc04400000,0x000000fc04500000] [id=9684]
  0x000002254941f710 ConcurrentGCThread "G1 Refine#1" [stack: 0x000000fc06e00000,0x000000fc06f00000] [id=11800]
  0x00000225472210b0 ConcurrentGCThread "G1 Service" [stack: 0x000000fc04500000,0x000000fc04600000] [id=8012]

Threads with active compile tasks:
C2 CompilerThread0    19987 8407       4       groovy.lang.MetaClassImpl$1MOPIter::methodNameAction (325 bytes)
C2 CompilerThread1    19987 8300 %     4       org.gradle.internal.instantiation.generator.AbstractClassGenerator::inspectType @ 250 (560 bytes)

VM state: not at safepoint (normal execution)

VM Mutex/Monitor currently owned by a thread: None

Heap address: 0x0000000080000000, size: 2048 MB, Compressed Oops mode: 32-bit

CDS archive(s) not mapped
Compressed class space mapped at: 0x0000000100000000-0x0000000140000000, reserved size: 1073741824
Narrow klass base: 0x0000000000000000, Narrow klass shift: 3, Narrow klass range: 0x140000000

GC Precious Log:
 CPUs: 4 total, 4 available
 Memory: 8076M
 Large Page Support: Disabled
 NUMA Support: Disabled
 Compressed Oops: Enabled (32-bit)
 Heap Region Size: 1M
 Heap Min Capacity: 8M
 Heap Initial Capacity: 128M
 Heap Max Capacity: 2G
 Pre-touch: Disabled
 Parallel Workers: 4
 Concurrent Workers: 1
 Concurrent Refinement Workers: 4
 Periodic GC: Disabled

Heap:
 garbage-first heap   total 196608K, used 120650K [0x0000000080000000, 0x0000000100000000)
  region size 1024K, 56 young (57344K), 10 survivors (10240K)
 Metaspace       used 83581K, committed 84224K, reserved 1122304K
  class space    used 11351K, committed 11648K, reserved 1048576K

Heap Regions: E=young(eden), S=young(survivor), O=old, HS=humongous(starts), HC=humongous(continues), CS=collection set, F=free, OA=open archive, CA=closed archive, TAMS=top-at-mark-start (previous, next)
|   0|0x0000000080000000, 0x0000000080100000, 0x0000000080100000|100%| O|  |TAMS 0x0000000080100000, 0x0000000080100000| Untracked 
|   1|0x0000000080100000, 0x0000000080200000, 0x0000000080200000|100%| O|  |TAMS 0x0000000080200000, 0x0000000080200000| Untracked 
|   2|0x0000000080200000, 0x0000000080300000, 0x0000000080300000|100%|HS|  |TAMS 0x0000000080300000, 0x0000000080300000| Complete 
|   3|0x0000000080300000, 0x0000000080400000, 0x0000000080400000|100%|HC|  |TAMS 0x0000000080400000, 0x0000000080400000| Complete 
|   4|0x0000000080400000, 0x0000000080500000, 0x0000000080500000|100%|HC|  |TAMS 0x0000000080500000, 0x0000000080500000| Complete 
|   5|0x0000000080500000, 0x0000000080600000, 0x0000000080600000|100%|HC|  |TAMS 0x0000000080600000, 0x0000000080600000| Complete 
|   6|0x0000000080600000, 0x0000000080700000, 0x0000000080700000|100%| O|  |TAMS 0x0000000080700000, 0x0000000080700000| Untracked 
|   7|0x0000000080700000, 0x0000000080800000, 0x0000000080800000|100%| O|  |TAMS 0x0000000080800000, 0x0000000080800000| Untracked 
|   8|0x0000000080800000, 0x0000000080900000, 0x0000000080900000|100%| O|  |TAMS 0x0000000080900000, 0x0000000080900000| Untracked 
|   9|0x0000000080900000, 0x0000000080a00000, 0x0000000080a00000|100%| O|  |TAMS 0x0000000080a00000, 0x0000000080a00000| Untracked 
|  10|0x0000000080a00000, 0x0000000080b00000, 0x0000000080b00000|100%| O|  |TAMS 0x0000000080a00000, 0x0000000080b00000| Untracked 
|  11|0x0000000080b00000, 0x0000000080c00000, 0x0000000080c00000|100%| O|  |TAMS 0x0000000080c00000, 0x0000000080c00000| Untracked 
|  12|0x0000000080c00000, 0x0000000080d00000, 0x0000000080d00000|100%| O|  |TAMS 0x0000000080d00000, 0x0000000080d00000| Untracked 
|  13|0x0000000080d00000, 0x0000000080e00000, 0x0000000080e00000|100%| O|  |TAMS 0x0000000080e00000, 0x0000000080e00000| Untracked 
|  14|0x0000000080e00000, 0x0000000080f00000, 0x0000000080f00000|100%| O|  |TAMS 0x0000000080f00000, 0x0000000080f00000| Untracked 
|  15|0x0000000080f00000, 0x0000000081000000, 0x0000000081000000|100%| O|  |TAMS 0x0000000081000000, 0x0000000081000000| Untracked 
|  16|0x0000000081000000, 0x0000000081100000, 0x0000000081100000|100%| O|  |TAMS 0x0000000081100000, 0x0000000081100000| Untracked 
|  17|0x0000000081100000, 0x0000000081200000, 0x0000000081200000|100%| O|  |TAMS 0x0000000081200000, 0x0000000081200000| Untracked 
|  18|0x0000000081200000, 0x0000000081300000, 0x0000000081300000|100%| O|  |TAMS 0x0000000081300000, 0x0000000081300000| Untracked 
|  19|0x0000000081300000, 0x0000000081400000, 0x0000000081400000|100%| O|  |TAMS 0x0000000081400000, 0x0000000081400000| Untracked 
|  20|0x0000000081400000, 0x0000000081500000, 0x0000000081500000|100%| O|  |TAMS 0x0000000081500000, 0x0000000081500000| Untracked 
|  21|0x0000000081500000, 0x0000000081600000, 0x0000000081600000|100%| O|  |TAMS 0x0000000081600000, 0x0000000081600000| Untracked 
|  22|0x0000000081600000, 0x0000000081700000, 0x0000000081700000|100%| O|  |TAMS 0x0000000081700000, 0x0000000081700000| Untracked 
|  23|0x0000000081700000, 0x0000000081800000, 0x0000000081800000|100%| O|  |TAMS 0x0000000081800000, 0x0000000081800000| Untracked 
|  24|0x0000000081800000, 0x0000000081900000, 0x0000000081900000|100%| O|  |TAMS 0x0000000081900000, 0x0000000081900000| Untracked 
|  25|0x0000000081900000, 0x0000000081a00000, 0x0000000081a00000|100%| O|  |TAMS 0x0000000081a00000, 0x0000000081a00000| Untracked 
|  26|0x0000000081a00000, 0x0000000081b00000, 0x0000000081b00000|100%| O|  |TAMS 0x0000000081b00000, 0x0000000081b00000| Untracked 
|  27|0x0000000081b00000, 0x0000000081c00000, 0x0000000081c00000|100%| O|  |TAMS 0x0000000081c00000, 0x0000000081c00000| Untracked 
|  28|0x0000000081c00000, 0x0000000081d00000, 0x0000000081d00000|100%| O|  |TAMS 0x0000000081d00000, 0x0000000081d00000| Untracked 
|  29|0x0000000081d00000, 0x0000000081e00000, 0x0000000081e00000|100%| O|  |TAMS 0x0000000081e00000, 0x0000000081e00000| Untracked 
|  30|0x0000000081e00000, 0x0000000081f00000, 0x0000000081f00000|100%| O|  |TAMS 0x0000000081f00000, 0x0000000081f00000| Untracked 
|  31|0x0000000081f00000, 0x0000000082000000, 0x0000000082000000|100%| O|  |TAMS 0x0000000082000000, 0x0000000082000000| Untracked 
|  32|0x0000000082000000, 0x0000000082100000, 0x0000000082100000|100%|HS|  |TAMS 0x0000000082100000, 0x0000000082100000| Complete 
|  33|0x0000000082100000, 0x0000000082200000, 0x0000000082200000|100%|HS|  |TAMS 0x0000000082200000, 0x0000000082200000| Complete 
|  34|0x0000000082200000, 0x0000000082300000, 0x0000000082300000|100%|HS|  |TAMS 0x0000000082300000, 0x0000000082300000| Complete 
|  35|0x0000000082300000, 0x0000000082400000, 0x0000000082400000|100%|HC|  |TAMS 0x0000000082400000, 0x0000000082400000| Complete 
|  36|0x0000000082400000, 0x0000000082500000, 0x0000000082500000|100%| O|  |TAMS 0x0000000082500000, 0x0000000082500000| Untracked 
|  37|0x0000000082500000, 0x0000000082600000, 0x0000000082600000|100%| O|  |TAMS 0x0000000082600000, 0x0000000082600000| Untracked 
|  38|0x0000000082600000, 0x0000000082700000, 0x0000000082700000|100%| O|  |TAMS 0x0000000082700000, 0x0000000082700000| Untracked 
|  39|0x0000000082700000, 0x0000000082800000, 0x0000000082800000|100%| O|  |TAMS 0x0000000082800000, 0x0000000082800000| Untracked 
|  40|0x0000000082800000, 0x0000000082900000, 0x0000000082900000|100%| O|  |TAMS 0x0000000082900000, 0x0000000082900000| Untracked 
|  41|0x0000000082900000, 0x0000000082a00000, 0x0000000082a00000|100%| O|  |TAMS 0x0000000082a00000, 0x0000000082a00000| Untracked 
|  42|0x0000000082a00000, 0x0000000082b00000, 0x0000000082b00000|100%| O|  |TAMS 0x0000000082b00000, 0x0000000082b00000| Untracked 
|  43|0x0000000082b00000, 0x0000000082c00000, 0x0000000082c00000|100%| O|  |TAMS 0x0000000082c00000, 0x0000000082c00000| Untracked 
|  44|0x0000000082c00000, 0x0000000082d00000, 0x0000000082d00000|100%| O|  |TAMS 0x0000000082d00000, 0x0000000082d00000| Untracked 
|  45|0x0000000082d00000, 0x0000000082e00000, 0x0000000082e00000|100%| O|  |TAMS 0x0000000082e00000, 0x0000000082e00000| Untracked 
|  46|0x0000000082e00000, 0x0000000082f00000, 0x0000000082f00000|100%| O|  |TAMS 0x0000000082e00000, 0x0000000082e00000| Untracked 
|  47|0x0000000082f00000, 0x0000000083000000, 0x0000000083000000|100%|HS|  |TAMS 0x0000000083000000, 0x0000000083000000| Complete 
|  48|0x0000000083000000, 0x0000000083100000, 0x0000000083100000|100%|HC|  |TAMS 0x0000000083100000, 0x0000000083100000| Complete 
|  49|0x0000000083100000, 0x0000000083200000, 0x0000000083200000|100%|HC|  |TAMS 0x0000000083200000, 0x0000000083200000| Complete 
|  50|0x0000000083200000, 0x0000000083300000, 0x0000000083300000|100%|HC|  |TAMS 0x0000000083300000, 0x0000000083300000| Complete 
|  51|0x0000000083300000, 0x0000000083400000, 0x0000000083400000|100%| O|  |TAMS 0x0000000083400000, 0x0000000083400000| Untracked 
|  52|0x0000000083400000, 0x0000000083500000, 0x0000000083500000|100%| O|  |TAMS 0x0000000083500000, 0x0000000083500000| Untracked 
|  53|0x0000000083500000, 0x0000000083600000, 0x0000000083600000|100%| O|  |TAMS 0x0000000083600000, 0x0000000083600000| Untracked 
|  54|0x0000000083600000, 0x0000000083700000, 0x0000000083700000|100%| O|  |TAMS 0x00000000836f0c00, 0x0000000083700000| Untracked 
|  55|0x0000000083700000, 0x0000000083800000, 0x0000000083800000|100%| O|  |TAMS 0x0000000083700000, 0x0000000083800000| Untracked 
|  56|0x0000000083800000, 0x0000000083900000, 0x0000000083900000|100%| O|  |TAMS 0x0000000083800000, 0x00000000838b8800| Untracked 
|  57|0x0000000083900000, 0x0000000083a00000, 0x0000000083a00000|100%| O|  |TAMS 0x0000000083900000, 0x0000000083900000| Untracked 
|  58|0x0000000083a00000, 0x0000000083b00000, 0x0000000083b00000|100%| O|  |TAMS 0x0000000083a00000, 0x0000000083a00000| Untracked 
|  59|0x0000000083b00000, 0x0000000083c00000, 0x0000000083c00000|100%| O|  |TAMS 0x0000000083b00000, 0x0000000083b00000| Untracked 
|  60|0x0000000083c00000, 0x0000000083d00000, 0x0000000083d00000|100%| O|  |TAMS 0x0000000083c00000, 0x0000000083c00000| Untracked 
|  61|0x0000000083d00000, 0x0000000083e00000, 0x0000000083e00000|100%| O|  |TAMS 0x0000000083d00000, 0x0000000083d00000| Untracked 
|  62|0x0000000083e00000, 0x0000000083ed2a00, 0x0000000083f00000| 82%| O|  |TAMS 0x0000000083e00000, 0x0000000083e00000| Untracked 
|  63|0x0000000083f00000, 0x0000000083f00000, 0x0000000084000000|  0%| F|  |TAMS 0x0000000083f00000, 0x0000000083f00000| Untracked 
|  64|0x0000000084000000, 0x0000000084000000, 0x0000000084100000|  0%| F|  |TAMS 0x0000000084000000, 0x0000000084000000| Untracked 
|  65|0x0000000084100000, 0x0000000084100000, 0x0000000084200000|  0%| F|  |TAMS 0x0000000084100000, 0x0000000084100000| Untracked 
|  66|0x0000000084200000, 0x0000000084200000, 0x0000000084300000|  0%| F|  |TAMS 0x0000000084200000, 0x0000000084200000| Untracked 
|  67|0x0000000084300000, 0x0000000084300000, 0x0000000084400000|  0%| F|  |TAMS 0x0000000084300000, 0x0000000084300000| Untracked 
|  68|0x0000000084400000, 0x0000000084400000, 0x0000000084500000|  0%| F|  |TAMS 0x0000000084400000, 0x0000000084400000| Untracked 
|  69|0x0000000084500000, 0x0000000084500000, 0x0000000084600000|  0%| F|  |TAMS 0x0000000084500000, 0x0000000084500000| Untracked 
|  70|0x0000000084600000, 0x0000000084600000, 0x0000000084700000|  0%| F|  |TAMS 0x0000000084600000, 0x0000000084600000| Untracked 
|  71|0x0000000084700000, 0x0000000084700000, 0x0000000084800000|  0%| F|  |TAMS 0x0000000084700000, 0x0000000084700000| Untracked 
|  72|0x0000000084800000, 0x0000000084800000, 0x0000000084900000|  0%| F|  |TAMS 0x0000000084800000, 0x0000000084800000| Untracked 
|  73|0x0000000084900000, 0x0000000084900000, 0x0000000084a00000|  0%| F|  |TAMS 0x0000000084900000, 0x0000000084900000| Untracked 
|  74|0x0000000084a00000, 0x0000000084a00000, 0x0000000084b00000|  0%| F|  |TAMS 0x0000000084a00000, 0x0000000084a00000| Untracked 
|  75|0x0000000084b00000, 0x0000000084b00000, 0x0000000084c00000|  0%| F|  |TAMS 0x0000000084b00000, 0x0000000084b00000| Untracked 
|  76|0x0000000084c00000, 0x0000000084c00000, 0x0000000084d00000|  0%| F|  |TAMS 0x0000000084c00000, 0x0000000084c00000| Untracked 
|  77|0x0000000084d00000, 0x0000000084d00000, 0x0000000084e00000|  0%| F|  |TAMS 0x0000000084d00000, 0x0000000084d00000| Untracked 
|  78|0x0000000084e00000, 0x0000000084e00000, 0x0000000084f00000|  0%| F|  |TAMS 0x0000000084e00000, 0x0000000084e00000| Untracked 
|  79|0x0000000084f00000, 0x0000000084f00000, 0x0000000085000000|  0%| F|  |TAMS 0x0000000084f00000, 0x0000000084f00000| Untracked 
|  80|0x0000000085000000, 0x0000000085000000, 0x0000000085100000|  0%| F|  |TAMS 0x0000000085000000, 0x0000000085000000| Untracked 
|  81|0x0000000085100000, 0x0000000085100000, 0x0000000085200000|  0%| F|  |TAMS 0x0000000085100000, 0x0000000085100000| Untracked 
|  82|0x0000000085200000, 0x0000000085200000, 0x0000000085300000|  0%| F|  |TAMS 0x0000000085200000, 0x0000000085200000| Untracked 
|  83|0x0000000085300000, 0x0000000085300000, 0x0000000085400000|  0%| F|  |TAMS 0x0000000085300000, 0x0000000085300000| Untracked 
|  84|0x0000000085400000, 0x0000000085400000, 0x0000000085500000|  0%| F|  |TAMS 0x0000000085400000, 0x0000000085400000| Untracked 
|  85|0x0000000085500000, 0x0000000085500000, 0x0000000085600000|  0%| F|  |TAMS 0x0000000085500000, 0x0000000085500000| Untracked 
|  86|0x0000000085600000, 0x0000000085600000, 0x0000000085700000|  0%| F|  |TAMS 0x0000000085600000, 0x0000000085600000| Untracked 
|  87|0x0000000085700000, 0x0000000085700000, 0x0000000085800000|  0%| F|  |TAMS 0x0000000085700000, 0x0000000085700000| Untracked 
|  88|0x0000000085800000, 0x0000000085800000, 0x0000000085900000|  0%| F|  |TAMS 0x0000000085800000, 0x0000000085800000| Untracked 
|  89|0x0000000085900000, 0x0000000085900000, 0x0000000085a00000|  0%| F|  |TAMS 0x0000000085900000, 0x0000000085900000| Untracked 
|  90|0x0000000085a00000, 0x0000000085a00000, 0x0000000085b00000|  0%| F|  |TAMS 0x0000000085a00000, 0x0000000085a00000| Untracked 
|  91|0x0000000085b00000, 0x0000000085b00000, 0x0000000085c00000|  0%| F|  |TAMS 0x0000000085b00000, 0x0000000085b00000| Untracked 
|  92|0x0000000085c00000, 0x0000000085c00000, 0x0000000085d00000|  0%| F|  |TAMS 0x0000000085c00000, 0x0000000085c00000| Untracked 
|  93|0x0000000085d00000, 0x0000000085d00000, 0x0000000085e00000|  0%| F|  |TAMS 0x0000000085d00000, 0x0000000085d00000| Untracked 
|  94|0x0000000085e00000, 0x0000000085e00000, 0x0000000085f00000|  0%| F|  |TAMS 0x0000000085e00000, 0x0000000085e00000| Untracked 
|  95|0x0000000085f00000, 0x0000000085f00000, 0x0000000086000000|  0%| F|  |TAMS 0x0000000085f00000, 0x0000000085f00000| Untracked 
|  96|0x0000000086000000, 0x0000000086000000, 0x0000000086100000|  0%| F|  |TAMS 0x0000000086000000, 0x0000000086000000| Untracked 
|  97|0x0000000086100000, 0x0000000086100000, 0x0000000086200000|  0%| F|  |TAMS 0x0000000086100000, 0x0000000086100000| Untracked 
|  98|0x0000000086200000, 0x0000000086200000, 0x0000000086300000|  0%| F|  |TAMS 0x0000000086200000, 0x0000000086200000| Untracked 
|  99|0x0000000086300000, 0x0000000086300000, 0x0000000086400000|  0%| F|  |TAMS 0x0000000086300000, 0x0000000086300000| Untracked 
| 100|0x0000000086400000, 0x0000000086400000, 0x0000000086500000|  0%| F|  |TAMS 0x0000000086400000, 0x0000000086400000| Untracked 
| 101|0x0000000086500000, 0x0000000086500000, 0x0000000086600000|  0%| F|  |TAMS 0x0000000086500000, 0x0000000086500000| Untracked 
| 102|0x0000000086600000, 0x0000000086600000, 0x0000000086700000|  0%| F|  |TAMS 0x0000000086600000, 0x0000000086600000| Untracked 
| 103|0x0000000086700000, 0x0000000086700000, 0x0000000086800000|  0%| F|  |TAMS 0x0000000086700000, 0x0000000086700000| Untracked 
| 104|0x0000000086800000, 0x0000000086800000, 0x0000000086900000|  0%| F|  |TAMS 0x0000000086800000, 0x0000000086800000| Untracked 
| 105|0x0000000086900000, 0x0000000086900000, 0x0000000086a00000|  0%| F|  |TAMS 0x0000000086900000, 0x0000000086900000| Untracked 
| 106|0x0000000086a00000, 0x0000000086b00000, 0x0000000086b00000|100%| S|CS|TAMS 0x0000000086a00000, 0x0000000086a00000| Complete 
| 107|0x0000000086b00000, 0x0000000086c00000, 0x0000000086c00000|100%| S|CS|TAMS 0x0000000086b00000, 0x0000000086b00000| Complete 
| 108|0x0000000086c00000, 0x0000000086d00000, 0x0000000086d00000|100%| S|CS|TAMS 0x0000000086c00000, 0x0000000086c00000| Complete 
| 109|0x0000000086d00000, 0x0000000086e00000, 0x0000000086e00000|100%| S|CS|TAMS 0x0000000086d00000, 0x0000000086d00000| Complete 
| 110|0x0000000086e00000, 0x0000000086f00000, 0x0000000086f00000|100%| S|CS|TAMS 0x0000000086e00000, 0x0000000086e00000| Complete 
| 111|0x0000000086f00000, 0x0000000087000000, 0x0000000087000000|100%| S|CS|TAMS 0x0000000086f00000, 0x0000000086f00000| Complete 
| 112|0x0000000087000000, 0x0000000087100000, 0x0000000087100000|100%| S|CS|TAMS 0x0000000087000000, 0x0000000087000000| Complete 
| 113|0x0000000087100000, 0x0000000087200000, 0x0000000087200000|100%| S|CS|TAMS 0x0000000087100000, 0x0000000087100000| Complete 
| 114|0x0000000087200000, 0x0000000087300000, 0x0000000087300000|100%| S|CS|TAMS 0x0000000087200000, 0x0000000087200000| Complete 
| 115|0x0000000087300000, 0x0000000087400000, 0x0000000087400000|100%| S|CS|TAMS 0x0000000087300000, 0x0000000087300000| Complete 
| 116|0x0000000087400000, 0x0000000087400000, 0x0000000087500000|  0%| F|  |TAMS 0x0000000087400000, 0x0000000087400000| Untracked 
| 117|0x0000000087500000, 0x0000000087500000, 0x0000000087600000|  0%| F|  |TAMS 0x0000000087500000, 0x0000000087500000| Untracked 
| 118|0x0000000087600000, 0x0000000087600000, 0x0000000087700000|  0%| F|  |TAMS 0x0000000087600000, 0x0000000087600000| Untracked 
| 119|0x0000000087700000, 0x0000000087700000, 0x0000000087800000|  0%| F|  |TAMS 0x0000000087700000, 0x0000000087700000| Untracked 
| 120|0x0000000087800000, 0x0000000087800000, 0x0000000087900000|  0%| F|  |TAMS 0x0000000087800000, 0x0000000087800000| Untracked 
| 121|0x0000000087900000, 0x0000000087900000, 0x0000000087a00000|  0%| F|  |TAMS 0x0000000087900000, 0x0000000087900000| Untracked 
| 122|0x0000000087a00000, 0x0000000087a00000, 0x0000000087b00000|  0%| F|  |TAMS 0x0000000087a00000, 0x0000000087a00000| Untracked 
| 123|0x0000000087b00000, 0x0000000087b00000, 0x0000000087c00000|  0%| F|  |TAMS 0x0000000087b00000, 0x0000000087b00000| Untracked 
| 124|0x0000000087c00000, 0x0000000087c00000, 0x0000000087d00000|  0%| F|  |TAMS 0x0000000087c00000, 0x0000000087c00000| Untracked 
| 125|0x0000000087d00000, 0x0000000087d00000, 0x0000000087e00000|  0%| F|  |TAMS 0x0000000087d00000, 0x0000000087d00000| Untracked 
| 126|0x0000000087e00000, 0x0000000087e00000, 0x0000000087f00000|  0%| F|  |TAMS 0x0000000087e00000, 0x0000000087e00000| Untracked 
| 127|0x0000000087f00000, 0x0000000087f00000, 0x0000000088000000|  0%| F|  |TAMS 0x0000000087f00000, 0x0000000087f00000| Untracked 
| 128|0x0000000088000000, 0x0000000088000000, 0x0000000088100000|  0%| F|  |TAMS 0x0000000088000000, 0x0000000088000000| Untracked 
| 129|0x0000000088100000, 0x0000000088100000, 0x0000000088200000|  0%| F|  |TAMS 0x0000000088100000, 0x0000000088100000| Untracked 
| 130|0x0000000088200000, 0x0000000088200000, 0x0000000088300000|  0%| F|  |TAMS 0x0000000088200000, 0x0000000088200000| Untracked 
| 131|0x0000000088300000, 0x0000000088300000, 0x0000000088400000|  0%| F|  |TAMS 0x0000000088300000, 0x0000000088300000| Untracked 
| 132|0x0000000088400000, 0x0000000088400000, 0x0000000088500000|  0%| F|  |TAMS 0x0000000088400000, 0x0000000088400000| Untracked 
| 133|0x0000000088500000, 0x0000000088500000, 0x0000000088600000|  0%| F|  |TAMS 0x0000000088500000, 0x0000000088500000| Untracked 
| 134|0x0000000088600000, 0x0000000088600000, 0x0000000088700000|  0%| F|  |TAMS 0x0000000088600000, 0x0000000088600000| Untracked 
| 135|0x0000000088700000, 0x0000000088700000, 0x0000000088800000|  0%| F|  |TAMS 0x0000000088700000, 0x0000000088700000| Untracked 
| 136|0x0000000088800000, 0x0000000088800000, 0x0000000088900000|  0%| F|  |TAMS 0x0000000088800000, 0x0000000088800000| Untracked 
| 137|0x0000000088900000, 0x0000000088900000, 0x0000000088a00000|  0%| F|  |TAMS 0x0000000088900000, 0x0000000088900000| Untracked 
| 138|0x0000000088a00000, 0x0000000088a00000, 0x0000000088b00000|  0%| F|  |TAMS 0x0000000088a00000, 0x0000000088a00000| Untracked 
| 139|0x0000000088b00000, 0x0000000088b00000, 0x0000000088c00000|  0%| F|  |TAMS 0x0000000088b00000, 0x0000000088b00000| Untracked 
| 140|0x0000000088c00000, 0x0000000088c00000, 0x0000000088d00000|  0%| F|  |TAMS 0x0000000088c00000, 0x0000000088c00000| Untracked 
| 141|0x0000000088d00000, 0x0000000088d00000, 0x0000000088e00000|  0%| F|  |TAMS 0x0000000088d00000, 0x0000000088d00000| Untracked 
| 142|0x0000000088e00000, 0x0000000088e00000, 0x0000000088f00000|  0%| F|  |TAMS 0x0000000088e00000, 0x0000000088e00000| Untracked 
| 143|0x0000000088f00000, 0x0000000088f00000, 0x0000000089000000|  0%| F|  |TAMS 0x0000000088f00000, 0x0000000088f00000| Untracked 
| 144|0x0000000089000000, 0x0000000089000000, 0x0000000089100000|  0%| F|  |TAMS 0x0000000089000000, 0x0000000089000000| Untracked 
| 145|0x0000000089100000, 0x0000000089100000, 0x0000000089200000|  0%| F|  |TAMS 0x0000000089100000, 0x0000000089100000| Untracked 
| 146|0x0000000089200000, 0x0000000089300000, 0x0000000089300000|100%| E|  |TAMS 0x0000000089200000, 0x0000000089200000| Complete 
| 147|0x0000000089300000, 0x0000000089400000, 0x0000000089400000|100%| E|CS|TAMS 0x0000000089300000, 0x0000000089300000| Complete 
| 148|0x0000000089400000, 0x0000000089500000, 0x0000000089500000|100%| E|CS|TAMS 0x0000000089400000, 0x0000000089400000| Complete 
| 149|0x0000000089500000, 0x0000000089600000, 0x0000000089600000|100%| E|CS|TAMS 0x0000000089500000, 0x0000000089500000| Complete 
| 150|0x0000000089600000, 0x0000000089700000, 0x0000000089700000|100%| E|CS|TAMS 0x0000000089600000, 0x0000000089600000| Complete 
| 151|0x0000000089700000, 0x0000000089800000, 0x0000000089800000|100%| E|CS|TAMS 0x0000000089700000, 0x0000000089700000| Complete 
| 152|0x0000000089800000, 0x0000000089900000, 0x0000000089900000|100%| E|CS|TAMS 0x0000000089800000, 0x0000000089800000| Complete 
| 153|0x0000000089900000, 0x0000000089a00000, 0x0000000089a00000|100%| E|CS|TAMS 0x0000000089900000, 0x0000000089900000| Complete 
| 154|0x0000000089a00000, 0x0000000089b00000, 0x0000000089b00000|100%| E|CS|TAMS 0x0000000089a00000, 0x0000000089a00000| Complete 
| 155|0x0000000089b00000, 0x0000000089c00000, 0x0000000089c00000|100%| E|CS|TAMS 0x0000000089b00000, 0x0000000089b00000| Complete 
| 156|0x0000000089c00000, 0x0000000089d00000, 0x0000000089d00000|100%| E|CS|TAMS 0x0000000089c00000, 0x0000000089c00000| Complete 
| 157|0x0000000089d00000, 0x0000000089e00000, 0x0000000089e00000|100%| E|CS|TAMS 0x0000000089d00000, 0x0000000089d00000| Complete 
| 158|0x0000000089e00000, 0x0000000089f00000, 0x0000000089f00000|100%| E|CS|TAMS 0x0000000089e00000, 0x0000000089e00000| Complete 
| 159|0x0000000089f00000, 0x000000008a000000, 0x000000008a000000|100%| E|CS|TAMS 0x0000000089f00000, 0x0000000089f00000| Complete 
| 160|0x000000008a000000, 0x000000008a100000, 0x000000008a100000|100%| E|CS|TAMS 0x000000008a000000, 0x000000008a000000| Complete 
| 161|0x000000008a100000, 0x000000008a200000, 0x000000008a200000|100%| E|CS|TAMS 0x000000008a100000, 0x000000008a100000| Complete 
| 162|0x000000008a200000, 0x000000008a300000, 0x000000008a300000|100%| E|CS|TAMS 0x000000008a200000, 0x000000008a200000| Complete 
| 163|0x000000008a300000, 0x000000008a400000, 0x000000008a400000|100%| E|CS|TAMS 0x000000008a300000, 0x000000008a300000| Complete 
| 164|0x000000008a400000, 0x000000008a500000, 0x000000008a500000|100%| E|CS|TAMS 0x000000008a400000, 0x000000008a400000| Complete 
| 165|0x000000008a500000, 0x000000008a600000, 0x000000008a600000|100%| E|CS|TAMS 0x000000008a500000, 0x000000008a500000| Complete 
| 166|0x000000008a600000, 0x000000008a700000, 0x000000008a700000|100%| E|CS|TAMS 0x000000008a600000, 0x000000008a600000| Complete 
| 167|0x000000008a700000, 0x000000008a800000, 0x000000008a800000|100%| E|CS|TAMS 0x000000008a700000, 0x000000008a700000| Complete 
| 168|0x000000008a800000, 0x000000008a900000, 0x000000008a900000|100%| E|CS|TAMS 0x000000008a800000, 0x000000008a800000| Complete 
| 169|0x000000008a900000, 0x000000008aa00000, 0x000000008aa00000|100%| E|CS|TAMS 0x000000008a900000, 0x000000008a900000| Complete 
| 170|0x000000008aa00000, 0x000000008ab00000, 0x000000008ab00000|100%| E|CS|TAMS 0x000000008aa00000, 0x000000008aa00000| Complete 
| 171|0x000000008ab00000, 0x000000008ac00000, 0x000000008ac00000|100%| E|CS|TAMS 0x000000008ab00000, 0x000000008ab00000| Complete 
| 172|0x000000008ac00000, 0x000000008ad00000, 0x000000008ad00000|100%| E|CS|TAMS 0x000000008ac00000, 0x000000008ac00000| Complete 
| 173|0x000000008ad00000, 0x000000008ae00000, 0x000000008ae00000|100%| E|CS|TAMS 0x000000008ad00000, 0x000000008ad00000| Complete 
| 174|0x000000008ae00000, 0x000000008af00000, 0x000000008af00000|100%| E|CS|TAMS 0x000000008ae00000, 0x000000008ae00000| Complete 
| 175|0x000000008af00000, 0x000000008b000000, 0x000000008b000000|100%| E|CS|TAMS 0x000000008af00000, 0x000000008af00000| Complete 
| 176|0x000000008b000000, 0x000000008b100000, 0x000000008b100000|100%| E|CS|TAMS 0x000000008b000000, 0x000000008b000000| Complete 
| 177|0x000000008b100000, 0x000000008b200000, 0x000000008b200000|100%| E|CS|TAMS 0x000000008b100000, 0x000000008b100000| Complete 
| 178|0x000000008b200000, 0x000000008b300000, 0x000000008b300000|100%| E|CS|TAMS 0x000000008b200000, 0x000000008b200000| Complete 
| 179|0x000000008b300000, 0x000000008b400000, 0x000000008b400000|100%| E|CS|TAMS 0x000000008b300000, 0x000000008b300000| Complete 
| 180|0x000000008b400000, 0x000000008b500000, 0x000000008b500000|100%| E|CS|TAMS 0x000000008b400000, 0x000000008b400000| Complete 
| 181|0x000000008b500000, 0x000000008b600000, 0x000000008b600000|100%| E|CS|TAMS 0x000000008b500000, 0x000000008b500000| Complete 
| 182|0x000000008b600000, 0x000000008b700000, 0x000000008b700000|100%| E|CS|TAMS 0x000000008b600000, 0x000000008b600000| Complete 
| 183|0x000000008b700000, 0x000000008b800000, 0x000000008b800000|100%| E|CS|TAMS 0x000000008b700000, 0x000000008b700000| Complete 
| 184|0x000000008b800000, 0x000000008b900000, 0x000000008b900000|100%| E|CS|TAMS 0x000000008b800000, 0x000000008b800000| Complete 
| 185|0x000000008b900000, 0x000000008ba00000, 0x000000008ba00000|100%| E|CS|TAMS 0x000000008b900000, 0x000000008b900000| Complete 
| 186|0x000000008ba00000, 0x000000008bb00000, 0x000000008bb00000|100%| E|CS|TAMS 0x000000008ba00000, 0x000000008ba00000| Complete 
| 187|0x000000008bb00000, 0x000000008bc00000, 0x000000008bc00000|100%| E|CS|TAMS 0x000000008bb00000, 0x000000008bb00000| Complete 
| 188|0x000000008bc00000, 0x000000008bd00000, 0x000000008bd00000|100%| E|CS|TAMS 0x000000008bc00000, 0x000000008bc00000| Complete 
| 189|0x000000008bd00000, 0x000000008be00000, 0x000000008be00000|100%| E|CS|TAMS 0x000000008bd00000, 0x000000008bd00000| Complete 
| 190|0x000000008be00000, 0x000000008bf00000, 0x000000008bf00000|100%| E|CS|TAMS 0x000000008be00000, 0x000000008be00000| Complete 
| 191|0x000000008bf00000, 0x000000008c000000, 0x000000008c000000|100%| E|CS|TAMS 0x000000008bf00000, 0x000000008bf00000| Complete 

Card table byte_map: [0x00000225406d0000,0x0000022540ad0000] _byte_map_base: 0x00000225402d0000

Marking Bits (Prev, Next): (CMBitMap*) 0x000002252de60c30, (CMBitMap*) 0x000002252de60c70
 Prev Bits: [0x0000022540ed0000, 0x0000022542ed0000)
 Next Bits: [0x0000022542ed0000, 0x0000022544ed0000)

Polling page: 0x000002252bc30000

Metaspace:

Usage:
  Non-class:     70.57 MB used.
      Class:     11.09 MB used.
       Both:     81.66 MB used.

Virtual space:
  Non-class space:       72.00 MB reserved,      70.88 MB ( 98%) committed,  9 nodes.
      Class space:        1.00 GB reserved,      11.38 MB (  1%) committed,  1 nodes.
             Both:        1.07 GB reserved,      82.25 MB (  8%) committed. 

Chunk freelists:
   Non-Class:  842.00 KB
       Class:  462.00 KB
        Both:  1.27 MB

MaxMetaspaceSize: unlimited
CompressedClassSpaceSize: 1.00 GB
Initial GC threshold: 21.00 MB
Current GC threshold: 97.62 MB
CDS: off
MetaspaceReclaimPolicy: balanced
 - commit_granule_bytes: 65536.
 - commit_granule_words: 8192.
 - virtual_space_node_default_size: 1048576.
 - enlarge_chunks_in_place: 1.
 - new_chunks_are_fully_committed: 0.
 - uncommit_free_chunks: 1.
 - use_allocation_guard: 0.
 - handle_deallocations: 1.


Internal statistics:

num_allocs_failed_limit: 6.
num_arena_births: 792.
num_arena_deaths: 0.
num_vsnodes_births: 10.
num_vsnodes_deaths: 0.
num_space_committed: 1316.
num_space_uncommitted: 0.
num_chunks_returned_to_freelist: 6.
num_chunks_taken_from_freelist: 3718.
num_chunk_merges: 6.
num_chunk_splits: 2529.
num_chunks_enlarged: 1771.
num_purges: 0.
num_inconsistent_stats: 0.

CodeHeap 'non-profiled nmethods': size=120000Kb used=4340Kb max_used=4340Kb free=115659Kb
 bounds [0x0000022538da0000, 0x00000225391e0000, 0x00000225402d0000]
CodeHeap 'profiled nmethods': size=120000Kb used=14626Kb max_used=14626Kb free=105373Kb
 bounds [0x00000225312d0000, 0x0000022532120000, 0x0000022538800000]
CodeHeap 'non-nmethods': size=5760Kb used=2439Kb max_used=2446Kb free=3320Kb
 bounds [0x0000022538800000, 0x0000022538a70000, 0x0000022538da0000]
 total_blobs=8518 nmethods=7608 adapters=820
 compilation: enabled
              stopped_count=0, restarted_count=0
 full_count=0

Compilation events (20 events):
Event: 19.905 Thread 0x0000022547d0bc50 8492       2       org.gradle.internal.event.DefaultListenerManager::getBroadcaster (14 bytes)
Event: 19.906 Thread 0x0000022547d0bc50 nmethod 8492 0x000002253210b690 code [0x000002253210b840, 0x000002253210b9c8]
Event: 19.906 Thread 0x0000022547d0bc50 8493   !   2       org.gradle.internal.event.DefaultListenerManager$EventBroadcast::getBroadcaster (56 bytes)
Event: 19.906 Thread 0x0000022547d0bc50 nmethod 8493 0x000002253210bb10 code [0x000002253210bcc0, 0x000002253210c048]
Event: 19.906 Thread 0x0000022547d0bc50 8494       2       org.gradle.api.internal.DefaultNamedDomainObjectCollection::assertCanAdd (44 bytes)
Event: 19.908 Thread 0x0000022547d0bc50 nmethod 8494 0x000002253210c210 code [0x000002253210c460, 0x000002253210cc68]
Event: 19.908 Thread 0x0000022547d0bc50 8495       2       kotlin.sequences.SequencesKt___SequencesKt::map (25 bytes)
Event: 19.909 Thread 0x0000022547d0bc50 nmethod 8495 0x000002253210d010 code [0x000002253210d2c0, 0x000002253210db18]
Event: 19.909 Thread 0x0000022547d0bc50 8496       1       kotlin.ranges.IntProgressionIterator::hasNext (5 bytes)
Event: 19.909 Thread 0x0000022547d0bc50 nmethod 8496 0x00000225391db510 code [0x00000225391db6a0, 0x00000225391db778]
Event: 19.909 Thread 0x0000022547d0bc50 8497       1       kotlin.collections.ArrayDeque::getSize (5 bytes)
Event: 19.909 Thread 0x0000022547d0bc50 nmethod 8497 0x00000225391db810 code [0x00000225391db9a0, 0x00000225391dba78]
Event: 19.911 Thread 0x0000022547d0bc50 8498       2       org.gradle.model.internal.type.ClassTypeWrapper::<init> (31 bytes)
Event: 19.912 Thread 0x0000022547d0bc50 nmethod 8498 0x000002253210e010 code [0x000002253210e1e0, 0x000002253210e5b8]
Event: 19.914 Thread 0x0000022547d0bc50 8499       2       java.util.stream.IntPipeline$10$1::accept (27 bytes)
Event: 19.914 Thread 0x0000022547d0bc50 nmethod 8499 0x000002253210e790 code [0x000002253210e940, 0x000002253210eab8]
Event: 19.914 Thread 0x0000022547d0bc50 8500       2       com.google.gms.googleservices.GoogleServicesTask$$Lambda$905/0x0000000100b75a18::test (5 bytes)
Event: 19.914 Thread 0x0000022547d0bc50 nmethod 8500 0x000002253210eb90 code [0x000002253210ed20, 0x000002253210ee38]
Event: 19.914 Thread 0x0000022547d0bc50 8501       2       java.lang.Class::getComponentType (14 bytes)
Event: 19.914 Thread 0x0000022547d0bc50 nmethod 8501 0x000002253210ef10 code [0x000002253210f0c0, 0x000002253210f228]

GC Heap History (20 events):
Event: 12.108 GC heap before
{Heap before GC invocations=16 (full 0):
 garbage-first heap   total 82944K, used 47025K [0x0000000080000000, 0x0000000100000000)
  region size 1024K, 6 young (6144K), 4 survivors (4096K)
 Metaspace       used 53674K, committed 54144K, reserved 1097728K
  class space    used 7155K, committed 7360K, reserved 1048576K
}
Event: 12.114 GC heap after
{Heap after GC invocations=17 (full 0):
 garbage-first heap   total 100352K, used 47786K [0x0000000080000000, 0x0000000100000000)
  region size 1024K, 2 young (2048K), 2 survivors (2048K)
 Metaspace       used 53674K, committed 54144K, reserved 1097728K
  class space    used 7155K, committed 7360K, reserved 1048576K
}
Event: 12.697 GC heap before
{Heap before GC invocations=18 (full 0):
 garbage-first heap   total 101376K, used 73386K [0x0000000080000000, 0x0000000100000000)
  region size 1024K, 23 young (23552K), 2 survivors (2048K)
 Metaspace       used 56070K, committed 56576K, reserved 1097728K
  class space    used 7492K, committed 7680K, reserved 1048576K
}
Event: 12.702 GC heap after
{Heap after GC invocations=19 (full 0):
 garbage-first heap   total 101376K, used 55110K [0x0000000080000000, 0x0000000100000000)
  region size 1024K, 3 young (3072K), 3 survivors (3072K)
 Metaspace       used 56070K, committed 56576K, reserved 1097728K
  class space    used 7492K, committed 7680K, reserved 1048576K
}
Event: 12.731 GC heap before
{Heap before GC invocations=19 (full 0):
 garbage-first heap   total 101376K, used 56134K [0x0000000080000000, 0x0000000100000000)
  region size 1024K, 4 young (4096K), 3 survivors (3072K)
 Metaspace       used 56219K, committed 56768K, reserved 1097728K
  class space    used 7516K, committed 7744K, reserved 1048576K
}
Event: 12.737 GC heap after
{Heap after GC invocations=20 (full 0):
 garbage-first heap   total 101376K, used 55379K [0x0000000080000000, 0x0000000100000000)
  region size 1024K, 1 young (1024K), 1 survivors (1024K)
 Metaspace       used 56219K, committed 56768K, reserved 1097728K
  class space    used 7516K, committed 7744K, reserved 1048576K
}
Event: 13.282 GC heap before
{Heap before GC invocations=20 (full 0):
 garbage-first heap   total 101376K, used 74835K [0x0000000080000000, 0x0000000100000000)
  region size 1024K, 20 young (20480K), 1 survivors (1024K)
 Metaspace       used 59429K, committed 59904K, reserved 1105920K
  class space    used 7895K, committed 8128K, reserved 1048576K
}
Event: 13.285 GC heap after
{Heap after GC invocations=21 (full 0):
 garbage-first heap   total 101376K, used 56001K [0x0000000080000000, 0x0000000100000000)
  region size 1024K, 1 young (1024K), 1 survivors (1024K)
 Metaspace       used 59429K, committed 59904K, reserved 1105920K
  class space    used 7895K, committed 8128K, reserved 1048576K
}
Event: 14.094 GC heap before
{Heap before GC invocations=22 (full 0):
 garbage-first heap   total 101376K, used 76481K [0x0000000080000000, 0x0000000100000000)
  region size 1024K, 21 young (21504K), 1 survivors (1024K)
 Metaspace       used 63492K, committed 64000K, reserved 1105920K
  class space    used 8450K, committed 8704K, reserved 1048576K
}
Event: 14.101 GC heap after
{Heap after GC invocations=23 (full 0):
 garbage-first heap   total 101376K, used 58279K [0x0000000080000000, 0x0000000100000000)
  region size 1024K, 3 young (3072K), 3 survivors (3072K)
 Metaspace       used 63492K, committed 64000K, reserved 1105920K
  class space    used 8450K, committed 8704K, reserved 1048576K
}
Event: 14.144 GC heap before
{Heap before GC invocations=23 (full 0):
 garbage-first heap   total 101376K, used 59303K [0x0000000080000000, 0x0000000100000000)
  region size 1024K, 4 young (4096K), 3 survivors (3072K)
 Metaspace       used 63786K, committed 64256K, reserved 1105920K
  class space    used 8486K, committed 8704K, reserved 1048576K
}
Event: 14.151 GC heap after
{Heap after GC invocations=24 (full 0):
 garbage-first heap   total 101376K, used 57453K [0x0000000080000000, 0x0000000100000000)
  region size 1024K, 1 young (1024K), 1 survivors (1024K)
 Metaspace       used 63786K, committed 64256K, reserved 1105920K
  class space    used 8486K, committed 8704K, reserved 1048576K
}
Event: 14.186 GC heap before
{Heap before GC invocations=24 (full 0):
 garbage-first heap   total 101376K, used 58477K [0x0000000080000000, 0x0000000100000000)
  region size 1024K, 3 young (3072K), 1 survivors (1024K)
 Metaspace       used 63837K, committed 64384K, reserved 1105920K
  class space    used 8493K, committed 8704K, reserved 1048576K
}
Event: 14.189 GC heap after
{Heap after GC invocations=25 (full 0):
 garbage-first heap   total 196608K, used 58114K [0x0000000080000000, 0x0000000100000000)
  region size 1024K, 2 young (2048K), 2 survivors (2048K)
 Metaspace       used 63837K, committed 64384K, reserved 1105920K
  class space    used 8493K, committed 8704K, reserved 1048576K
}
Event: 15.583 GC heap before
{Heap before GC invocations=25 (full 0):
 garbage-first heap   total 196608K, used 124674K [0x0000000080000000, 0x0000000100000000)
  region size 1024K, 61 young (62464K), 2 survivors (2048K)
 Metaspace       used 68426K, committed 68928K, reserved 1114112K
  class space    used 9056K, committed 9280K, reserved 1048576K
}
Event: 15.598 GC heap after
{Heap after GC invocations=26 (full 0):
 garbage-first heap   total 196608K, used 63747K [0x0000000080000000, 0x0000000100000000)
  region size 1024K, 7 young (7168K), 7 survivors (7168K)
 Metaspace       used 68426K, committed 68928K, reserved 1114112K
  class space    used 9056K, committed 9280K, reserved 1048576K
}
Event: 17.170 GC heap before
{Heap before GC invocations=26 (full 0):
 garbage-first heap   total 196608K, used 126211K [0x0000000080000000, 0x0000000100000000)
  region size 1024K, 68 young (69632K), 7 survivors (7168K)
 Metaspace       used 74633K, committed 75200K, reserved 1114112K
  class space    used 9910K, committed 10176K, reserved 1048576K
}
Event: 17.192 GC heap after
{Heap after GC invocations=27 (full 0):
 garbage-first heap   total 196608K, used 67814K [0x0000000080000000, 0x0000000100000000)
  region size 1024K, 5 young (5120K), 5 survivors (5120K)
 Metaspace       used 74633K, committed 75200K, reserved 1114112K
  class space    used 9910K, committed 10176K, reserved 1048576K
}
Event: 19.047 GC heap before
{Heap before GC invocations=27 (full 0):
 garbage-first heap   total 196608K, used 140518K [0x0000000080000000, 0x0000000100000000)
  region size 1024K, 76 young (77824K), 5 survivors (5120K)
 Metaspace       used 80939K, committed 81536K, reserved 1122304K
  class space    used 10969K, committed 11264K, reserved 1048576K
}
Event: 19.067 GC heap after
{Heap after GC invocations=28 (full 0):
 garbage-first heap   total 196608K, used 74570K [0x0000000080000000, 0x0000000100000000)
  region size 1024K, 10 young (10240K), 10 survivors (10240K)
 Metaspace       used 80939K, committed 81536K, reserved 1122304K
  class space    used 10969K, committed 11264K, reserved 1048576K
}

Dll operation events (2 events):
Event: 0.016 Loaded shared library C:\Program Files\Android\Android Studio\jbr\bin\java.dll
Event: 0.795 Loaded shared library C:\Program Files\Android\Android Studio\jbr\bin\verify.dll

Deoptimization events (20 events):
Event: 18.571 Thread 0x000002254b11b020 DEOPT PACKING pc=0x000002253201b4b3 sp=0x000000fc05df89b0
Event: 18.571 Thread 0x000002254b11b020 DEOPT UNPACKING pc=0x0000022538857143 sp=0x000000fc05df7ef0 mode 0
Event: 19.144 Thread 0x000002254b11b020 Uncommon trap: trap_request=0xffffff45 fr.pc=0x000002253905f1cc relative=0x000000000000028c
Event: 19.144 Thread 0x000002254b11b020 Uncommon trap: reason=unstable_if action=reinterpret pc=0x000002253905f1cc method=java.io.WinNTFileSystem.prefixLength(Ljava/lang/String;)I @ 11 c2
Event: 19.144 Thread 0x000002254b11b020 DEOPT PACKING pc=0x000002253905f1cc sp=0x000000fc05df8d60
Event: 19.144 Thread 0x000002254b11b020 DEOPT UNPACKING pc=0x00000225388569a3 sp=0x000000fc05df8ce0 mode 2
Event: 19.804 Thread 0x000002254b11b020 Uncommon trap: trap_request=0xffffff45 fr.pc=0x0000022539135ac8 relative=0x0000000000003b68
Event: 19.804 Thread 0x000002254b11b020 Uncommon trap: reason=unstable_if action=reinterpret pc=0x0000022539135ac8 method=org.codehaus.groovy.reflection.CachedMethod.compareToMethod(Ljava/lang/reflect/Method;)I @ 43 c2
Event: 19.805 Thread 0x000002254b11b020 DEOPT PACKING pc=0x0000022539135ac8 sp=0x000000fc05df6510
Event: 19.805 Thread 0x000002254b11b020 DEOPT UNPACKING pc=0x00000225388569a3 sp=0x000000fc05df6328 mode 2
Event: 19.837 Thread 0x000002254b11b020 Uncommon trap: trap_request=0xffffffde fr.pc=0x0000022538f22b20 relative=0x00000000000009e0
Event: 19.837 Thread 0x000002254b11b020 Uncommon trap: reason=class_check action=maybe_recompile pc=0x0000022538f22b20 method=java.util.WeakHashMap.matchesKey(Ljava/util/WeakHashMap$Entry;Ljava/lang/Object;)Z @ 21 c2
Event: 19.837 Thread 0x000002254b11b020 DEOPT PACKING pc=0x0000022538f22b20 sp=0x000000fc05df5b80
Event: 19.837 Thread 0x000002254b11b020 DEOPT UNPACKING pc=0x00000225388569a3 sp=0x000000fc05df5ae0 mode 2
Event: 19.848 Thread 0x000002254b11b020 Uncommon trap: trap_request=0xffffff45 fr.pc=0x0000022538df7a60 relative=0x0000000000000060
Event: 19.848 Thread 0x000002254b11b020 Uncommon trap: reason=unstable_if action=reinterpret pc=0x0000022538df7a60 method=java.lang.Class.getComponentType()Ljava/lang/Class; @ 4 c2
Event: 19.848 Thread 0x000002254b11b020 DEOPT PACKING pc=0x0000022538df7a60 sp=0x000000fc05df67b0
Event: 19.848 Thread 0x000002254b11b020 DEOPT UNPACKING pc=0x00000225388569a3 sp=0x000000fc05df6740 mode 2
Event: 19.871 Thread 0x000002254b11b020 DEOPT PACKING pc=0x0000022532017315 sp=0x000000fc05df51e0
Event: 19.871 Thread 0x000002254b11b020 DEOPT UNPACKING pc=0x0000022538857143 sp=0x000000fc05df4668 mode 0

Classes unloaded (0 events):
No events

Classes redefined (0 events):
No events

Internal exceptions (20 events):
Event: 19.830 Thread 0x000002254b11b020 Exception <a 'java/lang/ClassNotFoundException'{0x00000000899cf678}: org/gradle/api/internal/tasks/DefaultTaskCollectionBeanInfo> (0x00000000899cf678) 
thrown [s\src\hotspot\share\classfile\systemDictionary.cpp, line 256]
Event: 19.830 Thread 0x000002254b11b020 Exception <a 'java/lang/ClassNotFoundException'{0x00000000899dc7d0}: org/gradle/api/internal/DefaultNamedDomainObjectSetBeanInfo> (0x00000000899dc7d0) 
thrown [s\src\hotspot\share\classfile\systemDictionary.cpp, line 256]
Event: 19.831 Thread 0x000002254b11b020 Exception <a 'java/lang/ClassNotFoundException'{0x00000000899e9a00}: org/gradle/api/internal/DefaultNamedDomainObjectCollectionBeanInfo> (0x00000000899e9a00) 
thrown [s\src\hotspot\share\classfile\systemDictionary.cpp, line 256]
Event: 19.831 Thread 0x000002254b11b020 Exception <a 'java/lang/ClassNotFoundException'{0x00000000899f6c28}: org/gradle/api/internal/DefaultNamedDomainObjectCollectionCustomizer> (0x00000000899f6c28) 
thrown [s\src\hotspot\share\classfile\systemDictionary.cpp, line 256]
Event: 19.834 Thread 0x000002254b11b020 Exception <a 'java/lang/ClassNotFoundException'{0x000000008982bc30}: org/gradle/api/internal/DefaultNamedDomainObjectSetCustomizer> (0x000000008982bc30) 
thrown [s\src\hotspot\share\classfile\systemDictionary.cpp, line 256]
Event: 19.836 Thread 0x000002254b11b020 Exception <a 'java/lang/ClassNotFoundException'{0x000000008984ec50}: org/gradle/api/internal/tasks/DefaultTaskCollectionCustomizer> (0x000000008984ec50) 
thrown [s\src\hotspot\share\classfile\systemDictionary.cpp, line 256]
Event: 19.839 Thread 0x000002254b11b020 Exception <a 'java/lang/ClassNotFoundException'{0x0000000089889aa0}: org/gradle/api/internal/tasks/DefaultTaskContainerCustomizer> (0x0000000089889aa0) 
thrown [s\src\hotspot\share\classfile\systemDictionary.cpp, line 256]
Event: 19.842 Thread 0x000002254b11b020 Exception <a 'java/lang/ClassNotFoundException'{0x00000000898e8808}: org/gradle/api/internal/tasks/DefaultTaskContainer_DecoratedCustomizer> (0x00000000898e8808) 
thrown [s\src\hotspot\share\classfile\systemDictionary.cpp, line 256]
Event: 19.856 Thread 0x000002254b11b020 Exception <a 'java/lang/ClassNotFoundException'{0x0000000089649868}: java/util/Collections$SingletonListBeanInfo> (0x0000000089649868) 
thrown [s\src\hotspot\share\classfile\systemDictionary.cpp, line 256]
Event: 19.857 Thread 0x000002254b11b020 Exception <a 'java/lang/ClassNotFoundException'{0x0000000089650c30}: java/util/Collections$SingletonListCustomizer> (0x0000000089650c30) 
thrown [s\src\hotspot\share\classfile\systemDictionary.cpp, line 256]
Event: 19.865 Thread 0x000002254b11b020 Exception <a 'java/lang/ClassNotFoundException'{0x00000000896f9c40}: org/gradle/api/internal/tasks/DefaultTaskContainer$TaskCreatingProvider_DecoratedBeanInfo> (0x00000000896f9c40) 
thrown [s\src\hotspot\share\classfile\systemDictionary.cpp, line 256]
Event: 19.866 Thread 0x000002254b11b020 Exception <a 'java/lang/ClassNotFoundException'{0x0000000089507700}: org/gradle/api/internal/tasks/DefaultTaskContainer$TaskCreatingProviderBeanInfo> (0x0000000089507700) 
thrown [s\src\hotspot\share\classfile\systemDictionary.cpp, line 256]
Event: 19.867 Thread 0x000002254b11b020 Exception <a 'java/lang/ClassNotFoundException'{0x0000000089514da0}: org/gradle/api/internal/DefaultNamedDomainObjectCollection$AbstractDomainObjectCreatingProviderBeanInfo> (0x0000000089514da0) 
thrown [s\src\hotspot\share\classfile\systemDictionary.cpp, line 256]
Event: 19.867 Thread 0x000002254b11b020 Exception <a 'java/lang/ClassNotFoundException'{0x00000000895223d8}: org/gradle/api/internal/DefaultNamedDomainObjectCollection$AbstractNamedDomainObjectProviderBeanInfo> (0x00000000895223d8) 
thrown [s\src\hotspot\share\classfile\systemDictionary.cpp, line 256]
Event: 19.868 Thread 0x000002254b11b020 Exception <a 'java/lang/ClassNotFoundException'{0x000000008952f750}: org/gradle/api/internal/provider/AbstractMinimalProviderBeanInfo> (0x000000008952f750) 
thrown [s\src\hotspot\share\classfile\systemDictionary.cpp, line 256]
Event: 19.869 Thread 0x000002254b11b020 Exception <a 'java/lang/ClassNotFoundException'{0x000000008953cab8}: org/gradle/api/internal/provider/AbstractMinimalProviderCustomizer> (0x000000008953cab8) 
thrown [s\src\hotspot\share\classfile\systemDictionary.cpp, line 256]
Event: 19.871 Thread 0x000002254b11b020 Exception <a 'java/lang/ClassNotFoundException'{0x0000000089561df8}: org/gradle/api/internal/DefaultNamedDomainObjectCollection$AbstractNamedDomainObjectProviderCustomizer> (0x0000000089561df8) 
thrown [s\src\hotspot\share\classfile\systemDictionary.cpp, line 256]
Event: 19.874 Thread 0x000002254b11b020 Exception <a 'java/lang/ClassNotFoundException'{0x0000000089582a30}: org/gradle/api/internal/DefaultNamedDomainObjectCollection$AbstractDomainObjectCreatingProviderCustomizer> (0x0000000089582a30) 
thrown [s\src\hotspot\share\classfile\systemDictionary.cpp, line 256]
Event: 19.876 Thread 0x000002254b11b020 Exception <a 'java/lang/ClassNotFoundException'{0x000000008959ae48}: org/gradle/api/internal/tasks/DefaultTaskContainer$TaskCreatingProviderCustomizer> (0x000000008959ae48) 
thrown [s\src\hotspot\share\classfile\systemDictionary.cpp, line 256]
Event: 19.878 Thread 0x000002254b11b020 Exception <a 'java/lang/ClassNotFoundException'{0x00000000895afbf8}: org/gradle/api/internal/tasks/DefaultTaskContainer$TaskCreatingProvider_DecoratedCustomizer> (0x00000000895afbf8) 
thrown [s\src\hotspot\share\classfile\systemDictionary.cpp, line 256]

VM Operations (20 events):
Event: 15.703 Executing VM operation: HandshakeAllThreads
Event: 15.703 Executing VM operation: HandshakeAllThreads done
Event: 15.975 Executing VM operation: HandshakeAllThreads
Event: 15.976 Executing VM operation: HandshakeAllThreads done
Event: 16.342 Executing VM operation: ICBufferFull
Event: 16.342 Executing VM operation: ICBufferFull done
Event: 16.457 Executing VM operation: HandshakeAllThreads
Event: 16.457 Executing VM operation: HandshakeAllThreads done
Event: 17.169 Executing VM operation: G1CollectForAllocation
Event: 17.193 Executing VM operation: G1CollectForAllocation done
Event: 18.107 Executing VM operation: HandshakeAllThreads
Event: 18.107 Executing VM operation: HandshakeAllThreads done
Event: 18.153 Executing VM operation: ICBufferFull
Event: 18.153 Executing VM operation: ICBufferFull done
Event: 19.047 Executing VM operation: G1CollectForAllocation
Event: 19.067 Executing VM operation: G1CollectForAllocation done
Event: 19.744 Executing VM operation: ICBufferFull
Event: 19.744 Executing VM operation: ICBufferFull done
Event: 19.805 Executing VM operation: HandshakeAllThreads
Event: 19.805 Executing VM operation: HandshakeAllThreads done

Events (20 events):
Event: 19.793 loading class java/util/stream/ReduceOps$CountingSink$OfInt done
Event: 19.800 loading class java/lang/StringBeanInfo
Event: 19.800 loading class java/lang/StringBeanInfo done
Event: 19.801 loading class java/lang/StringBeanInfo
Event: 19.801 loading class java/lang/StringBeanInfo done
Event: 19.802 loading class java/lang/StringCustomizer
Event: 19.802 loading class java/lang/StringCustomizer done
Event: 19.803 loading class java/lang/StringCustomizer
Event: 19.803 loading class java/lang/StringCustomizer done
Event: 19.810 Thread 0x0000022547d0ccf0 flushing nmethod 0x0000022531421810
Event: 19.816 Thread 0x0000022547d0ccf0 flushing nmethod 0x0000022531a76e10
Event: 19.818 Thread 0x0000022547d0ccf0 flushing nmethod 0x0000022531b60990
Event: 19.856 loading class java/util/Collections$SingletonListBeanInfo
Event: 19.856 loading class java/util/Collections$SingletonListBeanInfo done
Event: 19.856 loading class java/util/Collections$SingletonListBeanInfo
Event: 19.856 loading class java/util/Collections$SingletonListBeanInfo done
Event: 19.856 loading class java/util/Collections$SingletonListCustomizer
Event: 19.856 loading class java/util/Collections$SingletonListCustomizer done
Event: 19.857 loading class java/util/Collections$SingletonListCustomizer
Event: 19.857 loading class java/util/Collections$SingletonListCustomizer done


Dynamic libraries:
0x00007ff6d54d0000 - 0x00007ff6d54da000 	C:\Program Files\Android\Android Studio\jbr\bin\java.exe
0x00007fff2e350000 - 0x00007fff2e548000 	C:\Windows\SYSTEM32\ntdll.dll
0x00007fff2c830000 - 0x00007fff2c8ed000 	C:\Windows\System32\KERNEL32.DLL
0x00007fff2bd10000 - 0x00007fff2c006000 	C:\Windows\System32\KERNELBASE.dll
0x00007fff2ba20000 - 0x00007fff2bb20000 	C:\Windows\System32\ucrtbase.dll
0x00007fff21f80000 - 0x00007fff21f9b000 	C:\Program Files\Android\Android Studio\jbr\bin\VCRUNTIME140.dll
0x00007fff21f60000 - 0x00007fff21f77000 	C:\Program Files\Android\Android Studio\jbr\bin\jli.dll
0x00007fff2cf40000 - 0x00007fff2d0de000 	C:\Windows\System32\USER32.dll
0x00007fff16f40000 - 0x00007fff171da000 	C:\Windows\WinSxS\amd64_microsoft.windows.common-controls_6595b64144ccf1df_6.0.19041.3636_none_60b6a03d71f818d5\COMCTL32.dll
0x00007fff2c010000 - 0x00007fff2c032000 	C:\Windows\System32\win32u.dll
0x00007fff2e120000 - 0x00007fff2e1be000 	C:\Windows\System32\msvcrt.dll
0x00007fff2c800000 - 0x00007fff2c82c000 	C:\Windows\System32\GDI32.dll
0x00007fff2bbf0000 - 0x00007fff2bd0a000 	C:\Windows\System32\gdi32full.dll
0x00007fff2bb50000 - 0x00007fff2bbed000 	C:\Windows\System32\msvcp_win.dll
0x00007fff2cc10000 - 0x00007fff2cc40000 	C:\Windows\System32\IMM32.DLL
0x00007fff22420000 - 0x00007fff2242c000 	C:\Program Files\Android\Android Studio\jbr\bin\vcruntime140_1.dll
0x00007fff13d30000 - 0x00007fff13dbd000 	C:\Program Files\Android\Android Studio\jbr\bin\msvcp140.dll
0x00007ffedb5c0000 - 0x00007ffedc22d000 	C:\Program Files\Android\Android Studio\jbr\bin\server\jvm.dll
0x00007fff2e250000 - 0x00007fff2e303000 	C:\Windows\System32\ADVAPI32.dll
0x00007fff2c3a0000 - 0x00007fff2c43f000 	C:\Windows\System32\sechost.dll
0x00007fff2c9a0000 - 0x00007fff2cac6000 	C:\Windows\System32\RPCRT4.dll
0x00007fff2bb20000 - 0x00007fff2bb47000 	C:\Windows\System32\bcrypt.dll
0x00007fff173b0000 - 0x00007fff173d7000 	C:\Windows\SYSTEM32\WINMM.dll
0x00007fff1b250000 - 0x00007fff1b259000 	C:\Windows\SYSTEM32\WSOCK32.dll
0x00007fff2da90000 - 0x00007fff2dafb000 	C:\Windows\System32\WS2_32.dll
0x00007fff22e70000 - 0x00007fff22e7a000 	C:\Windows\SYSTEM32\VERSION.dll
0x00007fff2a220000 - 0x00007fff2a232000 	C:\Windows\SYSTEM32\kernel.appcore.dll
0x00007fff272c0000 - 0x00007fff272ca000 	C:\Program Files\Android\Android Studio\jbr\bin\jimage.dll
0x00007fff29f30000 - 0x00007fff2a114000 	C:\Windows\SYSTEM32\DBGHELP.DLL
0x00007fff15450000 - 0x00007fff15484000 	C:\Windows\SYSTEM32\dbgcore.DLL
0x00007fff2c310000 - 0x00007fff2c392000 	C:\Windows\System32\bcryptPrimitives.dll
0x00007fff224d0000 - 0x00007fff224f5000 	C:\Program Files\Android\Android Studio\jbr\bin\java.dll
0x00007fff24b50000 - 0x00007fff24b68000 	C:\Program Files\Android\Android Studio\jbr\bin\zip.dll
0x00007fff2d0e0000 - 0x00007fff2d825000 	C:\Windows\System32\SHELL32.dll
0x00007fff296c0000 - 0x00007fff29e5b000 	C:\Windows\SYSTEM32\windows.storage.dll
0x00007fff2c4a0000 - 0x00007fff2c7f4000 	C:\Windows\System32\combase.dll
0x00007fff2b2a0000 - 0x00007fff2b2cd000 	C:\Windows\SYSTEM32\Wldp.dll
0x00007fff2db00000 - 0x00007fff2dbad000 	C:\Windows\System32\SHCORE.dll
0x00007fff2cad0000 - 0x00007fff2cb25000 	C:\Windows\System32\shlwapi.dll
0x00007fff2b950000 - 0x00007fff2b975000 	C:\Windows\SYSTEM32\profapi.dll
0x00007fff24550000 - 0x00007fff24569000 	C:\Program Files\Android\Android Studio\jbr\bin\net.dll
0x00007fff1ca90000 - 0x00007fff1cb9a000 	C:\Windows\SYSTEM32\WINHTTP.dll
0x00007fff2b080000 - 0x00007fff2b0ea000 	C:\Windows\system32\mswsock.dll
0x00007fff22200000 - 0x00007fff22216000 	C:\Program Files\Android\Android Studio\jbr\bin\nio.dll
0x00007fff221f0000 - 0x00007fff22200000 	C:\Program Files\Android\Android Studio\jbr\bin\verify.dll
0x00007fff21fa0000 - 0x00007fff21fc7000 	C:\Users\Area 7 Computer\.gradle\native\68d5fa5c4cc2d200863cafc0d521ce42e7d3e7ee720ec0a83991735586a16f82\windows-amd64\native-platform.dll
0x00007fff098e0000 - 0x00007fff09a24000 	C:\Users\Area 7 Computer\.gradle\native\e376f236ea51e6404a007f0833ffe2c6e607c4080706a723a18a27aeea778392\windows-amd64\native-platform-file-events.dll
0x00007fff23000000 - 0x00007fff23009000 	C:\Program Files\Android\Android Studio\jbr\bin\management.dll
0x00007fff224c0000 - 0x00007fff224cb000 	C:\Program Files\Android\Android Studio\jbr\bin\management_ext.dll
0x00007fff2da80000 - 0x00007fff2da88000 	C:\Windows\System32\PSAPI.DLL
0x00007fff2b2e0000 - 0x00007fff2b2f8000 	C:\Windows\SYSTEM32\CRYPTSP.dll
0x00007fff2a9d0000 - 0x00007fff2aa04000 	C:\Windows\system32\rsaenh.dll
0x00007fff2b910000 - 0x00007fff2b93e000 	C:\Windows\SYSTEM32\USERENV.dll
0x00007fff2b210000 - 0x00007fff2b21c000 	C:\Windows\SYSTEM32\CRYPTBASE.dll
0x00007fff2ad90000 - 0x00007fff2adcb000 	C:\Windows\SYSTEM32\IPHLPAPI.DLL
0x00007fff2dbb0000 - 0x00007fff2dbb8000 	C:\Windows\System32\NSI.dll
0x00007fff20a00000 - 0x00007fff20a17000 	C:\Windows\SYSTEM32\dhcpcsvc6.DLL
0x00007fff20ea0000 - 0x00007fff20ebd000 	C:\Windows\SYSTEM32\dhcpcsvc.DLL
0x00007fff2add0000 - 0x00007fff2ae9a000 	C:\Windows\SYSTEM32\DNSAPI.dll
0x00007fff24580000 - 0x00007fff24587000 	C:\Windows\system32\wshunix.dll

dbghelp: loaded successfully - version: 4.0.5 - missing functions: none
symbol engine: initialized successfully - sym options: 0x614 - pdb path: .;C:\Program Files\Android\Android Studio\jbr\bin;C:\Windows\SYSTEM32;C:\Windows\WinSxS\amd64_microsoft.windows.common-controls_6595b64144ccf1df_6.0.19041.3636_none_60b6a03d71f818d5;C:\Program Files\Android\Android Studio\jbr\bin\server;C:\Users\Area 7 Computer\.gradle\native\68d5fa5c4cc2d200863cafc0d521ce42e7d3e7ee720ec0a83991735586a16f82\windows-amd64;C:\Users\Area 7 Computer\.gradle\native\e376f236ea51e6404a007f0833ffe2c6e607c4080706a723a18a27aeea778392\windows-amd64

VM Arguments:
jvm_args: --add-opens=java.base/java.util=ALL-UNNAMED --add-opens=java.base/java.lang=ALL-UNNAMED --add-opens=java.base/java.lang.invoke=ALL-UNNAMED --add-opens=java.prefs/java.util.prefs=ALL-UNNAMED --add-opens=java.base/java.nio.charset=ALL-UNNAMED --add-opens=java.base/java.net=ALL-UNNAMED --add-opens=java.base/java.util.concurrent.atomic=ALL-UNNAMED -Xmx2048m -Dfile.encoding=UTF-8 -Duser.country=US -Duser.language=en -Duser.variant 
java_command: org.gradle.launcher.daemon.bootstrap.GradleDaemon 8.0
java_class_path (initial): C:\Users\Area 7 Computer\.gradle\wrapper\dists\gradle-8.0-bin\ca5e32bp14vu59qr306oxotwh\gradle-8.0\lib\gradle-launcher-8.0.jar
Launcher Type: SUN_STANDARD

[Global flags]
     intx CICompilerCount                          = 3                                         {product} {ergonomic}
     uint ConcGCThreads                            = 1                                         {product} {ergonomic}
     uint G1ConcRefinementThreads                  = 4                                         {product} {ergonomic}
   size_t G1HeapRegionSize                         = 1048576                                   {product} {ergonomic}
    uintx GCDrainStackTargetSize                   = 64                                        {product} {ergonomic}
   size_t InitialHeapSize                          = 134217728                                 {product} {ergonomic}
   size_t MarkStackSize                            = 4194304                                   {product} {ergonomic}
   size_t MaxHeapSize                              = 2147483648                                {product} {command line}
   size_t MaxNewSize                               = 1287651328                                {product} {ergonomic}
   size_t MinHeapDeltaBytes                        = 1048576                                   {product} {ergonomic}
   size_t MinHeapSize                              = 8388608                                   {product} {ergonomic}
    uintx NonNMethodCodeHeapSize                   = 5832780                                {pd product} {ergonomic}
    uintx NonProfiledCodeHeapSize                  = 122912730                              {pd product} {ergonomic}
    uintx ProfiledCodeHeapSize                     = 122912730                              {pd product} {ergonomic}
    uintx ReservedCodeCacheSize                    = 251658240                              {pd product} {ergonomic}
     bool SegmentedCodeCache                       = true                                      {product} {ergonomic}
   size_t SoftMaxHeapSize                          = 2147483648                             {manageable} {ergonomic}
     bool UseCompressedClassPointers               = true                           {product lp64_product} {ergonomic}
     bool UseCompressedOops                        = true                           {product lp64_product} {ergonomic}
     bool UseG1GC                                  = true                                      {product} {ergonomic}
     bool UseLargePagesIndividualAllocation        = false                                  {pd product} {ergonomic}

Logging:
Log output configuration:
 #0: stdout all=warning uptime,level,tags
 #1: stderr all=off uptime,level,tags

Environment Variables:
JAVA_HOME=C:\Program Files (x86)\Java\jdk1.8.0_92
PATH=C:\ProgramData\Oracle\Java\javapath;D:\DevSuiteHome_1\jdk\jre\bin\classic;D:\DevSuiteHome_1\jdk\jre\bin;D:\DevSuiteHome_1\jdk\jre\bin\client;D:\DevSuiteHome_1\jlib;D:\DevSuiteHome_1\bin;D:\DevSuiteHome_1\jre\1.4.2\bin\client;D:\DevSuiteHome_1\jre\1.4.2\bin;C:\Windows\system32;C:\Windows;C:\Windows\System32\Wbem;C:\Windows\System32\WindowsPowerShell\v1.0\;C:\Windows\System32\OpenSSH\;C:\Program Files (x86)\Java\jdk1.8.0_92\bin;C:\Program Files\Microsoft SQL Server\150\Tools\Binn\;C:\Program Files\Microsoft SQL Server\Client SDK\ODBC\170\Tools\Binn\;C:\Program Files (x86)\Microsoft SQL Server\160\Tools\Binn\;C:\Program Files\Microsoft SQL Server\160\Tools\Binn\;C:\Program Files\Microsoft SQL Server\160\DTS\Binn\;C:\Program Files\Azure Data Studio\bin;C:\Program Files (x86)\Microsoft SQL Server\150\Tools\Binn\;C:\Program Files\Microsoft SQL Server\150\DTS\Binn\;C:\Program Files\Microsoft\Web Platform Installer\;C:\Program Files (x86)\Microsoft ASP.NET\ASP.NET Web Pages\v1.0\;C:\Program Files (x86)\Windows Kits\8.0\Windows Performance Toolkit\;D:\nodejs\;D:\Git\cmd;D:\GitHub CLI\;C:\Users\Area 7 Computer\AppData\Local\Microsoft\WindowsApps;;C:\Users\Area 7 Computer\AppData\Local\Programs\Microsoft VS Code\bin;C:\Program Files\Azure Data Studio\bin;C:\Users\Area 7 Computer\AppData\Roaming\npm
USERNAME=Area 7 Computer
OS=Windows_NT
PROCESSOR_IDENTIFIER=Intel64 Family 6 Model 78 Stepping 3, GenuineIntel
TMP=C:\Users\AREA7C~1\AppData\Local\Temp
TEMP=C:\Users\AREA7C~1\AppData\Local\Temp



---------------  S Y S T E M  ---------------

OS:
 Windows 10 , 64 bit Build 19041 (10.0.19041.3636)
OS uptime: 0 days 23:05 hours
Hyper-V role detected

CPU: total 4 (initial active 4) (2 cores per cpu, 2 threads per core) family 6 model 78 stepping 3 microcode 0xcc, cx8, cmov, fxsr, ht, mmx, 3dnowpref, sse, sse2, sse3, ssse3, sse4.1, sse4.2, popcnt, lzcnt, tsc, tscinvbit, avx, avx2, aes, erms, clmul, bmi1, bmi2, rtm, adx, fma, vzeroupper, clflush, clflushopt, hv

Memory: 4k page, system-wide physical 8076M (1184M free)
TotalPageFile size 10124M (AvailPageFile size 17M)
current process WorkingSet (physical memory assigned to process): 398M, peak: 409M
current process commit charge ("private bytes"): 436M, peak: 448M

vm_info: OpenJDK 64-Bit Server VM (17.0.6+0-b2043.56-9586694) for windows-amd64 JRE (17.0.6+0-b2043.56-9586694), built on Feb  9 2023 20:06:20 by "androidbuild" with MS VC++ 16.10 / 16.11 (VS2019)

END.
