#
# There is insufficient memory for the Java Runtime Environment to continue.
# Native memory allocation (malloc) failed to allocate 1500064 bytes for Chunk::new
# Possible reasons:
#   The system is out of physical RAM or swap space
#   The process is running with CompressedOops enabled, and the Java Heap may be blocking the growth of the native heap
# Possible solutions:
#   Reduce memory load on the system
#   Increase physical memory or swap space
#   Check if swap backing store is full
#   Decrease Java heap size (-Xmx/-Xms)
#   Decrease number of Java threads
#   Decrease Java thread stack sizes (-Xss)
#   Set larger code cache with -XX:ReservedCodeCacheSize=
#   JVM is running with Unscaled Compressed Oops mode in which the Java heap is
#     placed in the first 4GB address space. The Java Heap base address is the
#     maximum limit for the native heap growth. Please use -XX:HeapBaseMinAddress
#     to set the Java Heap base and to place the Java Heap above 4GB virtual address.
# This output file may be truncated or incomplete.
#
#  Out of Memory Error (arena.cpp:189), pid=4488, tid=8604
#
# JRE version: OpenJDK Runtime Environment (17.0.6) (build 17.0.6+0-b2043.56-9586694)
# Java VM: OpenJDK 64-Bit Server VM (17.0.6+0-b2043.56-9586694, mixed mode, tiered, compressed oops, compressed class ptrs, g1 gc, windows-amd64)
# No core dump will be written. Minidumps are not enabled by default on client versions of Windows
#

---------------  S U M M A R Y ------------

Command Line: org.jetbrains.kotlin.cli.jvm.K2JVMCompiler @D:\FYP\FypDisasterManagement\app\build\20240122_11979128637236920680.compiler.options

Host: Intel(R) Core(TM) i5-6300U CPU @ 2.40GHz, 4 cores, 7G,  Windows 10 , 64 bit Build 19041 (10.0.19041.3636)
Time: Mon Jan 22 21:17:31 2024 Pakistan Standard Time elapsed time: 31.044613 seconds (0d 0h 0m 31s)

---------------  T H R E A D  ---------------

Current thread (0x0000018e87bcbdd0):  JavaThread "C2 CompilerThread1" daemon [_thread_in_native, id=8604, stack(0x000000119b900000,0x000000119ba00000)]


Current CompileTask:
C2:  31044 12519       4       org.jetbrains.kotlin.types.checker.NewCapturedTypeKt::captureArguments (662 bytes)

Stack: [0x000000119b900000,0x000000119ba00000]
Native frames: (J=compiled Java code, j=interpreted, Vv=VM code, C=native code)
V  [jvm.dll+0x683b4a]
V  [jvm.dll+0x842654]
V  [jvm.dll+0x843dfe]
V  [jvm.dll+0x844463]
V  [jvm.dll+0x249b75]
V  [jvm.dll+0xabcac]
V  [jvm.dll+0xac27c]
V  [jvm.dll+0x368857]
V  [jvm.dll+0x1bd0b8]
V  [jvm.dll+0x21c359]
V  [jvm.dll+0x21b621]
V  [jvm.dll+0x1a4fdd]
V  [jvm.dll+0x22b098]
V  [jvm.dll+0x229159]
V  [jvm.dll+0x7f809c]
V  [jvm.dll+0x7f25fa]
V  [jvm.dll+0x682985]
C  [ucrtbase.dll+0x21bb2]
C  [KERNEL32.DLL+0x17344]
C  [ntdll.dll+0x526b1]


---------------  P R O C E S S  ---------------

Threads class SMR info:
_java_thread_list=0x0000018e85deb520, length=13, elements={
0x0000018ee7842720, 0x0000018efecdf5c0, 0x0000018efece0430, 0x0000018efed25060,
0x0000018efed25c10, 0x0000018efed285d0, 0x0000018eff83c010, 0x0000018eff840100,
0x0000018eff842a10, 0x0000018eff843af0, 0x0000018eff9870f0, 0x0000018eff986750,
0x0000018e87bcbdd0
}

Java Threads: ( => current thread )
  0x0000018ee7842720 JavaThread "main" [_thread_in_Java, id=14548, stack(0x000000119a300000,0x000000119a400000)]
  0x0000018efecdf5c0 JavaThread "Reference Handler" daemon [_thread_blocked, id=10492, stack(0x000000119aa00000,0x000000119ab00000)]
  0x0000018efece0430 JavaThread "Finalizer" daemon [_thread_blocked, id=7284, stack(0x000000119ab00000,0x000000119ac00000)]
  0x0000018efed25060 JavaThread "Signal Dispatcher" daemon [_thread_blocked, id=4468, stack(0x000000119ac00000,0x000000119ad00000)]
  0x0000018efed25c10 JavaThread "Attach Listener" daemon [_thread_blocked, id=2684, stack(0x000000119ad00000,0x000000119ae00000)]
  0x0000018efed285d0 JavaThread "Service Thread" daemon [_thread_blocked, id=13832, stack(0x000000119ae00000,0x000000119af00000)]
  0x0000018eff83c010 JavaThread "Monitor Deflation Thread" daemon [_thread_blocked, id=12264, stack(0x000000119af00000,0x000000119b000000)]
  0x0000018eff840100 JavaThread "C2 CompilerThread0" daemon [_thread_in_native, id=11820, stack(0x000000119b000000,0x000000119b100000)]
  0x0000018eff842a10 JavaThread "C1 CompilerThread0" daemon [_thread_blocked, id=4892, stack(0x000000119b100000,0x000000119b200000)]
  0x0000018eff843af0 JavaThread "Sweeper thread" daemon [_thread_blocked, id=14884, stack(0x000000119b200000,0x000000119b300000)]
  0x0000018eff9870f0 JavaThread "Notification Thread" daemon [_thread_blocked, id=3312, stack(0x000000119b300000,0x000000119b400000)]
  0x0000018eff986750 JavaThread "Common-Cleaner" daemon [_thread_blocked, id=14900, stack(0x000000119b500000,0x000000119b600000)]
=>0x0000018e87bcbdd0 JavaThread "C2 CompilerThread1" daemon [_thread_in_native, id=8604, stack(0x000000119b900000,0x000000119ba00000)]

Other Threads:
  0x0000018efed05720 VMThread "VM Thread" [stack: 0x000000119a900000,0x000000119aa00000] [id=13288]
  0x0000018ee78ae420 WatcherThread [stack: 0x000000119b400000,0x000000119b500000] [id=10920]
  0x0000018ee789b390 GCTaskThread "GC Thread#0" [stack: 0x000000119a400000,0x000000119a500000] [id=11260]
  0x0000018e83fd6a20 GCTaskThread "GC Thread#1" [stack: 0x000000119b600000,0x000000119b700000] [id=6116]
  0x0000018e83fd6cd0 GCTaskThread "GC Thread#2" [stack: 0x000000119b700000,0x000000119b800000] [id=9444]
  0x0000018e84132030 GCTaskThread "GC Thread#3" [stack: 0x000000119b800000,0x000000119b900000] [id=3584]
  0x0000018ee78ac6f0 ConcurrentGCThread "G1 Main Marker" [stack: 0x000000119a500000,0x000000119a600000] [id=14588]
  0x0000018ee78af520 ConcurrentGCThread "G1 Conc#0" [stack: 0x000000119a600000,0x000000119a700000] [id=8060]
  0x0000018ee79068c0 ConcurrentGCThread "G1 Refine#0" [stack: 0x000000119a700000,0x000000119a800000] [id=9600]
  0x0000018e878dd210 ConcurrentGCThread "G1 Refine#1" [stack: 0x000000119ba00000,0x000000119bb00000] [id=6952]
  0x0000018ee79082f0 ConcurrentGCThread "G1 Service" [stack: 0x000000119a800000,0x000000119a900000] [id=2512]

Threads with active compile tasks:
C2 CompilerThread0    31114 12517       4       org.jetbrains.kotlin.resolve.calls.inference.model.NewConstraintSystemImpl::runTransaction (551 bytes)
C1 CompilerThread0    31114 12588       3       androidx.compose.compiler.plugins.kotlin.ComposableCallCheckerKt::getValueArgumentPosition (57 bytes)
C2 CompilerThread1    31114 12519       4       org.jetbrains.kotlin.types.checker.NewCapturedTypeKt::captureArguments (662 bytes)

VM state: not at safepoint (normal execution)

VM Mutex/Monitor currently owned by a thread: None

Heap address: 0x0000000081c00000, size: 2020 MB, Compressed Oops mode: 32-bit

CDS archive(s) not mapped
Compressed class space mapped at: 0x0000000100000000-0x0000000140000000, reserved size: 1073741824
Narrow klass base: 0x0000000000000000, Narrow klass shift: 3, Narrow klass range: 0x140000000

GC Precious Log:
 CPUs: 4 total, 4 available
 Memory: 8076M
 Large Page Support: Disabled
 NUMA Support: Disabled
 Compressed Oops: Enabled (32-bit)
 Heap Region Size: 1M
 Heap Min Capacity: 8M
 Heap Initial Capacity: 128M
 Heap Max Capacity: 2020M
 Pre-touch: Disabled
 Parallel Workers: 4
 Concurrent Workers: 1
 Concurrent Refinement Workers: 4
 Periodic GC: Disabled

Heap:
 garbage-first heap   total 204800K, used 107902K [0x0000000081c00000, 0x0000000100000000)
  region size 1024K, 23 young (23552K), 5 survivors (5120K)
 Metaspace       used 64655K, committed 64960K, reserved 1114112K
  class space    used 7130K, committed 7296K, reserved 1048576K

Heap Regions: E=young(eden), S=young(survivor), O=old, HS=humongous(starts), HC=humongous(continues), CS=collection set, F=free, OA=open archive, CA=closed archive, TAMS=top-at-mark-start (previous, next)
|   0|0x0000000081c00000, 0x0000000081d00000, 0x0000000081d00000|100%|HS|  |TAMS 0x0000000081d00000, 0x0000000081c00000| Complete 
|   1|0x0000000081d00000, 0x0000000081e00000, 0x0000000081e00000|100%|HC|  |TAMS 0x0000000081e00000, 0x0000000081d00000| Complete 
|   2|0x0000000081e00000, 0x0000000081f00000, 0x0000000081f00000|100%|HC|  |TAMS 0x0000000081f00000, 0x0000000081e00000| Complete 
|   3|0x0000000081f00000, 0x0000000082000000, 0x0000000082000000|100%|HC|  |TAMS 0x0000000082000000, 0x0000000081f00000| Complete 
|   4|0x0000000082000000, 0x0000000082100000, 0x0000000082100000|100%| O|  |TAMS 0x0000000082100000, 0x0000000082000000| Untracked 
|   5|0x0000000082100000, 0x0000000082200000, 0x0000000082200000|100%| O|  |TAMS 0x0000000082200000, 0x0000000082100000| Untracked 
|   6|0x0000000082200000, 0x0000000082300000, 0x0000000082300000|100%| O|  |TAMS 0x0000000082300000, 0x0000000082200000| Untracked 
|   7|0x0000000082300000, 0x0000000082400000, 0x0000000082400000|100%|HS|  |TAMS 0x0000000082400000, 0x0000000082300000| Complete 
|   8|0x0000000082400000, 0x0000000082500000, 0x0000000082500000|100%|HC|  |TAMS 0x0000000082500000, 0x0000000082400000| Complete 
|   9|0x0000000082500000, 0x0000000082600000, 0x0000000082600000|100%|HC|  |TAMS 0x0000000082600000, 0x0000000082500000| Complete 
|  10|0x0000000082600000, 0x0000000082700000, 0x0000000082700000|100%|HC|  |TAMS 0x0000000082700000, 0x0000000082600000| Complete 
|  11|0x0000000082700000, 0x0000000082800000, 0x0000000082800000|100%| O|  |TAMS 0x0000000082800000, 0x0000000082700000| Untracked 
|  12|0x0000000082800000, 0x0000000082900000, 0x0000000082900000|100%| O|  |TAMS 0x0000000082900000, 0x0000000082800000| Untracked 
|  13|0x0000000082900000, 0x0000000082a00000, 0x0000000082a00000|100%| O|  |TAMS 0x0000000082a00000, 0x0000000082900000| Untracked 
|  14|0x0000000082a00000, 0x0000000082b00000, 0x0000000082b00000|100%| O|  |TAMS 0x0000000082b00000, 0x0000000082a00000| Untracked 
|  15|0x0000000082b00000, 0x0000000082c00000, 0x0000000082c00000|100%| O|  |TAMS 0x0000000082c00000, 0x0000000082b00000| Untracked 
|  16|0x0000000082c00000, 0x0000000082d00000, 0x0000000082d00000|100%| O|  |TAMS 0x0000000082d00000, 0x0000000082c00000| Untracked 
|  17|0x0000000082d00000, 0x0000000082e00000, 0x0000000082e00000|100%| O|  |TAMS 0x0000000082e00000, 0x0000000082d00000| Untracked 
|  18|0x0000000082e00000, 0x0000000082f00000, 0x0000000082f00000|100%| O|  |TAMS 0x0000000082f00000, 0x0000000082e00000| Untracked 
|  19|0x0000000082f00000, 0x0000000083000000, 0x0000000083000000|100%| O|  |TAMS 0x0000000083000000, 0x0000000082f00000| Untracked 
|  20|0x0000000083000000, 0x0000000083100000, 0x0000000083100000|100%| O|  |TAMS 0x0000000083100000, 0x0000000083000000| Untracked 
|  21|0x0000000083100000, 0x0000000083200000, 0x0000000083200000|100%| O|  |TAMS 0x0000000083200000, 0x0000000083100000| Untracked 
|  22|0x0000000083200000, 0x0000000083300000, 0x0000000083300000|100%| O|  |TAMS 0x0000000083300000, 0x0000000083200000| Untracked 
|  23|0x0000000083300000, 0x0000000083400000, 0x0000000083400000|100%| O|  |TAMS 0x0000000083300000, 0x0000000083300000| Untracked 
|  24|0x0000000083400000, 0x0000000083500000, 0x0000000083500000|100%| O|  |TAMS 0x0000000083500000, 0x0000000083400000| Untracked 
|  25|0x0000000083500000, 0x0000000083600000, 0x0000000083600000|100%| O|  |TAMS 0x0000000083600000, 0x0000000083500000| Untracked 
|  26|0x0000000083600000, 0x0000000083700000, 0x0000000083700000|100%| O|  |TAMS 0x0000000083700000, 0x0000000083600000| Untracked 
|  27|0x0000000083700000, 0x0000000083800000, 0x0000000083800000|100%| O|  |TAMS 0x0000000083800000, 0x0000000083700000| Untracked 
|  28|0x0000000083800000, 0x0000000083900000, 0x0000000083900000|100%| O|  |TAMS 0x0000000083900000, 0x0000000083800000| Untracked 
|  29|0x0000000083900000, 0x0000000083a00000, 0x0000000083a00000|100%| O|  |TAMS 0x0000000083a00000, 0x0000000083900000| Untracked 
|  30|0x0000000083a00000, 0x0000000083b00000, 0x0000000083b00000|100%| O|  |TAMS 0x0000000083b00000, 0x0000000083a00000| Untracked 
|  31|0x0000000083b00000, 0x0000000083c00000, 0x0000000083c00000|100%| O|  |TAMS 0x0000000083c00000, 0x0000000083b00000| Untracked 
|  32|0x0000000083c00000, 0x0000000083d00000, 0x0000000083d00000|100%| O|  |TAMS 0x0000000083d00000, 0x0000000083c00000| Untracked 
|  33|0x0000000083d00000, 0x0000000083e00000, 0x0000000083e00000|100%| O|  |TAMS 0x0000000083e00000, 0x0000000083d00000| Untracked 
|  34|0x0000000083e00000, 0x0000000083f00000, 0x0000000083f00000|100%| O|  |TAMS 0x0000000083f00000, 0x0000000083e00000| Untracked 
|  35|0x0000000083f00000, 0x0000000084000000, 0x0000000084000000|100%| O|  |TAMS 0x0000000084000000, 0x0000000083f00000| Untracked 
|  36|0x0000000084000000, 0x0000000084100000, 0x0000000084100000|100%| O|  |TAMS 0x0000000084100000, 0x0000000084000000| Untracked 
|  37|0x0000000084100000, 0x0000000084200000, 0x0000000084200000|100%|HS|  |TAMS 0x0000000084200000, 0x0000000084100000| Complete 
|  38|0x0000000084200000, 0x0000000084300000, 0x0000000084300000|100%|HC|  |TAMS 0x0000000084300000, 0x0000000084200000| Complete 
|  39|0x0000000084300000, 0x0000000084400000, 0x0000000084400000|100%| O|  |TAMS 0x0000000084400000, 0x0000000084300000| Untracked 
|  40|0x0000000084400000, 0x0000000084500000, 0x0000000084500000|100%| O|  |TAMS 0x0000000084500000, 0x0000000084400000| Untracked 
|  41|0x0000000084500000, 0x0000000084600000, 0x0000000084600000|100%| O|  |TAMS 0x0000000084600000, 0x0000000084500000| Untracked 
|  42|0x0000000084600000, 0x0000000084700000, 0x0000000084700000|100%| O|  |TAMS 0x0000000084700000, 0x0000000084600000| Untracked 
|  43|0x0000000084700000, 0x0000000084800000, 0x0000000084800000|100%| O|  |TAMS 0x0000000084800000, 0x0000000084700000| Untracked 
|  44|0x0000000084800000, 0x0000000084900000, 0x0000000084900000|100%| O|  |TAMS 0x0000000084900000, 0x0000000084800000| Untracked 
|  45|0x0000000084900000, 0x0000000084a00000, 0x0000000084a00000|100%| O|  |TAMS 0x0000000084a00000, 0x0000000084900000| Untracked 
|  46|0x0000000084a00000, 0x0000000084b00000, 0x0000000084b00000|100%| O|  |TAMS 0x0000000084b00000, 0x0000000084a00000| Untracked 
|  47|0x0000000084b00000, 0x0000000084c00000, 0x0000000084c00000|100%| O|  |TAMS 0x0000000084c00000, 0x0000000084b00000| Untracked 
|  48|0x0000000084c00000, 0x0000000084d00000, 0x0000000084d00000|100%| O|  |TAMS 0x0000000084d00000, 0x0000000084c00000| Untracked 
|  49|0x0000000084d00000, 0x0000000084e00000, 0x0000000084e00000|100%| O|  |TAMS 0x0000000084e00000, 0x0000000084d00000| Untracked 
|  50|0x0000000084e00000, 0x0000000084f00000, 0x0000000084f00000|100%| O|  |TAMS 0x0000000084f00000, 0x0000000084e00000| Untracked 
|  51|0x0000000084f00000, 0x0000000085000000, 0x0000000085000000|100%| O|  |TAMS 0x0000000085000000, 0x0000000084f00000| Untracked 
|  52|0x0000000085000000, 0x0000000085100000, 0x0000000085100000|100%| O|  |TAMS 0x0000000085100000, 0x0000000085000000| Untracked 
|  53|0x0000000085100000, 0x0000000085200000, 0x0000000085200000|100%|HS|  |TAMS 0x0000000085200000, 0x0000000085100000| Complete 
|  54|0x0000000085200000, 0x0000000085300000, 0x0000000085300000|100%|HC|  |TAMS 0x0000000085300000, 0x0000000085200000| Complete 
|  55|0x0000000085300000, 0x0000000085400000, 0x0000000085400000|100%| O|  |TAMS 0x0000000085400000, 0x0000000085300000| Untracked 
|  56|0x0000000085400000, 0x0000000085500000, 0x0000000085500000|100%| O|  |TAMS 0x00000000854aca00, 0x0000000085400000| Untracked 
|  57|0x0000000085500000, 0x0000000085600000, 0x0000000085600000|100%| O|  |TAMS 0x0000000085500000, 0x0000000085500000| Untracked 
|  58|0x0000000085600000, 0x0000000085700000, 0x0000000085700000|100%| O|  |TAMS 0x0000000085600000, 0x0000000085600000| Untracked 
|  59|0x0000000085700000, 0x0000000085800000, 0x0000000085800000|100%| O|  |TAMS 0x0000000085700000, 0x0000000085700000| Untracked 
|  60|0x0000000085800000, 0x0000000085900000, 0x0000000085900000|100%| O|  |TAMS 0x0000000085800000, 0x0000000085800000| Untracked 
|  61|0x0000000085900000, 0x0000000085a00000, 0x0000000085a00000|100%| O|  |TAMS 0x0000000085900000, 0x0000000085900000| Untracked 
|  62|0x0000000085a00000, 0x0000000085b00000, 0x0000000085b00000|100%| O|  |TAMS 0x0000000085a00000, 0x0000000085a00000| Untracked 
|  63|0x0000000085b00000, 0x0000000085c00000, 0x0000000085c00000|100%| O|  |TAMS 0x0000000085b00000, 0x0000000085b00000| Untracked 
|  64|0x0000000085c00000, 0x0000000085d00000, 0x0000000085d00000|100%| O|  |TAMS 0x0000000085c00000, 0x0000000085c00000| Untracked 
|  65|0x0000000085d00000, 0x0000000085e00000, 0x0000000085e00000|100%| O|  |TAMS 0x0000000085d00000, 0x0000000085d00000| Untracked 
|  66|0x0000000085e00000, 0x0000000085f00000, 0x0000000085f00000|100%| O|  |TAMS 0x0000000085e00000, 0x0000000085e00000| Untracked 
|  67|0x0000000085f00000, 0x0000000086000000, 0x0000000086000000|100%| O|  |TAMS 0x0000000085f00000, 0x0000000085f00000| Untracked 
|  68|0x0000000086000000, 0x0000000086100000, 0x0000000086100000|100%| O|  |TAMS 0x0000000086000000, 0x0000000086000000| Untracked 
|  69|0x0000000086100000, 0x0000000086200000, 0x0000000086200000|100%| O|  |TAMS 0x0000000086100000, 0x0000000086100000| Untracked 
|  70|0x0000000086200000, 0x0000000086300000, 0x0000000086300000|100%| O|  |TAMS 0x0000000086200000, 0x0000000086200000| Untracked 
|  71|0x0000000086300000, 0x0000000086400000, 0x0000000086400000|100%| O|  |TAMS 0x0000000086300000, 0x0000000086300000| Untracked 
|  72|0x0000000086400000, 0x0000000086500000, 0x0000000086500000|100%| O|  |TAMS 0x0000000086400000, 0x0000000086400000| Untracked 
|  73|0x0000000086500000, 0x0000000086600000, 0x0000000086600000|100%| O|  |TAMS 0x0000000086500000, 0x0000000086500000| Untracked 
|  74|0x0000000086600000, 0x0000000086700000, 0x0000000086700000|100%| O|  |TAMS 0x0000000086600000, 0x0000000086600000| Untracked 
|  75|0x0000000086700000, 0x0000000086800000, 0x0000000086800000|100%| O|  |TAMS 0x0000000086700000, 0x0000000086700000| Untracked 
|  76|0x0000000086800000, 0x0000000086900000, 0x0000000086900000|100%| O|  |TAMS 0x0000000086800000, 0x0000000086800000| Untracked 
|  77|0x0000000086900000, 0x0000000086a00000, 0x0000000086a00000|100%| O|  |TAMS 0x0000000086900000, 0x0000000086900000| Untracked 
|  78|0x0000000086a00000, 0x0000000086b00000, 0x0000000086b00000|100%| O|  |TAMS 0x0000000086a00000, 0x0000000086a00000| Untracked 
|  79|0x0000000086b00000, 0x0000000086c00000, 0x0000000086c00000|100%| O|  |TAMS 0x0000000086b00000, 0x0000000086b00000| Untracked 
|  80|0x0000000086c00000, 0x0000000086d00000, 0x0000000086d00000|100%| O|  |TAMS 0x0000000086c00000, 0x0000000086c00000| Untracked 
|  81|0x0000000086d00000, 0x0000000086e00000, 0x0000000086e00000|100%| O|  |TAMS 0x0000000086d00000, 0x0000000086d00000| Untracked 
|  82|0x0000000086e00000, 0x0000000086f00000, 0x0000000086f00000|100%| O|  |TAMS 0x0000000086e00000, 0x0000000086e00000| Untracked 
|  83|0x0000000086f00000, 0x0000000086fb8c00, 0x0000000087000000| 72%| O|  |TAMS 0x0000000086f00000, 0x0000000086f00000| Untracked 
|  84|0x0000000087000000, 0x0000000087000000, 0x0000000087100000|  0%| F|  |TAMS 0x0000000087000000, 0x0000000087000000| Untracked 
|  85|0x0000000087100000, 0x0000000087100000, 0x0000000087200000|  0%| F|  |TAMS 0x0000000087100000, 0x0000000087100000| Untracked 
|  86|0x0000000087200000, 0x0000000087200000, 0x0000000087300000|  0%| F|  |TAMS 0x0000000087200000, 0x0000000087200000| Untracked 
|  87|0x0000000087300000, 0x0000000087300000, 0x0000000087400000|  0%| F|  |TAMS 0x0000000087300000, 0x0000000087300000| Untracked 
|  88|0x0000000087400000, 0x0000000087400000, 0x0000000087500000|  0%| F|  |TAMS 0x0000000087400000, 0x0000000087400000| Untracked 
|  89|0x0000000087500000, 0x0000000087500000, 0x0000000087600000|  0%| F|  |TAMS 0x0000000087500000, 0x0000000087500000| Untracked 
|  90|0x0000000087600000, 0x0000000087600000, 0x0000000087700000|  0%| F|  |TAMS 0x0000000087600000, 0x0000000087600000| Untracked 
|  91|0x0000000087700000, 0x0000000087700000, 0x0000000087800000|  0%| F|  |TAMS 0x0000000087700000, 0x0000000087700000| Untracked 
|  92|0x0000000087800000, 0x0000000087800000, 0x0000000087900000|  0%| F|  |TAMS 0x0000000087800000, 0x0000000087800000| Untracked 
|  93|0x0000000087900000, 0x0000000087900000, 0x0000000087a00000|  0%| F|  |TAMS 0x0000000087900000, 0x0000000087900000| Untracked 
|  94|0x0000000087a00000, 0x0000000087a00000, 0x0000000087b00000|  0%| F|  |TAMS 0x0000000087a00000, 0x0000000087a00000| Untracked 
|  95|0x0000000087b00000, 0x0000000087b00000, 0x0000000087c00000|  0%| F|  |TAMS 0x0000000087b00000, 0x0000000087b00000| Untracked 
|  96|0x0000000087c00000, 0x0000000087c00000, 0x0000000087d00000|  0%| F|  |TAMS 0x0000000087c00000, 0x0000000087c00000| Untracked 
|  97|0x0000000087d00000, 0x0000000087d00000, 0x0000000087e00000|  0%| F|  |TAMS 0x0000000087d00000, 0x0000000087d00000| Untracked 
|  98|0x0000000087e00000, 0x0000000087e00000, 0x0000000087f00000|  0%| F|  |TAMS 0x0000000087e00000, 0x0000000087e00000| Untracked 
|  99|0x0000000087f00000, 0x0000000087f00000, 0x0000000088000000|  0%| F|  |TAMS 0x0000000087f00000, 0x0000000087f00000| Untracked 
| 100|0x0000000088000000, 0x0000000088000000, 0x0000000088100000|  0%| F|  |TAMS 0x0000000088000000, 0x0000000088000000| Untracked 
| 101|0x0000000088100000, 0x0000000088100000, 0x0000000088200000|  0%| F|  |TAMS 0x0000000088100000, 0x0000000088100000| Untracked 
| 102|0x0000000088200000, 0x0000000088200000, 0x0000000088300000|  0%| F|  |TAMS 0x0000000088200000, 0x0000000088200000| Untracked 
| 103|0x0000000088300000, 0x0000000088300000, 0x0000000088400000|  0%| F|  |TAMS 0x0000000088300000, 0x0000000088300000| Untracked 
| 104|0x0000000088400000, 0x0000000088400000, 0x0000000088500000|  0%| F|  |TAMS 0x0000000088400000, 0x0000000088400000| Untracked 
| 105|0x0000000088500000, 0x0000000088500000, 0x0000000088600000|  0%| F|  |TAMS 0x0000000088500000, 0x0000000088500000| Untracked 
| 106|0x0000000088600000, 0x0000000088600000, 0x0000000088700000|  0%| F|  |TAMS 0x0000000088600000, 0x0000000088600000| Untracked 
| 107|0x0000000088700000, 0x0000000088700000, 0x0000000088800000|  0%| F|  |TAMS 0x0000000088700000, 0x0000000088700000| Untracked 
| 108|0x0000000088800000, 0x0000000088800000, 0x0000000088900000|  0%| F|  |TAMS 0x0000000088800000, 0x0000000088800000| Untracked 
| 109|0x0000000088900000, 0x0000000088900000, 0x0000000088a00000|  0%| F|  |TAMS 0x0000000088900000, 0x0000000088900000| Untracked 
| 110|0x0000000088a00000, 0x0000000088a00000, 0x0000000088b00000|  0%| F|  |TAMS 0x0000000088a00000, 0x0000000088a00000| Untracked 
| 111|0x0000000088b00000, 0x0000000088b00000, 0x0000000088c00000|  0%| F|  |TAMS 0x0000000088b00000, 0x0000000088b00000| Untracked 
| 112|0x0000000088c00000, 0x0000000088c00000, 0x0000000088d00000|  0%| F|  |TAMS 0x0000000088c00000, 0x0000000088c00000| Untracked 
| 113|0x0000000088d00000, 0x0000000088d00000, 0x0000000088e00000|  0%| F|  |TAMS 0x0000000088d00000, 0x0000000088d00000| Untracked 
| 114|0x0000000088e00000, 0x0000000088e00000, 0x0000000088f00000|  0%| F|  |TAMS 0x0000000088e00000, 0x0000000088e00000| Untracked 
| 115|0x0000000088f00000, 0x0000000088f00000, 0x0000000089000000|  0%| F|  |TAMS 0x0000000088f00000, 0x0000000088f00000| Untracked 
| 116|0x0000000089000000, 0x0000000089000000, 0x0000000089100000|  0%| F|  |TAMS 0x0000000089000000, 0x0000000089000000| Untracked 
| 117|0x0000000089100000, 0x0000000089100000, 0x0000000089200000|  0%| F|  |TAMS 0x0000000089100000, 0x0000000089100000| Untracked 
| 118|0x0000000089200000, 0x0000000089200000, 0x0000000089300000|  0%| F|  |TAMS 0x0000000089200000, 0x0000000089200000| Untracked 
| 119|0x0000000089300000, 0x0000000089300000, 0x0000000089400000|  0%| F|  |TAMS 0x0000000089300000, 0x0000000089300000| Untracked 
| 120|0x0000000089400000, 0x0000000089400000, 0x0000000089500000|  0%| F|  |TAMS 0x0000000089400000, 0x0000000089400000| Untracked 
| 121|0x0000000089500000, 0x0000000089500000, 0x0000000089600000|  0%| F|  |TAMS 0x0000000089500000, 0x0000000089500000| Untracked 
| 122|0x0000000089600000, 0x0000000089600000, 0x0000000089700000|  0%| F|  |TAMS 0x0000000089600000, 0x0000000089600000| Untracked 
| 123|0x0000000089700000, 0x00000000897a6c30, 0x0000000089800000| 65%| S|CS|TAMS 0x0000000089700000, 0x0000000089700000| Complete 
| 124|0x0000000089800000, 0x0000000089900000, 0x0000000089900000|100%| S|CS|TAMS 0x0000000089800000, 0x0000000089800000| Complete 
| 125|0x0000000089900000, 0x0000000089a00000, 0x0000000089a00000|100%| S|CS|TAMS 0x0000000089900000, 0x0000000089900000| Complete 
| 126|0x0000000089a00000, 0x0000000089b00000, 0x0000000089b00000|100%| S|CS|TAMS 0x0000000089a00000, 0x0000000089a00000| Complete 
| 127|0x0000000089b00000, 0x0000000089b00000, 0x0000000089c00000|  0%| F|  |TAMS 0x0000000089b00000, 0x0000000089b00000| Untracked 
| 128|0x0000000089c00000, 0x0000000089c00000, 0x0000000089d00000|  0%| F|  |TAMS 0x0000000089c00000, 0x0000000089c00000| Untracked 
| 129|0x0000000089d00000, 0x0000000089d00000, 0x0000000089e00000|  0%| F|  |TAMS 0x0000000089d00000, 0x0000000089d00000| Untracked 
| 130|0x0000000089e00000, 0x0000000089e00000, 0x0000000089f00000|  0%| F|  |TAMS 0x0000000089e00000, 0x0000000089e00000| Untracked 
| 131|0x0000000089f00000, 0x0000000089f00000, 0x000000008a000000|  0%| F|  |TAMS 0x0000000089f00000, 0x0000000089f00000| Untracked 
| 132|0x000000008a000000, 0x000000008a000000, 0x000000008a100000|  0%| F|  |TAMS 0x000000008a000000, 0x000000008a000000| Untracked 
| 133|0x000000008a100000, 0x000000008a100000, 0x000000008a200000|  0%| F|  |TAMS 0x000000008a100000, 0x000000008a100000| Untracked 
| 134|0x000000008a200000, 0x000000008a300000, 0x000000008a300000|100%| S|CS|TAMS 0x000000008a200000, 0x000000008a200000| Complete 
| 135|0x000000008a300000, 0x000000008a300000, 0x000000008a400000|  0%| F|  |TAMS 0x000000008a300000, 0x000000008a300000| Untracked 
| 136|0x000000008a400000, 0x000000008a400000, 0x000000008a500000|  0%| F|  |TAMS 0x000000008a400000, 0x000000008a400000| Untracked 
| 137|0x000000008a500000, 0x000000008a500000, 0x000000008a600000|  0%| F|  |TAMS 0x000000008a500000, 0x000000008a500000| Untracked 
| 138|0x000000008a600000, 0x000000008a600000, 0x000000008a700000|  0%| F|  |TAMS 0x000000008a600000, 0x000000008a600000| Untracked 
| 139|0x000000008a700000, 0x000000008a700000, 0x000000008a800000|  0%| F|  |TAMS 0x000000008a700000, 0x000000008a700000| Untracked 
| 140|0x000000008a800000, 0x000000008a800000, 0x000000008a900000|  0%| F|  |TAMS 0x000000008a800000, 0x000000008a800000| Untracked 
| 141|0x000000008a900000, 0x000000008a900000, 0x000000008aa00000|  0%| F|  |TAMS 0x000000008a900000, 0x000000008a900000| Untracked 
| 142|0x000000008aa00000, 0x000000008aa00000, 0x000000008ab00000|  0%| F|  |TAMS 0x000000008aa00000, 0x000000008aa00000| Untracked 
| 143|0x000000008ab00000, 0x000000008ab00000, 0x000000008ac00000|  0%| F|  |TAMS 0x000000008ab00000, 0x000000008ab00000| Untracked 
| 144|0x000000008ac00000, 0x000000008ac00000, 0x000000008ad00000|  0%| F|  |TAMS 0x000000008ac00000, 0x000000008ac00000| Untracked 
| 145|0x000000008ad00000, 0x000000008ad00000, 0x000000008ae00000|  0%| F|  |TAMS 0x000000008ad00000, 0x000000008ad00000| Untracked 
| 146|0x000000008ae00000, 0x000000008ae00000, 0x000000008af00000|  0%| F|  |TAMS 0x000000008ae00000, 0x000000008ae00000| Untracked 
| 147|0x000000008af00000, 0x000000008af00000, 0x000000008b000000|  0%| F|  |TAMS 0x000000008af00000, 0x000000008af00000| Untracked 
| 148|0x000000008b000000, 0x000000008b000000, 0x000000008b100000|  0%| F|  |TAMS 0x000000008b000000, 0x000000008b000000| Untracked 
| 149|0x000000008b100000, 0x000000008b100000, 0x000000008b200000|  0%| F|  |TAMS 0x000000008b100000, 0x000000008b100000| Untracked 
| 150|0x000000008b200000, 0x000000008b200000, 0x000000008b300000|  0%| F|  |TAMS 0x000000008b200000, 0x000000008b200000| Untracked 
| 151|0x000000008b300000, 0x000000008b300000, 0x000000008b400000|  0%| F|  |TAMS 0x000000008b300000, 0x000000008b300000| Untracked 
| 152|0x000000008b400000, 0x000000008b400000, 0x000000008b500000|  0%| F|  |TAMS 0x000000008b400000, 0x000000008b400000| Untracked 
| 153|0x000000008b500000, 0x000000008b500000, 0x000000008b600000|  0%| F|  |TAMS 0x000000008b500000, 0x000000008b500000| Untracked 
| 154|0x000000008b600000, 0x000000008b600000, 0x000000008b700000|  0%| F|  |TAMS 0x000000008b600000, 0x000000008b600000| Untracked 
| 155|0x000000008b700000, 0x000000008b700000, 0x000000008b800000|  0%| F|  |TAMS 0x000000008b700000, 0x000000008b700000| Untracked 
| 156|0x000000008b800000, 0x000000008b800000, 0x000000008b900000|  0%| F|  |TAMS 0x000000008b800000, 0x000000008b800000| Untracked 
| 157|0x000000008b900000, 0x000000008b900000, 0x000000008ba00000|  0%| F|  |TAMS 0x000000008b900000, 0x000000008b900000| Untracked 
| 158|0x000000008ba00000, 0x000000008ba00000, 0x000000008bb00000|  0%| F|  |TAMS 0x000000008ba00000, 0x000000008ba00000| Untracked 
| 159|0x000000008bb00000, 0x000000008bb00000, 0x000000008bc00000|  0%| F|  |TAMS 0x000000008bb00000, 0x000000008bb00000| Untracked 
| 160|0x000000008bc00000, 0x000000008bc00000, 0x000000008bd00000|  0%| F|  |TAMS 0x000000008bc00000, 0x000000008bc00000| Untracked 
| 161|0x000000008bd00000, 0x000000008bd00000, 0x000000008be00000|  0%| F|  |TAMS 0x000000008bd00000, 0x000000008bd00000| Untracked 
| 162|0x000000008be00000, 0x000000008be00000, 0x000000008bf00000|  0%| F|  |TAMS 0x000000008be00000, 0x000000008be00000| Untracked 
| 163|0x000000008bf00000, 0x000000008bf00000, 0x000000008c000000|  0%| F|  |TAMS 0x000000008bf00000, 0x000000008bf00000| Untracked 
| 164|0x000000008c000000, 0x000000008c000000, 0x000000008c100000|  0%| F|  |TAMS 0x000000008c000000, 0x000000008c000000| Untracked 
| 165|0x000000008c100000, 0x000000008c100000, 0x000000008c200000|  0%| F|  |TAMS 0x000000008c100000, 0x000000008c100000| Untracked 
| 166|0x000000008c200000, 0x000000008c200000, 0x000000008c300000|  0%| F|  |TAMS 0x000000008c200000, 0x000000008c200000| Untracked 
| 167|0x000000008c300000, 0x000000008c300000, 0x000000008c400000|  0%| F|  |TAMS 0x000000008c300000, 0x000000008c300000| Untracked 
| 168|0x000000008c400000, 0x000000008c400000, 0x000000008c500000|  0%| F|  |TAMS 0x000000008c400000, 0x000000008c400000| Untracked 
| 169|0x000000008c500000, 0x000000008c500000, 0x000000008c600000|  0%| F|  |TAMS 0x000000008c500000, 0x000000008c500000| Untracked 
| 170|0x000000008c600000, 0x000000008c600000, 0x000000008c700000|  0%| F|  |TAMS 0x000000008c600000, 0x000000008c600000| Untracked 
| 171|0x000000008c700000, 0x000000008c700000, 0x000000008c800000|  0%| F|  |TAMS 0x000000008c700000, 0x000000008c700000| Untracked 
| 172|0x000000008c800000, 0x000000008c800000, 0x000000008c900000|  0%| F|  |TAMS 0x000000008c800000, 0x000000008c800000| Untracked 
| 173|0x000000008c900000, 0x000000008c900000, 0x000000008ca00000|  0%| F|  |TAMS 0x000000008c900000, 0x000000008c900000| Untracked 
| 174|0x000000008ca00000, 0x000000008ca00000, 0x000000008cb00000|  0%| F|  |TAMS 0x000000008ca00000, 0x000000008ca00000| Untracked 
| 175|0x000000008cb00000, 0x000000008cb00000, 0x000000008cc00000|  0%| F|  |TAMS 0x000000008cb00000, 0x000000008cb00000| Untracked 
| 176|0x000000008cc00000, 0x000000008cc00000, 0x000000008cd00000|  0%| F|  |TAMS 0x000000008cc00000, 0x000000008cc00000| Untracked 
| 177|0x000000008cd00000, 0x000000008cd00000, 0x000000008ce00000|  0%| F|  |TAMS 0x000000008cd00000, 0x000000008cd00000| Untracked 
| 178|0x000000008ce00000, 0x000000008ce00000, 0x000000008cf00000|  0%| F|  |TAMS 0x000000008ce00000, 0x000000008ce00000| Untracked 
| 179|0x000000008cf00000, 0x000000008cf00000, 0x000000008d000000|  0%| F|  |TAMS 0x000000008cf00000, 0x000000008cf00000| Untracked 
| 180|0x000000008d000000, 0x000000008d000000, 0x000000008d100000|  0%| F|  |TAMS 0x000000008d000000, 0x000000008d000000| Untracked 
| 181|0x000000008d100000, 0x000000008d100000, 0x000000008d200000|  0%| F|  |TAMS 0x000000008d100000, 0x000000008d100000| Untracked 
| 182|0x000000008d200000, 0x000000008d300000, 0x000000008d300000|100%| E|  |TAMS 0x000000008d200000, 0x000000008d200000| Complete 
| 183|0x000000008d300000, 0x000000008d400000, 0x000000008d400000|100%| E|CS|TAMS 0x000000008d300000, 0x000000008d300000| Complete 
| 184|0x000000008d400000, 0x000000008d500000, 0x000000008d500000|100%| E|CS|TAMS 0x000000008d400000, 0x000000008d400000| Complete 
| 185|0x000000008d500000, 0x000000008d600000, 0x000000008d600000|100%| E|CS|TAMS 0x000000008d500000, 0x000000008d500000| Complete 
| 186|0x000000008d600000, 0x000000008d700000, 0x000000008d700000|100%| E|CS|TAMS 0x000000008d600000, 0x000000008d600000| Complete 
| 187|0x000000008d700000, 0x000000008d800000, 0x000000008d800000|100%| E|CS|TAMS 0x000000008d700000, 0x000000008d700000| Complete 
| 188|0x000000008d800000, 0x000000008d900000, 0x000000008d900000|100%| E|CS|TAMS 0x000000008d800000, 0x000000008d800000| Complete 
| 189|0x000000008d900000, 0x000000008da00000, 0x000000008da00000|100%| E|CS|TAMS 0x000000008d900000, 0x000000008d900000| Complete 
| 190|0x000000008da00000, 0x000000008db00000, 0x000000008db00000|100%| E|CS|TAMS 0x000000008da00000, 0x000000008da00000| Complete 
| 191|0x000000008db00000, 0x000000008dc00000, 0x000000008dc00000|100%| E|CS|TAMS 0x000000008db00000, 0x000000008db00000| Complete 
| 192|0x000000008dc00000, 0x000000008dd00000, 0x000000008dd00000|100%| E|CS|TAMS 0x000000008dc00000, 0x000000008dc00000| Complete 
| 193|0x000000008dd00000, 0x000000008de00000, 0x000000008de00000|100%| E|CS|TAMS 0x000000008dd00000, 0x000000008dd00000| Complete 
| 194|0x000000008de00000, 0x000000008df00000, 0x000000008df00000|100%| E|CS|TAMS 0x000000008de00000, 0x000000008de00000| Complete 
| 195|0x000000008df00000, 0x000000008e000000, 0x000000008e000000|100%| E|CS|TAMS 0x000000008df00000, 0x000000008df00000| Complete 
| 196|0x000000008e000000, 0x000000008e100000, 0x000000008e100000|100%| E|CS|TAMS 0x000000008e000000, 0x000000008e000000| Complete 
| 197|0x000000008e100000, 0x000000008e200000, 0x000000008e200000|100%| E|CS|TAMS 0x000000008e100000, 0x000000008e100000| Complete 
| 198|0x000000008e200000, 0x000000008e300000, 0x000000008e300000|100%| E|CS|TAMS 0x000000008e200000, 0x000000008e200000| Complete 
| 199|0x000000008e300000, 0x000000008e400000, 0x000000008e400000|100%| E|CS|TAMS 0x000000008e300000, 0x000000008e300000| Complete 

Card table byte_map: [0x0000018efbf60000,0x0000018efc360000] _byte_map_base: 0x0000018efbb52000

Marking Bits (Prev, Next): (CMBitMap*) 0x0000018ee789b9a0, (CMBitMap*) 0x0000018ee789b9e0
 Prev Bits: [0x0000018efc760000, 0x0000018efe6f0000)
 Next Bits: [0x0000018e80000000, 0x0000018e81f90000)

Polling page: 0x0000018ee76d0000

Metaspace:

Usage:
  Non-class:     56.18 MB used.
      Class:      6.96 MB used.
       Both:     63.14 MB used.

Virtual space:
  Non-class space:       64.00 MB reserved,      56.31 MB ( 88%) committed,  8 nodes.
      Class space:        1.00 GB reserved,       7.12 MB ( <1%) committed,  1 nodes.
             Both:        1.06 GB reserved,      63.44 MB (  6%) committed. 

Chunk freelists:
   Non-Class:  3.70 MB
       Class:  880.00 KB
        Both:  4.56 MB

MaxMetaspaceSize: unlimited
CompressedClassSpaceSize: 1.00 GB
Initial GC threshold: 21.00 MB
Current GC threshold: 94.00 MB
CDS: off
MetaspaceReclaimPolicy: balanced
 - commit_granule_bytes: 65536.
 - commit_granule_words: 8192.
 - virtual_space_node_default_size: 1048576.
 - enlarge_chunks_in_place: 1.
 - new_chunks_are_fully_committed: 0.
 - uncommit_free_chunks: 1.
 - use_allocation_guard: 0.
 - handle_deallocations: 1.


Internal statistics:

num_allocs_failed_limit: 9.
num_arena_births: 332.
num_arena_deaths: 0.
num_vsnodes_births: 9.
num_vsnodes_deaths: 0.
num_space_committed: 1013.
num_space_uncommitted: 0.
num_chunks_returned_to_freelist: 9.
num_chunks_taken_from_freelist: 2412.
num_chunk_merges: 6.
num_chunk_splits: 1850.
num_chunks_enlarged: 1561.
num_purges: 0.
num_inconsistent_stats: 0.

CodeHeap 'non-profiled nmethods': size=120000Kb used=5649Kb max_used=5815Kb free=114350Kb
 bounds [0x0000018ef4010000, 0x0000018ef45d0000, 0x0000018efb540000]
CodeHeap 'profiled nmethods': size=120000Kb used=29833Kb max_used=31100Kb free=90166Kb
 bounds [0x0000018eec540000, 0x0000018eee3b0000, 0x0000018ef3a70000]
CodeHeap 'non-nmethods': size=5760Kb used=1313Kb max_used=1427Kb free=4446Kb
 bounds [0x0000018ef3a70000, 0x0000018ef3ce0000, 0x0000018ef4010000]
 total_blobs=10754 nmethods=10127 adapters=536
 compilation: enabled
              stopped_count=0, restarted_count=0
 full_count=0

Compilation events (20 events):
Event: 30.927 Thread 0x0000018eff842a10 nmethod 12568 0x0000018eed489810 code [0x0000018eed4899e0, 0x0000018eed489de8]
Event: 30.933 Thread 0x0000018eff842a10 12569       3       org.jetbrains.kotlin.psi.KtVisitorVoid::visitStringTemplateEntry (10 bytes)
Event: 30.934 Thread 0x0000018eff842a10 nmethod 12569 0x0000018eed0e6290 code [0x0000018eed0e64a0, 0x0000018eed0e6c08]
Event: 30.935 Thread 0x0000018eff842a10 12570       3       org.jetbrains.kotlin.psi.KtVisitorVoid::visitStringTemplateEntry (17 bytes)
Event: 30.936 Thread 0x0000018eff842a10 nmethod 12570 0x0000018eed00d090 code [0x0000018eed00d280, 0x0000018eed00d738]
Event: 30.989 Thread 0x0000018eff842a10 12571       3       org.jetbrains.kotlin.resolve.calls.smartcasts.IdentifierInfo$PackageOrClass::hashCode (8 bytes)
Event: 30.989 Thread 0x0000018eff842a10 nmethod 12571 0x0000018eec8f7810 code [0x0000018eec8f79c0, 0x0000018eec8f7b88]
Event: 31.022 Thread 0x0000018eff842a10 12572       3       org.jetbrains.kotlin.resolve.FunctionDescriptorUtil::getFunctionInnerScope (47 bytes)
Event: 31.025 Thread 0x0000018eff842a10 nmethod 12572 0x0000018eed7bba90 code [0x0000018eed7bbe00, 0x0000018eed7bd0e8]
Event: 31.025 Thread 0x0000018eff842a10 12573       3       org.jetbrains.kotlin.resolve.FunctionDescriptorUtil::getFunctionInnerScope (60 bytes)
Event: 31.027 Thread 0x0000018eff842a10 nmethod 12573 0x0000018eed43ef90 code [0x0000018eed43f1e0, 0x0000018eed43fb68]
Event: 31.027 Thread 0x0000018eff842a10 12574       3       androidx.compose.compiler.plugins.kotlin.PsiElementNode::kotlinTypeOf (42 bytes)
Event: 31.028 Thread 0x0000018eff842a10 nmethod 12574 0x0000018eed397010 code [0x0000018eed397280, 0x0000018eed397d38]
Event: 31.028 Thread 0x0000018eff842a10 12575       3       org.jetbrains.kotlin.psi.KtProperty::hasDelegate (32 bytes)
Event: 31.029 Thread 0x0000018eff842a10 nmethod 12575 0x0000018eed5fe510 code [0x0000018eed5fe760, 0x0000018eed5ff368]
Event: 31.034 Thread 0x0000018eff842a10 12576       3       org.jetbrains.kotlin.psi.KtVisitorVoid::visitLiteralStringTemplateEntry (10 bytes)
Event: 31.036 Thread 0x0000018eff842a10 nmethod 12576 0x0000018eed585e10 code [0x0000018eed586060, 0x0000018eed586a48]
Event: 31.036 Thread 0x0000018eff842a10 12577       3       org.jetbrains.kotlin.psi.KtVisitorVoid::visitLiteralStringTemplateEntry (17 bytes)
Event: 31.037 Thread 0x0000018eff842a10 nmethod 12577 0x0000018eecf9dd90 code [0x0000018eecf9dfc0, 0x0000018eecf9e868]
Event: 31.040 Thread 0x0000018eff842a10 12578 %     3       org.jetbrains.kotlin.com.intellij.psi.tree.TokenSet::orSet @ 224 (281 bytes)

GC Heap History (20 events):
Event: 11.461 GC heap before
{Heap before GC invocations=24 (full 0):
 garbage-first heap   total 91136K, used 69470K [0x0000000081c00000, 0x0000000100000000)
  region size 1024K, 28 young (28672K), 4 survivors (4096K)
 Metaspace       used 54749K, committed 55040K, reserved 1097728K
  class space    used 6465K, committed 6592K, reserved 1048576K
}
Event: 11.479 GC heap after
{Heap after GC invocations=25 (full 0):
 garbage-first heap   total 91136K, used 49437K [0x0000000081c00000, 0x0000000100000000)
  region size 1024K, 4 young (4096K), 4 survivors (4096K)
 Metaspace       used 54749K, committed 55040K, reserved 1097728K
  class space    used 6465K, committed 6592K, reserved 1048576K
}
Event: 12.304 GC heap before
{Heap before GC invocations=25 (full 0):
 garbage-first heap   total 91136K, used 70941K [0x0000000081c00000, 0x0000000100000000)
  region size 1024K, 25 young (25600K), 4 survivors (4096K)
 Metaspace       used 55319K, committed 55552K, reserved 1105920K
  class space    used 6474K, committed 6592K, reserved 1048576K
}
Event: 12.321 GC heap after
{Heap after GC invocations=26 (full 0):
 garbage-first heap   total 91136K, used 53611K [0x0000000081c00000, 0x0000000100000000)
  region size 1024K, 4 young (4096K), 4 survivors (4096K)
 Metaspace       used 55319K, committed 55552K, reserved 1105920K
  class space    used 6474K, committed 6592K, reserved 1048576K
}
Event: 12.845 GC heap before
{Heap before GC invocations=27 (full 0):
 garbage-first heap   total 96256K, used 60779K [0x0000000081c00000, 0x0000000100000000)
  region size 1024K, 12 young (12288K), 4 survivors (4096K)
 Metaspace       used 55567K, committed 55808K, reserved 1105920K
  class space    used 6478K, committed 6592K, reserved 1048576K
}
Event: 12.860 GC heap after
{Heap after GC invocations=28 (full 0):
 garbage-first heap   total 96256K, used 55268K [0x0000000081c00000, 0x0000000100000000)
  region size 1024K, 2 young (2048K), 2 survivors (2048K)
 Metaspace       used 55567K, committed 55808K, reserved 1105920K
  class space    used 6478K, committed 6592K, reserved 1048576K
}
Event: 14.268 GC heap before
{Heap before GC invocations=29 (full 0):
 garbage-first heap   total 101376K, used 76772K [0x0000000081c00000, 0x0000000100000000)
  region size 1024K, 21 young (21504K), 2 survivors (2048K)
 Metaspace       used 56877K, committed 57216K, reserved 1105920K
  class space    used 6583K, committed 6720K, reserved 1048576K
}
Event: 14.297 GC heap after
{Heap after GC invocations=30 (full 0):
 garbage-first heap   total 101376K, used 61106K [0x0000000081c00000, 0x0000000100000000)
  region size 1024K, 3 young (3072K), 3 survivors (3072K)
 Metaspace       used 56877K, committed 57216K, reserved 1105920K
  class space    used 6583K, committed 6720K, reserved 1048576K
}
Event: 15.153 GC heap before
{Heap before GC invocations=30 (full 0):
 garbage-first heap   total 101376K, used 80562K [0x0000000081c00000, 0x0000000100000000)
  region size 1024K, 22 young (22528K), 3 survivors (3072K)
 Metaspace       used 57392K, committed 57664K, reserved 1105920K
  class space    used 6593K, committed 6720K, reserved 1048576K
}
Event: 15.179 GC heap after
{Heap after GC invocations=31 (full 0):
 garbage-first heap   total 101376K, used 65021K [0x0000000081c00000, 0x0000000100000000)
  region size 1024K, 3 young (3072K), 3 survivors (3072K)
 Metaspace       used 57392K, committed 57664K, reserved 1105920K
  class space    used 6593K, committed 6720K, reserved 1048576K
}
Event: 15.846 GC heap before
{Heap before GC invocations=32 (full 0):
 garbage-first heap   total 116736K, used 81405K [0x0000000081c00000, 0x0000000100000000)
  region size 1024K, 19 young (19456K), 3 survivors (3072K)
 Metaspace       used 57906K, committed 58176K, reserved 1105920K
  class space    used 6650K, committed 6784K, reserved 1048576K
}
Event: 15.871 GC heap after
{Heap after GC invocations=33 (full 0):
 garbage-first heap   total 116736K, used 67832K [0x0000000081c00000, 0x0000000100000000)
  region size 1024K, 3 young (3072K), 3 survivors (3072K)
 Metaspace       used 57906K, committed 58176K, reserved 1105920K
  class space    used 6650K, committed 6784K, reserved 1048576K
}
Event: 16.018 GC heap before
{Heap before GC invocations=33 (full 0):
 garbage-first heap   total 116736K, used 69880K [0x0000000081c00000, 0x0000000100000000)
  region size 1024K, 5 young (5120K), 3 survivors (3072K)
 Metaspace       used 58129K, committed 58368K, reserved 1105920K
  class space    used 6672K, committed 6784K, reserved 1048576K
}
Event: 16.035 GC heap after
{Heap after GC invocations=34 (full 0):
 garbage-first heap   total 204800K, used 67996K [0x0000000081c00000, 0x0000000100000000)
  region size 1024K, 1 young (1024K), 1 survivors (1024K)
 Metaspace       used 58129K, committed 58368K, reserved 1105920K
  class space    used 6672K, committed 6784K, reserved 1048576K
}
Event: 20.648 GC heap before
{Heap before GC invocations=34 (full 0):
 garbage-first heap   total 204800K, used 146844K [0x0000000081c00000, 0x0000000100000000)
  region size 1024K, 78 young (79872K), 1 survivors (1024K)
 Metaspace       used 62578K, committed 62848K, reserved 1105920K
  class space    used 7022K, committed 7168K, reserved 1048576K
}
Event: 20.670 GC heap after
{Heap after GC invocations=35 (full 0):
 garbage-first heap   total 204800K, used 78266K [0x0000000081c00000, 0x0000000100000000)
  region size 1024K, 10 young (10240K), 10 survivors (10240K)
 Metaspace       used 62578K, committed 62848K, reserved 1105920K
  class space    used 7022K, committed 7168K, reserved 1048576K
}
Event: 24.345 GC heap before
{Heap before GC invocations=35 (full 0):
 garbage-first heap   total 204800K, used 145850K [0x0000000081c00000, 0x0000000100000000)
  region size 1024K, 76 young (77824K), 10 survivors (10240K)
 Metaspace       used 63905K, committed 64192K, reserved 1105920K
  class space    used 7099K, committed 7232K, reserved 1048576K
}
Event: 24.375 GC heap after
{Heap after GC invocations=36 (full 0):
 garbage-first heap   total 204800K, used 85398K [0x0000000081c00000, 0x0000000100000000)
  region size 1024K, 7 young (7168K), 7 survivors (7168K)
 Metaspace       used 63905K, committed 64192K, reserved 1105920K
  class space    used 7099K, committed 7232K, reserved 1048576K
}
Event: 29.839 GC heap before
{Heap before GC invocations=36 (full 0):
 garbage-first heap   total 204800K, used 151958K [0x0000000081c00000, 0x0000000100000000)
  region size 1024K, 72 young (73728K), 7 survivors (7168K)
 Metaspace       used 64414K, committed 64704K, reserved 1114112K
  class space    used 7106K, committed 7232K, reserved 1048576K
}
Event: 29.861 GC heap after
{Heap after GC invocations=37 (full 0):
 garbage-first heap   total 204800K, used 90494K [0x0000000081c00000, 0x0000000100000000)
  region size 1024K, 5 young (5120K), 5 survivors (5120K)
 Metaspace       used 64414K, committed 64704K, reserved 1114112K
  class space    used 7106K, committed 7232K, reserved 1048576K
}

Dll operation events (2 events):
Event: 0.036 Loaded shared library C:\Program Files\Android\Android Studio\jbr\bin\java.dll
Event: 2.939 Loaded shared library C:\Program Files\Android\Android Studio\jbr\bin\verify.dll

Deoptimization events (20 events):
Event: 30.345 Thread 0x0000018ee7842720 DEOPT PACKING pc=0x0000018ef44b4c1c sp=0x000000119a3fb630
Event: 30.345 Thread 0x0000018ee7842720 DEOPT UNPACKING pc=0x0000018ef3ac69a3 sp=0x000000119a3fb380 mode 2
Event: 30.345 Thread 0x0000018ee7842720 Uncommon trap: trap_request=0xffffff66 fr.pc=0x0000018ef44b4c1c relative=0x0000000000000e5c
Event: 30.345 Thread 0x0000018ee7842720 Uncommon trap: reason=speculate_class_check action=maybe_recompile pc=0x0000018ef44b4c1c method=org.jetbrains.kotlin.types.checker.ClassicTypeSystemContext$DefaultImpls.asSimpleType(Lorg/jetbrains/kotlin/types/checker/ClassicTypeSystemContext;Lorg/jetbrai
Event: 30.345 Thread 0x0000018ee7842720 DEOPT PACKING pc=0x0000018ef44b4c1c sp=0x000000119a3fb730
Event: 30.345 Thread 0x0000018ee7842720 DEOPT UNPACKING pc=0x0000018ef3ac69a3 sp=0x000000119a3fb480 mode 2
Event: 30.517 Thread 0x0000018ee7842720 Uncommon trap: trap_request=0xffffffc6 fr.pc=0x0000018ef45b39f8 relative=0x00000000000079d8
Event: 30.517 Thread 0x0000018ee7842720 Uncommon trap: reason=bimorphic_or_optimized_type_check action=maybe_recompile pc=0x0000018ef45b39f8 method=org.jetbrains.kotlin.types.TypeSubstitutor.projectedTypeForConflictedTypeWithUnsafeVariance(Lorg/jetbrains/kotlin/types/KotlinType;Lorg/jetbrains/k
Event: 30.518 Thread 0x0000018ee7842720 DEOPT PACKING pc=0x0000018ef45b39f8 sp=0x000000119a3f71d0
Event: 30.518 Thread 0x0000018ee7842720 DEOPT UNPACKING pc=0x0000018ef3ac69a3 sp=0x000000119a3f7138 mode 2
Event: 30.573 Thread 0x0000018ee7842720 DEOPT PACKING pc=0x0000018eee2fa85c sp=0x000000119a3f7f80
Event: 30.574 Thread 0x0000018ee7842720 DEOPT UNPACKING pc=0x0000018ef3ac7143 sp=0x000000119a3f7488 mode 0
Event: 30.709 Thread 0x0000018ee7842720 Uncommon trap: trap_request=0xffffff66 fr.pc=0x0000018ef41b3e2c relative=0x0000000000000f4c
Event: 30.709 Thread 0x0000018ee7842720 Uncommon trap: reason=speculate_class_check action=maybe_recompile pc=0x0000018ef41b3e2c method=org.jetbrains.kotlin.types.checker.ClassicTypeSystemContext$DefaultImpls.asSimpleType(Lorg/jetbrains/kotlin/types/checker/ClassicTypeSystemContext;Lorg/jetbrai
Event: 30.710 Thread 0x0000018ee7842720 DEOPT PACKING pc=0x0000018ef41b3e2c sp=0x000000119a3f8030
Event: 30.710 Thread 0x0000018ee7842720 DEOPT UNPACKING pc=0x0000018ef3ac69a3 sp=0x000000119a3f7d80 mode 2
Event: 30.710 Thread 0x0000018ee7842720 Uncommon trap: trap_request=0xffffff66 fr.pc=0x0000018ef41b3e2c relative=0x0000000000000f4c
Event: 30.710 Thread 0x0000018ee7842720 Uncommon trap: reason=speculate_class_check action=maybe_recompile pc=0x0000018ef41b3e2c method=org.jetbrains.kotlin.types.checker.ClassicTypeSystemContext$DefaultImpls.asSimpleType(Lorg/jetbrains/kotlin/types/checker/ClassicTypeSystemContext;Lorg/jetbrai
Event: 30.710 Thread 0x0000018ee7842720 DEOPT PACKING pc=0x0000018ef41b3e2c sp=0x000000119a3f8130
Event: 30.710 Thread 0x0000018ee7842720 DEOPT UNPACKING pc=0x0000018ef3ac69a3 sp=0x000000119a3f7e80 mode 2

Classes unloaded (0 events):
No events

Classes redefined (0 events):
No events

Internal exceptions (20 events):
Event: 10.719 Thread 0x0000018ee7842720 Implicit null exception at 0x0000018ef41fc50f to 0x0000018ef41fc54c
Event: 13.395 Thread 0x0000018ee7842720 Implicit null exception at 0x0000018ef41fe0af to 0x0000018ef41fe4dc
Event: 13.466 Thread 0x0000018ee7842720 Implicit null exception at 0x0000018ef414f9ef to 0x0000018ef414fbec
Event: 13.484 Thread 0x0000018ee7842720 Implicit null exception at 0x0000018ef405f06f to 0x0000018ef405f254
Event: 14.042 Thread 0x0000018ee7842720 Exception <a 'java/lang/NoSuchMethodError'{0x0000000086de85f0}: 'java.lang.Object java.lang.invoke.DirectMethodHandle$Holder.invokeStaticInit(java.lang.Object, java.lang.Object, java.lang.Object)'> (0x0000000086de85f0) 
thrown [s\src\hotspot\share\interpreter\linkResolver.cpp, line 771]
Event: 15.409 Thread 0x0000018ee7842720 Exception <a 'java/lang/NoSuchMethodError'{0x0000000088c60080}: 'java.lang.Object java.lang.invoke.DirectMethodHandle$Holder.newInvokeSpecial(java.lang.Object, int, java.lang.Object)'> (0x0000000088c60080) 
thrown [s\src\hotspot\share\interpreter\linkResolver.cpp, line 771]
Event: 15.412 Thread 0x0000018ee7842720 Exception <a 'java/lang/NoSuchMethodError'{0x0000000088c66488}: 'int java.lang.invoke.DirectMethodHandle$Holder.invokeInterface(java.lang.Object, java.lang.Object)'> (0x0000000088c66488) 
thrown [s\src\hotspot\share\interpreter\linkResolver.cpp, line 771]
Event: 16.315 Thread 0x0000018ee7842720 Implicit null exception at 0x0000018ef4051aa0 to 0x0000018ef4051d41
Event: 16.393 Thread 0x0000018ee7842720 Implicit null exception at 0x0000018ef40c40a0 to 0x0000018ef40c4224
Event: 16.393 Thread 0x0000018ee7842720 Implicit null exception at 0x0000018ef4075160 to 0x0000018ef40751fa
Event: 16.659 Thread 0x0000018ee7842720 Implicit null exception at 0x0000018ef402a455 to 0x0000018ef402aa60
Event: 16.694 Thread 0x0000018ee7842720 Exception <a 'java/lang/NoSuchMethodError'{0x000000008d69e7a0}: 'java.lang.Object java.lang.invoke.DirectMethodHandle$Holder.invokeInterface(java.lang.Object, java.lang.Object, java.lang.Object)'> (0x000000008d69e7a0) 
thrown [s\src\hotspot\share\interpreter\linkResolver.cpp, line 771]
Event: 16.695 Thread 0x0000018ee7842720 Exception <a 'java/lang/IncompatibleClassChangeError'{0x000000008d6a2110}: Found class java.lang.Object, but interface was expected> (0x000000008d6a2110) 
thrown [s\src\hotspot\share\interpreter\linkResolver.cpp, line 838]
Event: 16.712 Thread 0x0000018ee7842720 Implicit null exception at 0x0000018ef402c452 to 0x0000018ef402ca28
Event: 17.361 Thread 0x0000018ee7842720 Exception <a 'java/lang/NoSuchMethodError'{0x000000008d0aaef8}: 'int java.lang.invoke.DirectMethodHandle$Holder.invokeStaticInit(java.lang.Object, int)'> (0x000000008d0aaef8) 
thrown [s\src\hotspot\share\interpreter\linkResolver.cpp, line 771]
Event: 17.968 Thread 0x0000018ee7842720 Exception <a 'java/lang/NoSuchMethodError'{0x000000008bf289e8}: 'java.lang.Object java.lang.invoke.DirectMethodHandle$Holder.newInvokeSpecial(java.lang.Object, java.lang.Object, java.lang.Object, java.lang.Object, java.lang.Object, java.lang.Object, java.lang.Object)'> (0x000000008bf289e8) 
thrown [s\src\hotspot\share\interpreter\linkResolver.cpp, line 771]
Event: 17.969 Thread 0x0000018ee7842720 Exception <a 'java/lang/NoSuchMethodError'{0x000000008bf2d2f8}: 'java.lang.Object java.lang.invoke.Invokers$Holder.linkToTargetMethod(java.lang.Object, java.lang.Object, java.lang.Object, java.lang.Object, java.lang.Object, java.lang.Object, java.lang.Object)'> (0x000000008bf2d2f8) 
thrown [s\src\hotspot\share\interpreter\linkResolver.cpp, line 771]
Event: 18.368 Thread 0x0000018ee7842720 Exception <a 'java/lang/NoSuchMethodError'{0x000000008bbd9af8}: 'java.lang.Object java.lang.invoke.DirectMethodHandle$Holder.invokeStatic(java.lang.Object, int, java.lang.Object)'> (0x000000008bbd9af8) 
thrown [s\src\hotspot\share\interpreter\linkResolver.cpp, line 771]
Event: 21.744 Thread 0x0000018ee7842720 Exception <a 'java/lang/NoSuchMethodError'{0x000000008cc2ee48}: 'java.lang.Object java.lang.invoke.DirectMethodHandle$Holder.newInvokeSpecial(java.lang.Object, int, java.lang.Object, java.lang.Object)'> (0x000000008cc2ee48) 
thrown [s\src\hotspot\share\interpreter\linkResolver.cpp, line 771]
Event: 24.285 Thread 0x0000018ee7842720 Exception <a 'java/lang/NoSuchMethodError'{0x000000008a493750}: 'void java.lang.invoke.DirectMethodHandle$Holder.invokeStatic(java.lang.Object, java.lang.Object, java.lang.Object)'> (0x000000008a493750) 
thrown [s\src\hotspot\share\interpreter\linkResolver.cpp, line 771]

VM Operations (20 events):
Event: 27.997 Executing VM operation: Cleanup
Event: 28.013 Executing VM operation: Cleanup done
Event: 28.013 Executing VM operation: HandshakeAllThreads
Event: 28.013 Executing VM operation: HandshakeAllThreads done
Event: 28.333 Executing VM operation: ICBufferFull
Event: 28.334 Executing VM operation: ICBufferFull done
Event: 28.452 Executing VM operation: HandshakeAllThreads
Event: 28.468 Executing VM operation: HandshakeAllThreads done
Event: 28.559 Executing VM operation: HandshakeAllThreads
Event: 28.559 Executing VM operation: HandshakeAllThreads done
Event: 28.600 Executing VM operation: ICBufferFull
Event: 28.600 Executing VM operation: ICBufferFull done
Event: 28.777 Executing VM operation: HandshakeAllThreads
Event: 28.777 Executing VM operation: HandshakeAllThreads done
Event: 29.784 Executing VM operation: Cleanup
Event: 29.785 Executing VM operation: Cleanup done
Event: 29.839 Executing VM operation: G1CollectForAllocation
Event: 29.861 Executing VM operation: G1CollectForAllocation done
Event: 30.257 Executing VM operation: ICBufferFull
Event: 30.257 Executing VM operation: ICBufferFull done

Events (20 events):
Event: 28.812 Thread 0x0000018eff843af0 flushing nmethod 0x0000018eedbfa110
Event: 28.814 Thread 0x0000018eff843af0 flushing nmethod 0x0000018eedcc8290
Event: 28.814 Thread 0x0000018eff843af0 flushing nmethod 0x0000018eedcd6410
Event: 28.814 Thread 0x0000018eff843af0 flushing nmethod 0x0000018eedcf8c10
Event: 28.814 Thread 0x0000018eff843af0 flushing nmethod 0x0000018eedcfc410
Event: 28.814 Thread 0x0000018eff843af0 flushing nmethod 0x0000018eedd0d410
Event: 28.815 Thread 0x0000018eff843af0 flushing nmethod 0x0000018eedd27c90
Event: 28.816 Thread 0x0000018eff843af0 flushing nmethod 0x0000018eeddab990
Event: 28.816 Thread 0x0000018eff843af0 flushing nmethod 0x0000018eeddbb190
Event: 28.816 Thread 0x0000018eff843af0 flushing nmethod 0x0000018eeddbf190
Event: 28.816 Thread 0x0000018eff843af0 flushing nmethod 0x0000018eeddc9d10
Event: 28.816 Thread 0x0000018eff843af0 flushing nmethod 0x0000018eeddcfc10
Event: 28.816 Thread 0x0000018eff843af0 flushing nmethod 0x0000018eeddd0710
Event: 28.817 Thread 0x0000018eff843af0 flushing nmethod 0x0000018eede5df90
Event: 28.818 Thread 0x0000018eff843af0 flushing nmethod 0x0000018eedf31410
Event: 28.820 Thread 0x0000018eff843af0 flushing nmethod 0x0000018eee020510
Event: 28.822 Thread 0x0000018eff843af0 flushing nmethod 0x0000018eee129610
Event: 28.824 Thread 0x0000018eff843af0 flushing nmethod 0x0000018eee26da90
Event: 28.824 Thread 0x0000018eff843af0 flushing nmethod 0x0000018eee276c10
Event: 28.824 Thread 0x0000018eff843af0 flushing nmethod 0x0000018eee2f5110


Dynamic libraries:
0x00007ff78cb30000 - 0x00007ff78cb3a000 	C:\Program Files\Android\Android Studio\jbr\bin\java.exe
0x00007ffe1ec30000 - 0x00007ffe1ee28000 	C:\Windows\SYSTEM32\ntdll.dll
0x00007ffe1d9b0000 - 0x00007ffe1da6d000 	C:\Windows\System32\KERNEL32.DLL
0x00007ffe1c4b0000 - 0x00007ffe1c7a6000 	C:\Windows\System32\KERNELBASE.dll
0x00007ffe1c980000 - 0x00007ffe1ca80000 	C:\Windows\System32\ucrtbase.dll
0x00007ffe05fd0000 - 0x00007ffe05feb000 	C:\Program Files\Android\Android Studio\jbr\bin\VCRUNTIME140.dll
0x00007ffe0aa40000 - 0x00007ffe0aa57000 	C:\Program Files\Android\Android Studio\jbr\bin\jli.dll
0x00007ffe1dbc0000 - 0x00007ffe1dd5e000 	C:\Windows\System32\USER32.dll
0x00007ffe1c430000 - 0x00007ffe1c452000 	C:\Windows\System32\win32u.dll
0x00007ffe1e390000 - 0x00007ffe1e3bc000 	C:\Windows\System32\GDI32.dll
0x00007ffe07ec0000 - 0x00007ffe0815a000 	C:\Windows\WinSxS\amd64_microsoft.windows.common-controls_6595b64144ccf1df_6.0.19041.3636_none_60b6a03d71f818d5\COMCTL32.dll
0x00007ffe1cb60000 - 0x00007ffe1cc7a000 	C:\Windows\System32\gdi32full.dll
0x00007ffe1dd60000 - 0x00007ffe1ddfe000 	C:\Windows\System32\msvcrt.dll
0x00007ffe1c300000 - 0x00007ffe1c39d000 	C:\Windows\System32\msvcp_win.dll
0x00007ffe1db90000 - 0x00007ffe1dbc0000 	C:\Windows\System32\IMM32.DLL
0x00007ffe161c0000 - 0x00007ffe161cc000 	C:\Program Files\Android\Android Studio\jbr\bin\vcruntime140_1.dll
0x00007ffe05f40000 - 0x00007ffe05fcd000 	C:\Program Files\Android\Android Studio\jbr\bin\msvcp140.dll
0x00007ffd933d0000 - 0x00007ffd9403d000 	C:\Program Files\Android\Android Studio\jbr\bin\server\jvm.dll
0x00007ffe1e720000 - 0x00007ffe1e7d3000 	C:\Windows\System32\ADVAPI32.dll
0x00007ffe1daf0000 - 0x00007ffe1db8f000 	C:\Windows\System32\sechost.dll
0x00007ffe1e420000 - 0x00007ffe1e546000 	C:\Windows\System32\RPCRT4.dll
0x00007ffe1cb30000 - 0x00007ffe1cb57000 	C:\Windows\System32\bcrypt.dll
0x00007ffe0b280000 - 0x00007ffe0b289000 	C:\Windows\SYSTEM32\WSOCK32.dll
0x00007ffe08240000 - 0x00007ffe08267000 	C:\Windows\SYSTEM32\WINMM.dll
0x00007ffe1de00000 - 0x00007ffe1de6b000 	C:\Windows\System32\WS2_32.dll
0x00007ffe137b0000 - 0x00007ffe137ba000 	C:\Windows\SYSTEM32\VERSION.dll
0x00007ffe1ab00000 - 0x00007ffe1ab12000 	C:\Windows\SYSTEM32\kernel.appcore.dll
0x00007ffe08f30000 - 0x00007ffe08f3a000 	C:\Program Files\Android\Android Studio\jbr\bin\jimage.dll
0x00007ffe1a810000 - 0x00007ffe1a9f4000 	C:\Windows\SYSTEM32\DBGHELP.DLL
0x00007ffe05ad0000 - 0x00007ffe05b04000 	C:\Windows\SYSTEM32\dbgcore.DLL
0x00007ffe1c3a0000 - 0x00007ffe1c422000 	C:\Windows\System32\bcryptPrimitives.dll
0x00007ffdf48b0000 - 0x00007ffdf48d5000 	C:\Program Files\Android\Android Studio\jbr\bin\java.dll
0x00007ffdf4890000 - 0x00007ffdf48a8000 	C:\Program Files\Android\Android Studio\jbr\bin\zip.dll
0x00007ffe1d040000 - 0x00007ffe1d785000 	C:\Windows\System32\SHELL32.dll
0x00007ffe19fa0000 - 0x00007ffe1a73b000 	C:\Windows\SYSTEM32\windows.storage.dll
0x00007ffe1cc80000 - 0x00007ffe1cfd4000 	C:\Windows\System32\combase.dll
0x00007ffe1bb80000 - 0x00007ffe1bbad000 	C:\Windows\SYSTEM32\Wldp.dll
0x00007ffe1de70000 - 0x00007ffe1df1d000 	C:\Windows\System32\SHCORE.dll
0x00007ffe1e890000 - 0x00007ffe1e8e5000 	C:\Windows\System32\shlwapi.dll
0x00007ffe1c230000 - 0x00007ffe1c255000 	C:\Windows\SYSTEM32\profapi.dll
0x00007ffdf4870000 - 0x00007ffdf4889000 	C:\Program Files\Android\Android Studio\jbr\bin\net.dll
0x00007ffe0d410000 - 0x00007ffe0d51a000 	C:\Windows\SYSTEM32\WINHTTP.dll
0x00007ffe1b960000 - 0x00007ffe1b9ca000 	C:\Windows\system32\mswsock.dll
0x00007ffdf4850000 - 0x00007ffdf4866000 	C:\Program Files\Android\Android Studio\jbr\bin\nio.dll
0x00007ffdf4f10000 - 0x00007ffdf4f20000 	C:\Program Files\Android\Android Studio\jbr\bin\verify.dll

dbghelp: loaded successfully - version: 4.0.5 - missing functions: none
symbol engine: initialized successfully - sym options: 0x614 - pdb path: .;C:\Program Files\Android\Android Studio\jbr\bin;C:\Windows\SYSTEM32;C:\Windows\WinSxS\amd64_microsoft.windows.common-controls_6595b64144ccf1df_6.0.19041.3636_none_60b6a03d71f818d5;C:\Program Files\Android\Android Studio\jbr\bin\server

VM Arguments:
java_command: org.jetbrains.kotlin.cli.jvm.K2JVMCompiler @D:\FYP\FypDisasterManagement\app\build\20240122_11979128637236920680.compiler.options
java_class_path (initial): C:\Users\Area 7 Computer\.gradle\caches\modules-2\files-2.1\org.jetbrains.kotlin\kotlin-compiler-embeddable\1.8.10\b0757fd774344d54ce93f5ad6c30ba1c1731c8ff\kotlin-compiler-embeddable-1.8.10.jar;C:\Users\Area 7 Computer\.gradle\caches\modules-2\files-2.1\org.jetbrains.kotlin\kotlin-stdlib\1.8.10\6d5560a229477df9406943d5feda5618e98eb64c\kotlin-stdlib-1.8.10.jar;C:\Users\Area 7 Computer\.gradle\caches\modules-2\files-2.1\org.jetbrains.kotlin\kotlin-script-runtime\1.8.10\b13ea9c7e46d589139e56086a878763290e20bd5\kotlin-script-runtime-1.8.10.jar;C:\Users\Area 7 Computer\.gradle\caches\modules-2\files-2.1\org.jetbrains.kotlin\kotlin-reflect\1.6.10\1cbe9c92c12a94eea200d23c2bbaedaf3daf5132\kotlin-reflect-1.6.10.jar;C:\Users\Area 7 Computer\.gradle\caches\modules-2\files-2.1\org.jetbrains.kotlin\kotlin-daemon-embeddable\1.8.10\ad8541d9bc1cf9e52c3204161247910c2cf601d4\kotlin-daemon-embeddable-1.8.10.jar;C:\Users\Area 7 Computer\.gradle\caches\modules-2\files-2.1\org.jetbrains.intellij.deps\trove4j\1.0.20200330\3afb14d5f9ceb459d724e907a21145e8ff394f02\trove4j-1.0.20200330.jar;C:\Users\Area 7 Computer\.gradle\caches\modules-2\files-2.1\net.java.dev.jna\jna\5.6.0\330f2244e9030119ab3030fc3fededc86713d9cc\jna-5.6.0.jar;C:\Users\Area 7 Computer\.gradle\caches\modules-2\files-2.1\org.jetbrains.kotlin\kotlin-stdlib-common\1.8.10\a61b182458550492c12aee66157d7b524a63a5ec\kotlin-stdlib-common-1.8.10.jar;C:\Users\Area 7 Computer\.gradle\caches\modules-2\files-2.1\org.jetbrains\annotations\13.0\919f0dfe192fb4e063e7dacadee7f8bb9a2672a9\annotations-13.0.jar
Launcher Type: SUN_STANDARD

[Global flags]
     intx CICompilerCount                          = 3                                         {product} {ergonomic}
     uint ConcGCThreads                            = 1                                         {product} {ergonomic}
     uint G1ConcRefinementThreads                  = 4                                         {product} {ergonomic}
   size_t G1HeapRegionSize                         = 1048576                                   {product} {ergonomic}
    uintx GCDrainStackTargetSize                   = 64                                        {product} {ergonomic}
   size_t InitialHeapSize                          = 134217728                                 {product} {ergonomic}
   size_t MarkStackSize                            = 4194304                                   {product} {ergonomic}
   size_t MaxHeapSize                              = 2118123520                                {product} {ergonomic}
   size_t MaxNewSize                               = 1270874112                                {product} {ergonomic}
   size_t MinHeapDeltaBytes                        = 1048576                                   {product} {ergonomic}
   size_t MinHeapSize                              = 8388608                                   {product} {ergonomic}
    uintx NonNMethodCodeHeapSize                   = 5832780                                {pd product} {ergonomic}
    uintx NonProfiledCodeHeapSize                  = 122912730                              {pd product} {ergonomic}
    uintx ProfiledCodeHeapSize                     = 122912730                              {pd product} {ergonomic}
    uintx ReservedCodeCacheSize                    = 251658240                              {pd product} {ergonomic}
     bool SegmentedCodeCache                       = true                                      {product} {ergonomic}
   size_t SoftMaxHeapSize                          = 2118123520                             {manageable} {ergonomic}
     bool UseCompressedClassPointers               = true                           {product lp64_product} {ergonomic}
     bool UseCompressedOops                        = true                           {product lp64_product} {ergonomic}
     bool UseG1GC                                  = true                                      {product} {ergonomic}
     bool UseLargePagesIndividualAllocation        = false                                  {pd product} {ergonomic}

Logging:
Log output configuration:
 #0: stdout all=warning uptime,level,tags
 #1: stderr all=off uptime,level,tags

Environment Variables:
JAVA_HOME=C:\Program Files (x86)\Java\jdk1.8.0_92
PATH=C:\ProgramData\Oracle\Java\javapath;D:\DevSuiteHome_1\jdk\jre\bin\classic;D:\DevSuiteHome_1\jdk\jre\bin;D:\DevSuiteHome_1\jdk\jre\bin\client;D:\DevSuiteHome_1\jlib;D:\DevSuiteHome_1\bin;D:\DevSuiteHome_1\jre\1.4.2\bin\client;D:\DevSuiteHome_1\jre\1.4.2\bin;C:\Windows\system32;C:\Windows;C:\Windows\System32\Wbem;C:\Windows\System32\WindowsPowerShell\v1.0\;C:\Windows\System32\OpenSSH\;C:\Program Files (x86)\Java\jdk1.8.0_92\bin;C:\Program Files\Microsoft SQL Server\150\Tools\Binn\;C:\Program Files\Microsoft SQL Server\Client SDK\ODBC\170\Tools\Binn\;C:\Program Files (x86)\Microsoft SQL Server\160\Tools\Binn\;C:\Program Files\Microsoft SQL Server\160\Tools\Binn\;C:\Program Files\Microsoft SQL Server\160\DTS\Binn\;C:\Program Files\Azure Data Studio\bin;C:\Program Files (x86)\Microsoft SQL Server\150\Tools\Binn\;C:\Program Files\Microsoft SQL Server\150\DTS\Binn\;C:\Program Files\Microsoft\Web Platform Installer\;C:\Program Files (x86)\Microsoft ASP.NET\ASP.NET Web Pages\v1.0\;C:\Program Files (x86)\Windows Kits\8.0\Windows Performance Toolkit\;D:\nodejs\;D:\Git\cmd;D:\GitHub CLI\;C:\Users\Area 7 Computer\AppData\Local\Microsoft\WindowsApps;;C:\Users\Area 7 Computer\AppData\Local\Programs\Microsoft VS Code\bin;C:\Program Files\Azure Data Studio\bin;C:\Users\Area 7 Computer\AppData\Roaming\npm
USERNAME=Area 7 Computer
OS=Windows_NT
PROCESSOR_IDENTIFIER=Intel64 Family 6 Model 78 Stepping 3, GenuineIntel
TMP=C:\Users\AREA7C~1\AppData\Local\Temp
TEMP=C:\Users\AREA7C~1\AppData\Local\Temp



---------------  S Y S T E M  ---------------

OS:
 Windows 10 , 64 bit Build 19041 (10.0.19041.3636)
OS uptime: 0 days 2:25 hours
Hyper-V role detected

CPU: total 4 (initial active 4) (2 cores per cpu, 2 threads per core) family 6 model 78 stepping 3 microcode 0xcc, cx8, cmov, fxsr, ht, mmx, 3dnowpref, sse, sse2, sse3, ssse3, sse4.1, sse4.2, popcnt, lzcnt, tsc, tscinvbit, avx, avx2, aes, erms, clmul, bmi1, bmi2, rtm, adx, fma, vzeroupper, clflush, clflushopt, hv

Memory: 4k page, system-wide physical 8076M (371M free)
TotalPageFile size 10124M (AvailPageFile size 6M)
current process WorkingSet (physical memory assigned to process): 390M, peak: 396M
current process commit charge ("private bytes"): 426M, peak: 430M

vm_info: OpenJDK 64-Bit Server VM (17.0.6+0-b2043.56-9586694) for windows-amd64 JRE (17.0.6+0-b2043.56-9586694), built on Feb  9 2023 20:06:20 by "androidbuild" with MS VC++ 16.10 / 16.11 (VS2019)

END.
