#
# There is insufficient memory for the Java Runtime Environment to continue.
# Native memory allocation (malloc) failed to allocate 2502384 bytes for Chunk::new
# Possible reasons:
#   The system is out of physical RAM or swap space
#   The process is running with CompressedOops enabled, and the Java Heap may be blocking the growth of the native heap
# Possible solutions:
#   Reduce memory load on the system
#   Increase physical memory or swap space
#   Check if swap backing store is full
#   Decrease Java heap size (-Xmx/-Xms)
#   Decrease number of Java threads
#   Decrease Java thread stack sizes (-Xss)
#   Set larger code cache with -XX:ReservedCodeCacheSize=
#   JVM is running with Unscaled Compressed Oops mode in which the Java heap is
#     placed in the first 4GB address space. The Java Heap base address is the
#     maximum limit for the native heap growth. Please use -XX:HeapBaseMinAddress
#     to set the Java Heap base and to place the Java Heap above 4GB virtual address.
# This output file may be truncated or incomplete.
#
#  Out of Memory Error (arena.cpp:189), pid=7836, tid=1416
#
# JRE version: OpenJDK Runtime Environment (17.0.6) (build 17.0.6+0-b2043.56-9586694)
# Java VM: OpenJDK 64-Bit Server VM (17.0.6+0-b2043.56-9586694, mixed mode, tiered, compressed oops, compressed class ptrs, g1 gc, windows-amd64)
# No core dump will be written. Minidumps are not enabled by default on client versions of Windows
#

---------------  S U M M A R Y ------------

Command Line: org.jetbrains.kotlin.cli.jvm.K2JVMCompiler @D:\FYP\FypDisasterManagement\app\build\20240122_8473554603013429613.compiler.options

Host: Intel(R) Core(TM) i5-6300U CPU @ 2.40GHz, 4 cores, 7G,  Windows 10 , 64 bit Build 19041 (10.0.19041.3636)
Time: Mon Jan 22 21:19:16 2024 Pakistan Standard Time elapsed time: 36.307956 seconds (0d 0h 0m 36s)

---------------  T H R E A D  ---------------

Current thread (0x00000260891c3af0):  JavaThread "C2 CompilerThread1" daemon [_thread_in_native, id=1416, stack(0x000000ce4e700000,0x000000ce4e800000)]


Current CompileTask:
C2:  36308 13136       4       org.jetbrains.kotlin.types.AbstractTypeChecker::isSubtypeOfForSingleClassifierType (893 bytes)

Stack: [0x000000ce4e700000,0x000000ce4e800000]
Native frames: (J=compiled Java code, j=interpreted, Vv=VM code, C=native code)
V  [jvm.dll+0x683b4a]
V  [jvm.dll+0x842654]
V  [jvm.dll+0x843dfe]
V  [jvm.dll+0x844463]
V  [jvm.dll+0x249b75]
V  [jvm.dll+0xabcac]
V  [jvm.dll+0xac27c]
V  [jvm.dll+0x368857]
V  [jvm.dll+0x1bd0b8]
V  [jvm.dll+0x21c359]
V  [jvm.dll+0x21b621]
V  [jvm.dll+0x1a4fdd]
V  [jvm.dll+0x22b098]
V  [jvm.dll+0x229159]
V  [jvm.dll+0x7f809c]
V  [jvm.dll+0x7f25fa]
V  [jvm.dll+0x682985]
C  [ucrtbase.dll+0x21bb2]
C  [KERNEL32.DLL+0x17344]
C  [ntdll.dll+0x526b1]


---------------  P R O C E S S  ---------------

Threads class SMR info:
_java_thread_list=0x000002608930eb40, length=13, elements={
0x00000260e86e5410, 0x00000260ffb7fd20, 0x00000260ffb80e10, 0x0000026084929ae0,
0x000002608492a4a0, 0x000002608491f610, 0x000002608491fed0, 0x0000026084920c60,
0x0000026084925190, 0x0000026084938e00, 0x0000026084aa8010, 0x0000026084abaed0,
0x00000260891c3af0
}

Java Threads: ( => current thread )
  0x00000260e86e5410 JavaThread "main" [_thread_in_Java, id=3708, stack(0x000000ce4d400000,0x000000ce4d500000)]
  0x00000260ffb7fd20 JavaThread "Reference Handler" daemon [_thread_blocked, id=11184, stack(0x000000ce4db00000,0x000000ce4dc00000)]
  0x00000260ffb80e10 JavaThread "Finalizer" daemon [_thread_blocked, id=11856, stack(0x000000ce4dc00000,0x000000ce4dd00000)]
  0x0000026084929ae0 JavaThread "Signal Dispatcher" daemon [_thread_blocked, id=7308, stack(0x000000ce4dd00000,0x000000ce4de00000)]
  0x000002608492a4a0 JavaThread "Attach Listener" daemon [_thread_blocked, id=3892, stack(0x000000ce4de00000,0x000000ce4df00000)]
  0x000002608491f610 JavaThread "Service Thread" daemon [_thread_blocked, id=7536, stack(0x000000ce4df00000,0x000000ce4e000000)]
  0x000002608491fed0 JavaThread "Monitor Deflation Thread" daemon [_thread_blocked, id=7612, stack(0x000000ce4e000000,0x000000ce4e100000)]
  0x0000026084920c60 JavaThread "C2 CompilerThread0" daemon [_thread_in_native, id=13848, stack(0x000000ce4e100000,0x000000ce4e200000)]
  0x0000026084925190 JavaThread "C1 CompilerThread0" daemon [_thread_blocked, id=1388, stack(0x000000ce4e200000,0x000000ce4e300000)]
  0x0000026084938e00 JavaThread "Sweeper thread" daemon [_thread_blocked, id=3716, stack(0x000000ce4e300000,0x000000ce4e400000)]
  0x0000026084aa8010 JavaThread "Notification Thread" daemon [_thread_blocked, id=7800, stack(0x000000ce4e400000,0x000000ce4e500000)]
  0x0000026084abaed0 JavaThread "Common-Cleaner" daemon [_thread_blocked, id=10468, stack(0x000000ce4e600000,0x000000ce4e700000)]
=>0x00000260891c3af0 JavaThread "C2 CompilerThread1" daemon [_thread_in_native, id=1416, stack(0x000000ce4e700000,0x000000ce4e800000)]

Other Threads:
  0x00000260ffba8660 VMThread "VM Thread" [stack: 0x000000ce4da00000,0x000000ce4db00000] [id=10460]
  0x00000260e8758020 WatcherThread [stack: 0x000000ce4e500000,0x000000ce4e600000] [id=8008]
  0x00000260e873c020 GCTaskThread "GC Thread#0" [stack: 0x000000ce4d500000,0x000000ce4d600000] [id=8852]
  0x0000026084ee1f10 GCTaskThread "GC Thread#1" [stack: 0x000000ce4e800000,0x000000ce4e900000] [id=14232]
  0x0000026084f3c950 GCTaskThread "GC Thread#2" [stack: 0x000000ce4e900000,0x000000ce4ea00000] [id=10228]
  0x0000026084e228e0 GCTaskThread "GC Thread#3" [stack: 0x000000ce4ea00000,0x000000ce4eb00000] [id=4452]
  0x00000260e874cbe0 ConcurrentGCThread "G1 Main Marker" [stack: 0x000000ce4d600000,0x000000ce4d700000] [id=6840]
  0x00000260e874f1a0 ConcurrentGCThread "G1 Conc#0" [stack: 0x000000ce4d700000,0x000000ce4d800000] [id=6492]
  0x00000260e87a7ec0 ConcurrentGCThread "G1 Refine#0" [stack: 0x000000ce4d800000,0x000000ce4d900000] [id=9816]
  0x000002608842ac40 ConcurrentGCThread "G1 Refine#1" [stack: 0x000000ce4eb00000,0x000000ce4ec00000] [id=3392]
  0x000002608842a960 ConcurrentGCThread "G1 Refine#2" [stack: 0x000000ce4ec00000,0x000000ce4ed00000] [id=5540]
  0x0000026088ec43c0 ConcurrentGCThread "G1 Refine#3" [stack: 0x000000ce4ed00000,0x000000ce4ee00000] [id=1660]
  0x00000260e87a88e0 ConcurrentGCThread "G1 Service" [stack: 0x000000ce4d900000,0x000000ce4da00000] [id=14492]

Threads with active compile tasks:
C2 CompilerThread0    36361 13118       4       org.jetbrains.kotlin.resolve.calls.tower.TowerResolver$Task::run$processLexicalScope (176 bytes)
C2 CompilerThread1    36361 13136       4       org.jetbrains.kotlin.types.AbstractTypeChecker::isSubtypeOfForSingleClassifierType (893 bytes)

VM state: not at safepoint (normal execution)

VM Mutex/Monitor currently owned by a thread: None

Heap address: 0x0000000081c00000, size: 2020 MB, Compressed Oops mode: 32-bit

CDS archive(s) not mapped
Compressed class space mapped at: 0x0000000100000000-0x0000000140000000, reserved size: 1073741824
Narrow klass base: 0x0000000000000000, Narrow klass shift: 3, Narrow klass range: 0x140000000

GC Precious Log:
 CPUs: 4 total, 4 available
 Memory: 8076M
 Large Page Support: Disabled
 NUMA Support: Disabled
 Compressed Oops: Enabled (32-bit)
 Heap Region Size: 1M
 Heap Min Capacity: 8M
 Heap Initial Capacity: 128M
 Heap Max Capacity: 2020M
 Pre-touch: Disabled
 Parallel Workers: 4
 Concurrent Workers: 1
 Concurrent Refinement Workers: 4
 Periodic GC: Disabled

Heap:
 garbage-first heap   total 261120K, used 192915K [0x0000000081c00000, 0x0000000100000000)
  region size 1024K, 108 young (110592K), 8 survivors (8192K)
 Metaspace       used 65058K, committed 65408K, reserved 1114112K
  class space    used 7139K, committed 7296K, reserved 1048576K

Heap Regions: E=young(eden), S=young(survivor), O=old, HS=humongous(starts), HC=humongous(continues), CS=collection set, F=free, OA=open archive, CA=closed archive, TAMS=top-at-mark-start (previous, next)
|   0|0x0000000081c00000, 0x0000000081d00000, 0x0000000081d00000|100%|HS|  |TAMS 0x0000000081d00000, 0x0000000081c00000| Complete 
|   1|0x0000000081d00000, 0x0000000081e00000, 0x0000000081e00000|100%|HC|  |TAMS 0x0000000081e00000, 0x0000000081d00000| Complete 
|   2|0x0000000081e00000, 0x0000000081f00000, 0x0000000081f00000|100%|HC|  |TAMS 0x0000000081f00000, 0x0000000081e00000| Complete 
|   3|0x0000000081f00000, 0x0000000082000000, 0x0000000082000000|100%|HC|  |TAMS 0x0000000082000000, 0x0000000081f00000| Complete 
|   4|0x0000000082000000, 0x0000000082100000, 0x0000000082100000|100%| O|  |TAMS 0x0000000082100000, 0x0000000082000000| Untracked 
|   5|0x0000000082100000, 0x0000000082200000, 0x0000000082200000|100%| O|  |TAMS 0x0000000082200000, 0x0000000082100000| Untracked 
|   6|0x0000000082200000, 0x0000000082300000, 0x0000000082300000|100%| O|  |TAMS 0x0000000082300000, 0x0000000082200000| Untracked 
|   7|0x0000000082300000, 0x0000000082400000, 0x0000000082400000|100%|HS|  |TAMS 0x0000000082400000, 0x0000000082300000| Complete 
|   8|0x0000000082400000, 0x0000000082500000, 0x0000000082500000|100%|HC|  |TAMS 0x0000000082500000, 0x0000000082400000| Complete 
|   9|0x0000000082500000, 0x0000000082600000, 0x0000000082600000|100%|HC|  |TAMS 0x0000000082600000, 0x0000000082500000| Complete 
|  10|0x0000000082600000, 0x0000000082700000, 0x0000000082700000|100%|HC|  |TAMS 0x0000000082700000, 0x0000000082600000| Complete 
|  11|0x0000000082700000, 0x0000000082800000, 0x0000000082800000|100%| O|  |TAMS 0x0000000082800000, 0x0000000082700000| Untracked 
|  12|0x0000000082800000, 0x0000000082900000, 0x0000000082900000|100%| O|  |TAMS 0x0000000082900000, 0x0000000082800000| Untracked 
|  13|0x0000000082900000, 0x0000000082a00000, 0x0000000082a00000|100%| O|  |TAMS 0x0000000082a00000, 0x0000000082900000| Untracked 
|  14|0x0000000082a00000, 0x0000000082b00000, 0x0000000082b00000|100%| O|  |TAMS 0x0000000082b00000, 0x0000000082a00000| Untracked 
|  15|0x0000000082b00000, 0x0000000082c00000, 0x0000000082c00000|100%| O|  |TAMS 0x0000000082c00000, 0x0000000082b00000| Untracked 
|  16|0x0000000082c00000, 0x0000000082d00000, 0x0000000082d00000|100%| O|  |TAMS 0x0000000082d00000, 0x0000000082c00000| Untracked 
|  17|0x0000000082d00000, 0x0000000082e00000, 0x0000000082e00000|100%| O|  |TAMS 0x0000000082e00000, 0x0000000082d00000| Untracked 
|  18|0x0000000082e00000, 0x0000000082f00000, 0x0000000082f00000|100%| O|  |TAMS 0x0000000082f00000, 0x0000000082e00000| Untracked 
|  19|0x0000000082f00000, 0x0000000083000000, 0x0000000083000000|100%| O|  |TAMS 0x0000000083000000, 0x0000000082f00000| Untracked 
|  20|0x0000000083000000, 0x0000000083100000, 0x0000000083100000|100%| O|  |TAMS 0x0000000083100000, 0x0000000083000000| Untracked 
|  21|0x0000000083100000, 0x0000000083200000, 0x0000000083200000|100%| O|  |TAMS 0x0000000083200000, 0x0000000083100000| Untracked 
|  22|0x0000000083200000, 0x0000000083300000, 0x0000000083300000|100%| O|  |TAMS 0x0000000083300000, 0x0000000083200000| Untracked 
|  23|0x0000000083300000, 0x0000000083400000, 0x0000000083400000|100%| O|  |TAMS 0x0000000083400000, 0x0000000083300000| Untracked 
|  24|0x0000000083400000, 0x0000000083500000, 0x0000000083500000|100%| O|  |TAMS 0x0000000083500000, 0x0000000083400000| Untracked 
|  25|0x0000000083500000, 0x0000000083600000, 0x0000000083600000|100%| O|  |TAMS 0x0000000083600000, 0x0000000083500000| Untracked 
|  26|0x0000000083600000, 0x0000000083700000, 0x0000000083700000|100%| O|  |TAMS 0x0000000083700000, 0x0000000083600000| Untracked 
|  27|0x0000000083700000, 0x0000000083800000, 0x0000000083800000|100%| O|  |TAMS 0x0000000083800000, 0x0000000083700000| Untracked 
|  28|0x0000000083800000, 0x0000000083900000, 0x0000000083900000|100%| O|  |TAMS 0x0000000083900000, 0x0000000083800000| Untracked 
|  29|0x0000000083900000, 0x0000000083a00000, 0x0000000083a00000|100%| O|  |TAMS 0x0000000083a00000, 0x0000000083900000| Untracked 
|  30|0x0000000083a00000, 0x0000000083b00000, 0x0000000083b00000|100%|HS|  |TAMS 0x0000000083b00000, 0x0000000083a00000| Complete 
|  31|0x0000000083b00000, 0x0000000083c00000, 0x0000000083c00000|100%|HC|  |TAMS 0x0000000083c00000, 0x0000000083b00000| Complete 
|  32|0x0000000083c00000, 0x0000000083d00000, 0x0000000083d00000|100%| O|  |TAMS 0x0000000083d00000, 0x0000000083c00000| Untracked 
|  33|0x0000000083d00000, 0x0000000083e00000, 0x0000000083e00000|100%| O|  |TAMS 0x0000000083e00000, 0x0000000083d00000| Untracked 
|  34|0x0000000083e00000, 0x0000000083f00000, 0x0000000083f00000|100%| O|  |TAMS 0x0000000083f00000, 0x0000000083e00000| Untracked 
|  35|0x0000000083f00000, 0x0000000084000000, 0x0000000084000000|100%| O|  |TAMS 0x0000000084000000, 0x0000000083f00000| Untracked 
|  36|0x0000000084000000, 0x0000000084100000, 0x0000000084100000|100%| O|  |TAMS 0x0000000084100000, 0x0000000084000000| Untracked 
|  37|0x0000000084100000, 0x0000000084200000, 0x0000000084200000|100%| O|  |TAMS 0x0000000084200000, 0x0000000084100000| Untracked 
|  38|0x0000000084200000, 0x0000000084300000, 0x0000000084300000|100%| O|  |TAMS 0x0000000084300000, 0x0000000084200000| Untracked 
|  39|0x0000000084300000, 0x0000000084400000, 0x0000000084400000|100%| O|  |TAMS 0x0000000084400000, 0x0000000084300000| Untracked 
|  40|0x0000000084400000, 0x0000000084500000, 0x0000000084500000|100%| O|  |TAMS 0x0000000084500000, 0x0000000084400000| Untracked 
|  41|0x0000000084500000, 0x0000000084600000, 0x0000000084600000|100%| O|  |TAMS 0x0000000084600000, 0x0000000084500000| Untracked 
|  42|0x0000000084600000, 0x0000000084700000, 0x0000000084700000|100%|HS|  |TAMS 0x0000000084600000, 0x0000000084600000| Complete 
|  43|0x0000000084700000, 0x0000000084800000, 0x0000000084800000|100%|HS|  |TAMS 0x0000000084800000, 0x0000000084700000| Complete 
|  44|0x0000000084800000, 0x0000000084900000, 0x0000000084900000|100%|HC|  |TAMS 0x0000000084900000, 0x0000000084800000| Complete 
|  45|0x0000000084900000, 0x0000000084a00000, 0x0000000084a00000|100%| O|  |TAMS 0x0000000084a00000, 0x0000000084900000| Untracked 
|  46|0x0000000084a00000, 0x0000000084b00000, 0x0000000084b00000|100%| O|  |TAMS 0x0000000084b00000, 0x0000000084a00000| Untracked 
|  47|0x0000000084b00000, 0x0000000084c00000, 0x0000000084c00000|100%| O|  |TAMS 0x0000000084c00000, 0x0000000084b00000| Untracked 
|  48|0x0000000084c00000, 0x0000000084d00000, 0x0000000084d00000|100%| O|  |TAMS 0x0000000084d00000, 0x0000000084c00000| Untracked 
|  49|0x0000000084d00000, 0x0000000084e00000, 0x0000000084e00000|100%| O|  |TAMS 0x0000000084e00000, 0x0000000084d00000| Untracked 
|  50|0x0000000084e00000, 0x0000000084f00000, 0x0000000084f00000|100%| O|  |TAMS 0x0000000084f00000, 0x0000000084e00000| Untracked 
|  51|0x0000000084f00000, 0x0000000085000000, 0x0000000085000000|100%| O|  |TAMS 0x0000000085000000, 0x0000000084f00000| Untracked 
|  52|0x0000000085000000, 0x0000000085100000, 0x0000000085100000|100%| O|  |TAMS 0x0000000085100000, 0x0000000085000000| Untracked 
|  53|0x0000000085100000, 0x0000000085200000, 0x0000000085200000|100%| O|  |TAMS 0x0000000085200000, 0x0000000085100000| Untracked 
|  54|0x0000000085200000, 0x0000000085300000, 0x0000000085300000|100%| O|  |TAMS 0x0000000085300000, 0x0000000085200000| Untracked 
|  55|0x0000000085300000, 0x0000000085400000, 0x0000000085400000|100%| O|  |TAMS 0x0000000085400000, 0x0000000085300000| Untracked 
|  56|0x0000000085400000, 0x0000000085500000, 0x0000000085500000|100%| O|  |TAMS 0x0000000085500000, 0x0000000085400000| Untracked 
|  57|0x0000000085500000, 0x0000000085600000, 0x0000000085600000|100%| O|  |TAMS 0x0000000085600000, 0x0000000085500000| Untracked 
|  58|0x0000000085600000, 0x0000000085700000, 0x0000000085700000|100%| O|  |TAMS 0x0000000085700000, 0x0000000085600000| Untracked 
|  59|0x0000000085700000, 0x0000000085800000, 0x0000000085800000|100%| O|  |TAMS 0x0000000085800000, 0x0000000085700000| Untracked 
|  60|0x0000000085800000, 0x0000000085900000, 0x0000000085900000|100%| O|  |TAMS 0x0000000085900000, 0x0000000085800000| Untracked 
|  61|0x0000000085900000, 0x0000000085a00000, 0x0000000085a00000|100%| O|  |TAMS 0x0000000085900000, 0x0000000085900000| Untracked 
|  62|0x0000000085a00000, 0x0000000085b00000, 0x0000000085b00000|100%| O|  |TAMS 0x0000000085b00000, 0x0000000085a00000| Untracked 
|  63|0x0000000085b00000, 0x0000000085c00000, 0x0000000085c00000|100%| O|  |TAMS 0x0000000085c00000, 0x0000000085b00000| Untracked 
|  64|0x0000000085c00000, 0x0000000085d00000, 0x0000000085d00000|100%| O|  |TAMS 0x0000000085d00000, 0x0000000085c00000| Untracked 
|  65|0x0000000085d00000, 0x0000000085e00000, 0x0000000085e00000|100%| O|  |TAMS 0x0000000085e00000, 0x0000000085d00000| Untracked 
|  66|0x0000000085e00000, 0x0000000085f00000, 0x0000000085f00000|100%| O|  |TAMS 0x0000000085f00000, 0x0000000085e00000| Untracked 
|  67|0x0000000085f00000, 0x0000000086000000, 0x0000000086000000|100%| O|  |TAMS 0x0000000086000000, 0x0000000085f00000| Untracked 
|  68|0x0000000086000000, 0x0000000086100000, 0x0000000086100000|100%| O|  |TAMS 0x0000000086100000, 0x0000000086000000| Untracked 
|  69|0x0000000086100000, 0x0000000086200000, 0x0000000086200000|100%| O|  |TAMS 0x0000000086200000, 0x0000000086100000| Untracked 
|  70|0x0000000086200000, 0x0000000086300000, 0x0000000086300000|100%| O|  |TAMS 0x0000000086300000, 0x0000000086200000| Untracked 
|  71|0x0000000086300000, 0x0000000086400000, 0x0000000086400000|100%| O|  |TAMS 0x0000000086400000, 0x0000000086300000| Untracked 
|  72|0x0000000086400000, 0x0000000086500000, 0x0000000086500000|100%| O|  |TAMS 0x0000000086500000, 0x0000000086400000| Untracked 
|  73|0x0000000086500000, 0x0000000086600000, 0x0000000086600000|100%| O|  |TAMS 0x0000000086600000, 0x0000000086500000| Untracked 
|  74|0x0000000086600000, 0x0000000086700000, 0x0000000086700000|100%| O|  |TAMS 0x0000000086700000, 0x0000000086600000| Untracked 
|  75|0x0000000086700000, 0x0000000086800000, 0x0000000086800000|100%| O|  |TAMS 0x0000000086800000, 0x0000000086700000| Untracked 
|  76|0x0000000086800000, 0x0000000086900000, 0x0000000086900000|100%| O|  |TAMS 0x0000000086800000, 0x0000000086800000| Untracked 
|  77|0x0000000086900000, 0x0000000086a00000, 0x0000000086a00000|100%| O|  |TAMS 0x0000000086900000, 0x0000000086900000| Untracked 
|  78|0x0000000086a00000, 0x0000000086b00000, 0x0000000086b00000|100%| O|  |TAMS 0x0000000086a00000, 0x0000000086a00000| Untracked 
|  79|0x0000000086b00000, 0x0000000086c00000, 0x0000000086c00000|100%| O|  |TAMS 0x0000000086b00000, 0x0000000086b00000| Untracked 
|  80|0x0000000086c00000, 0x0000000086d00000, 0x0000000086d00000|100%| O|  |TAMS 0x0000000086c00000, 0x0000000086c00000| Untracked 
|  81|0x0000000086d00000, 0x0000000086d64c00, 0x0000000086e00000| 39%| O|  |TAMS 0x0000000086d00000, 0x0000000086d00000| Untracked 
|  82|0x0000000086e00000, 0x0000000086e00000, 0x0000000086f00000|  0%| F|  |TAMS 0x0000000086e00000, 0x0000000086e00000| Untracked 
|  83|0x0000000086f00000, 0x0000000086f00000, 0x0000000087000000|  0%| F|  |TAMS 0x0000000086f00000, 0x0000000086f00000| Untracked 
|  84|0x0000000087000000, 0x0000000087000000, 0x0000000087100000|  0%| F|  |TAMS 0x0000000087000000, 0x0000000087000000| Untracked 
|  85|0x0000000087100000, 0x0000000087100000, 0x0000000087200000|  0%| F|  |TAMS 0x0000000087100000, 0x0000000087100000| Untracked 
|  86|0x0000000087200000, 0x0000000087200000, 0x0000000087300000|  0%| F|  |TAMS 0x0000000087200000, 0x0000000087200000| Untracked 
|  87|0x0000000087300000, 0x0000000087300000, 0x0000000087400000|  0%| F|  |TAMS 0x0000000087300000, 0x0000000087300000| Untracked 
|  88|0x0000000087400000, 0x0000000087400000, 0x0000000087500000|  0%| F|  |TAMS 0x0000000087400000, 0x0000000087400000| Untracked 
|  89|0x0000000087500000, 0x0000000087500000, 0x0000000087600000|  0%| F|  |TAMS 0x0000000087500000, 0x0000000087500000| Untracked 
|  90|0x0000000087600000, 0x0000000087600000, 0x0000000087700000|  0%| F|  |TAMS 0x0000000087600000, 0x0000000087600000| Untracked 
|  91|0x0000000087700000, 0x0000000087700000, 0x0000000087800000|  0%| F|  |TAMS 0x0000000087700000, 0x0000000087700000| Untracked 
|  92|0x0000000087800000, 0x0000000087800000, 0x0000000087900000|  0%| F|  |TAMS 0x0000000087800000, 0x0000000087800000| Untracked 
|  93|0x0000000087900000, 0x0000000087900000, 0x0000000087a00000|  0%| F|  |TAMS 0x0000000087900000, 0x0000000087900000| Untracked 
|  94|0x0000000087a00000, 0x0000000087a00000, 0x0000000087b00000|  0%| F|  |TAMS 0x0000000087a00000, 0x0000000087a00000| Untracked 
|  95|0x0000000087b00000, 0x0000000087b00000, 0x0000000087c00000|  0%| F|  |TAMS 0x0000000087b00000, 0x0000000087b00000| Untracked 
|  96|0x0000000087c00000, 0x0000000087c00000, 0x0000000087d00000|  0%| F|  |TAMS 0x0000000087c00000, 0x0000000087c00000| Untracked 
|  97|0x0000000087d00000, 0x0000000087d00000, 0x0000000087e00000|  0%| F|  |TAMS 0x0000000087d00000, 0x0000000087d00000| Untracked 
|  98|0x0000000087e00000, 0x0000000087e00000, 0x0000000087f00000|  0%| F|  |TAMS 0x0000000087e00000, 0x0000000087e00000| Untracked 
|  99|0x0000000087f00000, 0x0000000087f00000, 0x0000000088000000|  0%| F|  |TAMS 0x0000000087f00000, 0x0000000087f00000| Untracked 
| 100|0x0000000088000000, 0x0000000088000000, 0x0000000088100000|  0%| F|  |TAMS 0x0000000088000000, 0x0000000088000000| Untracked 
| 101|0x0000000088100000, 0x0000000088100000, 0x0000000088200000|  0%| F|  |TAMS 0x0000000088100000, 0x0000000088100000| Untracked 
| 102|0x0000000088200000, 0x0000000088200000, 0x0000000088300000|  0%| F|  |TAMS 0x0000000088200000, 0x0000000088200000| Untracked 
| 103|0x0000000088300000, 0x0000000088300000, 0x0000000088400000|  0%| F|  |TAMS 0x0000000088300000, 0x0000000088300000| Untracked 
| 104|0x0000000088400000, 0x0000000088400000, 0x0000000088500000|  0%| F|  |TAMS 0x0000000088400000, 0x0000000088400000| Untracked 
| 105|0x0000000088500000, 0x0000000088500000, 0x0000000088600000|  0%| F|  |TAMS 0x0000000088500000, 0x0000000088500000| Untracked 
| 106|0x0000000088600000, 0x0000000088600000, 0x0000000088700000|  0%| F|  |TAMS 0x0000000088600000, 0x0000000088600000| Untracked 
| 107|0x0000000088700000, 0x0000000088700000, 0x0000000088800000|  0%| F|  |TAMS 0x0000000088700000, 0x0000000088700000| Untracked 
| 108|0x0000000088800000, 0x0000000088800000, 0x0000000088900000|  0%| F|  |TAMS 0x0000000088800000, 0x0000000088800000| Untracked 
| 109|0x0000000088900000, 0x0000000088900000, 0x0000000088a00000|  0%| F|  |TAMS 0x0000000088900000, 0x0000000088900000| Untracked 
| 110|0x0000000088a00000, 0x0000000088a00000, 0x0000000088b00000|  0%| F|  |TAMS 0x0000000088a00000, 0x0000000088a00000| Untracked 
| 111|0x0000000088b00000, 0x0000000088b00000, 0x0000000088c00000|  0%| F|  |TAMS 0x0000000088b00000, 0x0000000088b00000| Untracked 
| 112|0x0000000088c00000, 0x0000000088c00000, 0x0000000088d00000|  0%| F|  |TAMS 0x0000000088c00000, 0x0000000088c00000| Untracked 
| 113|0x0000000088d00000, 0x0000000088d00000, 0x0000000088e00000|  0%| F|  |TAMS 0x0000000088d00000, 0x0000000088d00000| Untracked 
| 114|0x0000000088e00000, 0x0000000088e00000, 0x0000000088f00000|  0%| F|  |TAMS 0x0000000088e00000, 0x0000000088e00000| Untracked 
| 115|0x0000000088f00000, 0x0000000088f00000, 0x0000000089000000|  0%| F|  |TAMS 0x0000000088f00000, 0x0000000088f00000| Untracked 
| 116|0x0000000089000000, 0x0000000089000000, 0x0000000089100000|  0%| F|  |TAMS 0x0000000089000000, 0x0000000089000000| Untracked 
| 117|0x0000000089100000, 0x0000000089100000, 0x0000000089200000|  0%| F|  |TAMS 0x0000000089100000, 0x0000000089100000| Untracked 
| 118|0x0000000089200000, 0x0000000089200000, 0x0000000089300000|  0%| F|  |TAMS 0x0000000089200000, 0x0000000089200000| Untracked 
| 119|0x0000000089300000, 0x0000000089300000, 0x0000000089400000|  0%| F|  |TAMS 0x0000000089300000, 0x0000000089300000| Untracked 
| 120|0x0000000089400000, 0x0000000089400000, 0x0000000089500000|  0%| F|  |TAMS 0x0000000089400000, 0x0000000089400000| Untracked 
| 121|0x0000000089500000, 0x0000000089500000, 0x0000000089600000|  0%| F|  |TAMS 0x0000000089500000, 0x0000000089500000| Untracked 
| 122|0x0000000089600000, 0x0000000089600000, 0x0000000089700000|  0%| F|  |TAMS 0x0000000089600000, 0x0000000089600000| Untracked 
| 123|0x0000000089700000, 0x0000000089700000, 0x0000000089800000|  0%| F|  |TAMS 0x0000000089700000, 0x0000000089700000| Untracked 
| 124|0x0000000089800000, 0x0000000089800000, 0x0000000089900000|  0%| F|  |TAMS 0x0000000089800000, 0x0000000089800000| Untracked 
| 125|0x0000000089900000, 0x0000000089900000, 0x0000000089a00000|  0%| F|  |TAMS 0x0000000089900000, 0x0000000089900000| Untracked 
| 126|0x0000000089a00000, 0x0000000089a00000, 0x0000000089b00000|  0%| F|  |TAMS 0x0000000089a00000, 0x0000000089a00000| Untracked 
| 127|0x0000000089b00000, 0x0000000089b00000, 0x0000000089c00000|  0%| F|  |TAMS 0x0000000089b00000, 0x0000000089b00000| Untracked 
| 128|0x0000000089c00000, 0x0000000089c00000, 0x0000000089d00000|  0%| F|  |TAMS 0x0000000089c00000, 0x0000000089c00000| Untracked 
| 129|0x0000000089d00000, 0x0000000089d00000, 0x0000000089e00000|  0%| F|  |TAMS 0x0000000089d00000, 0x0000000089d00000| Untracked 
| 130|0x0000000089e00000, 0x0000000089e00000, 0x0000000089f00000|  0%| F|  |TAMS 0x0000000089e00000, 0x0000000089e00000| Untracked 
| 131|0x0000000089f00000, 0x0000000089f00000, 0x000000008a000000|  0%| F|  |TAMS 0x0000000089f00000, 0x0000000089f00000| Untracked 
| 132|0x000000008a000000, 0x000000008a000000, 0x000000008a100000|  0%| F|  |TAMS 0x000000008a000000, 0x000000008a000000| Untracked 
| 133|0x000000008a100000, 0x000000008a200000, 0x000000008a200000|100%| S|CS|TAMS 0x000000008a100000, 0x000000008a100000| Complete 
| 134|0x000000008a200000, 0x000000008a300000, 0x000000008a300000|100%| S|CS|TAMS 0x000000008a200000, 0x000000008a200000| Complete 
| 135|0x000000008a300000, 0x000000008a300000, 0x000000008a400000|  0%| F|  |TAMS 0x000000008a300000, 0x000000008a300000| Untracked 
| 136|0x000000008a400000, 0x000000008a500000, 0x000000008a500000|100%| S|CS|TAMS 0x000000008a400000, 0x000000008a400000| Complete 
| 137|0x000000008a500000, 0x000000008a600000, 0x000000008a600000|100%| S|CS|TAMS 0x000000008a500000, 0x000000008a500000| Complete 
| 138|0x000000008a600000, 0x000000008a700000, 0x000000008a700000|100%| S|CS|TAMS 0x000000008a600000, 0x000000008a600000| Complete 
| 139|0x000000008a700000, 0x000000008a800000, 0x000000008a800000|100%| S|CS|TAMS 0x000000008a700000, 0x000000008a700000| Complete 
| 140|0x000000008a800000, 0x000000008a900000, 0x000000008a900000|100%| S|CS|TAMS 0x000000008a800000, 0x000000008a800000| Complete 
| 141|0x000000008a900000, 0x000000008aa00000, 0x000000008aa00000|100%| S|CS|TAMS 0x000000008a900000, 0x000000008a900000| Complete 
| 142|0x000000008aa00000, 0x000000008aa00000, 0x000000008ab00000|  0%| F|  |TAMS 0x000000008aa00000, 0x000000008aa00000| Untracked 
| 143|0x000000008ab00000, 0x000000008ab00000, 0x000000008ac00000|  0%| F|  |TAMS 0x000000008ab00000, 0x000000008ab00000| Untracked 
| 144|0x000000008ac00000, 0x000000008ac00000, 0x000000008ad00000|  0%| F|  |TAMS 0x000000008ac00000, 0x000000008ac00000| Untracked 
| 145|0x000000008ad00000, 0x000000008ad00000, 0x000000008ae00000|  0%| F|  |TAMS 0x000000008ad00000, 0x000000008ad00000| Untracked 
| 146|0x000000008ae00000, 0x000000008ae00000, 0x000000008af00000|  0%| F|  |TAMS 0x000000008ae00000, 0x000000008ae00000| Untracked 
| 147|0x000000008af00000, 0x000000008af00000, 0x000000008b000000|  0%| F|  |TAMS 0x000000008af00000, 0x000000008af00000| Untracked 
| 148|0x000000008b000000, 0x000000008b000000, 0x000000008b100000|  0%| F|  |TAMS 0x000000008b000000, 0x000000008b000000| Untracked 
| 149|0x000000008b100000, 0x000000008b100000, 0x000000008b200000|  0%| F|  |TAMS 0x000000008b100000, 0x000000008b100000| Untracked 
| 150|0x000000008b200000, 0x000000008b200000, 0x000000008b300000|  0%| F|  |TAMS 0x000000008b200000, 0x000000008b200000| Untracked 
| 151|0x000000008b300000, 0x000000008b300000, 0x000000008b400000|  0%| F|  |TAMS 0x000000008b300000, 0x000000008b300000| Untracked 
| 152|0x000000008b400000, 0x000000008b400000, 0x000000008b500000|  0%| F|  |TAMS 0x000000008b400000, 0x000000008b400000| Untracked 
| 153|0x000000008b500000, 0x000000008b500000, 0x000000008b600000|  0%| F|  |TAMS 0x000000008b500000, 0x000000008b500000| Untracked 
| 154|0x000000008b600000, 0x000000008b600000, 0x000000008b700000|  0%| F|  |TAMS 0x000000008b600000, 0x000000008b600000| Untracked 
| 155|0x000000008b700000, 0x000000008b780800, 0x000000008b800000| 50%| E|  |TAMS 0x000000008b700000, 0x000000008b700000| Complete 
| 156|0x000000008b800000, 0x000000008b900000, 0x000000008b900000|100%| E|CS|TAMS 0x000000008b800000, 0x000000008b800000| Complete 
| 157|0x000000008b900000, 0x000000008ba00000, 0x000000008ba00000|100%| E|CS|TAMS 0x000000008b900000, 0x000000008b900000| Complete 
| 158|0x000000008ba00000, 0x000000008bb00000, 0x000000008bb00000|100%| E|CS|TAMS 0x000000008ba00000, 0x000000008ba00000| Complete 
| 159|0x000000008bb00000, 0x000000008bc00000, 0x000000008bc00000|100%| E|CS|TAMS 0x000000008bb00000, 0x000000008bb00000| Complete 
| 160|0x000000008bc00000, 0x000000008bd00000, 0x000000008bd00000|100%| E|CS|TAMS 0x000000008bc00000, 0x000000008bc00000| Complete 
| 161|0x000000008bd00000, 0x000000008be00000, 0x000000008be00000|100%| E|CS|TAMS 0x000000008bd00000, 0x000000008bd00000| Complete 
| 162|0x000000008be00000, 0x000000008bf00000, 0x000000008bf00000|100%| E|CS|TAMS 0x000000008be00000, 0x000000008be00000| Complete 
| 163|0x000000008bf00000, 0x000000008c000000, 0x000000008c000000|100%| E|CS|TAMS 0x000000008bf00000, 0x000000008bf00000| Complete 
| 164|0x000000008c000000, 0x000000008c100000, 0x000000008c100000|100%| E|CS|TAMS 0x000000008c000000, 0x000000008c000000| Complete 
| 165|0x000000008c100000, 0x000000008c200000, 0x000000008c200000|100%| E|CS|TAMS 0x000000008c100000, 0x000000008c100000| Complete 
| 166|0x000000008c200000, 0x000000008c300000, 0x000000008c300000|100%| E|CS|TAMS 0x000000008c200000, 0x000000008c200000| Complete 
| 167|0x000000008c300000, 0x000000008c400000, 0x000000008c400000|100%| E|CS|TAMS 0x000000008c300000, 0x000000008c300000| Complete 
| 168|0x000000008c400000, 0x000000008c500000, 0x000000008c500000|100%| E|CS|TAMS 0x000000008c400000, 0x000000008c400000| Complete 
| 169|0x000000008c500000, 0x000000008c600000, 0x000000008c600000|100%| E|CS|TAMS 0x000000008c500000, 0x000000008c500000| Complete 
| 170|0x000000008c600000, 0x000000008c700000, 0x000000008c700000|100%| E|CS|TAMS 0x000000008c600000, 0x000000008c600000| Complete 
| 171|0x000000008c700000, 0x000000008c800000, 0x000000008c800000|100%| E|CS|TAMS 0x000000008c700000, 0x000000008c700000| Complete 
| 172|0x000000008c800000, 0x000000008c900000, 0x000000008c900000|100%| E|CS|TAMS 0x000000008c800000, 0x000000008c800000| Complete 
| 173|0x000000008c900000, 0x000000008ca00000, 0x000000008ca00000|100%| E|CS|TAMS 0x000000008c900000, 0x000000008c900000| Complete 
| 174|0x000000008ca00000, 0x000000008cb00000, 0x000000008cb00000|100%| E|CS|TAMS 0x000000008ca00000, 0x000000008ca00000| Complete 
| 175|0x000000008cb00000, 0x000000008cc00000, 0x000000008cc00000|100%| E|CS|TAMS 0x000000008cb00000, 0x000000008cb00000| Complete 
| 176|0x000000008cc00000, 0x000000008cd00000, 0x000000008cd00000|100%| E|CS|TAMS 0x000000008cc00000, 0x000000008cc00000| Complete 
| 177|0x000000008cd00000, 0x000000008ce00000, 0x000000008ce00000|100%| E|CS|TAMS 0x000000008cd00000, 0x000000008cd00000| Complete 
| 178|0x000000008ce00000, 0x000000008cf00000, 0x000000008cf00000|100%| E|CS|TAMS 0x000000008ce00000, 0x000000008ce00000| Complete 
| 179|0x000000008cf00000, 0x000000008d000000, 0x000000008d000000|100%| E|CS|TAMS 0x000000008cf00000, 0x000000008cf00000| Complete 
| 180|0x000000008d000000, 0x000000008d100000, 0x000000008d100000|100%| E|CS|TAMS 0x000000008d000000, 0x000000008d000000| Complete 
| 181|0x000000008d100000, 0x000000008d200000, 0x000000008d200000|100%| E|CS|TAMS 0x000000008d100000, 0x000000008d100000| Complete 
| 182|0x000000008d200000, 0x000000008d300000, 0x000000008d300000|100%| E|CS|TAMS 0x000000008d200000, 0x000000008d200000| Complete 
| 183|0x000000008d300000, 0x000000008d400000, 0x000000008d400000|100%| E|CS|TAMS 0x000000008d300000, 0x000000008d300000| Complete 
| 184|0x000000008d400000, 0x000000008d500000, 0x000000008d500000|100%| E|CS|TAMS 0x000000008d400000, 0x000000008d400000| Complete 
| 185|0x000000008d500000, 0x000000008d600000, 0x000000008d600000|100%| E|CS|TAMS 0x000000008d500000, 0x000000008d500000| Complete 
| 186|0x000000008d600000, 0x000000008d700000, 0x000000008d700000|100%| E|CS|TAMS 0x000000008d600000, 0x000000008d600000| Complete 
| 187|0x000000008d700000, 0x000000008d800000, 0x000000008d800000|100%| E|CS|TAMS 0x000000008d700000, 0x000000008d700000| Complete 
| 188|0x000000008d800000, 0x000000008d900000, 0x000000008d900000|100%| E|CS|TAMS 0x000000008d800000, 0x000000008d800000| Complete 
| 189|0x000000008d900000, 0x000000008da00000, 0x000000008da00000|100%| E|CS|TAMS 0x000000008d900000, 0x000000008d900000| Complete 
| 190|0x000000008da00000, 0x000000008db00000, 0x000000008db00000|100%| E|CS|TAMS 0x000000008da00000, 0x000000008da00000| Complete 
| 191|0x000000008db00000, 0x000000008dc00000, 0x000000008dc00000|100%| E|CS|TAMS 0x000000008db00000, 0x000000008db00000| Complete 
| 192|0x000000008dc00000, 0x000000008dd00000, 0x000000008dd00000|100%| E|CS|TAMS 0x000000008dc00000, 0x000000008dc00000| Complete 
| 193|0x000000008dd00000, 0x000000008de00000, 0x000000008de00000|100%| E|CS|TAMS 0x000000008dd00000, 0x000000008dd00000| Complete 
| 194|0x000000008de00000, 0x000000008df00000, 0x000000008df00000|100%| E|CS|TAMS 0x000000008de00000, 0x000000008de00000| Complete 
| 195|0x000000008df00000, 0x000000008e000000, 0x000000008e000000|100%| E|CS|TAMS 0x000000008df00000, 0x000000008df00000| Complete 
| 196|0x000000008e000000, 0x000000008e100000, 0x000000008e100000|100%| E|CS|TAMS 0x000000008e000000, 0x000000008e000000| Complete 
| 197|0x000000008e100000, 0x000000008e200000, 0x000000008e200000|100%| E|CS|TAMS 0x000000008e100000, 0x000000008e100000| Complete 
| 198|0x000000008e200000, 0x000000008e300000, 0x000000008e300000|100%| E|CS|TAMS 0x000000008e200000, 0x000000008e200000| Complete 
| 199|0x000000008e300000, 0x000000008e400000, 0x000000008e400000|100%| E|CS|TAMS 0x000000008e300000, 0x000000008e300000| Complete 
| 200|0x000000008e400000, 0x000000008e500000, 0x000000008e500000|100%| E|CS|TAMS 0x000000008e400000, 0x000000008e400000| Complete 
| 201|0x000000008e500000, 0x000000008e600000, 0x000000008e600000|100%| E|CS|TAMS 0x000000008e500000, 0x000000008e500000| Complete 
| 202|0x000000008e600000, 0x000000008e700000, 0x000000008e700000|100%| E|CS|TAMS 0x000000008e600000, 0x000000008e600000| Complete 
| 203|0x000000008e700000, 0x000000008e800000, 0x000000008e800000|100%| E|CS|TAMS 0x000000008e700000, 0x000000008e700000| Complete 
| 204|0x000000008e800000, 0x000000008e900000, 0x000000008e900000|100%| E|CS|TAMS 0x000000008e800000, 0x000000008e800000| Complete 
| 205|0x000000008e900000, 0x000000008ea00000, 0x000000008ea00000|100%| E|CS|TAMS 0x000000008e900000, 0x000000008e900000| Complete 
| 206|0x000000008ea00000, 0x000000008eb00000, 0x000000008eb00000|100%| E|CS|TAMS 0x000000008ea00000, 0x000000008ea00000| Complete 
| 207|0x000000008eb00000, 0x000000008ec00000, 0x000000008ec00000|100%| E|CS|TAMS 0x000000008eb00000, 0x000000008eb00000| Complete 
| 208|0x000000008ec00000, 0x000000008ed00000, 0x000000008ed00000|100%| E|CS|TAMS 0x000000008ec00000, 0x000000008ec00000| Complete 
| 209|0x000000008ed00000, 0x000000008ee00000, 0x000000008ee00000|100%| E|CS|TAMS 0x000000008ed00000, 0x000000008ed00000| Complete 
| 210|0x000000008ee00000, 0x000000008ef00000, 0x000000008ef00000|100%| E|CS|TAMS 0x000000008ee00000, 0x000000008ee00000| Complete 
| 211|0x000000008ef00000, 0x000000008f000000, 0x000000008f000000|100%| E|CS|TAMS 0x000000008ef00000, 0x000000008ef00000| Complete 
| 212|0x000000008f000000, 0x000000008f100000, 0x000000008f100000|100%| E|CS|TAMS 0x000000008f000000, 0x000000008f000000| Complete 
| 213|0x000000008f100000, 0x000000008f200000, 0x000000008f200000|100%| E|CS|TAMS 0x000000008f100000, 0x000000008f100000| Complete 
| 214|0x000000008f200000, 0x000000008f300000, 0x000000008f300000|100%| E|CS|TAMS 0x000000008f200000, 0x000000008f200000| Complete 
| 215|0x000000008f300000, 0x000000008f400000, 0x000000008f400000|100%| E|CS|TAMS 0x000000008f300000, 0x000000008f300000| Complete 
| 216|0x000000008f400000, 0x000000008f500000, 0x000000008f500000|100%| E|CS|TAMS 0x000000008f400000, 0x000000008f400000| Complete 
| 217|0x000000008f500000, 0x000000008f600000, 0x000000008f600000|100%| E|CS|TAMS 0x000000008f500000, 0x000000008f500000| Complete 
| 218|0x000000008f600000, 0x000000008f700000, 0x000000008f700000|100%| E|CS|TAMS 0x000000008f600000, 0x000000008f600000| Complete 
| 219|0x000000008f700000, 0x000000008f800000, 0x000000008f800000|100%| E|CS|TAMS 0x000000008f700000, 0x000000008f700000| Complete 
| 220|0x000000008f800000, 0x000000008f900000, 0x000000008f900000|100%| E|CS|TAMS 0x000000008f800000, 0x000000008f800000| Complete 
| 221|0x000000008f900000, 0x000000008fa00000, 0x000000008fa00000|100%| E|CS|TAMS 0x000000008f900000, 0x000000008f900000| Complete 
| 222|0x000000008fa00000, 0x000000008fb00000, 0x000000008fb00000|100%| E|CS|TAMS 0x000000008fa00000, 0x000000008fa00000| Complete 
| 223|0x000000008fb00000, 0x000000008fc00000, 0x000000008fc00000|100%| E|CS|TAMS 0x000000008fb00000, 0x000000008fb00000| Complete 
| 224|0x000000008fc00000, 0x000000008fd00000, 0x000000008fd00000|100%| E|CS|TAMS 0x000000008fc00000, 0x000000008fc00000| Complete 
| 225|0x000000008fd00000, 0x000000008fe00000, 0x000000008fe00000|100%| E|CS|TAMS 0x000000008fd00000, 0x000000008fd00000| Complete 
| 226|0x000000008fe00000, 0x000000008ff00000, 0x000000008ff00000|100%| E|CS|TAMS 0x000000008fe00000, 0x000000008fe00000| Complete 
| 227|0x000000008ff00000, 0x0000000090000000, 0x0000000090000000|100%| E|CS|TAMS 0x000000008ff00000, 0x000000008ff00000| Complete 
| 228|0x0000000090000000, 0x0000000090100000, 0x0000000090100000|100%| E|CS|TAMS 0x0000000090000000, 0x0000000090000000| Complete 
| 229|0x0000000090100000, 0x0000000090200000, 0x0000000090200000|100%| E|CS|TAMS 0x0000000090100000, 0x0000000090100000| Complete 
| 230|0x0000000090200000, 0x0000000090300000, 0x0000000090300000|100%| E|CS|TAMS 0x0000000090200000, 0x0000000090200000| Complete 
| 231|0x0000000090300000, 0x0000000090400000, 0x0000000090400000|100%| E|CS|TAMS 0x0000000090300000, 0x0000000090300000| Complete 
| 232|0x0000000090400000, 0x0000000090500000, 0x0000000090500000|100%| E|CS|TAMS 0x0000000090400000, 0x0000000090400000| Complete 
| 233|0x0000000090500000, 0x0000000090600000, 0x0000000090600000|100%| E|CS|TAMS 0x0000000090500000, 0x0000000090500000| Complete 
| 234|0x0000000090600000, 0x0000000090700000, 0x0000000090700000|100%| E|CS|TAMS 0x0000000090600000, 0x0000000090600000| Complete 
| 235|0x0000000090700000, 0x0000000090800000, 0x0000000090800000|100%| E|CS|TAMS 0x0000000090700000, 0x0000000090700000| Complete 
| 236|0x0000000090800000, 0x0000000090900000, 0x0000000090900000|100%| E|CS|TAMS 0x0000000090800000, 0x0000000090800000| Complete 
| 237|0x0000000090900000, 0x0000000090a00000, 0x0000000090a00000|100%| E|CS|TAMS 0x0000000090900000, 0x0000000090900000| Complete 
| 238|0x0000000090a00000, 0x0000000090b00000, 0x0000000090b00000|100%| E|CS|TAMS 0x0000000090a00000, 0x0000000090a00000| Complete 
| 239|0x0000000090b00000, 0x0000000090c00000, 0x0000000090c00000|100%| E|CS|TAMS 0x0000000090b00000, 0x0000000090b00000| Complete 
| 240|0x0000000090c00000, 0x0000000090d00000, 0x0000000090d00000|100%| E|CS|TAMS 0x0000000090c00000, 0x0000000090c00000| Complete 
| 241|0x0000000090d00000, 0x0000000090e00000, 0x0000000090e00000|100%| E|CS|TAMS 0x0000000090d00000, 0x0000000090d00000| Complete 
| 242|0x0000000090e00000, 0x0000000090f00000, 0x0000000090f00000|100%| E|CS|TAMS 0x0000000090e00000, 0x0000000090e00000| Complete 
| 243|0x0000000090f00000, 0x0000000091000000, 0x0000000091000000|100%| E|CS|TAMS 0x0000000090f00000, 0x0000000090f00000| Complete 
| 244|0x0000000091000000, 0x0000000091100000, 0x0000000091100000|100%| E|CS|TAMS 0x0000000091000000, 0x0000000091000000| Complete 
| 245|0x0000000091100000, 0x0000000091200000, 0x0000000091200000|100%| E|CS|TAMS 0x0000000091100000, 0x0000000091100000| Complete 
| 246|0x0000000091200000, 0x0000000091300000, 0x0000000091300000|100%| E|CS|TAMS 0x0000000091200000, 0x0000000091200000| Complete 
| 247|0x0000000091300000, 0x0000000091400000, 0x0000000091400000|100%| E|CS|TAMS 0x0000000091300000, 0x0000000091300000| Complete 
| 248|0x0000000091400000, 0x0000000091500000, 0x0000000091500000|100%| E|CS|TAMS 0x0000000091400000, 0x0000000091400000| Complete 
| 249|0x0000000091500000, 0x0000000091600000, 0x0000000091600000|100%| E|CS|TAMS 0x0000000091500000, 0x0000000091500000| Complete 
| 250|0x0000000091600000, 0x0000000091700000, 0x0000000091700000|100%| E|CS|TAMS 0x0000000091600000, 0x0000000091600000| Complete 
| 251|0x0000000091700000, 0x0000000091800000, 0x0000000091800000|100%| E|CS|TAMS 0x0000000091700000, 0x0000000091700000| Complete 
| 252|0x0000000091800000, 0x0000000091900000, 0x0000000091900000|100%| E|CS|TAMS 0x0000000091800000, 0x0000000091800000| Complete 
| 253|0x0000000091900000, 0x0000000091a00000, 0x0000000091a00000|100%| E|CS|TAMS 0x0000000091900000, 0x0000000091900000| Complete 
| 254|0x0000000091a00000, 0x0000000091b00000, 0x0000000091b00000|100%| E|CS|TAMS 0x0000000091a00000, 0x0000000091a00000| Complete 

Card table byte_map: [0x00000260fcdb0000,0x00000260fd1b0000] _byte_map_base: 0x00000260fc9a2000

Marking Bits (Prev, Next): (CMBitMap*) 0x00000260e873c630, (CMBitMap*) 0x00000260e873c670
 Prev Bits: [0x00000260fd5b0000, 0x00000260ff540000)
 Next Bits: [0x0000026080000000, 0x0000026081f90000)

Polling page: 0x00000260e87b0000

Metaspace:

Usage:
  Non-class:     56.56 MB used.
      Class:      6.97 MB used.
       Both:     63.54 MB used.

Virtual space:
  Non-class space:       64.00 MB reserved,      56.75 MB ( 89%) committed,  8 nodes.
      Class space:        1.00 GB reserved,       7.12 MB ( <1%) committed,  1 nodes.
             Both:        1.06 GB reserved,      63.88 MB (  6%) committed. 

Chunk freelists:
   Non-Class:  2.55 MB
       Class:  867.00 KB
        Both:  3.39 MB

MaxMetaspaceSize: unlimited
CompressedClassSpaceSize: 1.00 GB
Initial GC threshold: 21.00 MB
Current GC threshold: 102.75 MB
CDS: off
MetaspaceReclaimPolicy: balanced
 - commit_granule_bytes: 65536.
 - commit_granule_words: 8192.
 - virtual_space_node_default_size: 1048576.
 - enlarge_chunks_in_place: 1.
 - new_chunks_are_fully_committed: 0.
 - uncommit_free_chunks: 1.
 - use_allocation_guard: 0.
 - handle_deallocations: 1.


Internal statistics:

num_allocs_failed_limit: 9.
num_arena_births: 334.
num_arena_deaths: 0.
num_vsnodes_births: 9.
num_vsnodes_deaths: 0.
num_space_committed: 1020.
num_space_uncommitted: 0.
num_chunks_returned_to_freelist: 9.
num_chunks_taken_from_freelist: 2467.
num_chunk_merges: 6.
num_chunk_splits: 1863.
num_chunks_enlarged: 1568.
num_purges: 0.
num_inconsistent_stats: 0.

CodeHeap 'non-profiled nmethods': size=120000Kb used=6657Kb max_used=6657Kb free=113342Kb
 bounds [0x00000260f4e60000, 0x00000260f54f0000, 0x00000260fc390000]
CodeHeap 'profiled nmethods': size=120000Kb used=31558Kb max_used=31558Kb free=88441Kb
 bounds [0x00000260ed390000, 0x00000260ef270000, 0x00000260f48c0000]
CodeHeap 'non-nmethods': size=5760Kb used=1312Kb max_used=1421Kb free=4448Kb
 bounds [0x00000260f48c0000, 0x00000260f4b30000, 0x00000260f4e60000]
 total_blobs=11372 nmethods=10744 adapters=536
 compilation: enabled
              stopped_count=0, restarted_count=0
 full_count=0

Compilation events (20 events):
Event: 36.245 Thread 0x0000026084925190 13189       2       org.jetbrains.kotlin.com.intellij.openapi.util.RecursionManager::access$900 (4 bytes)
Event: 36.245 Thread 0x0000026084925190 nmethod 13189 0x00000260ee3e0390 code [0x00000260ee3e0520, 0x00000260ee3e0618]
Event: 36.245 Thread 0x0000026084925190 13190       2       org.jetbrains.kotlin.com.intellij.psi.util.CachedValueProfiler::canProfile (9 bytes)
Event: 36.245 Thread 0x0000026084925190 nmethod 13190 0x00000260ef255c90 code [0x00000260ef255e20, 0x00000260ef255f58]
Event: 36.246 Thread 0x0000026084925190 13191       1       org.jetbrains.kotlin.com.intellij.openapi.util.ModificationTracker::lambda$static$0 (2 bytes)
Event: 36.246 Thread 0x0000026084925190 nmethod 13191 0x00000260f54e0190 code [0x00000260f54e0320, 0x00000260f54e03d8]
Event: 36.272 Thread 0x0000026084925190 13193       2       org.jetbrains.kotlin.types.expressions.BasicExpressionTypingVisitor$1StringTemplateVisitor::<init> (26 bytes)
Event: 36.274 Thread 0x0000026084925190 nmethod 13193 0x00000260ef256090 code [0x00000260ef2562e0, 0x00000260ef256898]
Event: 36.278 Thread 0x0000026084925190 13194       2       org.jetbrains.kotlin.descriptors.annotations.CompositeAnnotations::<init> (15 bytes)
Event: 36.279 Thread 0x0000026084925190 nmethod 13194 0x00000260ef256c10 code [0x00000260ef256e40, 0x00000260ef257308]
Event: 36.280 Thread 0x0000026084925190 13195       2       org.jetbrains.kotlin.resolve.VariableTypeAndInitializerResolver::resolveTypeNullable (202 bytes)
Event: 36.284 Thread 0x0000026084925190 nmethod 13195 0x00000260ef257610 code [0x00000260ef257aa0, 0x00000260ef258e08]
Event: 36.286 Thread 0x0000026084925190 13196       2       org.jetbrains.kotlin.resolve.VariableTypeAndInitializerResolver::setConstantForVariableIfNeeded (92 bytes)
Event: 36.289 Thread 0x0000026084925190 nmethod 13196 0x00000260ef259a10 code [0x00000260ef259dc0, 0x00000260ef25ab78]
Event: 36.289 Thread 0x0000026084925190 13197       2       org.jetbrains.kotlin.psi.KtProperty::getContextReceivers (40 bytes)
Event: 36.290 Thread 0x0000026084925190 nmethod 13197 0x00000260ef25b490 code [0x00000260ef25b660, 0x00000260ef25b898]
Event: 36.300 Thread 0x0000026084925190 13199       2       org.jetbrains.kotlin.types.checker.ClassicTypeSystemContext$DefaultImpls::getCustomAttributes (167 bytes)
Event: 36.304 Thread 0x0000026084925190 nmethod 13199 0x00000260ef25ba10 code [0x00000260ef25bd00, 0x00000260ef25c788]
Event: 36.304 Thread 0x0000026084925190 13198       2       org.jetbrains.kotlin.resolve.calls.components.ClassicTypeSystemContextForCS::getCustomAttributes (6 bytes)
Event: 36.304 Thread 0x0000026084925190 nmethod 13198 0x00000260ef25ce90 code [0x00000260ef25d020, 0x00000260ef25d148]

GC Heap History (20 events):
Event: 12.774 GC heap before
{Heap before GC invocations=17 (full 0):
 garbage-first heap   total 107520K, used 82944K [0x0000000081c00000, 0x0000000100000000)
  region size 1024K, 36 young (36864K), 5 survivors (5120K)
 Metaspace       used 55598K, committed 55872K, reserved 1105920K
  class space    used 6472K, committed 6592K, reserved 1048576K
}
Event: 12.807 GC heap after
{Heap after GC invocations=18 (full 0):
 garbage-first heap   total 107520K, used 56803K [0x0000000081c00000, 0x0000000100000000)
  region size 1024K, 5 young (5120K), 5 survivors (5120K)
 Metaspace       used 55598K, committed 55872K, reserved 1105920K
  class space    used 6472K, committed 6592K, reserved 1048576K
}
Event: 14.816 GC heap before
{Heap before GC invocations=18 (full 0):
 garbage-first heap   total 107520K, used 83427K [0x0000000081c00000, 0x0000000100000000)
  region size 1024K, 31 young (31744K), 5 survivors (5120K)
 Metaspace       used 57212K, committed 57472K, reserved 1105920K
  class space    used 6579K, committed 6720K, reserved 1048576K
}
Event: 14.856 GC heap after
{Heap after GC invocations=19 (full 0):
 garbage-first heap   total 129024K, used 62345K [0x0000000081c00000, 0x0000000100000000)
  region size 1024K, 4 young (4096K), 4 survivors (4096K)
 Metaspace       used 57212K, committed 57472K, reserved 1105920K
  class space    used 6579K, committed 6720K, reserved 1048576K
}
Event: 16.435 GC heap before
{Heap before GC invocations=20 (full 0):
 garbage-first heap   total 129024K, used 98185K [0x0000000081c00000, 0x0000000100000000)
  region size 1024K, 39 young (39936K), 4 survivors (4096K)
 Metaspace       used 58264K, committed 58624K, reserved 1105920K
  class space    used 6680K, committed 6848K, reserved 1048576K
}
Event: 16.457 GC heap after
{Heap after GC invocations=21 (full 0):
 garbage-first heap   total 129024K, used 68341K [0x0000000081c00000, 0x0000000100000000)
  region size 1024K, 5 young (5120K), 5 survivors (5120K)
 Metaspace       used 58264K, committed 58624K, reserved 1105920K
  class space    used 6680K, committed 6848K, reserved 1048576K
}
Event: 18.086 GC heap before
{Heap before GC invocations=21 (full 0):
 garbage-first heap   total 129024K, used 100085K [0x0000000081c00000, 0x0000000100000000)
  region size 1024K, 36 young (36864K), 5 survivors (5120K)
 Metaspace       used 60434K, committed 60736K, reserved 1105920K
  class space    used 6902K, committed 7040K, reserved 1048576K
}
Event: 18.107 GC heap after
{Heap after GC invocations=22 (full 0):
 garbage-first heap   total 129024K, used 73590K [0x0000000081c00000, 0x0000000100000000)
  region size 1024K, 5 young (5120K), 5 survivors (5120K)
 Metaspace       used 60434K, committed 60736K, reserved 1105920K
  class space    used 6902K, committed 7040K, reserved 1048576K
}
Event: 20.288 GC heap before
{Heap before GC invocations=23 (full 0):
 garbage-first heap   total 129024K, used 102262K [0x0000000081c00000, 0x0000000100000000)
  region size 1024K, 33 young (33792K), 5 survivors (5120K)
 Metaspace       used 62277K, committed 62592K, reserved 1105920K
  class space    used 7007K, committed 7168K, reserved 1048576K
}
Event: 20.308 GC heap after
{Heap after GC invocations=24 (full 0):
 garbage-first heap   total 129024K, used 77423K [0x0000000081c00000, 0x0000000100000000)
  region size 1024K, 5 young (5120K), 5 survivors (5120K)
 Metaspace       used 62277K, committed 62592K, reserved 1105920K
  class space    used 7007K, committed 7168K, reserved 1048576K
}
Event: 20.346 GC heap before
{Heap before GC invocations=24 (full 0):
 garbage-first heap   total 129024K, used 78447K [0x0000000081c00000, 0x0000000100000000)
  region size 1024K, 6 young (6144K), 5 survivors (5120K)
 Metaspace       used 62289K, committed 62592K, reserved 1105920K
  class space    used 7007K, committed 7168K, reserved 1048576K
}
Event: 20.360 GC heap after
{Heap after GC invocations=25 (full 0):
 garbage-first heap   total 129024K, used 77563K [0x0000000081c00000, 0x0000000100000000)
  region size 1024K, 1 young (1024K), 1 survivors (1024K)
 Metaspace       used 62289K, committed 62592K, reserved 1105920K
  class space    used 7007K, committed 7168K, reserved 1048576K
}
Event: 21.620 GC heap before
{Heap before GC invocations=25 (full 0):
 garbage-first heap   total 129024K, used 104187K [0x0000000081c00000, 0x0000000100000000)
  region size 1024K, 27 young (27648K), 1 survivors (1024K)
 Metaspace       used 62761K, committed 63040K, reserved 1105920K
  class space    used 7033K, committed 7168K, reserved 1048576K
}
Event: 21.631 GC heap after
{Heap after GC invocations=26 (full 0):
 garbage-first heap   total 129024K, used 80624K [0x0000000081c00000, 0x0000000100000000)
  region size 1024K, 4 young (4096K), 4 survivors (4096K)
 Metaspace       used 62761K, committed 63040K, reserved 1105920K
  class space    used 7033K, committed 7168K, reserved 1048576K
}
Event: 23.391 GC heap before
{Heap before GC invocations=27 (full 0):
 garbage-first heap   total 142336K, used 105200K [0x0000000081c00000, 0x0000000100000000)
  region size 1024K, 28 young (28672K), 4 survivors (4096K)
 Metaspace       used 63362K, committed 63680K, reserved 1105920K
  class space    used 7067K, committed 7232K, reserved 1048576K
}
Event: 23.408 GC heap after
{Heap after GC invocations=28 (full 0):
 garbage-first heap   total 142336K, used 83041K [0x0000000081c00000, 0x0000000100000000)
  region size 1024K, 3 young (3072K), 3 survivors (3072K)
 Metaspace       used 63362K, committed 63680K, reserved 1105920K
  class space    used 7067K, committed 7232K, reserved 1048576K
}
Event: 23.668 GC heap before
{Heap before GC invocations=28 (full 0):
 garbage-first heap   total 142336K, used 86113K [0x0000000081c00000, 0x0000000100000000)
  region size 1024K, 6 young (6144K), 3 survivors (3072K)
 Metaspace       used 63510K, committed 63808K, reserved 1114112K
  class space    used 7081K, committed 7232K, reserved 1048576K
}
Event: 23.683 GC heap after
{Heap after GC invocations=29 (full 0):
 garbage-first heap   total 261120K, used 82970K [0x0000000081c00000, 0x0000000100000000)
  region size 1024K, 1 young (1024K), 1 survivors (1024K)
 Metaspace       used 63510K, committed 63808K, reserved 1114112K
  class space    used 7081K, committed 7232K, reserved 1048576K
}
Event: 31.029 GC heap before
{Heap before GC invocations=29 (full 0):
 garbage-first heap   total 261120K, used 198682K [0x0000000081c00000, 0x0000000100000000)
  region size 1024K, 114 young (116736K), 1 survivors (1024K)
 Metaspace       used 64635K, committed 65024K, reserved 1114112K
  class space    used 7126K, committed 7296K, reserved 1048576K
}
Event: 31.049 GC heap after
{Heap after GC invocations=30 (full 0):
 garbage-first heap   total 261120K, used 90515K [0x0000000081c00000, 0x0000000100000000)
  region size 1024K, 8 young (8192K), 8 survivors (8192K)
 Metaspace       used 64635K, committed 65024K, reserved 1114112K
  class space    used 7126K, committed 7296K, reserved 1048576K
}

Dll operation events (2 events):
Event: 0.012 Loaded shared library C:\Program Files\Android\Android Studio\jbr\bin\java.dll
Event: 2.264 Loaded shared library C:\Program Files\Android\Android Studio\jbr\bin\verify.dll

Deoptimization events (20 events):
Event: 34.417 Thread 0x00000260e86e5410 Uncommon trap: trap_request=0xffffffde fr.pc=0x00000260f4eabf10 relative=0x00000000000010f0
Event: 34.417 Thread 0x00000260e86e5410 Uncommon trap: reason=class_check action=maybe_recompile pc=0x00000260f4eabf10 method=java.util.concurrent.ConcurrentHashMap.putVal(Ljava/lang/Object;Ljava/lang/Object;Z)Ljava/lang/Object; @ 242 c2
Event: 34.417 Thread 0x00000260e86e5410 DEOPT PACKING pc=0x00000260f4eabf10 sp=0x000000ce4d4f92d0
Event: 34.417 Thread 0x00000260e86e5410 DEOPT UNPACKING pc=0x00000260f49169a3 sp=0x000000ce4d4f9240 mode 2
Event: 34.417 Thread 0x00000260e86e5410 Uncommon trap: trap_request=0xffffffde fr.pc=0x00000260f4eabf10 relative=0x00000000000010f0
Event: 34.417 Thread 0x00000260e86e5410 Uncommon trap: reason=class_check action=maybe_recompile pc=0x00000260f4eabf10 method=java.util.concurrent.ConcurrentHashMap.putVal(Ljava/lang/Object;Ljava/lang/Object;Z)Ljava/lang/Object; @ 242 c2
Event: 34.417 Thread 0x00000260e86e5410 DEOPT PACKING pc=0x00000260f4eabf10 sp=0x000000ce4d4f91e0
Event: 34.417 Thread 0x00000260e86e5410 DEOPT UNPACKING pc=0x00000260f49169a3 sp=0x000000ce4d4f9150 mode 2
Event: 34.417 Thread 0x00000260e86e5410 Uncommon trap: trap_request=0xffffffde fr.pc=0x00000260f4eabf10 relative=0x00000000000010f0
Event: 34.417 Thread 0x00000260e86e5410 Uncommon trap: reason=class_check action=maybe_recompile pc=0x00000260f4eabf10 method=java.util.concurrent.ConcurrentHashMap.putVal(Ljava/lang/Object;Ljava/lang/Object;Z)Ljava/lang/Object; @ 242 c2
Event: 34.417 Thread 0x00000260e86e5410 DEOPT PACKING pc=0x00000260f4eabf10 sp=0x000000ce4d4f91e0
Event: 34.417 Thread 0x00000260e86e5410 DEOPT UNPACKING pc=0x00000260f49169a3 sp=0x000000ce4d4f9150 mode 2
Event: 35.457 Thread 0x00000260e86e5410 DEOPT PACKING pc=0x00000260eda877c9 sp=0x000000ce4d4ecea0
Event: 35.457 Thread 0x00000260e86e5410 DEOPT UNPACKING pc=0x00000260f4917143 sp=0x000000ce4d4ec3a0 mode 0
Event: 35.492 Thread 0x00000260e86e5410 Uncommon trap: trap_request=0xffffff45 fr.pc=0x00000260f515f310 relative=0x0000000000001030
Event: 35.492 Thread 0x00000260e86e5410 Uncommon trap: reason=unstable_if action=reinterpret pc=0x00000260f515f310 method=org.jetbrains.kotlin.util.slicedMap.SlicedMapImpl.put(Lorg/jetbrains/kotlin/util/slicedMap/WritableSlice;Ljava/lang/Object;Ljava/lang/Object;)V @ 134 c2
Event: 35.492 Thread 0x00000260e86e5410 DEOPT PACKING pc=0x00000260f515f310 sp=0x000000ce4d4f6910
Event: 35.492 Thread 0x00000260e86e5410 DEOPT UNPACKING pc=0x00000260f49169a3 sp=0x000000ce4d4f68e0 mode 2
Event: 35.516 Thread 0x00000260e86e5410 DEOPT PACKING pc=0x00000260edaacedc sp=0x000000ce4d4f5fa0
Event: 35.516 Thread 0x00000260e86e5410 DEOPT UNPACKING pc=0x00000260f4917143 sp=0x000000ce4d4f54a8 mode 0

Classes unloaded (0 events):
No events

Classes redefined (0 events):
No events

Internal exceptions (20 events):
Event: 13.294 Thread 0x00000260e86e5410 Implicit null exception at 0x00000260f4eae36f to 0x00000260f4eae554
Event: 13.987 Thread 0x00000260e86e5410 Exception <a 'java/lang/NoSuchMethodError'{0x00000000875f8468}: 'java.lang.Object java.lang.invoke.DirectMethodHandle$Holder.invokeStaticInit(java.lang.Object, java.lang.Object, java.lang.Object)'> (0x00000000875f8468) 
thrown [s\src\hotspot\share\interpreter\linkResolver.cpp, line 771]
Event: 15.714 Thread 0x00000260e86e5410 Exception <a 'java/lang/NoSuchMethodError'{0x0000000088aebeb0}: 'java.lang.Object java.lang.invoke.DirectMethodHandle$Holder.newInvokeSpecial(java.lang.Object, int, java.lang.Object)'> (0x0000000088aebeb0) 
thrown [s\src\hotspot\share\interpreter\linkResolver.cpp, line 771]
Event: 15.716 Thread 0x00000260e86e5410 Exception <a 'java/lang/NoSuchMethodError'{0x0000000088af22a0}: 'int java.lang.invoke.DirectMethodHandle$Holder.invokeInterface(java.lang.Object, java.lang.Object)'> (0x0000000088af22a0) 
thrown [s\src\hotspot\share\interpreter\linkResolver.cpp, line 771]
Event: 16.537 Thread 0x00000260e86e5410 Implicit null exception at 0x00000260f5092740 to 0x00000260f5093ab0
Event: 16.609 Thread 0x00000260e86e5410 Implicit null exception at 0x00000260f5064720 to 0x00000260f50648a4
Event: 16.610 Thread 0x00000260e86e5410 Implicit null exception at 0x00000260f5055560 to 0x00000260f50555fa
Event: 16.904 Thread 0x00000260e86e5410 Implicit null exception at 0x00000260f4e7bbd5 to 0x00000260f4e7c1e0
Event: 16.935 Thread 0x00000260e86e5410 Exception <a 'java/lang/NoSuchMethodError'{0x0000000089138e00}: 'java.lang.Object java.lang.invoke.DirectMethodHandle$Holder.invokeInterface(java.lang.Object, java.lang.Object, java.lang.Object)'> (0x0000000089138e00) 
thrown [s\src\hotspot\share\interpreter\linkResolver.cpp, line 771]
Event: 16.935 Thread 0x00000260e86e5410 Exception <a 'java/lang/IncompatibleClassChangeError'{0x000000008913c770}: Found class java.lang.Object, but interface was expected> (0x000000008913c770) 
thrown [s\src\hotspot\share\interpreter\linkResolver.cpp, line 838]
Event: 16.951 Thread 0x00000260e86e5410 Implicit null exception at 0x00000260f4e7cf52 to 0x00000260f4e7d528
Event: 17.563 Thread 0x00000260e86e5410 Exception <a 'java/lang/NoSuchMethodError'{0x0000000088b4a918}: 'int java.lang.invoke.DirectMethodHandle$Holder.invokeStaticInit(java.lang.Object, int)'> (0x0000000088b4a918) 
thrown [s\src\hotspot\share\interpreter\linkResolver.cpp, line 771]
Event: 18.077 Thread 0x00000260e86e5410 Exception <a 'java/lang/NoSuchMethodError'{0x0000000087be6ae8}: 'java.lang.Object java.lang.invoke.DirectMethodHandle$Holder.newInvokeSpecial(java.lang.Object, java.lang.Object, java.lang.Object, java.lang.Object, java.lang.Object, java.lang.Object, java.lang.Object)'> (0x0000000087be6ae8) 
thrown [s\src\hotspot\share\interpreter\linkResolver.cpp, line 771]
Event: 18.080 Thread 0x00000260e86e5410 Exception <a 'java/lang/NoSuchMethodError'{0x0000000087beb3f8}: 'java.lang.Object java.lang.invoke.Invokers$Holder.linkToTargetMethod(java.lang.Object, java.lang.Object, java.lang.Object, java.lang.Object, java.lang.Object, java.lang.Object, java.lang.Object)'> (0x0000000087beb3f8) 
thrown [s\src\hotspot\share\interpreter\linkResolver.cpp, line 771]
Event: 18.722 Thread 0x00000260e86e5410 Exception <a 'java/lang/NoSuchMethodError'{0x000000008958a3e8}: 'java.lang.Object java.lang.invoke.DirectMethodHandle$Holder.invokeStatic(java.lang.Object, int, java.lang.Object)'> (0x000000008958a3e8) 
thrown [s\src\hotspot\share\interpreter\linkResolver.cpp, line 771]
Event: 22.338 Thread 0x00000260e86e5410 Exception <a 'java/lang/NoSuchMethodError'{0x000000008a2a61f0}: 'java.lang.Object java.lang.invoke.DirectMethodHandle$Holder.newInvokeSpecial(java.lang.Object, int, java.lang.Object, java.lang.Object)'> (0x000000008a2a61f0) 
thrown [s\src\hotspot\share\interpreter\linkResolver.cpp, line 771]
Event: 25.030 Thread 0x00000260e86e5410 Exception <a 'java/lang/NoSuchMethodError'{0x000000009046ffe0}: 'void java.lang.invoke.DirectMethodHandle$Holder.invokeStatic(java.lang.Object, java.lang.Object, java.lang.Object)'> (0x000000009046ffe0) 
thrown [s\src\hotspot\share\interpreter\linkResolver.cpp, line 771]
Event: 25.145 Thread 0x00000260e86e5410 Implicit null exception at 0x00000260f525a174 to 0x00000260f525be38
Event: 33.823 Thread 0x00000260e86e5410 Implicit null exception at 0x00000260f5461b16 to 0x00000260f546204c
Event: 35.492 Thread 0x00000260e86e5410 Implicit null exception at 0x00000260f515eb20 to 0x00000260f515f300

VM Operations (20 events):
Event: 28.948 Executing VM operation: ICBufferFull
Event: 28.949 Executing VM operation: ICBufferFull done
Event: 29.793 Executing VM operation: ICBufferFull
Event: 29.793 Executing VM operation: ICBufferFull done
Event: 30.295 Executing VM operation: ICBufferFull
Event: 30.295 Executing VM operation: ICBufferFull done
Event: 31.029 Executing VM operation: G1CollectForAllocation
Event: 31.049 Executing VM operation: G1CollectForAllocation done
Event: 31.991 Executing VM operation: ICBufferFull
Event: 31.991 Executing VM operation: ICBufferFull done
Event: 33.002 Executing VM operation: Cleanup
Event: 33.003 Executing VM operation: Cleanup done
Event: 33.868 Executing VM operation: HandshakeAllThreads
Event: 33.868 Executing VM operation: HandshakeAllThreads done
Event: 33.992 Executing VM operation: ICBufferFull
Event: 33.992 Executing VM operation: ICBufferFull done
Event: 34.918 Executing VM operation: ICBufferFull
Event: 34.919 Executing VM operation: ICBufferFull done
Event: 35.925 Executing VM operation: Cleanup
Event: 35.942 Executing VM operation: Cleanup done

Events (20 events):
Event: 28.008 Thread 0x0000026084938e00 flushing nmethod 0x00000260eed64b90
Event: 28.008 Thread 0x0000026084938e00 flushing nmethod 0x00000260eedaf590
Event: 28.008 Thread 0x0000026084938e00 flushing nmethod 0x00000260eedb0690
Event: 28.010 Thread 0x0000026084938e00 flushing nmethod 0x00000260eef1f210
Event: 28.011 Thread 0x0000026084938e00 flushing nmethod 0x00000260eef66310
Event: 28.011 Thread 0x0000026084938e00 flushing nmethod 0x00000260eef9e110
Event: 28.013 Thread 0x0000026084938e00 flushing nmethod 0x00000260ef0a1d10
Event: 28.014 Thread 0x0000026084938e00 flushing nmethod 0x00000260ef0b8d10
Event: 33.881 Thread 0x0000026084938e00 flushing nmethod 0x00000260ed827490
Event: 33.891 Thread 0x0000026084938e00 flushing nmethod 0x00000260ede8f210
Event: 33.896 Thread 0x0000026084938e00 flushing nmethod 0x00000260ee260090
Event: 33.899 Thread 0x0000026084938e00 flushing nmethod 0x00000260ee3e3810
Event: 33.899 Thread 0x0000026084938e00 flushing nmethod 0x00000260ee3e3e10
Event: 33.901 Thread 0x0000026084938e00 flushing nmethod 0x00000260ee591390
Event: 33.902 Thread 0x0000026084938e00 flushing nmethod 0x00000260ee593790
Event: 33.902 Thread 0x0000026084938e00 flushing nmethod 0x00000260ee649710
Event: 33.905 Thread 0x0000026084938e00 flushing nmethod 0x00000260ee7cfc10
Event: 33.908 Thread 0x0000026084938e00 flushing nmethod 0x00000260eea5dd10
Event: 33.909 Thread 0x0000026084938e00 flushing nmethod 0x00000260eeae5890
Event: 33.917 Thread 0x0000026084938e00 flushing nmethod 0x00000260ef0a3610


Dynamic libraries:
0x00007ff78cb30000 - 0x00007ff78cb3a000 	C:\Program Files\Android\Android Studio\jbr\bin\java.exe
0x00007ffe1ec30000 - 0x00007ffe1ee28000 	C:\Windows\SYSTEM32\ntdll.dll
0x00007ffe1d9b0000 - 0x00007ffe1da6d000 	C:\Windows\System32\KERNEL32.DLL
0x00007ffe1c4b0000 - 0x00007ffe1c7a6000 	C:\Windows\System32\KERNELBASE.dll
0x00007ffe1c980000 - 0x00007ffe1ca80000 	C:\Windows\System32\ucrtbase.dll
0x00007ffe05fd0000 - 0x00007ffe05feb000 	C:\Program Files\Android\Android Studio\jbr\bin\VCRUNTIME140.dll
0x00007ffe0aa40000 - 0x00007ffe0aa57000 	C:\Program Files\Android\Android Studio\jbr\bin\jli.dll
0x00007ffe1dbc0000 - 0x00007ffe1dd5e000 	C:\Windows\System32\USER32.dll
0x00007ffe07ec0000 - 0x00007ffe0815a000 	C:\Windows\WinSxS\amd64_microsoft.windows.common-controls_6595b64144ccf1df_6.0.19041.3636_none_60b6a03d71f818d5\COMCTL32.dll
0x00007ffe1c430000 - 0x00007ffe1c452000 	C:\Windows\System32\win32u.dll
0x00007ffe1dd60000 - 0x00007ffe1ddfe000 	C:\Windows\System32\msvcrt.dll
0x00007ffe1e390000 - 0x00007ffe1e3bc000 	C:\Windows\System32\GDI32.dll
0x00007ffe1cb60000 - 0x00007ffe1cc7a000 	C:\Windows\System32\gdi32full.dll
0x00007ffe1c300000 - 0x00007ffe1c39d000 	C:\Windows\System32\msvcp_win.dll
0x00007ffe1db90000 - 0x00007ffe1dbc0000 	C:\Windows\System32\IMM32.DLL
0x00007ffe161c0000 - 0x00007ffe161cc000 	C:\Program Files\Android\Android Studio\jbr\bin\vcruntime140_1.dll
0x00007ffe05f40000 - 0x00007ffe05fcd000 	C:\Program Files\Android\Android Studio\jbr\bin\msvcp140.dll
0x00007ffd933d0000 - 0x00007ffd9403d000 	C:\Program Files\Android\Android Studio\jbr\bin\server\jvm.dll
0x00007ffe1e720000 - 0x00007ffe1e7d3000 	C:\Windows\System32\ADVAPI32.dll
0x00007ffe1daf0000 - 0x00007ffe1db8f000 	C:\Windows\System32\sechost.dll
0x00007ffe1e420000 - 0x00007ffe1e546000 	C:\Windows\System32\RPCRT4.dll
0x00007ffe1cb30000 - 0x00007ffe1cb57000 	C:\Windows\System32\bcrypt.dll
0x00007ffe0b280000 - 0x00007ffe0b289000 	C:\Windows\SYSTEM32\WSOCK32.dll
0x00007ffe08240000 - 0x00007ffe08267000 	C:\Windows\SYSTEM32\WINMM.dll
0x00007ffe1de00000 - 0x00007ffe1de6b000 	C:\Windows\System32\WS2_32.dll
0x00007ffe137b0000 - 0x00007ffe137ba000 	C:\Windows\SYSTEM32\VERSION.dll
0x00007ffe1ab00000 - 0x00007ffe1ab12000 	C:\Windows\SYSTEM32\kernel.appcore.dll
0x00007ffe08f30000 - 0x00007ffe08f3a000 	C:\Program Files\Android\Android Studio\jbr\bin\jimage.dll
0x00007ffe1a810000 - 0x00007ffe1a9f4000 	C:\Windows\SYSTEM32\DBGHELP.DLL
0x00007ffe05ad0000 - 0x00007ffe05b04000 	C:\Windows\SYSTEM32\dbgcore.DLL
0x00007ffe1c3a0000 - 0x00007ffe1c422000 	C:\Windows\System32\bcryptPrimitives.dll
0x00007ffdf48b0000 - 0x00007ffdf48d5000 	C:\Program Files\Android\Android Studio\jbr\bin\java.dll
0x00007ffdf4890000 - 0x00007ffdf48a8000 	C:\Program Files\Android\Android Studio\jbr\bin\zip.dll
0x00007ffe1d040000 - 0x00007ffe1d785000 	C:\Windows\System32\SHELL32.dll
0x00007ffe19fa0000 - 0x00007ffe1a73b000 	C:\Windows\SYSTEM32\windows.storage.dll
0x00007ffe1cc80000 - 0x00007ffe1cfd4000 	C:\Windows\System32\combase.dll
0x00007ffe1bb80000 - 0x00007ffe1bbad000 	C:\Windows\SYSTEM32\Wldp.dll
0x00007ffe1de70000 - 0x00007ffe1df1d000 	C:\Windows\System32\SHCORE.dll
0x00007ffe1e890000 - 0x00007ffe1e8e5000 	C:\Windows\System32\shlwapi.dll
0x00007ffe1c230000 - 0x00007ffe1c255000 	C:\Windows\SYSTEM32\profapi.dll
0x00007ffdf4870000 - 0x00007ffdf4889000 	C:\Program Files\Android\Android Studio\jbr\bin\net.dll
0x00007ffe0d410000 - 0x00007ffe0d51a000 	C:\Windows\SYSTEM32\WINHTTP.dll
0x00007ffe1b960000 - 0x00007ffe1b9ca000 	C:\Windows\system32\mswsock.dll
0x00007ffdf4850000 - 0x00007ffdf4866000 	C:\Program Files\Android\Android Studio\jbr\bin\nio.dll
0x00007ffdf4f10000 - 0x00007ffdf4f20000 	C:\Program Files\Android\Android Studio\jbr\bin\verify.dll

dbghelp: loaded successfully - version: 4.0.5 - missing functions: none
symbol engine: initialized successfully - sym options: 0x614 - pdb path: .;C:\Program Files\Android\Android Studio\jbr\bin;C:\Windows\SYSTEM32;C:\Windows\WinSxS\amd64_microsoft.windows.common-controls_6595b64144ccf1df_6.0.19041.3636_none_60b6a03d71f818d5;C:\Program Files\Android\Android Studio\jbr\bin\server

VM Arguments:
java_command: org.jetbrains.kotlin.cli.jvm.K2JVMCompiler @D:\FYP\FypDisasterManagement\app\build\20240122_8473554603013429613.compiler.options
java_class_path (initial): C:\Users\Area 7 Computer\.gradle\caches\modules-2\files-2.1\org.jetbrains.kotlin\kotlin-compiler-embeddable\1.8.10\b0757fd774344d54ce93f5ad6c30ba1c1731c8ff\kotlin-compiler-embeddable-1.8.10.jar;C:\Users\Area 7 Computer\.gradle\caches\modules-2\files-2.1\org.jetbrains.kotlin\kotlin-stdlib\1.8.10\6d5560a229477df9406943d5feda5618e98eb64c\kotlin-stdlib-1.8.10.jar;C:\Users\Area 7 Computer\.gradle\caches\modules-2\files-2.1\org.jetbrains.kotlin\kotlin-script-runtime\1.8.10\b13ea9c7e46d589139e56086a878763290e20bd5\kotlin-script-runtime-1.8.10.jar;C:\Users\Area 7 Computer\.gradle\caches\modules-2\files-2.1\org.jetbrains.kotlin\kotlin-reflect\1.6.10\1cbe9c92c12a94eea200d23c2bbaedaf3daf5132\kotlin-reflect-1.6.10.jar;C:\Users\Area 7 Computer\.gradle\caches\modules-2\files-2.1\org.jetbrains.kotlin\kotlin-daemon-embeddable\1.8.10\ad8541d9bc1cf9e52c3204161247910c2cf601d4\kotlin-daemon-embeddable-1.8.10.jar;C:\Users\Area 7 Computer\.gradle\caches\modules-2\files-2.1\org.jetbrains.intellij.deps\trove4j\1.0.20200330\3afb14d5f9ceb459d724e907a21145e8ff394f02\trove4j-1.0.20200330.jar;C:\Users\Area 7 Computer\.gradle\caches\modules-2\files-2.1\net.java.dev.jna\jna\5.6.0\330f2244e9030119ab3030fc3fededc86713d9cc\jna-5.6.0.jar;C:\Users\Area 7 Computer\.gradle\caches\modules-2\files-2.1\org.jetbrains.kotlin\kotlin-stdlib-common\1.8.10\a61b182458550492c12aee66157d7b524a63a5ec\kotlin-stdlib-common-1.8.10.jar;C:\Users\Area 7 Computer\.gradle\caches\modules-2\files-2.1\org.jetbrains\annotations\13.0\919f0dfe192fb4e063e7dacadee7f8bb9a2672a9\annotations-13.0.jar
Launcher Type: SUN_STANDARD

[Global flags]
     intx CICompilerCount                          = 3                                         {product} {ergonomic}
     uint ConcGCThreads                            = 1                                         {product} {ergonomic}
     uint G1ConcRefinementThreads                  = 4                                         {product} {ergonomic}
   size_t G1HeapRegionSize                         = 1048576                                   {product} {ergonomic}
    uintx GCDrainStackTargetSize                   = 64                                        {product} {ergonomic}
   size_t InitialHeapSize                          = 134217728                                 {product} {ergonomic}
   size_t MarkStackSize                            = 4194304                                   {product} {ergonomic}
   size_t MaxHeapSize                              = 2118123520                                {product} {ergonomic}
   size_t MaxNewSize                               = 1270874112                                {product} {ergonomic}
   size_t MinHeapDeltaBytes                        = 1048576                                   {product} {ergonomic}
   size_t MinHeapSize                              = 8388608                                   {product} {ergonomic}
    uintx NonNMethodCodeHeapSize                   = 5832780                                {pd product} {ergonomic}
    uintx NonProfiledCodeHeapSize                  = 122912730                              {pd product} {ergonomic}
    uintx ProfiledCodeHeapSize                     = 122912730                              {pd product} {ergonomic}
    uintx ReservedCodeCacheSize                    = 251658240                              {pd product} {ergonomic}
     bool SegmentedCodeCache                       = true                                      {product} {ergonomic}
   size_t SoftMaxHeapSize                          = 2118123520                             {manageable} {ergonomic}
     bool UseCompressedClassPointers               = true                           {product lp64_product} {ergonomic}
     bool UseCompressedOops                        = true                           {product lp64_product} {ergonomic}
     bool UseG1GC                                  = true                                      {product} {ergonomic}
     bool UseLargePagesIndividualAllocation        = false                                  {pd product} {ergonomic}

Logging:
Log output configuration:
 #0: stdout all=warning uptime,level,tags
 #1: stderr all=off uptime,level,tags

Environment Variables:
JAVA_HOME=C:\Program Files (x86)\Java\jdk1.8.0_92
PATH=C:\ProgramData\Oracle\Java\javapath;D:\DevSuiteHome_1\jdk\jre\bin\classic;D:\DevSuiteHome_1\jdk\jre\bin;D:\DevSuiteHome_1\jdk\jre\bin\client;D:\DevSuiteHome_1\jlib;D:\DevSuiteHome_1\bin;D:\DevSuiteHome_1\jre\1.4.2\bin\client;D:\DevSuiteHome_1\jre\1.4.2\bin;C:\Windows\system32;C:\Windows;C:\Windows\System32\Wbem;C:\Windows\System32\WindowsPowerShell\v1.0\;C:\Windows\System32\OpenSSH\;C:\Program Files (x86)\Java\jdk1.8.0_92\bin;C:\Program Files\Microsoft SQL Server\150\Tools\Binn\;C:\Program Files\Microsoft SQL Server\Client SDK\ODBC\170\Tools\Binn\;C:\Program Files (x86)\Microsoft SQL Server\160\Tools\Binn\;C:\Program Files\Microsoft SQL Server\160\Tools\Binn\;C:\Program Files\Microsoft SQL Server\160\DTS\Binn\;C:\Program Files\Azure Data Studio\bin;C:\Program Files (x86)\Microsoft SQL Server\150\Tools\Binn\;C:\Program Files\Microsoft SQL Server\150\DTS\Binn\;C:\Program Files\Microsoft\Web Platform Installer\;C:\Program Files (x86)\Microsoft ASP.NET\ASP.NET Web Pages\v1.0\;C:\Program Files (x86)\Windows Kits\8.0\Windows Performance Toolkit\;D:\nodejs\;D:\Git\cmd;D:\GitHub CLI\;C:\Users\Area 7 Computer\AppData\Local\Microsoft\WindowsApps;;C:\Users\Area 7 Computer\AppData\Local\Programs\Microsoft VS Code\bin;C:\Program Files\Azure Data Studio\bin;C:\Users\Area 7 Computer\AppData\Roaming\npm
USERNAME=Area 7 Computer
OS=Windows_NT
PROCESSOR_IDENTIFIER=Intel64 Family 6 Model 78 Stepping 3, GenuineIntel
TMP=C:\Users\AREA7C~1\AppData\Local\Temp
TEMP=C:\Users\AREA7C~1\AppData\Local\Temp



---------------  S Y S T E M  ---------------

OS:
 Windows 10 , 64 bit Build 19041 (10.0.19041.3636)
OS uptime: 0 days 2:27 hours
Hyper-V role detected

CPU: total 4 (initial active 4) (2 cores per cpu, 2 threads per core) family 6 model 78 stepping 3 microcode 0xcc, cx8, cmov, fxsr, ht, mmx, 3dnowpref, sse, sse2, sse3, ssse3, sse4.1, sse4.2, popcnt, lzcnt, tsc, tscinvbit, avx, avx2, aes, erms, clmul, bmi1, bmi2, rtm, adx, fma, vzeroupper, clflush, clflushopt, hv

Memory: 4k page, system-wide physical 8076M (427M free)
TotalPageFile size 10124M (AvailPageFile size 6M)
current process WorkingSet (physical memory assigned to process): 463M, peak: 467M
current process commit charge ("private bytes"): 499M, peak: 501M

vm_info: OpenJDK 64-Bit Server VM (17.0.6+0-b2043.56-9586694) for windows-amd64 JRE (17.0.6+0-b2043.56-9586694), built on Feb  9 2023 20:06:20 by "androidbuild" with MS VC++ 16.10 / 16.11 (VS2019)

END.
