#
# There is insufficient memory for the Java Runtime Environment to continue.
# Native memory allocation (mmap) failed to map 9437184 bytes for G1 virtual space
# Possible reasons:
#   The system is out of physical RAM or swap space
#   The process is running with CompressedOops enabled, and the Java Heap may be blocking the growth of the native heap
# Possible solutions:
#   Reduce memory load on the system
#   Increase physical memory or swap space
#   Check if swap backing store is full
#   Decrease Java heap size (-Xmx/-Xms)
#   Decrease number of Java threads
#   Decrease Java thread stack sizes (-Xss)
#   Set larger code cache with -XX:ReservedCodeCacheSize=
#   JVM is running with Unscaled Compressed Oops mode in which the Java heap is
#     placed in the first 4GB address space. The Java Heap base address is the
#     maximum limit for the native heap growth. Please use -XX:HeapBaseMinAddress
#     to set the Java Heap base and to place the Java Heap above 4GB virtual address.
# This output file may be truncated or incomplete.
#
#  Out of Memory Error (os_windows.cpp:3769), pid=1412, tid=10608
#
# JRE version: OpenJDK Runtime Environment (17.0.6) (build 17.0.6+0-b2043.56-9586694)
# Java VM: OpenJDK 64-Bit Server VM (17.0.6+0-b2043.56-9586694, mixed mode, tiered, compressed oops, compressed class ptrs, g1 gc, windows-amd64)
# No core dump will be written. Minidumps are not enabled by default on client versions of Windows
#

---------------  S U M M A R Y ------------

Command Line: --add-opens=java.base/java.util=ALL-UNNAMED --add-opens=java.base/java.lang=ALL-UNNAMED --add-opens=java.base/java.lang.invoke=ALL-UNNAMED --add-opens=java.prefs/java.util.prefs=ALL-UNNAMED --add-opens=java.base/java.nio.charset=ALL-UNNAMED --add-opens=java.base/java.net=ALL-UNNAMED --add-opens=java.base/java.util.concurrent.atomic=ALL-UNNAMED -Xmx2048m -Dfile.encoding=UTF-8 -Duser.country=US -Duser.language=en -Duser.variant org.gradle.launcher.daemon.bootstrap.GradleDaemon 8.0

Host: Intel(R) Core(TM) i5-6300U CPU @ 2.40GHz, 4 cores, 7G,  Windows 10 , 64 bit Build 19041 (10.0.19041.3636)
Time: Tue Jan 16 21:23:07 2024 Pakistan Standard Time elapsed time: 190.842475 seconds (0d 0h 3m 10s)

---------------  T H R E A D  ---------------

Current thread (0x0000025ee14e2390):  VMThread "VM Thread" [stack: 0x000000d721c00000,0x000000d721d00000] [id=10608]

Stack: [0x000000d721c00000,0x000000d721d00000]
Native frames: (J=compiled Java code, j=interpreted, Vv=VM code, C=native code)
V  [jvm.dll+0x683b4a]
V  [jvm.dll+0x842654]
V  [jvm.dll+0x843dfe]
V  [jvm.dll+0x844463]
V  [jvm.dll+0x249b75]
V  [jvm.dll+0x680a19]
V  [jvm.dll+0x674f0a]
V  [jvm.dll+0x309acb]
V  [jvm.dll+0x310f86]
V  [jvm.dll+0x3608ee]
V  [jvm.dll+0x360b1f]
V  [jvm.dll+0x2dfbf8]
V  [jvm.dll+0x2e2ce6]
V  [jvm.dll+0x2ed478]
V  [jvm.dll+0x322150]
V  [jvm.dll+0x84893b]
V  [jvm.dll+0x849674]
V  [jvm.dll+0x849b8d]
V  [jvm.dll+0x849f64]
V  [jvm.dll+0x84a030]
V  [jvm.dll+0x7f25fa]
V  [jvm.dll+0x682985]
C  [ucrtbase.dll+0x21bb2]
C  [KERNEL32.DLL+0x17344]
C  [ntdll.dll+0x526b1]

VM_Operation (0x000000d7218ff3b0): G1Concurrent, mode: safepoint, requested by thread 0x0000025ec600eb90


---------------  P R O C E S S  ---------------

Threads class SMR info:
_java_thread_list=0x0000025eebc9cac0, length=99, elements={
0x0000025ec5fa2860, 0x0000025ee2013620, 0x0000025ee14ba880, 0x0000025ee14fcf90,
0x0000025ee150e410, 0x0000025ee14fdff0, 0x0000025ee14fe8b0, 0x0000025ee2016e90,
0x0000025ee201d440, 0x0000025ee201e4e0, 0x0000025ee21a6420, 0x0000025ee21ad530,
0x0000025ee3ab9b20, 0x0000025ee30e4b90, 0x0000025ee3474580, 0x0000025ee39d8550,
0x0000025ee39d76e0, 0x0000025ee39d63a0, 0x0000025ee39d5060, 0x0000025ee39d5a00,
0x0000025ee39d8a20, 0x0000025ee39d7bb0, 0x0000025ee39d6870, 0x0000025ee6402c20,
0x0000025ee6406110, 0x0000025ee64035c0, 0x0000025ee6403a90, 0x0000025ee72aa230,
0x0000025eebbbecd0, 0x0000025eebbbde60, 0x0000025ee7b1c090, 0x0000025ee7b1a880,
0x0000025eeac14d50, 0x0000025eeac13a10, 0x0000025eeac15220, 0x0000025eeac14880,
0x0000025eeac13ee0, 0x0000025eea53a070, 0x0000025eea53aee0, 0x0000025eea53b3b0,
0x0000025ee7b1ad50, 0x0000025ee7b1a3b0, 0x0000025ee6f60bc0, 0x0000025ee6f60220,
0x0000025ee6f5eee0, 0x0000025ee6f606f0, 0x0000025ee6f61090, 0x0000025ee6f61a30,
0x0000025ee6f5e070, 0x0000025ee6f5f880, 0x0000025ee6f5fd50, 0x0000025ee6f61560,
0x0000025ee6f5e540, 0x0000025ee6f5ea10, 0x0000025ee6f5f3b0, 0x0000025ee6dd8ed0,
0x0000025ee6ddb550, 0x0000025ee6dda6e0, 0x0000025ee6dda210, 0x0000025ee6ddabb0,
0x0000025ee6dd8a00, 0x0000025ee6ddb080, 0x0000025ee6dd9d40, 0x0000025ee6ddba20,
0x0000025ee6dd8060, 0x0000025ee6dd8530, 0x0000025ee6dd93a0, 0x0000025ee6dd9870,
0x0000025ee305ed40, 0x0000025ee305d530, 0x0000025ee3060550, 0x0000025ee305da00,
0x0000025ee305fbb0, 0x0000025ee305d060, 0x0000025ee305ded0, 0x0000025ee305cb90,
0x0000025ee3060080, 0x0000025ee305e3a0, 0x0000025ee305e870, 0x0000025ee305f210,
0x0000025ee305f6e0, 0x0000025ee6baebe0, 0x0000025eebbb9630, 0x0000025ee6bad8a0,
0x0000025eea53a540, 0x0000025ee4883110, 0x0000025ee4885790, 0x0000025ee4881dd0,
0x0000025ee6baff20, 0x0000025ee4884920, 0x0000025ee4883ab0, 0x0000025ee6bb03f0,
0x0000025ee6bacf00, 0x0000025ee7b1c560, 0x0000025eee418de0, 0x0000025ee7b19070,
0x0000025ee5085230, 0x0000025ee50878b0, 0x0000025ee5086570
}

Java Threads: ( => current thread )
  0x0000025ec5fa2860 JavaThread "main" [_thread_blocked, id=2584, stack(0x000000d721600000,0x000000d721700000)]
  0x0000025ee2013620 JavaThread "Reference Handler" daemon [_thread_blocked, id=7460, stack(0x000000d721d00000,0x000000d721e00000)]
  0x0000025ee14ba880 JavaThread "Finalizer" daemon [_thread_blocked, id=6708, stack(0x000000d721e00000,0x000000d721f00000)]
  0x0000025ee14fcf90 JavaThread "Signal Dispatcher" daemon [_thread_blocked, id=13084, stack(0x000000d721f00000,0x000000d722000000)]
  0x0000025ee150e410 JavaThread "Attach Listener" daemon [_thread_blocked, id=13204, stack(0x000000d722000000,0x000000d722100000)]
  0x0000025ee14fdff0 JavaThread "Service Thread" daemon [_thread_blocked, id=12032, stack(0x000000d722100000,0x000000d722200000)]
  0x0000025ee14fe8b0 JavaThread "Monitor Deflation Thread" daemon [_thread_blocked, id=9584, stack(0x000000d722200000,0x000000d722300000)]
  0x0000025ee2016e90 JavaThread "C2 CompilerThread0" daemon [_thread_in_native, id=11572, stack(0x000000d722300000,0x000000d722400000)]
  0x0000025ee201d440 JavaThread "C1 CompilerThread0" daemon [_thread_blocked, id=468, stack(0x000000d722400000,0x000000d722500000)]
  0x0000025ee201e4e0 JavaThread "Sweeper thread" daemon [_thread_blocked, id=13844, stack(0x000000d722500000,0x000000d722600000)]
  0x0000025ee21a6420 JavaThread "Common-Cleaner" daemon [_thread_blocked, id=1696, stack(0x000000d722600000,0x000000d722700000)]
  0x0000025ee21ad530 JavaThread "Notification Thread" daemon [_thread_blocked, id=10480, stack(0x000000d722700000,0x000000d722800000)]
  0x0000025ee3ab9b20 JavaThread "Daemon health stats" [_thread_blocked, id=11980, stack(0x000000d722d00000,0x000000d722e00000)]
  0x0000025ee30e4b90 JavaThread "Incoming local TCP Connector on port 24827" [_thread_in_native, id=8184, stack(0x000000d722e00000,0x000000d722f00000)]
  0x0000025ee3474580 JavaThread "Daemon periodic checks" [_thread_blocked, id=8112, stack(0x000000d722f00000,0x000000d723000000)]
  0x0000025ee39d8550 JavaThread "Cache worker for journal cache (C:\Users\Area 7 Computer\.gradle\caches\journal-1)" [_thread_blocked, id=5024, stack(0x000000d723700000,0x000000d723800000)]
  0x0000025ee39d76e0 JavaThread "File lock request listener" [_thread_in_native, id=4556, stack(0x000000d723800000,0x000000d723900000)]
  0x0000025ee39d63a0 JavaThread "Cache worker for file hash cache (C:\Users\Area 7 Computer\.gradle\caches\8.0\fileHashes)" [_thread_blocked, id=14596, stack(0x000000d723900000,0x000000d723a00000)]
  0x0000025ee39d5060 JavaThread "File watcher server" daemon [_thread_blocked, id=10280, stack(0x000000d723a00000,0x000000d723b00000)]
  0x0000025ee39d5a00 JavaThread "File watcher consumer" daemon [_thread_blocked, id=13772, stack(0x000000d723b00000,0x000000d723c00000)]
  0x0000025ee39d8a20 JavaThread "Cache worker for file content cache (C:\Users\Area 7 Computer\.gradle\caches\8.0\fileContent)" [_thread_blocked, id=13352, stack(0x000000d723e00000,0x000000d723f00000)]
  0x0000025ee39d7bb0 JavaThread "Cache worker for execution history cache (C:\Users\Area 7 Computer\.gradle\caches\8.0\executionHistory)" [_thread_blocked, id=11788, stack(0x000000d722900000,0x000000d722a00000)]
  0x0000025ee39d6870 JavaThread "jar transforms" [_thread_blocked, id=15300, stack(0x000000d724100000,0x000000d724200000)]
  0x0000025ee6402c20 JavaThread "jar transforms Thread 2" [_thread_blocked, id=2288, stack(0x000000d724300000,0x000000d724400000)]
  0x0000025ee6406110 JavaThread "Cache worker for kotlin-dsl (C:\Users\Area 7 Computer\.gradle\caches\8.0\kotlin-dsl)" [_thread_blocked, id=4864, stack(0x000000d724500000,0x000000d724600000)]
  0x0000025ee64035c0 JavaThread "jar transforms Thread 3" [_thread_blocked, id=14404, stack(0x000000d724600000,0x000000d724700000)]
  0x0000025ee6403a90 JavaThread "jar transforms Thread 4" [_thread_blocked, id=8092, stack(0x000000d724700000,0x000000d724800000)]
  0x0000025ee72aa230 JavaThread "Memory manager" [_thread_blocked, id=4832, stack(0x000000d727300000,0x000000d727400000)]
  0x0000025eebbbecd0 JavaThread "ForkJoinPool.commonPool-worker-1" daemon [_thread_blocked, id=10288, stack(0x000000d727f00000,0x000000d728000000)]
  0x0000025eebbbde60 JavaThread "Daemon Thread 2" [_thread_blocked, id=14548, stack(0x000000d721300000,0x000000d721400000)]
  0x0000025ee7b1c090 JavaThread "Handler for socket connection from /127.0.0.1:24827 to /127.0.0.1:24977" [_thread_in_native, id=7692, stack(0x000000d721400000,0x000000d721500000)]
  0x0000025ee7b1a880 JavaThread "Cancel handler" [_thread_blocked, id=6616, stack(0x000000d721500000,0x000000d721600000)]
  0x0000025eeac14d50 JavaThread "Daemon worker Thread 2" [_thread_blocked, id=10208, stack(0x000000d723000000,0x000000d723100000)]
  0x0000025eeac13a10 JavaThread "Asynchronous log dispatcher for DefaultDaemonConnection: socket connection from /127.0.0.1:24827 to /127.0.0.1:24977" [_thread_blocked, id=14248, stack(0x000000d723100000,0x000000d723200000)]
  0x0000025eeac15220 JavaThread "Stdin handler" [_thread_blocked, id=13156, stack(0x000000d723200000,0x000000d723300000)]
  0x0000025eeac14880 JavaThread "Daemon client event forwarder" [_thread_blocked, id=2700, stack(0x000000d723300000,0x000000d723400000)]
  0x0000025eeac13ee0 JavaThread "Cache worker for checksums cache (D:\FYP\fypproject\FypDisasterManagement-1\FypDisasterManagement-1\FypDisasterManagement\.gradle\8.0\checksums)" [_thread_blocked, id=12304, stack(0x000000d723500000,0x000000d723600000)]
  0x0000025eea53a070 JavaThread "Cache worker for cache directory md-rule (C:\Users\Area 7 Computer\.gradle\caches\8.0\md-rule)" [_thread_blocked, id=10000, stack(0x000000d723600000,0x000000d723700000)]
  0x0000025eea53aee0 JavaThread "Cache worker for file hash cache (D:\FYP\fypproject\FypDisasterManagement-1\FypDisasterManagement-1\FypDisasterManagement\.gradle\8.0\fileHashes)" [_thread_blocked, id=12900, stack(0x000000d723c00000,0x000000d723d00000)]
  0x0000025eea53b3b0 JavaThread "Cache worker for cache directory md-supplier (C:\Users\Area 7 Computer\.gradle\caches\8.0\md-supplier)" [_thread_blocked, id=10264, stack(0x000000d723d00000,0x000000d723e00000)]
  0x0000025ee7b1ad50 JavaThread "Cache worker for dependencies-accessors (D:\FYP\fypproject\FypDisasterManagement-1\FypDisasterManagement-1\FypDisasterManagement\.gradle\8.0\dependencies-accessors)" [_thread_blocked, id=5860, stack(0x000000d723f00000,0x000000d724000000)]
  0x0000025ee7b1a3b0 JavaThread "Cache worker for Build Output Cleanup Cache (D:\FYP\fypproject\FypDisasterManagement-1\FypDisasterManagement-1\FypDisasterManagement\.gradle\buildOutputCleanup)" [_thread_blocked, id=5928, stack(0x000000d724000000,0x000000d724100000)]
  0x0000025ee6f60bc0 JavaThread "Unconstrained build operations" [_thread_blocked, id=10680, stack(0x000000d724200000,0x000000d724300000)]
  0x0000025ee6f60220 JavaThread "Unconstrained build operations Thread 2" [_thread_blocked, id=6940, stack(0x000000d724800000,0x000000d724900000)]
  0x0000025ee6f5eee0 JavaThread "Unconstrained build operations Thread 3" [_thread_blocked, id=6620, stack(0x000000d724900000,0x000000d724a00000)]
  0x0000025ee6f606f0 JavaThread "Unconstrained build operations Thread 4" [_thread_blocked, id=13368, stack(0x000000d724a00000,0x000000d724b00000)]
  0x0000025ee6f61090 JavaThread "Unconstrained build operations Thread 5" [_thread_blocked, id=8424, stack(0x000000d724b00000,0x000000d724c00000)]
  0x0000025ee6f61a30 JavaThread "Unconstrained build operations Thread 6" [_thread_blocked, id=11596, stack(0x000000d724c00000,0x000000d724d00000)]
  0x0000025ee6f5e070 JavaThread "Unconstrained build operations Thread 7" [_thread_blocked, id=12208, stack(0x000000d724d00000,0x000000d724e00000)]
  0x0000025ee6f5f880 JavaThread "Unconstrained build operations Thread 8" [_thread_blocked, id=3768, stack(0x000000d724e00000,0x000000d724f00000)]
  0x0000025ee6f5fd50 JavaThread "Unconstrained build operations Thread 9" [_thread_blocked, id=9180, stack(0x000000d724f00000,0x000000d725000000)]
  0x0000025ee6f61560 JavaThread "Unconstrained build operations Thread 10" [_thread_blocked, id=14884, stack(0x000000d725000000,0x000000d725100000)]
  0x0000025ee6f5e540 JavaThread "Unconstrained build operations Thread 11" [_thread_blocked, id=7576, stack(0x000000d725100000,0x000000d725200000)]
  0x0000025ee6f5ea10 JavaThread "Unconstrained build operations Thread 12" [_thread_blocked, id=11084, stack(0x000000d725200000,0x000000d725300000)]
  0x0000025ee6f5f3b0 JavaThread "Unconstrained build operations Thread 13" [_thread_blocked, id=10176, stack(0x000000d725300000,0x000000d725400000)]
  0x0000025ee6dd8ed0 JavaThread "Unconstrained build operations Thread 14" [_thread_blocked, id=5836, stack(0x000000d725400000,0x000000d725500000)]
  0x0000025ee6ddb550 JavaThread "Unconstrained build operations Thread 15" [_thread_blocked, id=15136, stack(0x000000d725500000,0x000000d725600000)]
  0x0000025ee6dda6e0 JavaThread "Unconstrained build operations Thread 16" [_thread_blocked, id=4552, stack(0x000000d725600000,0x000000d725700000)]
  0x0000025ee6dda210 JavaThread "Unconstrained build operations Thread 17" [_thread_blocked, id=7900, stack(0x000000d725700000,0x000000d725800000)]
  0x0000025ee6ddabb0 JavaThread "Unconstrained build operations Thread 18" [_thread_blocked, id=13164, stack(0x000000d725800000,0x000000d725900000)]
  0x0000025ee6dd8a00 JavaThread "Unconstrained build operations Thread 19" [_thread_blocked, id=7532, stack(0x000000d725900000,0x000000d725a00000)]
  0x0000025ee6ddb080 JavaThread "Unconstrained build operations Thread 20" [_thread_blocked, id=3124, stack(0x000000d725a00000,0x000000d725b00000)]
  0x0000025ee6dd9d40 JavaThread "Unconstrained build operations Thread 21" [_thread_blocked, id=11076, stack(0x000000d725b00000,0x000000d725c00000)]
  0x0000025ee6ddba20 JavaThread "Unconstrained build operations Thread 22" [_thread_blocked, id=13020, stack(0x000000d725c00000,0x000000d725d00000)]
  0x0000025ee6dd8060 JavaThread "Unconstrained build operations Thread 23" [_thread_blocked, id=6456, stack(0x000000d725d00000,0x000000d725e00000)]
  0x0000025ee6dd8530 JavaThread "Unconstrained build operations Thread 24" [_thread_blocked, id=5072, stack(0x000000d725e00000,0x000000d725f00000)]
  0x0000025ee6dd93a0 JavaThread "Unconstrained build operations Thread 25" [_thread_blocked, id=13268, stack(0x000000d725f00000,0x000000d726000000)]
  0x0000025ee6dd9870 JavaThread "Unconstrained build operations Thread 26" [_thread_blocked, id=7180, stack(0x000000d726000000,0x000000d726100000)]
  0x0000025ee305ed40 JavaThread "Unconstrained build operations Thread 27" [_thread_blocked, id=11024, stack(0x000000d726100000,0x000000d726200000)]
  0x0000025ee305d530 JavaThread "Unconstrained build operations Thread 28" [_thread_blocked, id=10644, stack(0x000000d726200000,0x000000d726300000)]
  0x0000025ee3060550 JavaThread "Unconstrained build operations Thread 29" [_thread_blocked, id=8444, stack(0x000000d726300000,0x000000d726400000)]
  0x0000025ee305da00 JavaThread "Unconstrained build operations Thread 30" [_thread_blocked, id=9148, stack(0x000000d726400000,0x000000d726500000)]
  0x0000025ee305fbb0 JavaThread "Unconstrained build operations Thread 31" [_thread_blocked, id=15172, stack(0x000000d726500000,0x000000d726600000)]
  0x0000025ee305d060 JavaThread "Unconstrained build operations Thread 32" [_thread_blocked, id=14140, stack(0x000000d726600000,0x000000d726700000)]
  0x0000025ee305ded0 JavaThread "Unconstrained build operations Thread 33" [_thread_blocked, id=11456, stack(0x000000d726700000,0x000000d726800000)]
  0x0000025ee305cb90 JavaThread "Unconstrained build operations Thread 34" [_thread_blocked, id=15328, stack(0x000000d726800000,0x000000d726900000)]
  0x0000025ee3060080 JavaThread "Unconstrained build operations Thread 35" [_thread_blocked, id=2368, stack(0x000000d726900000,0x000000d726a00000)]
  0x0000025ee305e3a0 JavaThread "Unconstrained build operations Thread 36" [_thread_blocked, id=6396, stack(0x000000d726a00000,0x000000d726b00000)]
  0x0000025ee305e870 JavaThread "Unconstrained build operations Thread 37" [_thread_blocked, id=13576, stack(0x000000d726b00000,0x000000d726c00000)]
  0x0000025ee305f210 JavaThread "Unconstrained build operations Thread 38" [_thread_blocked, id=10012, stack(0x000000d726c00000,0x000000d726d00000)]
  0x0000025ee305f6e0 JavaThread "Unconstrained build operations Thread 39" [_thread_blocked, id=32, stack(0x000000d726d00000,0x000000d726e00000)]
  0x0000025ee6baebe0 JavaThread "Unconstrained build operations Thread 40" [_thread_blocked, id=9608, stack(0x000000d726e00000,0x000000d726f00000)]
  0x0000025eebbb9630 JavaThread "build event listener" [_thread_blocked, id=10576, stack(0x000000d726f00000,0x000000d727000000)]
  0x0000025ee6bad8a0 JavaThread "included builds" [_thread_blocked, id=7208, stack(0x000000d727000000,0x000000d727100000)]
  0x0000025eea53a540 JavaThread "Execution worker" [_thread_blocked, id=6164, stack(0x000000d727100000,0x000000d727200000)]
  0x0000025ee4883110 JavaThread "Execution worker Thread 2" [_thread_blocked, id=13012, stack(0x000000d727200000,0x000000d727300000)]
  0x0000025ee4885790 JavaThread "Execution worker Thread 3" [_thread_blocked, id=8780, stack(0x000000d727400000,0x000000d727500000)]
  0x0000025ee4881dd0 JavaThread "Cache worker for execution history cache (D:\FYP\fypproject\FypDisasterManagement-1\FypDisasterManagement-1\FypDisasterManagement\.gradle\8.0\executionHistory)" [_thread_blocked, id=8632, stack(0x000000d727500000,0x000000d727600000)]
  0x0000025ee6baff20 JavaThread "WorkerExecutor Queue" [_thread_blocked, id=4992, stack(0x000000d727600000,0x000000d727700000)]
  0x0000025ee4884920 JavaThread "RMI Scheduler(0)" daemon [_thread_blocked, id=15048, stack(0x000000d727700000,0x000000d727800000)]
  0x0000025ee4883ab0 JavaThread "RMI GC Daemon" daemon [_thread_blocked, id=5872, stack(0x000000d727900000,0x000000d727a00000)]
  0x0000025ee6bb03f0 JavaThread "RMI TCP Accept-0" daemon [_thread_in_native, id=14756, stack(0x000000d727a00000,0x000000d727b00000)]
  0x0000025ee6bacf00 JavaThread "RMI Reaper" [_thread_blocked, id=10784, stack(0x000000d727b00000,0x000000d727c00000)]
  0x0000025ee7b1c560 JavaThread "RMI TCP Connection(1)-127.0.0.1" daemon [_thread_in_native, id=11632, stack(0x000000d727c00000,0x000000d727d00000)]
  0x0000025eee418de0 JavaThread "C2 CompilerThread1" daemon [_thread_blocked, id=12164, stack(0x000000d723400000,0x000000d723500000)]
  0x0000025ee7b19070 JavaThread "WorkerExecutor Queue Thread 2" [_thread_blocked, id=8328, stack(0x000000d727d00000,0x000000d727e00000)]
  0x0000025ee5085230 JavaThread "WorkerExecutor Queue Thread 3" [_thread_blocked, id=5748, stack(0x000000d727e00000,0x000000d727f00000)]
  0x0000025ee50878b0 JavaThread "WorkerExecutor Queue Thread 4" [_thread_blocked, id=5740, stack(0x000000d728000000,0x000000d728100000)]
  0x0000025ee5086570 JavaThread "WorkerExecutor Queue Thread 5" [_thread_blocked, id=14564, stack(0x000000d728100000,0x000000d728200000)]

Other Threads:
=>0x0000025ee14e2390 VMThread "VM Thread" [stack: 0x000000d721c00000,0x000000d721d00000] [id=10608]
  0x0000025ee145d5f0 WatcherThread [stack: 0x000000d722800000,0x000000d722900000] [id=76]
  0x0000025ec5ffcd30 GCTaskThread "GC Thread#0" [stack: 0x000000d721700000,0x000000d721800000] [id=5132]
  0x0000025ee24b7650 GCTaskThread "GC Thread#1" [stack: 0x000000d722a00000,0x000000d722b00000] [id=6600]
  0x0000025ee2957270 GCTaskThread "GC Thread#2" [stack: 0x000000d722b00000,0x000000d722c00000] [id=9196]
  0x0000025ee2ea97b0 GCTaskThread "GC Thread#3" [stack: 0x000000d722c00000,0x000000d722d00000] [id=7752]
  0x0000025ec600eb90 ConcurrentGCThread "G1 Main Marker" [stack: 0x000000d721800000,0x000000d721900000] [id=12580]
  0x0000025ec600fc50 ConcurrentGCThread "G1 Conc#0" [stack: 0x000000d721900000,0x000000d721a00000] [id=6848]
  0x0000025ec6064c30 ConcurrentGCThread "G1 Refine#0" [stack: 0x000000d721a00000,0x000000d721b00000] [id=7408]
  0x0000025ee3295b90 ConcurrentGCThread "G1 Refine#1" [stack: 0x000000d724400000,0x000000d724500000] [id=11912]
  0x0000025ec6065560 ConcurrentGCThread "G1 Service" [stack: 0x000000d721b00000,0x000000d721c00000] [id=8420]

Threads with active compile tasks:
C2 CompilerThread0   190900 19553       4       com.android.tools.r8.internal.lH::a (447 bytes)
C1 CompilerThread0   190900 19877       3       com.android.tools.r8.ir.regalloc.b::a (1239 bytes)
C2 CompilerThread1   190901 19857 %     4       com.android.tools.r8.ir.regalloc.b::c @ 1545 (4041 bytes)

VM state: at safepoint (normal execution)

VM Mutex/Monitor currently owned by a thread:  ([mutex/lock_event])
[0x0000025ec5f9e440] Threads_lock - owner thread: 0x0000025ee14e2390
[0x0000025ec5f9e560] Heap_lock - owner thread: 0x0000025ec600eb90

Heap address: 0x0000000080000000, size: 2048 MB, Compressed Oops mode: 32-bit

CDS archive(s) not mapped
Compressed class space mapped at: 0x0000000100000000-0x0000000140000000, reserved size: 1073741824
Narrow klass base: 0x0000000000000000, Narrow klass shift: 3, Narrow klass range: 0x140000000

GC Precious Log:
 CPUs: 4 total, 4 available
 Memory: 8076M
 Large Page Support: Disabled
 NUMA Support: Disabled
 Compressed Oops: Enabled (32-bit)
 Heap Region Size: 1M
 Heap Min Capacity: 8M
 Heap Initial Capacity: 128M
 Heap Max Capacity: 2G
 Pre-touch: Disabled
 Parallel Workers: 4
 Concurrent Workers: 1
 Concurrent Refinement Workers: 4
 Periodic GC: Disabled

Heap:
 garbage-first heap   total 287744K, used 178009K [0x0000000080000000, 0x0000000100000000)
  region size 1024K, 14 young (14336K), 3 survivors (3072K)
 Metaspace       used 122994K, committed 123968K, reserved 1163264K
  class space    used 16852K, committed 17280K, reserved 1048576K

Heap Regions: E=young(eden), S=young(survivor), O=old, HS=humongous(starts), HC=humongous(continues), CS=collection set, F=free, OA=open archive, CA=closed archive, TAMS=top-at-mark-start (previous, next)
|   0|0x0000000080000000, 0x0000000080100000, 0x0000000080100000|100%| O|  |TAMS 0x0000000080100000, 0x0000000080000000| Untracked 
|   1|0x0000000080100000, 0x0000000080200000, 0x0000000080200000|100%| O|  |TAMS 0x0000000080200000, 0x0000000080100000| Untracked 
|   2|0x0000000080200000, 0x0000000080300000, 0x0000000080300000|100%|HS|  |TAMS 0x0000000080300000, 0x0000000080200000| Complete 
|   3|0x0000000080300000, 0x0000000080400000, 0x0000000080400000|100%|HC|  |TAMS 0x0000000080400000, 0x0000000080300000| Complete 
|   4|0x0000000080400000, 0x0000000080500000, 0x0000000080500000|100%|HC|  |TAMS 0x0000000080500000, 0x0000000080400000| Complete 
|   5|0x0000000080500000, 0x0000000080600000, 0x0000000080600000|100%|HC|  |TAMS 0x0000000080600000, 0x0000000080500000| Complete 
|   6|0x0000000080600000, 0x0000000080700000, 0x0000000080700000|100%| O|  |TAMS 0x0000000080700000, 0x0000000080600000| Untracked 
|   7|0x0000000080700000, 0x0000000080800000, 0x0000000080800000|100%| O|  |TAMS 0x0000000080800000, 0x0000000080700000| Untracked 
|   8|0x0000000080800000, 0x0000000080900000, 0x0000000080900000|100%| O|  |TAMS 0x0000000080900000, 0x0000000080800000| Updating 
|   9|0x0000000080900000, 0x0000000080a00000, 0x0000000080a00000|100%| O|  |TAMS 0x0000000080a00000, 0x0000000080900000| Untracked 
|  10|0x0000000080a00000, 0x0000000080b00000, 0x0000000080b00000|100%| O|  |TAMS 0x0000000080b00000, 0x0000000080a00000| Untracked 
|  11|0x0000000080b00000, 0x0000000080c00000, 0x0000000080c00000|100%| O|  |TAMS 0x0000000080c00000, 0x0000000080b00000| Untracked 
|  12|0x0000000080c00000, 0x0000000080d00000, 0x0000000080d00000|100%| O|  |TAMS 0x0000000080d00000, 0x0000000080c00000| Updating 
|  13|0x0000000080d00000, 0x0000000080e00000, 0x0000000080e00000|100%| O|  |TAMS 0x0000000080e00000, 0x0000000080d00000| Untracked 
|  14|0x0000000080e00000, 0x0000000080f00000, 0x0000000080f00000|100%| O|  |TAMS 0x0000000080f00000, 0x0000000080e00000| Untracked 
|  15|0x0000000080f00000, 0x0000000081000000, 0x0000000081000000|100%| O|  |TAMS 0x0000000081000000, 0x0000000080f00000| Untracked 
|  16|0x0000000081000000, 0x0000000081100000, 0x0000000081100000|100%| O|  |TAMS 0x0000000081100000, 0x0000000081000000| Untracked 
|  17|0x0000000081100000, 0x0000000081200000, 0x0000000081200000|100%| O|  |TAMS 0x0000000081200000, 0x0000000081100000| Untracked 
|  18|0x0000000081200000, 0x0000000081300000, 0x0000000081300000|100%| O|  |TAMS 0x0000000081300000, 0x0000000081200000| Untracked 
|  19|0x0000000081300000, 0x0000000081400000, 0x0000000081400000|100%| O|  |TAMS 0x0000000081400000, 0x0000000081300000| Untracked 
|  20|0x0000000081400000, 0x0000000081500000, 0x0000000081500000|100%| O|  |TAMS 0x0000000081500000, 0x0000000081400000| Updating 
|  21|0x0000000081500000, 0x0000000081600000, 0x0000000081600000|100%| O|  |TAMS 0x0000000081600000, 0x0000000081500000| Untracked 
|  22|0x0000000081600000, 0x0000000081700000, 0x0000000081700000|100%| O|  |TAMS 0x0000000081700000, 0x0000000081600000| Updating 
|  23|0x0000000081700000, 0x0000000081800000, 0x0000000081800000|100%| O|  |TAMS 0x0000000081800000, 0x0000000081700000| Untracked 
|  24|0x0000000081800000, 0x0000000081900000, 0x0000000081900000|100%| O|  |TAMS 0x0000000081900000, 0x0000000081800000| Untracked 
|  25|0x0000000081900000, 0x0000000081a00000, 0x0000000081a00000|100%| O|  |TAMS 0x0000000081a00000, 0x0000000081900000| Updating 
|  26|0x0000000081a00000, 0x0000000081b00000, 0x0000000081b00000|100%| O|  |TAMS 0x0000000081b00000, 0x0000000081a00000| Updating 
|  27|0x0000000081b00000, 0x0000000081c00000, 0x0000000081c00000|100%| O|  |TAMS 0x0000000081c00000, 0x0000000081b00000| Untracked 
|  28|0x0000000081c00000, 0x0000000081d00000, 0x0000000081d00000|100%| O|  |TAMS 0x0000000081d00000, 0x0000000081c00000| Untracked 
|  29|0x0000000081d00000, 0x0000000081e00000, 0x0000000081e00000|100%| O|  |TAMS 0x0000000081e00000, 0x0000000081d00000| Untracked 
|  30|0x0000000081e00000, 0x0000000081f00000, 0x0000000081f00000|100%| O|  |TAMS 0x0000000081f00000, 0x0000000081e00000| Updating 
|  31|0x0000000081f00000, 0x0000000082000000, 0x0000000082000000|100%| O|  |TAMS 0x0000000082000000, 0x0000000081f00000| Updating 
|  32|0x0000000082000000, 0x0000000082100000, 0x0000000082100000|100%| O|  |TAMS 0x0000000082100000, 0x0000000082000000| Updating 
|  33|0x0000000082100000, 0x0000000082200000, 0x0000000082200000|100%|HS|  |TAMS 0x0000000082200000, 0x0000000082100000| Complete 
|  34|0x0000000082200000, 0x0000000082300000, 0x0000000082300000|100%|HS|  |TAMS 0x0000000082300000, 0x0000000082200000| Complete 
|  35|0x0000000082300000, 0x0000000082400000, 0x0000000082400000|100%|HS|  |TAMS 0x0000000082400000, 0x0000000082300000| Complete 
|  36|0x0000000082400000, 0x0000000082500000, 0x0000000082500000|100%|HC|  |TAMS 0x0000000082500000, 0x0000000082400000| Complete 
|  37|0x0000000082500000, 0x0000000082600000, 0x0000000082600000|100%| O|  |TAMS 0x0000000082600000, 0x0000000082500000| Updating 
|  38|0x0000000082600000, 0x0000000082700000, 0x0000000082700000|100%| O|  |TAMS 0x0000000082700000, 0x0000000082600000| Updating 
|  39|0x0000000082700000, 0x0000000082800000, 0x0000000082800000|100%| O|  |TAMS 0x0000000082800000, 0x0000000082700000| Updating 
|  40|0x0000000082800000, 0x0000000082900000, 0x0000000082900000|100%| O|  |TAMS 0x0000000082900000, 0x0000000082800000| Updating 
|  41|0x0000000082900000, 0x0000000082a00000, 0x0000000082a00000|100%| O|  |TAMS 0x0000000082a00000, 0x0000000082900000| Updating 
|  42|0x0000000082a00000, 0x0000000082b00000, 0x0000000082b00000|100%|HS|  |TAMS 0x0000000082b00000, 0x0000000082a00000| Complete 
|  43|0x0000000082b00000, 0x0000000082c00000, 0x0000000082c00000|100%|HC|  |TAMS 0x0000000082c00000, 0x0000000082b00000| Complete 
|  44|0x0000000082c00000, 0x0000000082d00000, 0x0000000082d00000|100%|HC|  |TAMS 0x0000000082d00000, 0x0000000082c00000| Complete 
|  45|0x0000000082d00000, 0x0000000082e00000, 0x0000000082e00000|100%|HC|  |TAMS 0x0000000082e00000, 0x0000000082d00000| Complete 
|  46|0x0000000082e00000, 0x0000000082f00000, 0x0000000082f00000|100%| O|  |TAMS 0x0000000082f00000, 0x0000000082e00000| Untracked 
|  47|0x0000000082f00000, 0x0000000083000000, 0x0000000083000000|100%| O|  |TAMS 0x0000000083000000, 0x0000000082f00000| Updating 
|  48|0x0000000083000000, 0x0000000083100000, 0x0000000083100000|100%| O|  |TAMS 0x0000000083100000, 0x0000000083000000| Untracked 
|  49|0x0000000083100000, 0x0000000083200000, 0x0000000083200000|100%| O|  |TAMS 0x0000000083200000, 0x0000000083100000| Updating 
|  50|0x0000000083200000, 0x0000000083300000, 0x0000000083300000|100%| O|  |TAMS 0x0000000083300000, 0x0000000083200000| Untracked 
|  51|0x0000000083300000, 0x0000000083400000, 0x0000000083400000|100%| O|  |TAMS 0x0000000083400000, 0x0000000083300000| Updating 
|  52|0x0000000083400000, 0x0000000083500000, 0x0000000083500000|100%| O|  |TAMS 0x0000000083500000, 0x0000000083400000| Untracked 
|  53|0x0000000083500000, 0x0000000083600000, 0x0000000083600000|100%| O|  |TAMS 0x0000000083600000, 0x0000000083500000| Updating 
|  54|0x0000000083600000, 0x0000000083700000, 0x0000000083700000|100%| O|  |TAMS 0x0000000083700000, 0x0000000083600000| Untracked 
|  55|0x0000000083700000, 0x0000000083800000, 0x0000000083800000|100%| O|  |TAMS 0x0000000083800000, 0x0000000083700000| Untracked 
|  56|0x0000000083800000, 0x0000000083900000, 0x0000000083900000|100%| O|  |TAMS 0x0000000083900000, 0x0000000083800000| Updating 
|  57|0x0000000083900000, 0x0000000083a00000, 0x0000000083a00000|100%| O|  |TAMS 0x0000000083a00000, 0x0000000083900000| Updating 
|  58|0x0000000083a00000, 0x0000000083b00000, 0x0000000083b00000|100%| O|  |TAMS 0x0000000083b00000, 0x0000000083a00000| Updating 
|  59|0x0000000083b00000, 0x0000000083c00000, 0x0000000083c00000|100%| O|  |TAMS 0x0000000083c00000, 0x0000000083b00000| Untracked 
|  60|0x0000000083c00000, 0x0000000083d00000, 0x0000000083d00000|100%| O|  |TAMS 0x0000000083d00000, 0x0000000083c00000| Updating 
|  61|0x0000000083d00000, 0x0000000083e00000, 0x0000000083e00000|100%| O|  |TAMS 0x0000000083e00000, 0x0000000083d00000| Untracked 
|  62|0x0000000083e00000, 0x0000000083f00000, 0x0000000083f00000|100%| O|  |TAMS 0x0000000083f00000, 0x0000000083e00000| Updating 
|  63|0x0000000083f00000, 0x0000000084000000, 0x0000000084000000|100%| O|  |TAMS 0x0000000084000000, 0x0000000083f00000| Updating 
|  64|0x0000000084000000, 0x0000000084100000, 0x0000000084100000|100%| O|  |TAMS 0x0000000084100000, 0x0000000084000000| Updating 
|  65|0x0000000084100000, 0x0000000084200000, 0x0000000084200000|100%| O|  |TAMS 0x0000000084200000, 0x0000000084100000| Updating 
|  66|0x0000000084200000, 0x0000000084300000, 0x0000000084300000|100%| O|  |TAMS 0x0000000084300000, 0x0000000084200000| Updating 
|  67|0x0000000084300000, 0x0000000084400000, 0x0000000084400000|100%| O|  |TAMS 0x0000000084400000, 0x0000000084300000| Updating 
|  68|0x0000000084400000, 0x0000000084500000, 0x0000000084500000|100%| O|  |TAMS 0x0000000084500000, 0x0000000084400000| Updating 
|  69|0x0000000084500000, 0x0000000084600000, 0x0000000084600000|100%| O|  |TAMS 0x0000000084600000, 0x0000000084500000| Updating 
|  70|0x0000000084600000, 0x0000000084700000, 0x0000000084700000|100%| O|  |TAMS 0x0000000084700000, 0x0000000084600000| Updating 
|  71|0x0000000084700000, 0x0000000084800000, 0x0000000084800000|100%| O|  |TAMS 0x0000000084800000, 0x0000000084700000| Untracked 
|  72|0x0000000084800000, 0x0000000084900000, 0x0000000084900000|100%| O|  |TAMS 0x0000000084900000, 0x0000000084800000| Untracked 
|  73|0x0000000084900000, 0x0000000084a00000, 0x0000000084a00000|100%| O|  |TAMS 0x0000000084a00000, 0x0000000084900000| Untracked 
|  74|0x0000000084a00000, 0x0000000084b00000, 0x0000000084b00000|100%| O|  |TAMS 0x0000000084b00000, 0x0000000084a00000| Untracked 
|  75|0x0000000084b00000, 0x0000000084c00000, 0x0000000084c00000|100%| O|  |TAMS 0x0000000084c00000, 0x0000000084b00000| Untracked 
|  76|0x0000000084c00000, 0x0000000084d00000, 0x0000000084d00000|100%| O|  |TAMS 0x0000000084d00000, 0x0000000084c00000| Updating 
|  77|0x0000000084d00000, 0x0000000084e00000, 0x0000000084e00000|100%| O|  |TAMS 0x0000000084e00000, 0x0000000084d00000| Untracked 
|  78|0x0000000084e00000, 0x0000000084f00000, 0x0000000084f00000|100%| O|  |TAMS 0x0000000084f00000, 0x0000000084e00000| Untracked 
|  79|0x0000000084f00000, 0x0000000085000000, 0x0000000085000000|100%| O|  |TAMS 0x0000000085000000, 0x0000000084f00000| Untracked 
|  80|0x0000000085000000, 0x0000000085100000, 0x0000000085100000|100%| O|  |TAMS 0x0000000085100000, 0x0000000085000000| Untracked 
|  81|0x0000000085100000, 0x0000000085200000, 0x0000000085200000|100%| O|  |TAMS 0x0000000085200000, 0x0000000085100000| Updating 
|  82|0x0000000085200000, 0x0000000085300000, 0x0000000085300000|100%| O|  |TAMS 0x0000000085300000, 0x0000000085200000| Updating 
|  83|0x0000000085300000, 0x0000000085400000, 0x0000000085400000|100%| O|  |TAMS 0x0000000085400000, 0x0000000085300000| Updating 
|  84|0x0000000085400000, 0x0000000085500000, 0x0000000085500000|100%| O|  |TAMS 0x0000000085500000, 0x0000000085400000| Updating 
|  85|0x0000000085500000, 0x0000000085600000, 0x0000000085600000|100%| O|  |TAMS 0x0000000085600000, 0x0000000085500000| Updating 
|  86|0x0000000085600000, 0x0000000085700000, 0x0000000085700000|100%| O|  |TAMS 0x0000000085700000, 0x0000000085600000| Updating 
|  87|0x0000000085700000, 0x0000000085800000, 0x0000000085800000|100%| O|  |TAMS 0x0000000085800000, 0x0000000085700000| Updating 
|  88|0x0000000085800000, 0x0000000085900000, 0x0000000085900000|100%| O|  |TAMS 0x0000000085900000, 0x0000000085800000| Updating 
|  89|0x0000000085900000, 0x0000000085a00000, 0x0000000085a00000|100%| O|  |TAMS 0x0000000085a00000, 0x0000000085900000| Untracked 
|  90|0x0000000085a00000, 0x0000000085b00000, 0x0000000085b00000|100%| O|  |TAMS 0x0000000085b00000, 0x0000000085a00000| Untracked 
|  91|0x0000000085b00000, 0x0000000085c00000, 0x0000000085c00000|100%| O|  |TAMS 0x0000000085c00000, 0x0000000085b00000| Untracked 
|  92|0x0000000085c00000, 0x0000000085d00000, 0x0000000085d00000|100%| O|  |TAMS 0x0000000085d00000, 0x0000000085c00000| Untracked 
|  93|0x0000000085d00000, 0x0000000085e00000, 0x0000000085e00000|100%| O|  |TAMS 0x0000000085e00000, 0x0000000085d00000| Untracked 
|  94|0x0000000085e00000, 0x0000000085f00000, 0x0000000085f00000|100%| O|  |TAMS 0x0000000085f00000, 0x0000000085e00000| Untracked 
|  95|0x0000000085f00000, 0x0000000086000000, 0x0000000086000000|100%| O|  |TAMS 0x0000000086000000, 0x0000000085f00000| Updating 
|  96|0x0000000086000000, 0x0000000086100000, 0x0000000086100000|100%| O|  |TAMS 0x0000000086100000, 0x0000000086000000| Updating 
|  97|0x0000000086100000, 0x0000000086200000, 0x0000000086200000|100%| O|  |TAMS 0x0000000086200000, 0x0000000086100000| Updating 
|  98|0x0000000086200000, 0x0000000086300000, 0x0000000086300000|100%| O|  |TAMS 0x0000000086300000, 0x0000000086200000| Updating 
|  99|0x0000000086300000, 0x0000000086400000, 0x0000000086400000|100%| O|  |TAMS 0x0000000086400000, 0x0000000086300000| Untracked 
| 100|0x0000000086400000, 0x0000000086500000, 0x0000000086500000|100%| O|  |TAMS 0x0000000086500000, 0x0000000086400000| Updating 
| 101|0x0000000086500000, 0x0000000086600000, 0x0000000086600000|100%| O|  |TAMS 0x0000000086600000, 0x0000000086500000| Updating 
| 102|0x0000000086600000, 0x0000000086700000, 0x0000000086700000|100%| O|  |TAMS 0x0000000086700000, 0x0000000086600000| Updating 
| 103|0x0000000086700000, 0x0000000086800000, 0x0000000086800000|100%| O|  |TAMS 0x0000000086800000, 0x0000000086700000| Updating 
| 104|0x0000000086800000, 0x0000000086900000, 0x0000000086900000|100%| O|  |TAMS 0x0000000086900000, 0x0000000086800000| Updating 
| 105|0x0000000086900000, 0x0000000086a00000, 0x0000000086a00000|100%| O|  |TAMS 0x0000000086a00000, 0x0000000086900000| Updating 
| 106|0x0000000086a00000, 0x0000000086b00000, 0x0000000086b00000|100%| O|  |TAMS 0x0000000086b00000, 0x0000000086a00000| Updating 
| 107|0x0000000086b00000, 0x0000000086c00000, 0x0000000086c00000|100%| O|  |TAMS 0x0000000086c00000, 0x0000000086b00000| Updating 
| 108|0x0000000086c00000, 0x0000000086d00000, 0x0000000086d00000|100%| O|  |TAMS 0x0000000086d00000, 0x0000000086c00000| Updating 
| 109|0x0000000086d00000, 0x0000000086e00000, 0x0000000086e00000|100%| O|  |TAMS 0x0000000086e00000, 0x0000000086d00000| Updating 
| 110|0x0000000086e00000, 0x0000000086f00000, 0x0000000086f00000|100%| O|  |TAMS 0x0000000086f00000, 0x0000000086e00000| Updating 
| 111|0x0000000086f00000, 0x0000000087000000, 0x0000000087000000|100%| O|  |TAMS 0x0000000087000000, 0x0000000086f00000| Updating 
| 112|0x0000000087000000, 0x0000000087100000, 0x0000000087100000|100%| O|  |TAMS 0x0000000087100000, 0x0000000087000000| Updating 
| 113|0x0000000087100000, 0x0000000087200000, 0x0000000087200000|100%| O|  |TAMS 0x0000000087200000, 0x0000000087100000| Updating 
| 114|0x0000000087200000, 0x0000000087300000, 0x0000000087300000|100%| O|  |TAMS 0x0000000087300000, 0x0000000087200000| Updating 
| 115|0x0000000087300000, 0x0000000087400000, 0x0000000087400000|100%| O|  |TAMS 0x0000000087400000, 0x0000000087300000| Updating 
| 116|0x0000000087400000, 0x0000000087500000, 0x0000000087500000|100%| O|  |TAMS 0x0000000087500000, 0x0000000087400000| Updating 
| 117|0x0000000087500000, 0x0000000087600000, 0x0000000087600000|100%| O|  |TAMS 0x0000000087600000, 0x0000000087500000| Updating 
| 118|0x0000000087600000, 0x0000000087700000, 0x0000000087700000|100%| O|  |TAMS 0x0000000087700000, 0x0000000087600000| Updating 
| 119|0x0000000087700000, 0x0000000087800000, 0x0000000087800000|100%| O|  |TAMS 0x0000000087800000, 0x0000000087700000| Untracked 
| 120|0x0000000087800000, 0x0000000087900000, 0x0000000087900000|100%| O|  |TAMS 0x0000000087900000, 0x0000000087800000| Updating 
| 121|0x0000000087900000, 0x0000000087a00000, 0x0000000087a00000|100%| O|  |TAMS 0x0000000087a00000, 0x0000000087900000| Untracked 
| 122|0x0000000087a00000, 0x0000000087b00000, 0x0000000087b00000|100%| O|  |TAMS 0x0000000087b00000, 0x0000000087a00000| Updating 
| 123|0x0000000087b00000, 0x0000000087c00000, 0x0000000087c00000|100%| O|  |TAMS 0x0000000087c00000, 0x0000000087b00000| Updating 
| 124|0x0000000087c00000, 0x0000000087d00000, 0x0000000087d00000|100%| O|  |TAMS 0x0000000087d00000, 0x0000000087c00000| Updating 
| 125|0x0000000087d00000, 0x0000000087e00000, 0x0000000087e00000|100%| O|  |TAMS 0x0000000087e00000, 0x0000000087d00000| Updating 
| 126|0x0000000087e00000, 0x0000000087f00000, 0x0000000087f00000|100%| O|  |TAMS 0x0000000087f00000, 0x0000000087e00000| Updating 
| 127|0x0000000087f00000, 0x0000000087f00000, 0x0000000088000000|  0%| F|  |TAMS 0x0000000087f00000, 0x0000000087f00000| Untracked 
| 128|0x0000000088000000, 0x0000000088100000, 0x0000000088100000|100%| O|  |TAMS 0x0000000088100000, 0x0000000088000000| Updating 
| 129|0x0000000088100000, 0x0000000088200000, 0x0000000088200000|100%| O|  |TAMS 0x0000000088200000, 0x0000000088100000| Updating 
| 130|0x0000000088200000, 0x0000000088300000, 0x0000000088300000|100%| O|  |TAMS 0x0000000088300000, 0x0000000088200000| Updating 
| 131|0x0000000088300000, 0x0000000088400000, 0x0000000088400000|100%| O|  |TAMS 0x0000000088400000, 0x0000000088300000| Updating 
| 132|0x0000000088400000, 0x0000000088400000, 0x0000000088500000|  0%| F|  |TAMS 0x0000000088400000, 0x0000000088400000| Untracked 
| 133|0x0000000088500000, 0x0000000088600000, 0x0000000088600000|100%| O|  |TAMS 0x0000000088600000, 0x0000000088500000| Updating 
| 134|0x0000000088600000, 0x0000000088700000, 0x0000000088700000|100%| O|  |TAMS 0x0000000088700000, 0x0000000088600000| Updating 
| 135|0x0000000088700000, 0x0000000088800000, 0x0000000088800000|100%| O|  |TAMS 0x0000000088800000, 0x0000000088700000| Untracked 
| 136|0x0000000088800000, 0x0000000088900000, 0x0000000088900000|100%| O|  |TAMS 0x0000000088900000, 0x0000000088800000| Updating 
| 137|0x0000000088900000, 0x0000000088a00000, 0x0000000088a00000|100%| O|  |TAMS 0x0000000088a00000, 0x0000000088900000| Updating 
| 138|0x0000000088a00000, 0x0000000088b00000, 0x0000000088b00000|100%| O|  |TAMS 0x0000000088b00000, 0x0000000088a00000| Updating 
| 139|0x0000000088b00000, 0x0000000088b00000, 0x0000000088c00000|  0%| F|  |TAMS 0x0000000088b00000, 0x0000000088b00000| Untracked 
| 140|0x0000000088c00000, 0x0000000088c00000, 0x0000000088d00000|  0%| F|  |TAMS 0x0000000088c00000, 0x0000000088c00000| Untracked 
| 141|0x0000000088d00000, 0x0000000088e00000, 0x0000000088e00000|100%| O|  |TAMS 0x0000000088e00000, 0x0000000088d00000| Updating 
| 142|0x0000000088e00000, 0x0000000088f00000, 0x0000000088f00000|100%| O|  |TAMS 0x0000000088f00000, 0x0000000088e00000| Untracked 
| 143|0x0000000088f00000, 0x0000000089000000, 0x0000000089000000|100%| O|  |TAMS 0x0000000089000000, 0x0000000088f00000| Untracked 
| 144|0x0000000089000000, 0x0000000089100000, 0x0000000089100000|100%| O|  |TAMS 0x0000000089100000, 0x0000000089000000| Untracked 
| 145|0x0000000089100000, 0x0000000089200000, 0x0000000089200000|100%| O|  |TAMS 0x0000000089200000, 0x0000000089100000| Untracked 
| 146|0x0000000089200000, 0x0000000089200000, 0x0000000089300000|  0%| F|  |TAMS 0x0000000089200000, 0x0000000089200000| Untracked 
| 147|0x0000000089300000, 0x0000000089300000, 0x0000000089400000|  0%| F|  |TAMS 0x0000000089300000, 0x0000000089300000| Untracked 
| 148|0x0000000089400000, 0x0000000089400000, 0x0000000089500000|  0%| F|  |TAMS 0x0000000089400000, 0x0000000089400000| Untracked 
| 149|0x0000000089500000, 0x0000000089600000, 0x0000000089600000|100%| O|  |TAMS 0x0000000089600000, 0x0000000089500000| Updating 
| 150|0x0000000089600000, 0x0000000089700000, 0x0000000089700000|100%| O|  |TAMS 0x0000000089700000, 0x0000000089600000| Updating 
| 151|0x0000000089700000, 0x0000000089800000, 0x0000000089800000|100%| O|  |TAMS 0x0000000089800000, 0x0000000089700000| Untracked 
| 152|0x0000000089800000, 0x0000000089900000, 0x0000000089900000|100%| O|  |TAMS 0x0000000089900000, 0x0000000089800000| Untracked 
| 153|0x0000000089900000, 0x0000000089a00000, 0x0000000089a00000|100%| O|  |TAMS 0x0000000089a00000, 0x0000000089900000| Untracked 
| 154|0x0000000089a00000, 0x0000000089b00000, 0x0000000089b00000|100%| O|  |TAMS 0x0000000089b00000, 0x0000000089a00000| Untracked 
| 155|0x0000000089b00000, 0x0000000089c00000, 0x0000000089c00000|100%| O|  |TAMS 0x0000000089c00000, 0x0000000089b00000| Untracked 
| 156|0x0000000089c00000, 0x0000000089d00000, 0x0000000089d00000|100%| O|  |TAMS 0x0000000089d00000, 0x0000000089c00000| Untracked 
| 157|0x0000000089d00000, 0x0000000089e00000, 0x0000000089e00000|100%| O|  |TAMS 0x0000000089e00000, 0x0000000089d00000| Untracked 
| 158|0x0000000089e00000, 0x0000000089f00000, 0x0000000089f00000|100%| O|  |TAMS 0x0000000089f00000, 0x0000000089e00000| Untracked 
| 159|0x0000000089f00000, 0x000000008a000000, 0x000000008a000000|100%| O|  |TAMS 0x000000008a000000, 0x0000000089f00000| Untracked 
| 160|0x000000008a000000, 0x000000008a100000, 0x000000008a100000|100%| O|  |TAMS 0x000000008a100000, 0x000000008a000000| Untracked 
| 161|0x000000008a100000, 0x000000008a200000, 0x000000008a200000|100%| O|  |TAMS 0x000000008a200000, 0x000000008a100000| Updating 
| 162|0x000000008a200000, 0x000000008a300000, 0x000000008a300000|100%| O|  |TAMS 0x000000008a300000, 0x000000008a200000| Untracked 
| 163|0x000000008a300000, 0x000000008a400000, 0x000000008a400000|100%| O|  |TAMS 0x000000008a400000, 0x000000008a300000| Untracked 
| 164|0x000000008a400000, 0x000000008a500000, 0x000000008a500000|100%| O|  |TAMS 0x000000008a500000, 0x000000008a400000| Untracked 
| 165|0x000000008a500000, 0x000000008a600000, 0x000000008a600000|100%| O|  |TAMS 0x000000008a600000, 0x000000008a500000| Untracked 
| 166|0x000000008a600000, 0x000000008a700000, 0x000000008a700000|100%| O|  |TAMS 0x000000008a700000, 0x000000008a600000| Updating 
| 167|0x000000008a700000, 0x000000008a800000, 0x000000008a800000|100%| O|  |TAMS 0x000000008a800000, 0x000000008a700000| Untracked 
| 168|0x000000008a800000, 0x000000008a849a00, 0x000000008a900000| 28%| O|  |TAMS 0x000000008a849a00, 0x000000008a800000| Updating 
| 169|0x000000008a900000, 0x000000008a900000, 0x000000008aa00000|  0%| F|  |TAMS 0x000000008a900000, 0x000000008a900000| Untracked 
| 170|0x000000008aa00000, 0x000000008aa00000, 0x000000008ab00000|  0%| F|  |TAMS 0x000000008aa00000, 0x000000008aa00000| Untracked 
| 171|0x000000008ab00000, 0x000000008ab00000, 0x000000008ac00000|  0%| F|  |TAMS 0x000000008ab00000, 0x000000008ab00000| Untracked 
| 172|0x000000008ac00000, 0x000000008ac00000, 0x000000008ad00000|  0%| F|  |TAMS 0x000000008ac00000, 0x000000008ac00000| Untracked 
| 173|0x000000008ad00000, 0x000000008ad00000, 0x000000008ae00000|  0%| F|  |TAMS 0x000000008ad00000, 0x000000008ad00000| Untracked 
| 174|0x000000008ae00000, 0x000000008ae00000, 0x000000008af00000|  0%| F|  |TAMS 0x000000008ae00000, 0x000000008ae00000| Untracked 
| 175|0x000000008af00000, 0x000000008af00000, 0x000000008b000000|  0%| F|  |TAMS 0x000000008af00000, 0x000000008af00000| Untracked 
| 176|0x000000008b000000, 0x000000008b000000, 0x000000008b100000|  0%| F|  |TAMS 0x000000008b000000, 0x000000008b000000| Untracked 
| 177|0x000000008b100000, 0x000000008b100000, 0x000000008b200000|  0%| F|  |TAMS 0x000000008b100000, 0x000000008b100000| Untracked 
| 178|0x000000008b200000, 0x000000008b200000, 0x000000008b300000|  0%| F|  |TAMS 0x000000008b200000, 0x000000008b200000| Untracked 
| 179|0x000000008b300000, 0x000000008b300000, 0x000000008b400000|  0%| F|  |TAMS 0x000000008b300000, 0x000000008b300000| Untracked 
| 180|0x000000008b400000, 0x000000008b400000, 0x000000008b500000|  0%| F|  |TAMS 0x000000008b400000, 0x000000008b400000| Untracked 
| 181|0x000000008b500000, 0x000000008b500000, 0x000000008b600000|  0%| F|  |TAMS 0x000000008b500000, 0x000000008b500000| Untracked 
| 182|0x000000008b600000, 0x000000008b600000, 0x000000008b700000|  0%| F|  |TAMS 0x000000008b600000, 0x000000008b600000| Untracked 
| 183|0x000000008b700000, 0x000000008b700000, 0x000000008b800000|  0%| F|  |TAMS 0x000000008b700000, 0x000000008b700000| Untracked 
| 184|0x000000008b800000, 0x000000008b800000, 0x000000008b900000|  0%| F|  |TAMS 0x000000008b800000, 0x000000008b800000| Untracked 
| 185|0x000000008b900000, 0x000000008b900000, 0x000000008ba00000|  0%| F|  |TAMS 0x000000008b900000, 0x000000008b900000| Untracked 
| 186|0x000000008ba00000, 0x000000008ba00000, 0x000000008bb00000|  0%| F|  |TAMS 0x000000008ba00000, 0x000000008ba00000| Untracked 
| 187|0x000000008bb00000, 0x000000008bb00000, 0x000000008bc00000|  0%| F|  |TAMS 0x000000008bb00000, 0x000000008bb00000| Untracked 
| 188|0x000000008bc00000, 0x000000008bc00000, 0x000000008bd00000|  0%| F|  |TAMS 0x000000008bc00000, 0x000000008bc00000| Untracked 
| 189|0x000000008bd00000, 0x000000008bd00000, 0x000000008be00000|  0%| F|  |TAMS 0x000000008bd00000, 0x000000008bd00000| Untracked 
| 190|0x000000008be00000, 0x000000008be00000, 0x000000008bf00000|  0%| F|  |TAMS 0x000000008be00000, 0x000000008be00000| Untracked 
| 191|0x000000008bf00000, 0x000000008bf00000, 0x000000008c000000|  0%| F|  |TAMS 0x000000008bf00000, 0x000000008bf00000| Untracked 
| 192|0x000000008c000000, 0x000000008c000000, 0x000000008c100000|  0%| F|  |TAMS 0x000000008c000000, 0x000000008c000000| Untracked 
| 193|0x000000008c100000, 0x000000008c100000, 0x000000008c200000|  0%| F|  |TAMS 0x000000008c100000, 0x000000008c100000| Untracked 
| 194|0x000000008c200000, 0x000000008c200000, 0x000000008c300000|  0%| F|  |TAMS 0x000000008c200000, 0x000000008c200000| Untracked 
| 195|0x000000008c300000, 0x000000008c300000, 0x000000008c400000|  0%| F|  |TAMS 0x000000008c300000, 0x000000008c300000| Untracked 
| 196|0x000000008c400000, 0x000000008c400000, 0x000000008c500000|  0%| F|  |TAMS 0x000000008c400000, 0x000000008c400000| Untracked 
| 197|0x000000008c500000, 0x000000008c500000, 0x000000008c600000|  0%| F|  |TAMS 0x000000008c500000, 0x000000008c500000| Untracked 
| 198|0x000000008c600000, 0x000000008c600000, 0x000000008c700000|  0%| F|  |TAMS 0x000000008c600000, 0x000000008c600000| Untracked 
| 199|0x000000008c700000, 0x000000008c700000, 0x000000008c800000|  0%| F|  |TAMS 0x000000008c700000, 0x000000008c700000| Untracked 
| 200|0x000000008c800000, 0x000000008c800000, 0x000000008c900000|  0%| F|  |TAMS 0x000000008c800000, 0x000000008c800000| Untracked 
| 201|0x000000008c900000, 0x000000008c900000, 0x000000008ca00000|  0%| F|  |TAMS 0x000000008c900000, 0x000000008c900000| Untracked 
| 202|0x000000008ca00000, 0x000000008ca00000, 0x000000008cb00000|  0%| F|  |TAMS 0x000000008ca00000, 0x000000008ca00000| Untracked 
| 203|0x000000008cb00000, 0x000000008cb00000, 0x000000008cc00000|  0%| F|  |TAMS 0x000000008cb00000, 0x000000008cb00000| Untracked 
| 204|0x000000008cc00000, 0x000000008cc00000, 0x000000008cd00000|  0%| F|  |TAMS 0x000000008cc00000, 0x000000008cc00000| Untracked 
| 205|0x000000008cd00000, 0x000000008cd00000, 0x000000008ce00000|  0%| F|  |TAMS 0x000000008cd00000, 0x000000008cd00000| Untracked 
| 206|0x000000008ce00000, 0x000000008ce00000, 0x000000008cf00000|  0%| F|  |TAMS 0x000000008ce00000, 0x000000008ce00000| Untracked 
| 207|0x000000008cf00000, 0x000000008cf00000, 0x000000008d000000|  0%| F|  |TAMS 0x000000008cf00000, 0x000000008cf00000| Untracked 
| 208|0x000000008d000000, 0x000000008d000000, 0x000000008d100000|  0%| F|  |TAMS 0x000000008d000000, 0x000000008d000000| Untracked 
| 209|0x000000008d100000, 0x000000008d100000, 0x000000008d200000|  0%| F|  |TAMS 0x000000008d100000, 0x000000008d100000| Untracked 
| 210|0x000000008d200000, 0x000000008d200000, 0x000000008d300000|  0%| F|  |TAMS 0x000000008d200000, 0x000000008d200000| Untracked 
| 211|0x000000008d300000, 0x000000008d300000, 0x000000008d400000|  0%| F|  |TAMS 0x000000008d300000, 0x000000008d300000| Untracked 
| 212|0x000000008d400000, 0x000000008d400000, 0x000000008d500000|  0%| F|  |TAMS 0x000000008d400000, 0x000000008d400000| Untracked 
| 213|0x000000008d500000, 0x000000008d500000, 0x000000008d600000|  0%| F|  |TAMS 0x000000008d500000, 0x000000008d500000| Untracked 
| 214|0x000000008d600000, 0x000000008d600000, 0x000000008d700000|  0%| F|  |TAMS 0x000000008d600000, 0x000000008d600000| Untracked 
| 215|0x000000008d700000, 0x000000008d700000, 0x000000008d800000|  0%| F|  |TAMS 0x000000008d700000, 0x000000008d700000| Untracked 
| 216|0x000000008d800000, 0x000000008d800000, 0x000000008d900000|  0%| F|  |TAMS 0x000000008d800000, 0x000000008d800000| Untracked 
| 217|0x000000008d900000, 0x000000008d900000, 0x000000008da00000|  0%| F|  |TAMS 0x000000008d900000, 0x000000008d900000| Untracked 
| 218|0x000000008da00000, 0x000000008da00000, 0x000000008db00000|  0%| F|  |TAMS 0x000000008da00000, 0x000000008da00000| Untracked 
| 219|0x000000008db00000, 0x000000008db00000, 0x000000008dc00000|  0%| F|  |TAMS 0x000000008db00000, 0x000000008db00000| Untracked 
| 220|0x000000008dc00000, 0x000000008dc00000, 0x000000008dd00000|  0%| F|  |TAMS 0x000000008dc00000, 0x000000008dc00000| Untracked 
| 221|0x000000008dd00000, 0x000000008dd00000, 0x000000008de00000|  0%| F|  |TAMS 0x000000008dd00000, 0x000000008dd00000| Untracked 
| 222|0x000000008de00000, 0x000000008de00000, 0x000000008df00000|  0%| F|  |TAMS 0x000000008de00000, 0x000000008de00000| Untracked 
| 223|0x000000008df00000, 0x000000008df00000, 0x000000008e000000|  0%| F|  |TAMS 0x000000008df00000, 0x000000008df00000| Untracked 
| 224|0x000000008e000000, 0x000000008e000000, 0x000000008e100000|  0%| F|  |TAMS 0x000000008e000000, 0x000000008e000000| Untracked 
| 225|0x000000008e100000, 0x000000008e100000, 0x000000008e200000|  0%| F|  |TAMS 0x000000008e100000, 0x000000008e100000| Untracked 
| 226|0x000000008e200000, 0x000000008e200000, 0x000000008e300000|  0%| F|  |TAMS 0x000000008e200000, 0x000000008e200000| Untracked 
| 227|0x000000008e300000, 0x000000008e300000, 0x000000008e400000|  0%| F|  |TAMS 0x000000008e300000, 0x000000008e300000| Untracked 
| 228|0x000000008e400000, 0x000000008e400000, 0x000000008e500000|  0%| F|  |TAMS 0x000000008e400000, 0x000000008e400000| Untracked 
| 229|0x000000008e500000, 0x000000008e500000, 0x000000008e600000|  0%| F|  |TAMS 0x000000008e500000, 0x000000008e500000| Untracked 
| 230|0x000000008e600000, 0x000000008e600000, 0x000000008e700000|  0%| F|  |TAMS 0x000000008e600000, 0x000000008e600000| Untracked 
| 231|0x000000008e700000, 0x000000008e700000, 0x000000008e800000|  0%| F|  |TAMS 0x000000008e700000, 0x000000008e700000| Untracked 
| 232|0x000000008e800000, 0x000000008e800000, 0x000000008e900000|  0%| F|  |TAMS 0x000000008e800000, 0x000000008e800000| Untracked 
| 233|0x000000008e900000, 0x000000008e900000, 0x000000008ea00000|  0%| F|  |TAMS 0x000000008e900000, 0x000000008e900000| Untracked 
| 234|0x000000008ea00000, 0x000000008ea00000, 0x000000008eb00000|  0%| F|  |TAMS 0x000000008ea00000, 0x000000008ea00000| Untracked 
| 235|0x000000008eb00000, 0x000000008eb00000, 0x000000008ec00000|  0%| F|  |TAMS 0x000000008eb00000, 0x000000008eb00000| Untracked 
| 236|0x000000008ec00000, 0x000000008ec00000, 0x000000008ed00000|  0%| F|  |TAMS 0x000000008ec00000, 0x000000008ec00000| Untracked 
| 237|0x000000008ed00000, 0x000000008ed00000, 0x000000008ee00000|  0%| F|  |TAMS 0x000000008ed00000, 0x000000008ed00000| Untracked 
| 238|0x000000008ee00000, 0x000000008ee00000, 0x000000008ef00000|  0%| F|  |TAMS 0x000000008ee00000, 0x000000008ee00000| Untracked 
| 239|0x000000008ef00000, 0x000000008ef00000, 0x000000008f000000|  0%| F|  |TAMS 0x000000008ef00000, 0x000000008ef00000| Untracked 
| 240|0x000000008f000000, 0x000000008f000000, 0x000000008f100000|  0%| F|  |TAMS 0x000000008f000000, 0x000000008f000000| Untracked 
| 241|0x000000008f100000, 0x000000008f100000, 0x000000008f200000|  0%| F|  |TAMS 0x000000008f100000, 0x000000008f100000| Untracked 
| 242|0x000000008f200000, 0x000000008f200000, 0x000000008f300000|  0%| F|  |TAMS 0x000000008f200000, 0x000000008f200000| Untracked 
| 243|0x000000008f300000, 0x000000008f300000, 0x000000008f400000|  0%| F|  |TAMS 0x000000008f300000, 0x000000008f300000| Untracked 
| 244|0x000000008f400000, 0x000000008f400000, 0x000000008f500000|  0%| F|  |TAMS 0x000000008f400000, 0x000000008f400000| Untracked 
| 245|0x000000008f500000, 0x000000008f500000, 0x000000008f600000|  0%| F|  |TAMS 0x000000008f500000, 0x000000008f500000| Untracked 
| 246|0x000000008f600000, 0x000000008f600000, 0x000000008f700000|  0%| F|  |TAMS 0x000000008f600000, 0x000000008f600000| Untracked 
| 247|0x000000008f700000, 0x000000008f700000, 0x000000008f800000|  0%| F|  |TAMS 0x000000008f700000, 0x000000008f700000| Untracked 
| 248|0x000000008f800000, 0x000000008f800000, 0x000000008f900000|  0%| F|  |TAMS 0x000000008f800000, 0x000000008f800000| Untracked 
| 249|0x000000008f900000, 0x000000008f900000, 0x000000008fa00000|  0%| F|  |TAMS 0x000000008f900000, 0x000000008f900000| Untracked 
| 250|0x000000008fa00000, 0x000000008fa00000, 0x000000008fb00000|  0%| F|  |TAMS 0x000000008fa00000, 0x000000008fa00000| Untracked 
| 251|0x000000008fb00000, 0x000000008fb00000, 0x000000008fc00000|  0%| F|  |TAMS 0x000000008fb00000, 0x000000008fb00000| Untracked 
| 252|0x000000008fc00000, 0x000000008fc00000, 0x000000008fd00000|  0%| F|  |TAMS 0x000000008fc00000, 0x000000008fc00000| Untracked 
| 253|0x000000008fd00000, 0x000000008fd00000, 0x000000008fe00000|  0%| F|  |TAMS 0x000000008fd00000, 0x000000008fd00000| Untracked 
| 254|0x000000008fe00000, 0x000000008fe00000, 0x000000008ff00000|  0%| F|  |TAMS 0x000000008fe00000, 0x000000008fe00000| Untracked 
| 255|0x000000008ff00000, 0x000000008ff00000, 0x0000000090000000|  0%| F|  |TAMS 0x000000008ff00000, 0x000000008ff00000| Untracked 
| 256|0x0000000090000000, 0x0000000090000000, 0x0000000090100000|  0%| F|  |TAMS 0x0000000090000000, 0x0000000090000000| Untracked 
| 257|0x0000000090100000, 0x0000000090100000, 0x0000000090200000|  0%| F|  |TAMS 0x0000000090100000, 0x0000000090100000| Untracked 
| 258|0x0000000090200000, 0x0000000090200000, 0x0000000090300000|  0%| F|  |TAMS 0x0000000090200000, 0x0000000090200000| Untracked 
| 259|0x0000000090300000, 0x0000000090300000, 0x0000000090400000|  0%| F|  |TAMS 0x0000000090300000, 0x0000000090300000| Untracked 
| 260|0x0000000090400000, 0x0000000090400000, 0x0000000090500000|  0%| F|  |TAMS 0x0000000090400000, 0x0000000090400000| Untracked 
| 261|0x0000000090500000, 0x0000000090500000, 0x0000000090600000|  0%| F|  |TAMS 0x0000000090500000, 0x0000000090500000| Untracked 
| 262|0x0000000090600000, 0x0000000090600000, 0x0000000090700000|  0%| F|  |TAMS 0x0000000090600000, 0x0000000090600000| Untracked 
| 263|0x0000000090700000, 0x0000000090700000, 0x0000000090800000|  0%| F|  |TAMS 0x0000000090700000, 0x0000000090700000| Untracked 
| 264|0x0000000090800000, 0x0000000090800000, 0x0000000090900000|  0%| F|  |TAMS 0x0000000090800000, 0x0000000090800000| Untracked 
| 265|0x0000000090900000, 0x0000000090900000, 0x0000000090a00000|  0%| F|  |TAMS 0x0000000090900000, 0x0000000090900000| Untracked 
| 266|0x0000000090a00000, 0x0000000090a00000, 0x0000000090b00000|  0%| F|  |TAMS 0x0000000090a00000, 0x0000000090a00000| Untracked 
| 267|0x0000000090b00000, 0x0000000090b99970, 0x0000000090c00000| 59%| E|  |TAMS 0x0000000090b00000, 0x0000000090b00000| Complete 
| 268|0x0000000090c00000, 0x0000000090d00000, 0x0000000090d00000|100%| E|CS|TAMS 0x0000000090c00000, 0x0000000090c00000| Complete 
| 269|0x0000000090d00000, 0x0000000090e00000, 0x0000000090e00000|100%| E|CS|TAMS 0x0000000090d00000, 0x0000000090d00000| Complete 
| 270|0x0000000090e00000, 0x0000000090f00000, 0x0000000090f00000|100%| E|CS|TAMS 0x0000000090e00000, 0x0000000090e00000| Complete 
| 271|0x0000000090f00000, 0x0000000091000000, 0x0000000091000000|100%| E|CS|TAMS 0x0000000090f00000, 0x0000000090f00000| Complete 
| 272|0x0000000091000000, 0x0000000091100000, 0x0000000091100000|100%| E|CS|TAMS 0x0000000091000000, 0x0000000091000000| Complete 
| 273|0x0000000091100000, 0x0000000091200000, 0x0000000091200000|100%| E|CS|TAMS 0x0000000091100000, 0x0000000091100000| Complete 
| 274|0x0000000091200000, 0x000000009128ca18, 0x0000000091300000| 54%| S|CS|TAMS 0x0000000091200000, 0x0000000091200000| Complete 
| 275|0x0000000091300000, 0x0000000091400000, 0x0000000091400000|100%| S|CS|TAMS 0x0000000091300000, 0x0000000091300000| Complete 
| 285|0x0000000091d00000, 0x0000000091e00000, 0x0000000091e00000|100%| S|CS|TAMS 0x0000000091d00000, 0x0000000091d00000| Complete 
| 286|0x0000000091e00000, 0x0000000091f00000, 0x0000000091f00000|100%| E|CS|TAMS 0x0000000091e00000, 0x0000000091e00000| Complete 
| 287|0x0000000091f00000, 0x0000000092000000, 0x0000000092000000|100%| E|CS|TAMS 0x0000000091f00000, 0x0000000091f00000| Complete 
| 288|0x0000000092000000, 0x0000000092100000, 0x0000000092100000|100%| E|CS|TAMS 0x0000000092000000, 0x0000000092000000| Complete 
| 289|0x0000000092100000, 0x0000000092200000, 0x0000000092200000|100%| E|CS|TAMS 0x0000000092100000, 0x0000000092100000| Complete 

Card table byte_map: [0x0000025eda680000,0x0000025edaa80000] _byte_map_base: 0x0000025eda280000

Marking Bits (Prev, Next): (CMBitMap*) 0x0000025ec5ffe260, (CMBitMap*) 0x0000025ec5ffe2a0
 Prev Bits: [0x0000025edae80000, 0x0000025edce80000)
 Next Bits: [0x0000025edce80000, 0x0000025edee80000)

Polling page: 0x0000025ec6070000

Metaspace:

Usage:
  Non-class:    103.66 MB used.
      Class:     16.46 MB used.
       Both:    120.11 MB used.

Virtual space:
  Non-class space:      112.00 MB reserved,     104.19 MB ( 93%) committed,  14 nodes.
      Class space:        1.00 GB reserved,      16.88 MB (  2%) committed,  1 nodes.
             Both:        1.11 GB reserved,     121.06 MB ( 11%) committed. 

Chunk freelists:
   Non-Class:  3.63 MB
       Class:  3.05 MB
        Both:  6.68 MB

MaxMetaspaceSize: unlimited
CompressedClassSpaceSize: 1.00 GB
Initial GC threshold: 21.00 MB
Current GC threshold: 121.06 MB
CDS: off
MetaspaceReclaimPolicy: balanced
 - commit_granule_bytes: 65536.
 - commit_granule_words: 8192.
 - virtual_space_node_default_size: 1048576.
 - enlarge_chunks_in_place: 1.
 - new_chunks_are_fully_committed: 0.
 - uncommit_free_chunks: 1.
 - use_allocation_guard: 0.
 - handle_deallocations: 1.


Internal statistics:

num_allocs_failed_limit: 9.
num_arena_births: 1480.
num_arena_deaths: 36.
num_vsnodes_births: 15.
num_vsnodes_deaths: 0.
num_space_committed: 1937.
num_space_uncommitted: 0.
num_chunks_returned_to_freelist: 56.
num_chunks_taken_from_freelist: 6261.
num_chunk_merges: 19.
num_chunk_splits: 4111.
num_chunks_enlarged: 2720.
num_purges: 2.
num_inconsistent_stats: 0.

CodeHeap 'non-profiled nmethods': size=120000Kb used=9802Kb max_used=9802Kb free=110197Kb
 bounds [0x0000025ed2710000, 0x0000025ed30b0000, 0x0000025ed9c40000]
CodeHeap 'profiled nmethods': size=120000Kb used=31557Kb max_used=31557Kb free=88442Kb
 bounds [0x0000025ecac40000, 0x0000025eccb20000, 0x0000025ed2170000]
CodeHeap 'non-nmethods': size=5760Kb used=2454Kb max_used=2564Kb free=3305Kb
 bounds [0x0000025ed2170000, 0x0000025ed2400000, 0x0000025ed2710000]
 total_blobs=17488 nmethods=16489 adapters=910
 compilation: enabled
              stopped_count=0, restarted_count=0
 full_count=0

Compilation events (20 events):
Event: 190.778 Thread 0x0000025ee201d440 nmethod 19863 0x0000025eccb0b610 code [0x0000025eccb0b7c0, 0x0000025eccb0b988]
Event: 190.779 Thread 0x0000025ee201d440 19865       3       com.android.tools.r8.internal.J::next (8 bytes)
Event: 190.779 Thread 0x0000025ee201d440 nmethod 19865 0x0000025eccb0ba90 code [0x0000025eccb0bc60, 0x0000025eccb0c0a8]
Event: 190.781 Thread 0x0000025ee201d440 19867       3       com.android.tools.r8.internal.Up::hasNext (20 bytes)
Event: 190.781 Thread 0x0000025ee201d440 nmethod 19867 0x0000025eccb0c210 code [0x0000025eccb0c3a0, 0x0000025eccb0c518]
Event: 190.782 Thread 0x0000025ee201d440 19868       3       java.util.BitSet::recalculateWordsInUse (39 bytes)
Event: 190.783 Thread 0x0000025ee201d440 nmethod 19868 0x0000025eccb0c610 code [0x0000025eccb0c7c0, 0x0000025eccb0c9f8]
Event: 190.784 Thread 0x0000025ee201d440 19869       3       com.android.tools.r8.internal.Vp::o (15 bytes)
Event: 190.784 Thread 0x0000025ee201d440 nmethod 19869 0x0000025eccb0cb10 code [0x0000025eccb0ccc0, 0x0000025eccb0ce98]
Event: 190.784 Thread 0x0000025ee201d440 19870       3       com.android.tools.r8.internal.M::k (74 bytes)
Event: 190.785 Thread 0x0000025ee201d440 nmethod 19870 0x0000025eccb0cf90 code [0x0000025eccb0d260, 0x0000025eccb0ddb8]
Event: 190.785 Thread 0x0000025ee201d440 19871       3       com.android.tools.r8.internal.Up::<init> (19 bytes)
Event: 190.785 Thread 0x0000025ee201d440 nmethod 19871 0x0000025eccb0e210 code [0x0000025eccb0e3c0, 0x0000025eccb0e658]
Event: 190.787 Thread 0x0000025ee201d440 19872       3       com.android.tools.r8.internal.Xp::a (109 bytes)
Event: 190.787 Thread 0x0000025ee201d440 nmethod 19872 0x0000025eccb0e790 code [0x0000025eccb0e960, 0x0000025eccb0eed8]
Event: 190.790 Thread 0x0000025ee201d440 19875       3       java.util.TreeSet::addAll (82 bytes)
Event: 190.791 Thread 0x0000025ee201d440 nmethod 19875 0x0000025eccb0f110 code [0x0000025eccb0f360, 0x0000025eccb0fe98]
Event: 190.792 Thread 0x0000025ee201d440 19876       3       com.android.tools.r8.ir.regalloc.c::<init> (108 bytes)
Event: 190.793 Thread 0x0000025ee201d440 nmethod 19876 0x0000025eccb10110 code [0x0000025eccb10380, 0x0000025eccb11108]
Event: 190.804 Thread 0x0000025ee201d440 19877       3       com.android.tools.r8.ir.regalloc.b::a (1239 bytes)

GC Heap History (20 events):
Event: 42.406 GC heap before
{Heap before GC invocations=43 (full 0):
 garbage-first heap   total 239616K, used 190859K [0x0000000080000000, 0x0000000100000000)
  region size 1024K, 52 young (53248K), 8 survivors (8192K)
 Metaspace       used 109791K, committed 110528K, reserved 1146880K
  class space    used 15208K, committed 15552K, reserved 1048576K
}
Event: 42.424 GC heap after
{Heap after GC invocations=44 (full 0):
 garbage-first heap   total 287744K, used 152292K [0x0000000080000000, 0x0000000100000000)
  region size 1024K, 7 young (7168K), 7 survivors (7168K)
 Metaspace       used 109791K, committed 110528K, reserved 1146880K
  class space    used 15208K, committed 15552K, reserved 1048576K
}
Event: 43.386 GC heap before
{Heap before GC invocations=44 (full 0):
 garbage-first heap   total 287744K, used 231140K [0x0000000080000000, 0x0000000100000000)
  region size 1024K, 81 young (82944K), 7 survivors (7168K)
 Metaspace       used 110477K, committed 111232K, reserved 1146880K
  class space    used 15306K, committed 15616K, reserved 1048576K
}
Event: 43.397 GC heap after
{Heap after GC invocations=45 (full 0):
 garbage-first heap   total 287744K, used 152027K [0x0000000080000000, 0x0000000100000000)
  region size 1024K, 2 young (2048K), 2 survivors (2048K)
 Metaspace       used 110477K, committed 111232K, reserved 1146880K
  class space    used 15306K, committed 15616K, reserved 1048576K
}
Event: 44.335 GC heap before
{Heap before GC invocations=45 (full 0):
 garbage-first heap   total 287744K, used 198107K [0x0000000080000000, 0x0000000100000000)
  region size 1024K, 16 young (16384K), 2 survivors (2048K)
 Metaspace       used 112423K, committed 113216K, reserved 1146880K
  class space    used 15556K, committed 15936K, reserved 1048576K
}
Event: 44.342 GC heap after
{Heap after GC invocations=46 (full 0):
 garbage-first heap   total 287744K, used 159339K [0x0000000080000000, 0x0000000100000000)
  region size 1024K, 4 young (4096K), 4 survivors (4096K)
 Metaspace       used 112423K, committed 113216K, reserved 1146880K
  class space    used 15556K, committed 15936K, reserved 1048576K
}
Event: 44.415 GC heap before
{Heap before GC invocations=46 (full 0):
 garbage-first heap   total 287744K, used 196203K [0x0000000080000000, 0x0000000100000000)
  region size 1024K, 5 young (5120K), 4 survivors (4096K)
 Metaspace       used 112423K, committed 113216K, reserved 1146880K
  class space    used 15556K, committed 15936K, reserved 1048576K
}
Event: 44.428 GC heap after
{Heap after GC invocations=47 (full 0):
 garbage-first heap   total 287744K, used 159341K [0x0000000080000000, 0x0000000100000000)
  region size 1024K, 4 young (4096K), 4 survivors (4096K)
 Metaspace       used 112423K, committed 113216K, reserved 1146880K
  class space    used 15556K, committed 15936K, reserved 1048576K
}
Event: 44.511 GC heap before
{Heap before GC invocations=47 (full 0):
 garbage-first heap   total 287744K, used 190061K [0x0000000080000000, 0x0000000100000000)
  region size 1024K, 5 young (5120K), 4 survivors (4096K)
 Metaspace       used 112423K, committed 113216K, reserved 1146880K
  class space    used 15556K, committed 15936K, reserved 1048576K
}
Event: 44.523 GC heap after
{Heap after GC invocations=48 (full 0):
 garbage-first heap   total 287744K, used 159340K [0x0000000080000000, 0x0000000100000000)
  region size 1024K, 4 young (4096K), 4 survivors (4096K)
 Metaspace       used 112423K, committed 113216K, reserved 1146880K
  class space    used 15556K, committed 15936K, reserved 1048576K
}
Event: 179.675 GC heap before
{Heap before GC invocations=48 (full 0):
 garbage-first heap   total 287744K, used 241260K [0x0000000080000000, 0x0000000100000000)
  region size 1024K, 79 young (80896K), 4 survivors (4096K)
 Metaspace       used 113643K, committed 114368K, reserved 1155072K
  class space    used 15676K, committed 16000K, reserved 1048576K
}
Event: 179.696 GC heap after
{Heap after GC invocations=49 (full 0):
 garbage-first heap   total 287744K, used 159769K [0x0000000080000000, 0x0000000100000000)
  region size 1024K, 10 young (10240K), 10 survivors (10240K)
 Metaspace       used 113643K, committed 114368K, reserved 1155072K
  class space    used 15676K, committed 16000K, reserved 1048576K
}
Event: 181.351 GC heap before
{Heap before GC invocations=49 (full 0):
 garbage-first heap   total 287744K, used 235545K [0x0000000080000000, 0x0000000100000000)
  region size 1024K, 85 young (87040K), 10 survivors (10240K)
 Metaspace       used 113970K, committed 114880K, reserved 1155072K
  class space    used 15690K, committed 16128K, reserved 1048576K
}
Event: 181.379 GC heap after
{Heap after GC invocations=50 (full 0):
 garbage-first heap   total 287744K, used 166290K [0x0000000080000000, 0x0000000100000000)
  region size 1024K, 7 young (7168K), 7 survivors (7168K)
 Metaspace       used 113970K, committed 114880K, reserved 1155072K
  class space    used 15690K, committed 16128K, reserved 1048576K
}
Event: 189.046 GC heap before
{Heap before GC invocations=50 (full 0):
 garbage-first heap   total 287744K, used 236946K [0x0000000080000000, 0x0000000100000000)
  region size 1024K, 77 young (78848K), 7 survivors (7168K)
 Metaspace       used 118318K, committed 119168K, reserved 1155072K
  class space    used 16280K, committed 16704K, reserved 1048576K
}
Event: 189.072 GC heap after
{Heap after GC invocations=51 (full 0):
 garbage-first heap   total 287744K, used 172649K [0x0000000080000000, 0x0000000100000000)
  region size 1024K, 7 young (7168K), 7 survivors (7168K)
 Metaspace       used 118318K, committed 119168K, reserved 1155072K
  class space    used 16280K, committed 16704K, reserved 1048576K
}
Event: 190.232 GC heap before
{Heap before GC invocations=51 (full 0):
 garbage-first heap   total 287744K, used 238185K [0x0000000080000000, 0x0000000100000000)
  region size 1024K, 72 young (73728K), 7 survivors (7168K)
 Metaspace       used 122720K, committed 123584K, reserved 1163264K
  class space    used 16860K, committed 17280K, reserved 1048576K
}
Event: 190.249 GC heap after
{Heap after GC invocations=52 (full 0):
 garbage-first heap   total 287744K, used 176027K [0x0000000080000000, 0x0000000100000000)
  region size 1024K, 4 young (4096K), 4 survivors (4096K)
 Metaspace       used 122720K, committed 123584K, reserved 1163264K
  class space    used 16860K, committed 17280K, reserved 1048576K
}
Event: 190.349 GC heap before
{Heap before GC invocations=52 (full 0):
 garbage-first heap   total 287744K, used 179099K [0x0000000080000000, 0x0000000100000000)
  region size 1024K, 8 young (8192K), 4 survivors (4096K)
 Metaspace       used 122807K, committed 123648K, reserved 1163264K
  class space    used 16861K, committed 17280K, reserved 1048576K
}
Event: 190.358 GC heap after
{Heap after GC invocations=53 (full 0):
 garbage-first heap   total 287744K, used 174937K [0x0000000080000000, 0x0000000100000000)
  region size 1024K, 3 young (3072K), 3 survivors (3072K)
 Metaspace       used 122807K, committed 123648K, reserved 1163264K
  class space    used 16861K, committed 17280K, reserved 1048576K
}

Dll operation events (2 events):
Event: 0.011 Loaded shared library C:\Program Files\Android\Android Studio\jbr\bin\java.dll
Event: 0.791 Loaded shared library C:\Program Files\Android\Android Studio\jbr\bin\verify.dll

Deoptimization events (20 events):
Event: 190.158 Thread 0x0000025ee7b19070 Uncommon trap: trap_request=0xffffffc6 fr.pc=0x0000025ed2eeae60 relative=0x00000000000001c0
Event: 190.158 Thread 0x0000025ee7b19070 Uncommon trap: reason=bimorphic_or_optimized_type_check action=maybe_recompile pc=0x0000025ed2eeae60 method=java.util.stream.AbstractPipeline.close()V @ 42 c2
Event: 190.159 Thread 0x0000025ee7b19070 DEOPT PACKING pc=0x0000025ed2eeae60 sp=0x000000d727dfe2d0
Event: 190.159 Thread 0x0000025ee7b19070 DEOPT UNPACKING pc=0x0000025ed21c69a3 sp=0x000000d727dfe278 mode 2
Event: 190.214 Thread 0x0000025ee6baff20 DEOPT PACKING pc=0x0000025ecc8e4a82 sp=0x000000d7276fa680
Event: 190.214 Thread 0x0000025ee6baff20 DEOPT UNPACKING pc=0x0000025ed21c7143 sp=0x000000d7276f9b10 mode 0
Event: 190.216 Thread 0x0000025ee6baff20 DEOPT PACKING pc=0x0000025ecc8e4a82 sp=0x000000d7276fbb20
Event: 190.216 Thread 0x0000025ee6baff20 DEOPT UNPACKING pc=0x0000025ed21c7143 sp=0x000000d7276fafb0 mode 0
Event: 190.219 Thread 0x0000025ee6baff20 DEOPT PACKING pc=0x0000025ecc8e4a82 sp=0x000000d7276f98f0
Event: 190.219 Thread 0x0000025ee6baff20 DEOPT UNPACKING pc=0x0000025ed21c7143 sp=0x000000d7276f8d80 mode 0
Event: 190.220 Thread 0x0000025ee6baff20 DEOPT PACKING pc=0x0000025ecc8e4a82 sp=0x000000d7276fa6b0
Event: 190.220 Thread 0x0000025ee6baff20 DEOPT UNPACKING pc=0x0000025ed21c7143 sp=0x000000d7276f9b40 mode 0
Event: 190.328 Thread 0x0000025ee6baff20 DEOPT PACKING pc=0x0000025ecc967830 sp=0x000000d7276fc080
Event: 190.328 Thread 0x0000025ee6baff20 DEOPT UNPACKING pc=0x0000025ed21c7143 sp=0x000000d7276fb6a8 mode 3
Event: 190.328 Thread 0x0000025ee6baff20 DEOPT PACKING pc=0x0000025ecc9707b4 sp=0x000000d7276fc270
Event: 190.328 Thread 0x0000025ee6baff20 DEOPT UNPACKING pc=0x0000025ed21c7143 sp=0x000000d7276fb7a0 mode 0
Event: 190.439 Thread 0x0000025ee6baff20 DEOPT PACKING pc=0x0000025ecbf03ce4 sp=0x000000d7276fcf20
Event: 190.439 Thread 0x0000025ee6baff20 DEOPT UNPACKING pc=0x0000025ed21c7143 sp=0x000000d7276fc408 mode 0
Event: 190.708 Thread 0x0000025ee6baff20 DEOPT PACKING pc=0x0000025ecc9d4da3 sp=0x000000d7276fc790
Event: 190.708 Thread 0x0000025ee6baff20 DEOPT UNPACKING pc=0x0000025ed21c7143 sp=0x000000d7276fbc30 mode 0

Classes unloaded (18 events):
Event: 190.811 Thread 0x0000025ee14e2390 Unloading class 0x0000000101066c00 'jdk/internal/reflect/GeneratedSerializationConstructorAccessor146'
Event: 190.811 Thread 0x0000025ee14e2390 Unloading class 0x0000000101066800 'jdk/internal/reflect/GeneratedSerializationConstructorAccessor145'
Event: 190.811 Thread 0x0000025ee14e2390 Unloading class 0x0000000101066000 'jdk/internal/reflect/GeneratedSerializationConstructorAccessor144'
Event: 190.811 Thread 0x0000025ee14e2390 Unloading class 0x0000000100ee4400 'java/lang/invoke/LambdaForm$DMH+0x0000000100ee4400'
Event: 190.811 Thread 0x0000025ee14e2390 Unloading class 0x0000000100edf800 'java/lang/invoke/LambdaForm$DMH+0x0000000100edf800'
Event: 190.811 Thread 0x0000025ee14e2390 Unloading class 0x0000000100edf000 'java/lang/invoke/LambdaForm$DMH+0x0000000100edf000'
Event: 190.811 Thread 0x0000025ee14e2390 Unloading class 0x0000000100edf400 'java/lang/invoke/LambdaForm$DMH+0x0000000100edf400'
Event: 190.811 Thread 0x0000025ee14e2390 Unloading class 0x0000000100ede400 'java/lang/invoke/LambdaForm$MH+0x0000000100ede400'
Event: 190.811 Thread 0x0000025ee14e2390 Unloading class 0x0000000100ede800 'java/lang/invoke/LambdaForm$MH+0x0000000100ede800'
Event: 190.811 Thread 0x0000025ee14e2390 Unloading class 0x0000000100eddc00 'java/lang/invoke/LambdaForm$DMH+0x0000000100eddc00'
Event: 190.811 Thread 0x0000025ee14e2390 Unloading class 0x0000000100edd400 'java/lang/invoke/LambdaForm$DMH+0x0000000100edd400'
Event: 190.811 Thread 0x0000025ee14e2390 Unloading class 0x0000000100edcc00 'java/lang/invoke/LambdaForm$DMH+0x0000000100edcc00'
Event: 190.811 Thread 0x0000025ee14e2390 Unloading class 0x0000000100edc400 'java/lang/invoke/LambdaForm$DMH+0x0000000100edc400'
Event: 190.811 Thread 0x0000025ee14e2390 Unloading class 0x0000000100e94800 'java/lang/invoke/LambdaForm$DMH+0x0000000100e94800'
Event: 190.811 Thread 0x0000025ee14e2390 Unloading class 0x0000000100e94000 'java/lang/invoke/LambdaForm$DMH+0x0000000100e94000'
Event: 190.811 Thread 0x0000025ee14e2390 Unloading class 0x0000000100d14c00 'java/lang/invoke/LambdaForm$DMH+0x0000000100d14c00'
Event: 190.811 Thread 0x0000025ee14e2390 Unloading class 0x0000000100d14800 'java/lang/invoke/LambdaForm$DMH+0x0000000100d14800'
Event: 190.811 Thread 0x0000025ee14e2390 Unloading class 0x0000000100d14400 'java/lang/invoke/LambdaForm$DMH+0x0000000100d14400'

Classes redefined (0 events):
No events

Internal exceptions (20 events):
Event: 182.970 Thread 0x0000025ee4884df0 Exception <a 'java/lang/NoSuchMethodError'{0x000000008e5ddd80}: 'java.lang.Object java.lang.invoke.DirectMethodHandle$Holder.newInvokeSpecial(java.lang.Object, java.lang.Object, int, java.lang.Object, long)'> (0x000000008e5ddd80) 
thrown [s\src\hotspot\share\interpreter\linkResolver.cpp, line 771]
Event: 182.988 Thread 0x0000025ee6baff20 Exception <a 'java/lang/NoSuchMethodError'{0x000000008e419d08}: static Lorg/jetbrains/kotlin/daemon/common/CompileService$CallResult;.<clinit>()V> (0x000000008e419d08) 
thrown [s\src\hotspot\share\prims\jni.cpp, line 1108]
Event: 182.989 Thread 0x0000025ee6baff20 Exception <a 'java/lang/NoSuchMethodError'{0x000000008e425970}: static Lorg/jetbrains/kotlin/daemon/common/CompileService$CallResult$Good;.<clinit>()V> (0x000000008e425970) 
thrown [s\src\hotspot\share\prims\jni.cpp, line 1108]
Event: 182.991 Thread 0x0000025ee6baff20 Exception <a 'java/lang/NoSuchMethodError'{0x000000008e43d618}: static Lorg/jetbrains/kotlin/daemon/common/DaemonJVMOptions;.<clinit>()V> (0x000000008e43d618) 
thrown [s\src\hotspot\share\prims\jni.cpp, line 1108]
Event: 183.008 Thread 0x0000025ee6baff20 Exception <a 'java/lang/NoSuchMethodError'{0x000000008e465d68}: static Lorg/jetbrains/kotlin/daemon/common/CompileService$CallResult$Ok;.<clinit>()V> (0x000000008e465d68) 
thrown [s\src\hotspot\share\prims\jni.cpp, line 1108]
Event: 183.068 Thread 0x0000025ee6baff20 Exception <a 'java/lang/NoSuchMethodError'{0x000000008e36c0b0}: static [Ljava/lang/Integer;.<clinit>()V> (0x000000008e36c0b0) 
thrown [s\src\hotspot\share\prims\jni.cpp, line 1108]
Event: 188.799 Thread 0x0000025ee4883110 Exception <a 'sun/nio/fs/WindowsException'{0x000000008deb6b90}> (0x000000008deb6b90) 
thrown [s\src\hotspot\share\prims\jni.cpp, line 517]
Event: 188.800 Thread 0x0000025ee4883110 Exception <a 'sun/nio/fs/WindowsException'{0x000000008deb8b58}> (0x000000008deb8b58) 
thrown [s\src\hotspot\share\prims\jni.cpp, line 517]
Event: 188.800 Thread 0x0000025ee4883110 Exception <a 'sun/nio/fs/WindowsException'{0x000000008deba9a8}> (0x000000008deba9a8) 
thrown [s\src\hotspot\share\prims\jni.cpp, line 517]
Event: 188.989 Thread 0x0000025ee6bad8a0 Exception <a 'java/lang/NoSuchMethodError'{0x000000008d5099c8}: static Lcom/android/build/gradle/internal/tasks/DexArchiveBuilderTaskDelegate$ClasspathServiceKey;.<clinit>()V> (0x000000008d5099c8) 
thrown [s\src\hotspot\share\prims\jni.cpp, line 1108]
Event: 189.164 Thread 0x0000025ee6baff20 Exception <a 'sun/nio/fs/WindowsException'{0x000000009034e310}> (0x000000009034e310) 
thrown [s\src\hotspot\share\prims\jni.cpp, line 517]
Event: 189.170 Thread 0x0000025ee7b19070 Exception <a 'sun/nio/fs/WindowsException'{0x0000000090102810}> (0x0000000090102810) 
thrown [s\src\hotspot\share\prims\jni.cpp, line 517]
Event: 189.227 Thread 0x0000025ee6baff20 Exception <a 'java/lang/NoSuchMethodError'{0x00000000901e5a00}: 'java.lang.Object java.lang.invoke.DirectMethodHandle$Holder.newInvokeSpecial(java.lang.Object, java.lang.Object, int, java.lang.Object, java.lang.Object)'> (0x00000000901e5a00) 
thrown [s\src\hotspot\share\interpreter\linkResolver.cpp, line 771]
Event: 189.255 Thread 0x0000025ee7b19070 Exception <a 'java/lang/NoSuchMethodError'{0x00000000900b46a8}: 'java.lang.Object java.lang.invoke.DirectMethodHandle$Holder.newInvokeSpecial(java.lang.Object, long)'> (0x00000000900b46a8) 
thrown [s\src\hotspot\share\interpreter\linkResolver.cpp, line 771]
Event: 189.284 Thread 0x0000025ee7b19070 Exception <a 'java/lang/NoSuchMethodError'{0x000000008fff8d30}: 'java.lang.Object java.lang.invoke.DirectMethodHandle$Holder.invokeStatic(java.lang.Object, int, java.lang.Object, java.lang.Object)'> (0x000000008fff8d30) 
thrown [s\src\hotspot\share\interpreter\linkResolver.cpp, line 771]
Event: 189.305 Thread 0x0000025ee7b19070 Exception <a 'java/lang/NoSuchMethodError'{0x000000008feb0460}: 'java.lang.Object java.lang.invoke.DirectMethodHandle$Holder.invokeStatic(java.lang.Object, java.lang.Object, int, java.lang.Object, java.lang.Object)'> (0x000000008feb0460) 
thrown [s\src\hotspot\share\interpreter\linkResolver.cpp, line 771]
Event: 189.643 Thread 0x0000025ee7b19070 Exception <a 'java/lang/NoSuchMethodError'{0x000000008ed49f38}: 'void java.lang.invoke.DirectMethodHandle$Holder.invokeSpecial(java.lang.Object, java.lang.Object, int, java.lang.Object)'> (0x000000008ed49f38) 
thrown [s\src\hotspot\share\interpreter\linkResolver.cpp, line 771]
Event: 189.776 Thread 0x0000025ee7b19070 Exception <a 'java/lang/NoSuchMethodError'{0x000000008e929fe8}: 'int java.lang.invoke.DirectMethodHandle$Holder.invokeSpecial(java.lang.Object, java.lang.Object, java.lang.Object, int)'> (0x000000008e929fe8) 
thrown [s\src\hotspot\share\interpreter\linkResolver.cpp, line 771]
Event: 189.807 Thread 0x0000025ee7b19070 Exception <a 'java/lang/NoSuchMethodError'{0x000000008e848608}: 'int java.lang.invoke.DirectMethodHandle$Holder.invokeSpecial(java.lang.Object, java.lang.Object, java.lang.Object, int, java.lang.Object)'> (0x000000008e848608) 
thrown [s\src\hotspot\share\interpreter\linkResolver.cpp, line 771]
Event: 190.156 Thread 0x0000025ee7b19070 Exception <a 'sun/nio/fs/WindowsException'{0x000000008dbb4050}> (0x000000008dbb4050) 
thrown [s\src\hotspot\share\prims\jni.cpp, line 517]

VM Operations (20 events):
Event: 189.732 Executing VM operation: HandshakeAllThreads done
Event: 189.736 Executing VM operation: HandshakeAllThreads
Event: 189.736 Executing VM operation: HandshakeAllThreads done
Event: 189.815 Executing VM operation: HandshakeAllThreads
Event: 189.816 Executing VM operation: HandshakeAllThreads done
Event: 189.833 Executing VM operation: ICBufferFull
Event: 189.833 Executing VM operation: ICBufferFull done
Event: 189.988 Executing VM operation: ICBufferFull
Event: 189.989 Executing VM operation: ICBufferFull done
Event: 190.232 Executing VM operation: G1CollectForAllocation
Event: 190.249 Executing VM operation: G1CollectForAllocation done
Event: 190.327 Executing VM operation: HandshakeAllThreads
Event: 190.327 Executing VM operation: HandshakeAllThreads done
Event: 190.327 Executing VM operation: HandshakeAllThreads
Event: 190.328 Executing VM operation: HandshakeAllThreads done
Event: 190.348 Executing VM operation: CollectForMetadataAllocation
Event: 190.359 Executing VM operation: CollectForMetadataAllocation done
Event: 190.602 Executing VM operation: ICBufferFull
Event: 190.602 Executing VM operation: ICBufferFull done
Event: 190.809 Executing VM operation: G1Concurrent

Events (20 events):
Event: 189.010 Thread 0x0000025ee5086570 Thread added: 0x0000025ee5086570
Event: 189.075 loading class sun/rmi/transport/DGCClient$EndpointEntry$CleanRequest
Event: 189.076 loading class sun/rmi/transport/DGCClient$EndpointEntry$CleanRequest done
Event: 189.080 Thread 0x0000025ee4884df0 Thread exited: 0x0000025ee4884df0
Event: 189.711 loading class java/util/SortedSet$1
Event: 189.711 loading class java/util/SortedSet$1 done
Event: 189.714 loading class java/util/stream/SliceOps
Event: 189.715 loading class java/util/stream/SliceOps done
Event: 189.715 loading class java/util/stream/SliceOps$1
Event: 189.715 loading class java/util/stream/SliceOps$1 done
Event: 189.718 loading class java/util/stream/SliceOps$1$1
Event: 189.718 loading class java/util/stream/SliceOps$1$1 done
Event: 189.748 loading class java/util/PriorityQueue
Event: 189.749 loading class java/util/PriorityQueue done
Event: 190.338 Thread 0x0000025ee201e4e0 flushing nmethod 0x0000025ecae1f510
Event: 190.339 Thread 0x0000025ee201e4e0 flushing nmethod 0x0000025ecaea7e10
Event: 190.342 Thread 0x0000025ee201e4e0 flushing nmethod 0x0000025ecb0e5310
Event: 190.360 Thread 0x0000025ee201e4e0 flushing nmethod 0x0000025ecb81b090
Event: 190.360 Thread 0x0000025ee201e4e0 flushing nmethod 0x0000025ecb83ad10
Event: 190.366 Thread 0x0000025ee201e4e0 flushing nmethod 0x0000025ecbc46310


Dynamic libraries:
0x00007ff6d54d0000 - 0x00007ff6d54da000 	C:\Program Files\Android\Android Studio\jbr\bin\java.exe
0x00007fff2e350000 - 0x00007fff2e548000 	C:\Windows\SYSTEM32\ntdll.dll
0x00007fff2c830000 - 0x00007fff2c8ed000 	C:\Windows\System32\KERNEL32.DLL
0x00007fff2bd10000 - 0x00007fff2c006000 	C:\Windows\System32\KERNELBASE.dll
0x00007fff2ba20000 - 0x00007fff2bb20000 	C:\Windows\System32\ucrtbase.dll
0x00007fff21f80000 - 0x00007fff21f9b000 	C:\Program Files\Android\Android Studio\jbr\bin\VCRUNTIME140.dll
0x00007fff21f60000 - 0x00007fff21f77000 	C:\Program Files\Android\Android Studio\jbr\bin\jli.dll
0x00007fff2cf40000 - 0x00007fff2d0de000 	C:\Windows\System32\USER32.dll
0x00007fff2c010000 - 0x00007fff2c032000 	C:\Windows\System32\win32u.dll
0x00007fff2c800000 - 0x00007fff2c82c000 	C:\Windows\System32\GDI32.dll
0x00007fff2bbf0000 - 0x00007fff2bd0a000 	C:\Windows\System32\gdi32full.dll
0x00007fff16f40000 - 0x00007fff171da000 	C:\Windows\WinSxS\amd64_microsoft.windows.common-controls_6595b64144ccf1df_6.0.19041.3636_none_60b6a03d71f818d5\COMCTL32.dll
0x00007fff2bb50000 - 0x00007fff2bbed000 	C:\Windows\System32\msvcp_win.dll
0x00007fff2e120000 - 0x00007fff2e1be000 	C:\Windows\System32\msvcrt.dll
0x00007fff2cc10000 - 0x00007fff2cc40000 	C:\Windows\System32\IMM32.DLL
0x00007fff22420000 - 0x00007fff2242c000 	C:\Program Files\Android\Android Studio\jbr\bin\vcruntime140_1.dll
0x00007fff13d30000 - 0x00007fff13dbd000 	C:\Program Files\Android\Android Studio\jbr\bin\msvcp140.dll
0x00007ffedb5c0000 - 0x00007ffedc22d000 	C:\Program Files\Android\Android Studio\jbr\bin\server\jvm.dll
0x00007fff2e250000 - 0x00007fff2e303000 	C:\Windows\System32\ADVAPI32.dll
0x00007fff2c3a0000 - 0x00007fff2c43f000 	C:\Windows\System32\sechost.dll
0x00007fff2c9a0000 - 0x00007fff2cac6000 	C:\Windows\System32\RPCRT4.dll
0x00007fff2bb20000 - 0x00007fff2bb47000 	C:\Windows\System32\bcrypt.dll
0x00007fff1b250000 - 0x00007fff1b259000 	C:\Windows\SYSTEM32\WSOCK32.dll
0x00007fff173b0000 - 0x00007fff173d7000 	C:\Windows\SYSTEM32\WINMM.dll
0x00007fff2da90000 - 0x00007fff2dafb000 	C:\Windows\System32\WS2_32.dll
0x00007fff22e70000 - 0x00007fff22e7a000 	C:\Windows\SYSTEM32\VERSION.dll
0x00007fff2a220000 - 0x00007fff2a232000 	C:\Windows\SYSTEM32\kernel.appcore.dll
0x00007fff272c0000 - 0x00007fff272ca000 	C:\Program Files\Android\Android Studio\jbr\bin\jimage.dll
0x00007fff29f30000 - 0x00007fff2a114000 	C:\Windows\SYSTEM32\DBGHELP.DLL
0x00007fff15450000 - 0x00007fff15484000 	C:\Windows\SYSTEM32\dbgcore.DLL
0x00007fff2c310000 - 0x00007fff2c392000 	C:\Windows\System32\bcryptPrimitives.dll
0x00007fff224d0000 - 0x00007fff224f5000 	C:\Program Files\Android\Android Studio\jbr\bin\java.dll
0x00007fff24b50000 - 0x00007fff24b68000 	C:\Program Files\Android\Android Studio\jbr\bin\zip.dll
0x00007fff2d0e0000 - 0x00007fff2d825000 	C:\Windows\System32\SHELL32.dll
0x00007fff296c0000 - 0x00007fff29e5b000 	C:\Windows\SYSTEM32\windows.storage.dll
0x00007fff2c4a0000 - 0x00007fff2c7f4000 	C:\Windows\System32\combase.dll
0x00007fff2b2a0000 - 0x00007fff2b2cd000 	C:\Windows\SYSTEM32\Wldp.dll
0x00007fff2db00000 - 0x00007fff2dbad000 	C:\Windows\System32\SHCORE.dll
0x00007fff2cad0000 - 0x00007fff2cb25000 	C:\Windows\System32\shlwapi.dll
0x00007fff2b950000 - 0x00007fff2b975000 	C:\Windows\SYSTEM32\profapi.dll
0x00007fff24550000 - 0x00007fff24569000 	C:\Program Files\Android\Android Studio\jbr\bin\net.dll
0x00007fff1ca90000 - 0x00007fff1cb9a000 	C:\Windows\SYSTEM32\WINHTTP.dll
0x00007fff2b080000 - 0x00007fff2b0ea000 	C:\Windows\system32\mswsock.dll
0x00007fff22200000 - 0x00007fff22216000 	C:\Program Files\Android\Android Studio\jbr\bin\nio.dll
0x00007fff221f0000 - 0x00007fff22200000 	C:\Program Files\Android\Android Studio\jbr\bin\verify.dll
0x00007fff21fa0000 - 0x00007fff21fc7000 	C:\Users\Area 7 Computer\.gradle\native\68d5fa5c4cc2d200863cafc0d521ce42e7d3e7ee720ec0a83991735586a16f82\windows-amd64\native-platform.dll
0x00007fff098e0000 - 0x00007fff09a24000 	C:\Users\Area 7 Computer\.gradle\native\e376f236ea51e6404a007f0833ffe2c6e607c4080706a723a18a27aeea778392\windows-amd64\native-platform-file-events.dll
0x00007fff23000000 - 0x00007fff23009000 	C:\Program Files\Android\Android Studio\jbr\bin\management.dll
0x00007fff224c0000 - 0x00007fff224cb000 	C:\Program Files\Android\Android Studio\jbr\bin\management_ext.dll
0x00007fff2da80000 - 0x00007fff2da88000 	C:\Windows\System32\PSAPI.DLL
0x00007fff2b2e0000 - 0x00007fff2b2f8000 	C:\Windows\SYSTEM32\CRYPTSP.dll
0x00007fff2a9d0000 - 0x00007fff2aa04000 	C:\Windows\system32\rsaenh.dll
0x00007fff2b910000 - 0x00007fff2b93e000 	C:\Windows\SYSTEM32\USERENV.dll
0x00007fff2b210000 - 0x00007fff2b21c000 	C:\Windows\SYSTEM32\CRYPTBASE.dll
0x00007fff2ad90000 - 0x00007fff2adcb000 	C:\Windows\SYSTEM32\IPHLPAPI.DLL
0x00007fff2dbb0000 - 0x00007fff2dbb8000 	C:\Windows\System32\NSI.dll
0x00007fff20a00000 - 0x00007fff20a17000 	C:\Windows\SYSTEM32\dhcpcsvc6.DLL
0x00007fff20ea0000 - 0x00007fff20ebd000 	C:\Windows\SYSTEM32\dhcpcsvc.DLL
0x00007fff2add0000 - 0x00007fff2ae9a000 	C:\Windows\SYSTEM32\DNSAPI.dll
0x00007fff24580000 - 0x00007fff24587000 	C:\Windows\system32\wshunix.dll
0x00007ffef2370000 - 0x00007ffef2387000 	C:\Windows\system32\napinsp.dll
0x00007ffef2350000 - 0x00007ffef236b000 	C:\Windows\system32\pnrpnsp.dll
0x00007fff25d40000 - 0x00007fff25d55000 	C:\Windows\system32\wshbth.dll
0x00007fff26c00000 - 0x00007fff26c1d000 	C:\Windows\system32\NLAapi.dll
0x00007ffef2310000 - 0x00007ffef2322000 	C:\Windows\System32\winrnr.dll
0x00007fff1b7f0000 - 0x00007fff1b7fa000 	C:\Windows\System32\rasadhlp.dll
0x00007fff1c0c0000 - 0x00007fff1c140000 	C:\Windows\System32\fwpuclnt.dll
0x00007fff26f20000 - 0x00007fff26f27000 	C:\Program Files\Android\Android Studio\jbr\bin\rmi.dll

dbghelp: loaded successfully - version: 4.0.5 - missing functions: none
symbol engine: initialized successfully - sym options: 0x614 - pdb path: .;C:\Program Files\Android\Android Studio\jbr\bin;C:\Windows\SYSTEM32;C:\Windows\WinSxS\amd64_microsoft.windows.common-controls_6595b64144ccf1df_6.0.19041.3636_none_60b6a03d71f818d5;C:\Program Files\Android\Android Studio\jbr\bin\server;C:\Users\Area 7 Computer\.gradle\native\68d5fa5c4cc2d200863cafc0d521ce42e7d3e7ee720ec0a83991735586a16f82\windows-amd64;C:\Users\Area 7 Computer\.gradle\native\e376f236ea51e6404a007f0833ffe2c6e607c4080706a723a18a27aeea778392\windows-amd64

VM Arguments:
jvm_args: --add-opens=java.base/java.util=ALL-UNNAMED --add-opens=java.base/java.lang=ALL-UNNAMED --add-opens=java.base/java.lang.invoke=ALL-UNNAMED --add-opens=java.prefs/java.util.prefs=ALL-UNNAMED --add-opens=java.base/java.nio.charset=ALL-UNNAMED --add-opens=java.base/java.net=ALL-UNNAMED --add-opens=java.base/java.util.concurrent.atomic=ALL-UNNAMED -Xmx2048m -Dfile.encoding=UTF-8 -Duser.country=US -Duser.language=en -Duser.variant 
java_command: org.gradle.launcher.daemon.bootstrap.GradleDaemon 8.0
java_class_path (initial): C:\Users\Area 7 Computer\.gradle\wrapper\dists\gradle-8.0-bin\ca5e32bp14vu59qr306oxotwh\gradle-8.0\lib\gradle-launcher-8.0.jar
Launcher Type: SUN_STANDARD

[Global flags]
     intx CICompilerCount                          = 3                                         {product} {ergonomic}
     uint ConcGCThreads                            = 1                                         {product} {ergonomic}
     uint G1ConcRefinementThreads                  = 4                                         {product} {ergonomic}
   size_t G1HeapRegionSize                         = 1048576                                   {product} {ergonomic}
    uintx GCDrainStackTargetSize                   = 64                                        {product} {ergonomic}
   size_t InitialHeapSize                          = 134217728                                 {product} {ergonomic}
   size_t MarkStackSize                            = 4194304                                   {product} {ergonomic}
   size_t MaxHeapSize                              = 2147483648                                {product} {command line}
   size_t MaxNewSize                               = 1287651328                                {product} {ergonomic}
   size_t MinHeapDeltaBytes                        = 1048576                                   {product} {ergonomic}
   size_t MinHeapSize                              = 8388608                                   {product} {ergonomic}
    uintx NonNMethodCodeHeapSize                   = 5832780                                {pd product} {ergonomic}
    uintx NonProfiledCodeHeapSize                  = 122912730                              {pd product} {ergonomic}
    uintx ProfiledCodeHeapSize                     = 122912730                              {pd product} {ergonomic}
    uintx ReservedCodeCacheSize                    = 251658240                              {pd product} {ergonomic}
     bool SegmentedCodeCache                       = true                                      {product} {ergonomic}
   size_t SoftMaxHeapSize                          = 2147483648                             {manageable} {ergonomic}
     bool UseCompressedClassPointers               = true                           {product lp64_product} {ergonomic}
     bool UseCompressedOops                        = true                           {product lp64_product} {ergonomic}
     bool UseG1GC                                  = true                                      {product} {ergonomic}
     bool UseLargePagesIndividualAllocation        = false                                  {pd product} {ergonomic}

Logging:
Log output configuration:
 #0: stdout all=warning uptime,level,tags
 #1: stderr all=off uptime,level,tags

Environment Variables:
JAVA_HOME=C:\Program Files (x86)\Java\jdk1.8.0_92
PATH=C:\ProgramData\Oracle\Java\javapath;D:\DevSuiteHome_1\jdk\jre\bin\classic;D:\DevSuiteHome_1\jdk\jre\bin;D:\DevSuiteHome_1\jdk\jre\bin\client;D:\DevSuiteHome_1\jlib;D:\DevSuiteHome_1\bin;D:\DevSuiteHome_1\jre\1.4.2\bin\client;D:\DevSuiteHome_1\jre\1.4.2\bin;C:\Windows\system32;C:\Windows;C:\Windows\System32\Wbem;C:\Windows\System32\WindowsPowerShell\v1.0\;C:\Windows\System32\OpenSSH\;C:\Program Files (x86)\Java\jdk1.8.0_92\bin;C:\Program Files\Microsoft SQL Server\150\Tools\Binn\;C:\Program Files\Microsoft SQL Server\Client SDK\ODBC\170\Tools\Binn\;C:\Program Files (x86)\Microsoft SQL Server\160\Tools\Binn\;C:\Program Files\Microsoft SQL Server\160\Tools\Binn\;C:\Program Files\Microsoft SQL Server\160\DTS\Binn\;C:\Program Files\Azure Data Studio\bin;C:\Program Files (x86)\Microsoft SQL Server\150\Tools\Binn\;C:\Program Files\Microsoft SQL Server\150\DTS\Binn\;C:\Program Files\Microsoft\Web Platform Installer\;C:\Program Files (x86)\Microsoft ASP.NET\ASP.NET Web Pages\v1.0\;C:\Program Files (x86)\Windows Kits\8.0\Windows Performance Toolkit\;D:\nodejs\;D:\Git\cmd;D:\GitHub CLI\;C:\Users\Area 7 Computer\AppData\Local\Microsoft\WindowsApps;;C:\Users\Area 7 Computer\AppData\Local\Programs\Microsoft VS Code\bin;C:\Program Files\Azure Data Studio\bin;C:\Users\Area 7 Computer\AppData\Roaming\npm
USERNAME=Area 7 Computer
OS=Windows_NT
PROCESSOR_IDENTIFIER=Intel64 Family 6 Model 78 Stepping 3, GenuineIntel
TMP=C:\Users\AREA7C~1\AppData\Local\Temp
TEMP=C:\Users\AREA7C~1\AppData\Local\Temp



---------------  S Y S T E M  ---------------

OS:
 Windows 10 , 64 bit Build 19041 (10.0.19041.3636)
OS uptime: 0 days 22:58 hours
Hyper-V role detected

CPU: total 4 (initial active 4) (2 cores per cpu, 2 threads per core) family 6 model 78 stepping 3 microcode 0xcc, cx8, cmov, fxsr, ht, mmx, 3dnowpref, sse, sse2, sse3, ssse3, sse4.1, sse4.2, popcnt, lzcnt, tsc, tscinvbit, avx, avx2, aes, erms, clmul, bmi1, bmi2, rtm, adx, fma, vzeroupper, clflush, clflushopt, hv

Memory: 4k page, system-wide physical 8076M (636M free)
TotalPageFile size 10124M (AvailPageFile size 3M)
current process WorkingSet (physical memory assigned to process): 596M, peak: 616M
current process commit charge ("private bytes"): 625M, peak: 644M

vm_info: OpenJDK 64-Bit Server VM (17.0.6+0-b2043.56-9586694) for windows-amd64 JRE (17.0.6+0-b2043.56-9586694), built on Feb  9 2023 20:06:20 by "androidbuild" with MS VC++ 16.10 / 16.11 (VS2019)

END.
