#
# There is insufficient memory for the Java Runtime Environment to continue.
# Native memory allocation (mmap) failed to map 212860928 bytes for G1 virtual space
# Possible reasons:
#   The system is out of physical RAM or swap space
#   The process is running with CompressedOops enabled, and the Java Heap may be blocking the growth of the native heap
# Possible solutions:
#   Reduce memory load on the system
#   Increase physical memory or swap space
#   Check if swap backing store is full
#   Decrease Java heap size (-Xmx/-Xms)
#   Decrease number of Java threads
#   Decrease Java thread stack sizes (-Xss)
#   Set larger code cache with -XX:ReservedCodeCacheSize=
#   JVM is running with Unscaled Compressed Oops mode in which the Java heap is
#     placed in the first 4GB address space. The Java Heap base address is the
#     maximum limit for the native heap growth. Please use -XX:HeapBaseMinAddress
#     to set the Java Heap base and to place the Java Heap above 4GB virtual address.
# This output file may be truncated or incomplete.
#
#  Out of Memory Error (os_windows.cpp:3769), pid=13060, tid=8560
#
# JRE version: OpenJDK Runtime Environment (17.0.6) (build 17.0.6+0-b2043.56-9586694)
# Java VM: OpenJDK 64-Bit Server VM (17.0.6+0-b2043.56-9586694, mixed mode, tiered, compressed oops, compressed class ptrs, g1 gc, windows-amd64)
# No core dump will be written. Minidumps are not enabled by default on client versions of Windows
#

---------------  S U M M A R Y ------------

Command Line: --add-opens=java.base/java.util=ALL-UNNAMED --add-opens=java.base/java.lang=ALL-UNNAMED --add-opens=java.base/java.lang.invoke=ALL-UNNAMED --add-opens=java.prefs/java.util.prefs=ALL-UNNAMED --add-opens=java.base/java.nio.charset=ALL-UNNAMED --add-opens=java.base/java.net=ALL-UNNAMED --add-opens=java.base/java.util.concurrent.atomic=ALL-UNNAMED -Xmx2048m -Dfile.encoding=UTF-8 -Duser.country=US -Duser.language=en -Duser.variant org.gradle.launcher.daemon.bootstrap.GradleDaemon 8.0

Host: Intel(R) Core(TM) i5-6300U CPU @ 2.40GHz, 4 cores, 7G,  Windows 10 , 64 bit Build 19041 (10.0.19041.3636)
Time: Tue Jan 16 21:32:57 2024 Pakistan Standard Time elapsed time: 20.019928 seconds (0d 0h 0m 20s)

---------------  T H R E A D  ---------------

Current thread (0x000002677b497890):  VMThread "VM Thread" [stack: 0x000000ba3cc00000,0x000000ba3cd00000] [id=8560]

Stack: [0x000000ba3cc00000,0x000000ba3cd00000]
Native frames: (J=compiled Java code, j=interpreted, Vv=VM code, C=native code)
V  [jvm.dll+0x683b4a]
V  [jvm.dll+0x842654]
V  [jvm.dll+0x843dfe]
V  [jvm.dll+0x844463]
V  [jvm.dll+0x249b75]
V  [jvm.dll+0x680a19]
V  [jvm.dll+0x674f0a]
V  [jvm.dll+0x309acb]
V  [jvm.dll+0x310f86]
V  [jvm.dll+0x3608ee]
V  [jvm.dll+0x360b1f]
V  [jvm.dll+0x2dfbf8]
V  [jvm.dll+0x2ddec4]
V  [jvm.dll+0x2dd4cc]
V  [jvm.dll+0x321f3b]
V  [jvm.dll+0x84893b]
V  [jvm.dll+0x849674]
V  [jvm.dll+0x849b8d]
V  [jvm.dll+0x849f64]
V  [jvm.dll+0x84a030]
V  [jvm.dll+0x7f25fa]
V  [jvm.dll+0x682985]
C  [ucrtbase.dll+0x21bb2]
C  [KERNEL32.DLL+0x17344]
C  [ntdll.dll+0x526b1]

VM_Operation (0x000000ba3e9fd930): G1CollectForAllocation, mode: safepoint, requested by thread 0x000002677d048b00


---------------  P R O C E S S  ---------------

Threads class SMR info:
_java_thread_list=0x000002677dba0b00, length=83, elements={
0x0000026761ed5b80, 0x000002677b4bb620, 0x000002677b4bc620, 0x000002677b4c5190,
0x000002677b4c6cc0, 0x000002677b4c7580, 0x000002677c01a000, 0x000002677c01e0f0,
0x000002677c026a00, 0x000002677c027300, 0x000002677c18af30, 0x000002677c18b810,
0x000002677d6b1050, 0x000002677d4de260, 0x000002677d04e070, 0x000002677d3d7770,
0x000002677d8938a0, 0x000002677d7b3940, 0x000002677e4a7d40, 0x000002677d9946e0,
0x000002677d048fd0, 0x000002677d047c90, 0x000002677d049e40, 0x000002677d048630,
0x00000267009e4880, 0x000002677d048b00, 0x000002677d04acb0, 0x000002677d04b180,
0x000002677d04a7e0, 0x000002677d04b650, 0x000002677e891c00, 0x000002677e88ca30,
0x000002677e88c090, 0x000002677e88dd70, 0x000002677e88fa50, 0x000002677e88f580,
0x000002677e88e240, 0x000002677e88ebe0, 0x000002677e88ff20, 0x000002677e891730,
0x000002677e8920d0, 0x000002677e892f40, 0x0000026701ad5860, 0x0000026701ad36b0,
0x0000026701ad31e0, 0x0000026701ad5390, 0x0000026701ad7540, 0x0000026701ad5d30,
0x0000026701ad2840, 0x0000026701ad2d10, 0x0000026701ad49f0, 0x0000026701ad66d0,
0x0000026701ad4ec0, 0x0000026701ad3b80, 0x0000026701ad2370, 0x0000026701ad4050,
0x0000026701ad0b60, 0x0000026701ad7070, 0x0000026701ad6200, 0x0000026701ad6ba0,
0x0000026701ad4520, 0x0000026701ad1500, 0x0000026701ad7a10, 0x0000026701ad01c0,
0x0000026701ad0690, 0x0000026701ad1030, 0x0000026701ad19d0, 0x0000026701ad1ea0,
0x0000026701a0fa40, 0x0000026701a0e230, 0x0000026701a0cef0, 0x0000026701a11250,
0x0000026701a0e700, 0x0000026701a0dd60, 0x0000026701a0ebd0, 0x0000026701a0ca20,
0x0000026701a0f0a0, 0x0000026701a0d3c0, 0x0000026701a108b0, 0x0000026701a0f570,
0x0000026701a0ff10, 0x0000026701a10d80, 0x0000026701a103e0
}

Java Threads: ( => current thread )
  0x0000026761ed5b80 JavaThread "main" [_thread_blocked, id=6120, stack(0x000000ba3c600000,0x000000ba3c700000)]
  0x000002677b4bb620 JavaThread "Reference Handler" daemon [_thread_blocked, id=4444, stack(0x000000ba3cd00000,0x000000ba3ce00000)]
  0x000002677b4bc620 JavaThread "Finalizer" daemon [_thread_blocked, id=13476, stack(0x000000ba3ce00000,0x000000ba3cf00000)]
  0x000002677b4c5190 JavaThread "Signal Dispatcher" daemon [_thread_blocked, id=9984, stack(0x000000ba3cf00000,0x000000ba3d000000)]
  0x000002677b4c6cc0 JavaThread "Attach Listener" daemon [_thread_blocked, id=5460, stack(0x000000ba3d000000,0x000000ba3d100000)]
  0x000002677b4c7580 JavaThread "Service Thread" daemon [_thread_blocked, id=800, stack(0x000000ba3d100000,0x000000ba3d200000)]
  0x000002677c01a000 JavaThread "Monitor Deflation Thread" daemon [_thread_blocked, id=812, stack(0x000000ba3d200000,0x000000ba3d300000)]
  0x000002677c01e0f0 JavaThread "C2 CompilerThread0" daemon [_thread_blocked, id=8028, stack(0x000000ba3d300000,0x000000ba3d400000)]
  0x000002677c026a00 JavaThread "C1 CompilerThread0" daemon [_thread_blocked, id=2848, stack(0x000000ba3d400000,0x000000ba3d500000)]
  0x000002677c027300 JavaThread "Sweeper thread" daemon [_thread_blocked, id=10020, stack(0x000000ba3d500000,0x000000ba3d600000)]
  0x000002677c18af30 JavaThread "Common-Cleaner" daemon [_thread_blocked, id=2560, stack(0x000000ba3d600000,0x000000ba3d700000)]
  0x000002677c18b810 JavaThread "Notification Thread" daemon [_thread_blocked, id=3972, stack(0x000000ba3d700000,0x000000ba3d800000)]
  0x000002677d6b1050 JavaThread "Daemon health stats" [_thread_blocked, id=4896, stack(0x000000ba3d900000,0x000000ba3da00000)]
  0x000002677d4de260 JavaThread "Incoming local TCP Connector on port 25601" [_thread_in_native, id=8676, stack(0x000000ba3dd00000,0x000000ba3de00000)]
  0x000002677d04e070 JavaThread "Daemon periodic checks" [_thread_blocked, id=13624, stack(0x000000ba3de00000,0x000000ba3df00000)]
  0x000002677d3d7770 JavaThread "Daemon" [_thread_blocked, id=10144, stack(0x000000ba3df00000,0x000000ba3e000000)]
  0x000002677d8938a0 JavaThread "Handler for socket connection from /127.0.0.1:25601 to /127.0.0.1:25602" [_thread_in_native, id=3684, stack(0x000000ba3e000000,0x000000ba3e100000)]
  0x000002677d7b3940 JavaThread "Cancel handler" [_thread_blocked, id=8924, stack(0x000000ba3e100000,0x000000ba3e200000)]
  0x000002677e4a7d40 JavaThread "Daemon worker" [_thread_blocked, id=13432, stack(0x000000ba3e200000,0x000000ba3e300000)]
  0x000002677d9946e0 JavaThread "Asynchronous log dispatcher for DefaultDaemonConnection: socket connection from /127.0.0.1:25601 to /127.0.0.1:25602" [_thread_blocked, id=13216, stack(0x000000ba3e300000,0x000000ba3e400000)]
  0x000002677d048fd0 JavaThread "Stdin handler" [_thread_blocked, id=14948, stack(0x000000ba3e400000,0x000000ba3e500000)]
  0x000002677d047c90 JavaThread "Daemon client event forwarder" [_thread_blocked, id=10940, stack(0x000000ba3e500000,0x000000ba3e600000)]
  0x000002677d049e40 JavaThread "Cache worker for journal cache (C:\Users\Area 7 Computer\.gradle\caches\journal-1)" [_thread_blocked, id=1952, stack(0x000000ba3e600000,0x000000ba3e700000)]
  0x000002677d048630 JavaThread "File lock request listener" [_thread_in_native, id=1320, stack(0x000000ba3e700000,0x000000ba3e800000)]
  0x00000267009e4880 JavaThread "C2 CompilerThread1" daemon [_thread_blocked, id=8132, stack(0x000000ba3e800000,0x000000ba3e900000)]
  0x000002677d048b00 JavaThread "Cache worker for file hash cache (C:\Users\Area 7 Computer\.gradle\caches\8.0\fileHashes)" [_thread_blocked, id=11224, stack(0x000000ba3e900000,0x000000ba3ea00000)]
  0x000002677d04acb0 JavaThread "File watcher server" daemon [_thread_in_native, id=7908, stack(0x000000ba3ea00000,0x000000ba3eb00000)]
  0x000002677d04b180 JavaThread "File watcher consumer" daemon [_thread_blocked, id=11712, stack(0x000000ba3eb00000,0x000000ba3ec00000)]
  0x000002677d04a7e0 JavaThread "Cache worker for checksums cache (D:\FYP\fypproject\FypDisasterManagement-1\FypDisasterManagement-1\FypDisasterManagement\.gradle\8.0\checksums)" [_thread_blocked, id=8500, stack(0x000000ba3ec00000,0x000000ba3ed00000)]
  0x000002677d04b650 JavaThread "Cache worker for cache directory md-rule (C:\Users\Area 7 Computer\.gradle\caches\8.0\md-rule)" [_thread_blocked, id=5892, stack(0x000000ba3ed00000,0x000000ba3ee00000)]
  0x000002677e891c00 JavaThread "Cache worker for file content cache (C:\Users\Area 7 Computer\.gradle\caches\8.0\fileContent)" [_thread_blocked, id=11824, stack(0x000000ba3ee00000,0x000000ba3ef00000)]
  0x000002677e88ca30 JavaThread "Cache worker for file hash cache (D:\FYP\fypproject\FypDisasterManagement-1\FypDisasterManagement-1\FypDisasterManagement\.gradle\8.0\fileHashes)" [_thread_blocked, id=5020, stack(0x000000ba3ef00000,0x000000ba3f000000)]
  0x000002677e88c090 JavaThread "Cache worker for cache directory md-supplier (C:\Users\Area 7 Computer\.gradle\caches\8.0\md-supplier)" [_thread_blocked, id=10836, stack(0x000000ba3f000000,0x000000ba3f100000)]
  0x000002677e88dd70 JavaThread "Cache worker for execution history cache (C:\Users\Area 7 Computer\.gradle\caches\8.0\executionHistory)" [_thread_blocked, id=12884, stack(0x000000ba3f100000,0x000000ba3f200000)]
  0x000002677e88fa50 JavaThread "jar transforms" [_thread_blocked, id=14764, stack(0x000000ba3f200000,0x000000ba3f300000)]
  0x000002677e88f580 JavaThread "jar transforms Thread 2" [_thread_blocked, id=9328, stack(0x000000ba3f300000,0x000000ba3f400000)]
  0x000002677e88e240 JavaThread "Cache worker for kotlin-dsl (C:\Users\Area 7 Computer\.gradle\caches\8.0\kotlin-dsl)" [_thread_blocked, id=11676, stack(0x000000ba3f500000,0x000000ba3f600000)]
  0x000002677e88ebe0 JavaThread "jar transforms Thread 3" [_thread_blocked, id=7424, stack(0x000000ba3f600000,0x000000ba3f700000)]
  0x000002677e88ff20 JavaThread "jar transforms Thread 4" [_thread_blocked, id=10084, stack(0x000000ba3f700000,0x000000ba3f800000)]
  0x000002677e891730 JavaThread "Cache worker for dependencies-accessors (D:\FYP\fypproject\FypDisasterManagement-1\FypDisasterManagement-1\FypDisasterManagement\.gradle\8.0\dependencies-accessors)" [_thread_blocked, id=11996, stack(0x000000ba3f800000,0x000000ba3f900000)]
  0x000002677e8920d0 JavaThread "Cache worker for Build Output Cleanup Cache (D:\FYP\fypproject\FypDisasterManagement-1\FypDisasterManagement-1\FypDisasterManagement\.gradle\buildOutputCleanup)" [_thread_blocked, id=2892, stack(0x000000ba3f900000,0x000000ba3fa00000)]
  0x000002677e892f40 JavaThread "Unconstrained build operations" [_thread_blocked, id=12340, stack(0x000000ba3fa00000,0x000000ba3fb00000)]
  0x0000026701ad5860 JavaThread "Unconstrained build operations Thread 2" [_thread_blocked, id=13884, stack(0x000000ba3fb00000,0x000000ba3fc00000)]
  0x0000026701ad36b0 JavaThread "Unconstrained build operations Thread 3" [_thread_blocked, id=6296, stack(0x000000ba3fc00000,0x000000ba3fd00000)]
  0x0000026701ad31e0 JavaThread "Unconstrained build operations Thread 4" [_thread_blocked, id=828, stack(0x000000ba3fd00000,0x000000ba3fe00000)]
  0x0000026701ad5390 JavaThread "Unconstrained build operations Thread 5" [_thread_blocked, id=4156, stack(0x000000ba3fe00000,0x000000ba3ff00000)]
  0x0000026701ad7540 JavaThread "Unconstrained build operations Thread 6" [_thread_blocked, id=4528, stack(0x000000ba3ff00000,0x000000ba40000000)]
  0x0000026701ad5d30 JavaThread "Unconstrained build operations Thread 7" [_thread_blocked, id=10852, stack(0x000000ba40000000,0x000000ba40100000)]
  0x0000026701ad2840 JavaThread "Unconstrained build operations Thread 8" [_thread_blocked, id=6500, stack(0x000000ba40100000,0x000000ba40200000)]
  0x0000026701ad2d10 JavaThread "Unconstrained build operations Thread 9" [_thread_blocked, id=13040, stack(0x000000ba40200000,0x000000ba40300000)]
  0x0000026701ad49f0 JavaThread "Unconstrained build operations Thread 10" [_thread_blocked, id=12388, stack(0x000000ba40300000,0x000000ba40400000)]
  0x0000026701ad66d0 JavaThread "Unconstrained build operations Thread 11" [_thread_blocked, id=11472, stack(0x000000ba40400000,0x000000ba40500000)]
  0x0000026701ad4ec0 JavaThread "Unconstrained build operations Thread 12" [_thread_blocked, id=4264, stack(0x000000ba40500000,0x000000ba40600000)]
  0x0000026701ad3b80 JavaThread "Unconstrained build operations Thread 13" [_thread_blocked, id=1824, stack(0x000000ba40600000,0x000000ba40700000)]
  0x0000026701ad2370 JavaThread "Unconstrained build operations Thread 14" [_thread_blocked, id=13864, stack(0x000000ba40700000,0x000000ba40800000)]
  0x0000026701ad4050 JavaThread "Unconstrained build operations Thread 15" [_thread_blocked, id=11988, stack(0x000000ba40800000,0x000000ba40900000)]
  0x0000026701ad0b60 JavaThread "Unconstrained build operations Thread 16" [_thread_blocked, id=8212, stack(0x000000ba40900000,0x000000ba40a00000)]
  0x0000026701ad7070 JavaThread "Unconstrained build operations Thread 17" [_thread_blocked, id=12400, stack(0x000000ba40a00000,0x000000ba40b00000)]
  0x0000026701ad6200 JavaThread "Unconstrained build operations Thread 18" [_thread_blocked, id=4996, stack(0x000000ba40b00000,0x000000ba40c00000)]
  0x0000026701ad6ba0 JavaThread "Unconstrained build operations Thread 19" [_thread_blocked, id=14084, stack(0x000000ba40c00000,0x000000ba40d00000)]
  0x0000026701ad4520 JavaThread "Unconstrained build operations Thread 20" [_thread_blocked, id=1176, stack(0x000000ba40d00000,0x000000ba40e00000)]
  0x0000026701ad1500 JavaThread "Unconstrained build operations Thread 21" [_thread_blocked, id=14180, stack(0x000000ba40e00000,0x000000ba40f00000)]
  0x0000026701ad7a10 JavaThread "Unconstrained build operations Thread 22" [_thread_blocked, id=2656, stack(0x000000ba40f00000,0x000000ba41000000)]
  0x0000026701ad01c0 JavaThread "Unconstrained build operations Thread 23" [_thread_blocked, id=5492, stack(0x000000ba41000000,0x000000ba41100000)]
  0x0000026701ad0690 JavaThread "Unconstrained build operations Thread 24" [_thread_blocked, id=14728, stack(0x000000ba41100000,0x000000ba41200000)]
  0x0000026701ad1030 JavaThread "Unconstrained build operations Thread 25" [_thread_blocked, id=3888, stack(0x000000ba41200000,0x000000ba41300000)]
  0x0000026701ad19d0 JavaThread "Unconstrained build operations Thread 26" [_thread_blocked, id=7664, stack(0x000000ba41300000,0x000000ba41400000)]
  0x0000026701ad1ea0 JavaThread "Unconstrained build operations Thread 27" [_thread_blocked, id=11416, stack(0x000000ba41400000,0x000000ba41500000)]
  0x0000026701a0fa40 JavaThread "Unconstrained build operations Thread 28" [_thread_blocked, id=6188, stack(0x000000ba41500000,0x000000ba41600000)]
  0x0000026701a0e230 JavaThread "Unconstrained build operations Thread 29" [_thread_blocked, id=2012, stack(0x000000ba41600000,0x000000ba41700000)]
  0x0000026701a0cef0 JavaThread "Unconstrained build operations Thread 30" [_thread_blocked, id=14120, stack(0x000000ba41700000,0x000000ba41800000)]
  0x0000026701a11250 JavaThread "Unconstrained build operations Thread 31" [_thread_blocked, id=752, stack(0x000000ba41800000,0x000000ba41900000)]
  0x0000026701a0e700 JavaThread "Unconstrained build operations Thread 32" [_thread_blocked, id=4420, stack(0x000000ba41900000,0x000000ba41a00000)]
  0x0000026701a0dd60 JavaThread "Unconstrained build operations Thread 33" [_thread_blocked, id=6792, stack(0x000000ba41a00000,0x000000ba41b00000)]
  0x0000026701a0ebd0 JavaThread "Unconstrained build operations Thread 34" [_thread_blocked, id=8060, stack(0x000000ba41b00000,0x000000ba41c00000)]
  0x0000026701a0ca20 JavaThread "Unconstrained build operations Thread 35" [_thread_blocked, id=8100, stack(0x000000ba41c00000,0x000000ba41d00000)]
  0x0000026701a0f0a0 JavaThread "Unconstrained build operations Thread 36" [_thread_blocked, id=9008, stack(0x000000ba41d00000,0x000000ba41e00000)]
  0x0000026701a0d3c0 JavaThread "Unconstrained build operations Thread 37" [_thread_blocked, id=704, stack(0x000000ba41e00000,0x000000ba41f00000)]
  0x0000026701a108b0 JavaThread "Unconstrained build operations Thread 38" [_thread_blocked, id=10816, stack(0x000000ba41f00000,0x000000ba42000000)]
  0x0000026701a0f570 JavaThread "Unconstrained build operations Thread 39" [_thread_blocked, id=10704, stack(0x000000ba42000000,0x000000ba42100000)]
  0x0000026701a0ff10 JavaThread "Unconstrained build operations Thread 40" [_thread_blocked, id=12000, stack(0x000000ba42100000,0x000000ba42200000)]
  0x0000026701a10d80 JavaThread "build event listener" [_thread_blocked, id=8156, stack(0x000000ba42200000,0x000000ba42300000)]
  0x0000026701a103e0 JavaThread "Memory manager" [_thread_blocked, id=6108, stack(0x000000ba42300000,0x000000ba42400000)]

Other Threads:
=>0x000002677b497890 VMThread "VM Thread" [stack: 0x000000ba3cc00000,0x000000ba3cd00000] [id=8560]
  0x0000026761f51b50 WatcherThread [stack: 0x000000ba3d800000,0x000000ba3d900000] [id=3208]
  0x0000026761f2f0a0 GCTaskThread "GC Thread#0" [stack: 0x000000ba3c700000,0x000000ba3c800000] [id=11920]
  0x000002677c8723d0 GCTaskThread "GC Thread#1" [stack: 0x000000ba3da00000,0x000000ba3db00000] [id=10192]
  0x000002677cba9f70 GCTaskThread "GC Thread#2" [stack: 0x000000ba3db00000,0x000000ba3dc00000] [id=10548]
  0x000002677cf05860 GCTaskThread "GC Thread#3" [stack: 0x000000ba3dc00000,0x000000ba3dd00000] [id=7368]
  0x0000026761f40f00 ConcurrentGCThread "G1 Main Marker" [stack: 0x000000ba3c800000,0x000000ba3c900000] [id=14952]
  0x0000026761f41fc0 ConcurrentGCThread "G1 Conc#0" [stack: 0x000000ba3c900000,0x000000ba3ca00000] [id=9380]
  0x000002677b2f20b0 ConcurrentGCThread "G1 Refine#0" [stack: 0x000000ba3ca00000,0x000000ba3cb00000] [id=8856]
  0x000002677e930660 ConcurrentGCThread "G1 Refine#1" [stack: 0x000000ba3f400000,0x000000ba3f500000] [id=7468]
  0x000002677b2f29e0 ConcurrentGCThread "G1 Service" [stack: 0x000000ba3cb00000,0x000000ba3cc00000] [id=11484]

Threads with active compile tasks:
C2 CompilerThread0    20062 7530   !   4       jdk.internal.loader.Resource::getBytes (244 bytes)
C2 CompilerThread1    20062 7814       4       org.gradle.cache.internal.btree.BTreePersistentIndexedCache$IndexBlock::read (94 bytes)

VM state: at safepoint (normal execution)

VM Mutex/Monitor currently owned by a thread:  ([mutex/lock_event])
[0x0000026761ed0900] Threads_lock - owner thread: 0x000002677b497890
[0x0000026761ed1830] Heap_lock - owner thread: 0x000002677d048b00

Heap address: 0x0000000080000000, size: 2048 MB, Compressed Oops mode: 32-bit

CDS archive(s) not mapped
Compressed class space mapped at: 0x0000000100000000-0x0000000140000000, reserved size: 1073741824
Narrow klass base: 0x0000000000000000, Narrow klass shift: 3, Narrow klass range: 0x140000000

GC Precious Log:
 CPUs: 4 total, 4 available
 Memory: 8076M
 Large Page Support: Disabled
 NUMA Support: Disabled
 Compressed Oops: Enabled (32-bit)
 Heap Region Size: 1M
 Heap Min Capacity: 8M
 Heap Initial Capacity: 128M
 Heap Max Capacity: 2G
 Pre-touch: Disabled
 Parallel Workers: 4
 Concurrent Workers: 1
 Concurrent Refinement Workers: 4
 Periodic GC: Disabled

Heap:
 garbage-first heap   total 135168K, used 73535K [0x0000000080000000, 0x0000000100000000)
  region size 1024K, 1 young (1024K), 1 survivors (1024K)
 Metaspace       used 76465K, committed 77056K, reserved 1122304K
  class space    used 10154K, committed 10432K, reserved 1048576K

Heap Regions: E=young(eden), S=young(survivor), O=old, HS=humongous(starts), HC=humongous(continues), CS=collection set, F=free, OA=open archive, CA=closed archive, TAMS=top-at-mark-start (previous, next)
|   0|0x0000000080000000, 0x0000000080100000, 0x0000000080100000|100%| O|  |TAMS 0x0000000080100000, 0x0000000080000000| Untracked 
|   1|0x0000000080100000, 0x0000000080200000, 0x0000000080200000|100%| O|  |TAMS 0x0000000080200000, 0x0000000080100000| Untracked 
|   2|0x0000000080200000, 0x0000000080300000, 0x0000000080300000|100%|HS|  |TAMS 0x0000000080300000, 0x0000000080200000| Complete 
|   3|0x0000000080300000, 0x0000000080400000, 0x0000000080400000|100%|HC|  |TAMS 0x0000000080400000, 0x0000000080300000| Complete 
|   4|0x0000000080400000, 0x0000000080500000, 0x0000000080500000|100%|HC|  |TAMS 0x0000000080500000, 0x0000000080400000| Complete 
|   5|0x0000000080500000, 0x0000000080600000, 0x0000000080600000|100%|HC|  |TAMS 0x0000000080600000, 0x0000000080500000| Complete 
|   6|0x0000000080600000, 0x0000000080700000, 0x0000000080700000|100%| O|  |TAMS 0x0000000080700000, 0x0000000080600000| Untracked 
|   7|0x0000000080700000, 0x0000000080800000, 0x0000000080800000|100%| O|  |TAMS 0x0000000080800000, 0x0000000080700000| Untracked 
|   8|0x0000000080800000, 0x0000000080900000, 0x0000000080900000|100%| O|  |TAMS 0x0000000080900000, 0x0000000080800000| Untracked 
|   9|0x0000000080900000, 0x0000000080a00000, 0x0000000080a00000|100%| O|  |TAMS 0x0000000080a00000, 0x0000000080900000| Untracked 
|  10|0x0000000080a00000, 0x0000000080b00000, 0x0000000080b00000|100%| O|  |TAMS 0x0000000080b00000, 0x0000000080a00000| Untracked 
|  11|0x0000000080b00000, 0x0000000080c00000, 0x0000000080c00000|100%| O|  |TAMS 0x0000000080c00000, 0x0000000080b00000| Untracked 
|  12|0x0000000080c00000, 0x0000000080d00000, 0x0000000080d00000|100%| O|  |TAMS 0x0000000080d00000, 0x0000000080c00000| Untracked 
|  13|0x0000000080d00000, 0x0000000080e00000, 0x0000000080e00000|100%| O|  |TAMS 0x0000000080e00000, 0x0000000080d00000| Untracked 
|  14|0x0000000080e00000, 0x0000000080f00000, 0x0000000080f00000|100%| O|  |TAMS 0x0000000080f00000, 0x0000000080e00000| Untracked 
|  15|0x0000000080f00000, 0x0000000081000000, 0x0000000081000000|100%| O|  |TAMS 0x0000000081000000, 0x0000000080f00000| Untracked 
|  16|0x0000000081000000, 0x0000000081100000, 0x0000000081100000|100%| O|  |TAMS 0x0000000081100000, 0x0000000081000000| Untracked 
|  17|0x0000000081100000, 0x0000000081200000, 0x0000000081200000|100%| O|  |TAMS 0x0000000081200000, 0x0000000081100000| Untracked 
|  18|0x0000000081200000, 0x0000000081300000, 0x0000000081300000|100%| O|  |TAMS 0x0000000081300000, 0x0000000081200000| Untracked 
|  19|0x0000000081300000, 0x0000000081400000, 0x0000000081400000|100%| O|  |TAMS 0x0000000081400000, 0x0000000081300000| Untracked 
|  20|0x0000000081400000, 0x0000000081500000, 0x0000000081500000|100%| O|  |TAMS 0x0000000081500000, 0x0000000081400000| Untracked 
|  21|0x0000000081500000, 0x0000000081600000, 0x0000000081600000|100%| O|  |TAMS 0x0000000081600000, 0x0000000081500000| Untracked 
|  22|0x0000000081600000, 0x0000000081700000, 0x0000000081700000|100%| O|  |TAMS 0x0000000081700000, 0x0000000081600000| Untracked 
|  23|0x0000000081700000, 0x0000000081800000, 0x0000000081800000|100%| O|  |TAMS 0x0000000081800000, 0x0000000081700000| Untracked 
|  24|0x0000000081800000, 0x0000000081900000, 0x0000000081900000|100%| O|  |TAMS 0x0000000081900000, 0x0000000081800000| Untracked 
|  25|0x0000000081900000, 0x0000000081a00000, 0x0000000081a00000|100%| O|  |TAMS 0x0000000081a00000, 0x0000000081900000| Untracked 
|  26|0x0000000081a00000, 0x0000000081b00000, 0x0000000081b00000|100%| O|  |TAMS 0x0000000081b00000, 0x0000000081a00000| Untracked 
|  27|0x0000000081b00000, 0x0000000081c00000, 0x0000000081c00000|100%| O|  |TAMS 0x0000000081c00000, 0x0000000081b00000| Untracked 
|  28|0x0000000081c00000, 0x0000000081d00000, 0x0000000081d00000|100%| O|  |TAMS 0x0000000081d00000, 0x0000000081c00000| Untracked 
|  29|0x0000000081d00000, 0x0000000081e00000, 0x0000000081e00000|100%| O|  |TAMS 0x0000000081e00000, 0x0000000081d00000| Untracked 
|  30|0x0000000081e00000, 0x0000000081f00000, 0x0000000081f00000|100%| O|  |TAMS 0x0000000081f00000, 0x0000000081e00000| Untracked 
|  31|0x0000000081f00000, 0x0000000082000000, 0x0000000082000000|100%| O|  |TAMS 0x0000000082000000, 0x0000000081f00000| Untracked 
|  32|0x0000000082000000, 0x0000000082100000, 0x0000000082100000|100%| O|  |TAMS 0x0000000082100000, 0x0000000082000000| Untracked 
|  33|0x0000000082100000, 0x0000000082200000, 0x0000000082200000|100%|HS|  |TAMS 0x0000000082200000, 0x0000000082100000| Complete 
|  34|0x0000000082200000, 0x0000000082300000, 0x0000000082300000|100%|HS|  |TAMS 0x0000000082300000, 0x0000000082200000| Complete 
|  35|0x0000000082300000, 0x0000000082400000, 0x0000000082400000|100%|HS|  |TAMS 0x0000000082400000, 0x0000000082300000| Complete 
|  36|0x0000000082400000, 0x0000000082500000, 0x0000000082500000|100%|HC|  |TAMS 0x0000000082500000, 0x0000000082400000| Complete 
|  37|0x0000000082500000, 0x0000000082600000, 0x0000000082600000|100%| O|  |TAMS 0x0000000082600000, 0x0000000082500000| Untracked 
|  38|0x0000000082600000, 0x0000000082700000, 0x0000000082700000|100%| O|  |TAMS 0x0000000082700000, 0x0000000082600000| Untracked 
|  39|0x0000000082700000, 0x0000000082800000, 0x0000000082800000|100%| O|  |TAMS 0x0000000082800000, 0x0000000082700000| Untracked 
|  40|0x0000000082800000, 0x0000000082900000, 0x0000000082900000|100%| O|  |TAMS 0x0000000082900000, 0x0000000082800000| Untracked 
|  41|0x0000000082900000, 0x0000000082a00000, 0x0000000082a00000|100%| O|  |TAMS 0x0000000082a00000, 0x0000000082900000| Untracked 
|  42|0x0000000082a00000, 0x0000000082b00000, 0x0000000082b00000|100%| O|  |TAMS 0x0000000082b00000, 0x0000000082a00000| Untracked 
|  43|0x0000000082b00000, 0x0000000082c00000, 0x0000000082c00000|100%|HS|  |TAMS 0x0000000082c00000, 0x0000000082b00000| Complete 
|  44|0x0000000082c00000, 0x0000000082d00000, 0x0000000082d00000|100%|HC|  |TAMS 0x0000000082d00000, 0x0000000082c00000| Complete 
|  45|0x0000000082d00000, 0x0000000082e00000, 0x0000000082e00000|100%|HC|  |TAMS 0x0000000082e00000, 0x0000000082d00000| Complete 
|  46|0x0000000082e00000, 0x0000000082f00000, 0x0000000082f00000|100%|HC|  |TAMS 0x0000000082f00000, 0x0000000082e00000| Complete 
|  47|0x0000000082f00000, 0x0000000083000000, 0x0000000083000000|100%| O|  |TAMS 0x0000000083000000, 0x0000000082f00000| Untracked 
|  48|0x0000000083000000, 0x0000000083100000, 0x0000000083100000|100%| O|  |TAMS 0x0000000083100000, 0x0000000083000000| Untracked 
|  49|0x0000000083100000, 0x0000000083200000, 0x0000000083200000|100%| O|  |TAMS 0x0000000083200000, 0x0000000083100000| Untracked 
|  50|0x0000000083200000, 0x0000000083300000, 0x0000000083300000|100%| O|  |TAMS 0x0000000083300000, 0x0000000083200000| Untracked 
|  51|0x0000000083300000, 0x0000000083400000, 0x0000000083400000|100%| O|  |TAMS 0x0000000083400000, 0x0000000083300000| Untracked 
|  52|0x0000000083400000, 0x0000000083500000, 0x0000000083500000|100%| O|  |TAMS 0x0000000083500000, 0x0000000083400000| Untracked 
|  53|0x0000000083500000, 0x0000000083600000, 0x0000000083600000|100%| O|  |TAMS 0x0000000083600000, 0x0000000083500000| Untracked 
|  54|0x0000000083600000, 0x0000000083700000, 0x0000000083700000|100%| O|  |TAMS 0x0000000083600000, 0x0000000083600000| Untracked 
|  55|0x0000000083700000, 0x0000000083800000, 0x0000000083800000|100%| O|  |TAMS 0x0000000083800000, 0x0000000083700000| Untracked 
|  56|0x0000000083800000, 0x0000000083900000, 0x0000000083900000|100%| O|  |TAMS 0x0000000083900000, 0x0000000083800000| Untracked 
|  57|0x0000000083900000, 0x0000000083a00000, 0x0000000083a00000|100%| O|  |TAMS 0x0000000083a00000, 0x0000000083900000| Untracked 
|  58|0x0000000083a00000, 0x0000000083b00000, 0x0000000083b00000|100%| O|  |TAMS 0x0000000083b00000, 0x0000000083a00000| Untracked 
|  59|0x0000000083b00000, 0x0000000083c00000, 0x0000000083c00000|100%| O|  |TAMS 0x0000000083bd8800, 0x0000000083b00000| Untracked 
|  60|0x0000000083c00000, 0x0000000083d00000, 0x0000000083d00000|100%| O|  |TAMS 0x0000000083d00000, 0x0000000083c00000| Untracked 
|  61|0x0000000083d00000, 0x0000000083e00000, 0x0000000083e00000|100%| O|  |TAMS 0x0000000083e00000, 0x0000000083d00000| Untracked 
|  62|0x0000000083e00000, 0x0000000083e00000, 0x0000000083f00000|  0%| F|  |TAMS 0x0000000083e00000, 0x0000000083e00000| Untracked 
|  63|0x0000000083f00000, 0x0000000084000000, 0x0000000084000000|100%| O|  |TAMS 0x0000000084000000, 0x0000000083f00000| Untracked 
|  64|0x0000000084000000, 0x0000000084100000, 0x0000000084100000|100%| O|  |TAMS 0x0000000084100000, 0x0000000084000000| Untracked 
|  65|0x0000000084100000, 0x0000000084200000, 0x0000000084200000|100%| O|  |TAMS 0x0000000084100000, 0x0000000084100000| Untracked 
|  66|0x0000000084200000, 0x0000000084300000, 0x0000000084300000|100%| O|  |TAMS 0x0000000084200000, 0x0000000084200000| Untracked 
|  67|0x0000000084300000, 0x0000000084400000, 0x0000000084400000|100%| O|  |TAMS 0x0000000084300000, 0x0000000084300000| Untracked 
|  68|0x0000000084400000, 0x0000000084500000, 0x0000000084500000|100%| O|  |TAMS 0x0000000084400000, 0x0000000084400000| Untracked 
|  69|0x0000000084500000, 0x0000000084600000, 0x0000000084600000|100%| O|  |TAMS 0x0000000084500000, 0x0000000084500000| Untracked 
|  70|0x0000000084600000, 0x0000000084700000, 0x0000000084700000|100%| O|  |TAMS 0x0000000084600000, 0x0000000084600000| Untracked 
|  71|0x0000000084700000, 0x0000000084800000, 0x0000000084800000|100%| O|  |TAMS 0x0000000084700000, 0x0000000084700000| Untracked 
|  72|0x0000000084800000, 0x0000000084800000, 0x0000000084900000|  0%| F|  |TAMS 0x0000000084800000, 0x0000000084800000| Untracked 
|  73|0x0000000084900000, 0x0000000084900000, 0x0000000084a00000|  0%| F|  |TAMS 0x0000000084900000, 0x0000000084900000| Untracked 
|  74|0x0000000084a00000, 0x0000000084a00000, 0x0000000084b00000|  0%| F|  |TAMS 0x0000000084a00000, 0x0000000084a00000| Untracked 
|  75|0x0000000084b00000, 0x0000000084b00000, 0x0000000084c00000|  0%| F|  |TAMS 0x0000000084b00000, 0x0000000084b00000| Untracked 
|  76|0x0000000084c00000, 0x0000000084c00000, 0x0000000084d00000|  0%| F|  |TAMS 0x0000000084c00000, 0x0000000084c00000| Untracked 
|  77|0x0000000084d00000, 0x0000000084d00000, 0x0000000084e00000|  0%| F|  |TAMS 0x0000000084d00000, 0x0000000084d00000| Untracked 
|  78|0x0000000084e00000, 0x0000000084e00000, 0x0000000084f00000|  0%| F|  |TAMS 0x0000000084e00000, 0x0000000084e00000| Untracked 
|  79|0x0000000084f00000, 0x0000000084f00000, 0x0000000085000000|  0%| F|  |TAMS 0x0000000084f00000, 0x0000000084f00000| Untracked 
|  80|0x0000000085000000, 0x0000000085000000, 0x0000000085100000|  0%| F|  |TAMS 0x0000000085000000, 0x0000000085000000| Untracked 
|  81|0x0000000085100000, 0x0000000085100000, 0x0000000085200000|  0%| F|  |TAMS 0x0000000085100000, 0x0000000085100000| Untracked 
|  82|0x0000000085200000, 0x0000000085200000, 0x0000000085300000|  0%| F|  |TAMS 0x0000000085200000, 0x0000000085200000| Untracked 
|  83|0x0000000085300000, 0x0000000085300000, 0x0000000085400000|  0%| F|  |TAMS 0x0000000085300000, 0x0000000085300000| Untracked 
|  84|0x0000000085400000, 0x0000000085400000, 0x0000000085500000|  0%| F|  |TAMS 0x0000000085400000, 0x0000000085400000| Untracked 
|  85|0x0000000085500000, 0x0000000085500000, 0x0000000085600000|  0%| F|  |TAMS 0x0000000085500000, 0x0000000085500000| Untracked 
|  86|0x0000000085600000, 0x0000000085600000, 0x0000000085700000|  0%| F|  |TAMS 0x0000000085600000, 0x0000000085600000| Untracked 
|  87|0x0000000085700000, 0x0000000085700000, 0x0000000085800000|  0%| F|  |TAMS 0x0000000085700000, 0x0000000085700000| Untracked 
|  88|0x0000000085800000, 0x0000000085800000, 0x0000000085900000|  0%| F|  |TAMS 0x0000000085800000, 0x0000000085800000| Untracked 
|  89|0x0000000085900000, 0x0000000085900000, 0x0000000085a00000|  0%| F|  |TAMS 0x0000000085900000, 0x0000000085900000| Untracked 
|  90|0x0000000085a00000, 0x0000000085a00000, 0x0000000085b00000|  0%| F|  |TAMS 0x0000000085a00000, 0x0000000085a00000| Untracked 
|  91|0x0000000085b00000, 0x0000000085b00000, 0x0000000085c00000|  0%| F|  |TAMS 0x0000000085b00000, 0x0000000085b00000| Untracked 
|  92|0x0000000085c00000, 0x0000000085c00000, 0x0000000085d00000|  0%| F|  |TAMS 0x0000000085c00000, 0x0000000085c00000| Untracked 
|  93|0x0000000085d00000, 0x0000000085d00000, 0x0000000085e00000|  0%| F|  |TAMS 0x0000000085d00000, 0x0000000085d00000| Untracked 
|  94|0x0000000085e00000, 0x0000000085e00000, 0x0000000085f00000|  0%| F|  |TAMS 0x0000000085e00000, 0x0000000085e00000| Untracked 
|  95|0x0000000085f00000, 0x0000000085f00000, 0x0000000086000000|  0%| F|  |TAMS 0x0000000085f00000, 0x0000000085f00000| Untracked 
|  96|0x0000000086000000, 0x0000000086000000, 0x0000000086100000|  0%| F|  |TAMS 0x0000000086000000, 0x0000000086000000| Untracked 
|  97|0x0000000086100000, 0x0000000086100000, 0x0000000086200000|  0%| F|  |TAMS 0x0000000086100000, 0x0000000086100000| Untracked 
|  98|0x0000000086200000, 0x0000000086200000, 0x0000000086300000|  0%| F|  |TAMS 0x0000000086200000, 0x0000000086200000| Untracked 
|  99|0x0000000086300000, 0x0000000086300000, 0x0000000086400000|  0%| F|  |TAMS 0x0000000086300000, 0x0000000086300000| Untracked 
| 100|0x0000000086400000, 0x0000000086400000, 0x0000000086500000|  0%| F|  |TAMS 0x0000000086400000, 0x0000000086400000| Untracked 
| 101|0x0000000086500000, 0x0000000086500000, 0x0000000086600000|  0%| F|  |TAMS 0x0000000086500000, 0x0000000086500000| Untracked 
| 102|0x0000000086600000, 0x0000000086600000, 0x0000000086700000|  0%| F|  |TAMS 0x0000000086600000, 0x0000000086600000| Untracked 
| 103|0x0000000086700000, 0x0000000086700000, 0x0000000086800000|  0%| F|  |TAMS 0x0000000086700000, 0x0000000086700000| Untracked 
| 104|0x0000000086800000, 0x0000000086800000, 0x0000000086900000|  0%| F|  |TAMS 0x0000000086800000, 0x0000000086800000| Untracked 
| 105|0x0000000086900000, 0x0000000086900000, 0x0000000086a00000|  0%| F|  |TAMS 0x0000000086900000, 0x0000000086900000| Untracked 
| 106|0x0000000086a00000, 0x0000000086a00000, 0x0000000086b00000|  0%| F|  |TAMS 0x0000000086a00000, 0x0000000086a00000| Untracked 
| 107|0x0000000086b00000, 0x0000000086b00000, 0x0000000086c00000|  0%| F|  |TAMS 0x0000000086b00000, 0x0000000086b00000| Untracked 
| 108|0x0000000086c00000, 0x0000000086c00000, 0x0000000086d00000|  0%| F|  |TAMS 0x0000000086c00000, 0x0000000086c00000| Untracked 
| 109|0x0000000086d00000, 0x0000000086d00000, 0x0000000086e00000|  0%| F|  |TAMS 0x0000000086d00000, 0x0000000086d00000| Untracked 
| 110|0x0000000086e00000, 0x0000000086e00000, 0x0000000086f00000|  0%| F|  |TAMS 0x0000000086e00000, 0x0000000086e00000| Untracked 
| 111|0x0000000086f00000, 0x0000000086f00000, 0x0000000087000000|  0%| F|  |TAMS 0x0000000086f00000, 0x0000000086f00000| Untracked 
| 112|0x0000000087000000, 0x0000000087000000, 0x0000000087100000|  0%| F|  |TAMS 0x0000000087000000, 0x0000000087000000| Untracked 
| 113|0x0000000087100000, 0x0000000087100000, 0x0000000087200000|  0%| F|  |TAMS 0x0000000087100000, 0x0000000087100000| Untracked 
| 114|0x0000000087200000, 0x0000000087200000, 0x0000000087300000|  0%| F|  |TAMS 0x0000000087200000, 0x0000000087200000| Untracked 
| 115|0x0000000087300000, 0x0000000087300000, 0x0000000087400000|  0%| F|  |TAMS 0x0000000087300000, 0x0000000087300000| Untracked 
| 116|0x0000000087400000, 0x0000000087400000, 0x0000000087500000|  0%| F|  |TAMS 0x0000000087400000, 0x0000000087400000| Untracked 
| 117|0x0000000087500000, 0x0000000087500000, 0x0000000087600000|  0%| F|  |TAMS 0x0000000087500000, 0x0000000087500000| Untracked 
| 118|0x0000000087600000, 0x0000000087600000, 0x0000000087700000|  0%| F|  |TAMS 0x0000000087600000, 0x0000000087600000| Untracked 
| 119|0x0000000087700000, 0x0000000087700000, 0x0000000087800000|  0%| F|  |TAMS 0x0000000087700000, 0x0000000087700000| Untracked 
| 120|0x0000000087800000, 0x0000000087800000, 0x0000000087900000|  0%| F|  |TAMS 0x0000000087800000, 0x0000000087800000| Untracked 
| 121|0x0000000087900000, 0x0000000087900000, 0x0000000087a00000|  0%| F|  |TAMS 0x0000000087900000, 0x0000000087900000| Untracked 
| 122|0x0000000087a00000, 0x0000000087a00000, 0x0000000087b00000|  0%| F|  |TAMS 0x0000000087a00000, 0x0000000087a00000| Untracked 
| 123|0x0000000087b00000, 0x0000000087b00000, 0x0000000087c00000|  0%| F|  |TAMS 0x0000000087b00000, 0x0000000087b00000| Untracked 
| 124|0x0000000087c00000, 0x0000000087c00000, 0x0000000087d00000|  0%| F|  |TAMS 0x0000000087c00000, 0x0000000087c00000| Untracked 
| 125|0x0000000087d00000, 0x0000000087d00000, 0x0000000087e00000|  0%| F|  |TAMS 0x0000000087d00000, 0x0000000087d00000| Untracked 
| 126|0x0000000087e00000, 0x0000000087e00000, 0x0000000087f00000|  0%| F|  |TAMS 0x0000000087e00000, 0x0000000087e00000| Untracked 
| 127|0x0000000087f00000, 0x0000000087f00000, 0x0000000088000000|  0%| F|  |TAMS 0x0000000087f00000, 0x0000000087f00000| Untracked 
| 128|0x0000000088000000, 0x0000000088000000, 0x0000000088100000|  0%| F|  |TAMS 0x0000000088000000, 0x0000000088000000| Untracked 
| 129|0x0000000088100000, 0x0000000088100000, 0x0000000088200000|  0%| F|  |TAMS 0x0000000088100000, 0x0000000088100000| Untracked 
| 130|0x0000000088200000, 0x00000000882cfcc0, 0x0000000088300000| 81%| S|CS|TAMS 0x0000000088200000, 0x0000000088200000| Complete 
| 131|0x0000000088300000, 0x0000000088300000, 0x0000000088400000|  0%| F|  |TAMS 0x0000000088300000, 0x0000000088300000| Untracked 

Card table byte_map: [0x00000267747a0000,0x0000026774ba0000] _byte_map_base: 0x00000267743a0000

Marking Bits (Prev, Next): (CMBitMap*) 0x0000026761f305d0, (CMBitMap*) 0x0000026761f30610
 Prev Bits: [0x0000026774fa0000, 0x0000026776fa0000)
 Next Bits: [0x0000026776fa0000, 0x0000026778fa0000)

Polling page: 0x000002675fee0000

Metaspace:

Usage:
  Non-class:     64.76 MB used.
      Class:      9.92 MB used.
       Both:     74.67 MB used.

Virtual space:
  Non-class space:       72.00 MB reserved,      65.06 MB ( 90%) committed,  9 nodes.
      Class space:        1.00 GB reserved,      10.19 MB ( <1%) committed,  1 nodes.
             Both:        1.07 GB reserved,      75.25 MB (  7%) committed. 

Chunk freelists:
   Non-Class:  2.56 MB
       Class:  1.64 MB
        Both:  4.20 MB

MaxMetaspaceSize: unlimited
CompressedClassSpaceSize: 1.00 GB
Initial GC threshold: 21.00 MB
Current GC threshold: 121.56 MB
CDS: off
MetaspaceReclaimPolicy: balanced
 - commit_granule_bytes: 65536.
 - commit_granule_words: 8192.
 - virtual_space_node_default_size: 1048576.
 - enlarge_chunks_in_place: 1.
 - new_chunks_are_fully_committed: 0.
 - uncommit_free_chunks: 1.
 - use_allocation_guard: 0.
 - handle_deallocations: 1.


Internal statistics:

num_allocs_failed_limit: 6.
num_arena_births: 754.
num_arena_deaths: 0.
num_vsnodes_births: 10.
num_vsnodes_deaths: 0.
num_space_committed: 1204.
num_space_uncommitted: 0.
num_chunks_returned_to_freelist: 6.
num_chunks_taken_from_freelist: 3349.
num_chunk_merges: 6.
num_chunk_splits: 2269.
num_chunks_enlarged: 1579.
num_purges: 0.
num_inconsistent_stats: 0.

CodeHeap 'non-profiled nmethods': size=120000Kb used=3803Kb max_used=3803Kb free=116196Kb
 bounds [0x000002676ce70000, 0x000002676d230000, 0x00000267743a0000]
CodeHeap 'profiled nmethods': size=120000Kb used=13588Kb max_used=13588Kb free=106411Kb
 bounds [0x00000267653a0000, 0x00000267660f0000, 0x000002676c8d0000]
CodeHeap 'non-nmethods': size=5760Kb used=2368Kb max_used=2518Kb free=3391Kb
 bounds [0x000002676c8d0000, 0x000002676cb60000, 0x000002676ce70000]
 total_blobs=7825 nmethods=6924 adapters=813
 compilation: enabled
              stopped_count=0, restarted_count=0
 full_count=0

Compilation events (20 events):
Event: 19.951 Thread 0x000002677c026a00 7805       3       org.gradle.internal.snapshot.impl.DirectorySnapshotter$DefaultExcludes$EndMatcher::test (9 bytes)
Event: 19.951 Thread 0x000002677c026a00 nmethod 7805 0x00000267660de110 code [0x00000267660de2e0, 0x00000267660de688]
Event: 19.951 Thread 0x000002677c026a00 7809       3       java.util.Comparator$$Lambda$354/0x00000001002ce4b0::compare (14 bytes)
Event: 19.951 Thread 0x000002677c026a00 nmethod 7809 0x00000267660de890 code [0x00000267660dea60, 0x00000267660dee28]
Event: 19.951 Thread 0x000002677c026a00 7812       3       java.util.stream.Collectors$$Lambda$59/0x0000000100169cd8::get (8 bytes)
Event: 19.952 Thread 0x000002677c026a00 nmethod 7812 0x00000267660def90 code [0x00000267660df140, 0x00000267660df478]
Event: 19.952 Thread 0x000002677c026a00 7810       3       java.util.Comparator::lambda$comparing$ea9a8b3a$1 (21 bytes)
Event: 19.952 Thread 0x000002677c026a00 nmethod 7810 0x00000267660df590 code [0x00000267660df760, 0x00000267660dfaa8]
Event: 19.952 Thread 0x000002677c026a00 7811       3       org.gradle.internal.snapshot.FileSystemLocationSnapshot$$Lambda$353/0x00000001004c6ed0::compare (12 bytes)
Event: 19.953 Thread 0x000002677c026a00 nmethod 7811 0x00000267660dfc10 code [0x00000267660dfe00, 0x00000267660e0318]
Event: 19.956 Thread 0x000002677c026a00 7813       3       com.google.common.cache.LocalCache$EntryFactory::copyAccessEntry (37 bytes)
Event: 19.957 Thread 0x000002677c026a00 nmethod 7813 0x00000267660e0510 code [0x00000267660e0760, 0x00000267660e1198]
Event: 19.967 Thread 0x00000267009e4880 nmethod 7790% 0x000002676d223e10 code [0x000002676d224020, 0x000002676d225698]
Event: 19.967 Thread 0x00000267009e4880 7797       4       org.gradle.internal.file.FileHierarchySet$Node::isChildOfOrThis (110 bytes)
Event: 19.984 Thread 0x000002677c026a00 7815       3       org.gradle.internal.snapshot.MerkleDirectorySnapshotBuilder::visitLeafElement (6 bytes)
Event: 19.985 Thread 0x000002677c026a00 nmethod 7815 0x00000267660e1490 code [0x00000267660e1620, 0x00000267660e1768]
Event: 19.985 Thread 0x000002677c026a00 7816   !   3       org.gradle.internal.snapshot.impl.DirectorySnapshotter$PathVisitor::doVisitFile (195 bytes)
Event: 20.001 Thread 0x000002677c026a00 nmethod 7816 0x00000267660e1810 code [0x00000267660e1c60, 0x00000267660e3fa8]
Event: 20.011 Thread 0x00000267009e4880 nmethod 7797 0x000002676d226290 code [0x000002676d226420, 0x000002676d226bf8]
Event: 20.011 Thread 0x00000267009e4880 7814       4       org.gradle.cache.internal.btree.BTreePersistentIndexedCache$IndexBlock::read (94 bytes)

GC Heap History (20 events):
Event: 14.553 GC heap after
{Heap after GC invocations=17 (full 0):
 garbage-first heap   total 99328K, used 55162K [0x0000000080000000, 0x0000000100000000)
  region size 1024K, 3 young (3072K), 3 survivors (3072K)
 Metaspace       used 55468K, committed 55936K, reserved 1097728K
  class space    used 7411K, committed 7616K, reserved 1048576K
}
Event: 14.587 GC heap before
{Heap before GC invocations=17 (full 0):
 garbage-first heap   total 99328K, used 56186K [0x0000000080000000, 0x0000000100000000)
  region size 1024K, 4 young (4096K), 3 survivors (3072K)
 Metaspace       used 55588K, committed 56064K, reserved 1097728K
  class space    used 7431K, committed 7616K, reserved 1048576K
}
Event: 14.591 GC heap after
{Heap after GC invocations=18 (full 0):
 garbage-first heap   total 99328K, used 54844K [0x0000000080000000, 0x0000000100000000)
  region size 1024K, 1 young (1024K), 1 survivors (1024K)
 Metaspace       used 55588K, committed 56064K, reserved 1097728K
  class space    used 7431K, committed 7616K, reserved 1048576K
}
Event: 15.102 GC heap before
{Heap before GC invocations=18 (full 0):
 garbage-first heap   total 99328K, used 74300K [0x0000000080000000, 0x0000000100000000)
  region size 1024K, 20 young (20480K), 1 survivors (1024K)
 Metaspace       used 58692K, committed 59136K, reserved 1105920K
  class space    used 7810K, committed 8000K, reserved 1048576K
}
Event: 15.106 GC heap after
{Heap after GC invocations=19 (full 0):
 garbage-first heap   total 135168K, used 55287K [0x0000000080000000, 0x0000000100000000)
  region size 1024K, 1 young (1024K), 1 survivors (1024K)
 Metaspace       used 58692K, committed 59136K, reserved 1105920K
  class space    used 7810K, committed 8000K, reserved 1048576K
}
Event: 16.232 GC heap before
{Heap before GC invocations=20 (full 0):
 garbage-first heap   total 135168K, used 98295K [0x0000000080000000, 0x0000000100000000)
  region size 1024K, 37 young (37888K), 1 survivors (1024K)
 Metaspace       used 63836K, committed 64512K, reserved 1105920K
  class space    used 8499K, committed 8832K, reserved 1048576K
}
Event: 16.241 GC heap after
{Heap after GC invocations=21 (full 0):
 garbage-first heap   total 135168K, used 64600K [0x0000000080000000, 0x0000000100000000)
  region size 1024K, 5 young (5120K), 5 survivors (5120K)
 Metaspace       used 63836K, committed 64512K, reserved 1105920K
  class space    used 8499K, committed 8832K, reserved 1048576K
}
Event: 16.243 GC heap before
{Heap before GC invocations=21 (full 0):
 garbage-first heap   total 135168K, used 65624K [0x0000000080000000, 0x0000000100000000)
  region size 1024K, 6 young (6144K), 5 survivors (5120K)
 Metaspace       used 63836K, committed 64512K, reserved 1105920K
  class space    used 8499K, committed 8832K, reserved 1048576K
}
Event: 16.252 GC heap after
{Heap after GC invocations=22 (full 0):
 garbage-first heap   total 135168K, used 65611K [0x0000000080000000, 0x0000000100000000)
  region size 1024K, 1 young (1024K), 1 survivors (1024K)
 Metaspace       used 63836K, committed 64512K, reserved 1105920K
  class space    used 8499K, committed 8832K, reserved 1048576K
}
Event: 17.034 GC heap before
{Heap before GC invocations=22 (full 0):
 garbage-first heap   total 135168K, used 97355K [0x0000000080000000, 0x0000000100000000)
  region size 1024K, 32 young (32768K), 1 survivors (1024K)
 Metaspace       used 66640K, committed 67200K, reserved 1114112K
  class space    used 8846K, committed 9152K, reserved 1048576K
}
Event: 17.041 GC heap after
{Heap after GC invocations=23 (full 0):
 garbage-first heap   total 135168K, used 68247K [0x0000000080000000, 0x0000000100000000)
  region size 1024K, 4 young (4096K), 4 survivors (4096K)
 Metaspace       used 66640K, committed 67200K, reserved 1114112K
  class space    used 8846K, committed 9152K, reserved 1048576K
}
Event: 17.981 GC heap before
{Heap before GC invocations=24 (full 0):
 garbage-first heap   total 135168K, used 96919K [0x0000000080000000, 0x0000000100000000)
  region size 1024K, 35 young (35840K), 4 survivors (4096K)
 Metaspace       used 70174K, committed 70720K, reserved 1114112K
  class space    used 9315K, committed 9600K, reserved 1048576K
}
Event: 17.991 GC heap after
{Heap after GC invocations=25 (full 0):
 garbage-first heap   total 135168K, used 66019K [0x0000000080000000, 0x0000000100000000)
  region size 1024K, 2 young (2048K), 2 survivors (2048K)
 Metaspace       used 70174K, committed 70720K, reserved 1114112K
  class space    used 9315K, committed 9600K, reserved 1048576K
}
Event: 18.117 GC heap before
{Heap before GC invocations=25 (full 0):
 garbage-first heap   total 135168K, used 70115K [0x0000000080000000, 0x0000000100000000)
  region size 1024K, 6 young (6144K), 2 survivors (2048K)
 Metaspace       used 70657K, committed 71232K, reserved 1114112K
  class space    used 9383K, committed 9664K, reserved 1048576K
}
Event: 18.123 GC heap after
{Heap after GC invocations=26 (full 0):
 garbage-first heap   total 135168K, used 65784K [0x0000000080000000, 0x0000000100000000)
  region size 1024K, 1 young (1024K), 1 survivors (1024K)
 Metaspace       used 70657K, committed 71232K, reserved 1114112K
  class space    used 9383K, committed 9664K, reserved 1048576K
}
Event: 18.996 GC heap before
{Heap before GC invocations=26 (full 0):
 garbage-first heap   total 135168K, used 101624K [0x0000000080000000, 0x0000000100000000)
  region size 1024K, 36 young (36864K), 1 survivors (1024K)
 Metaspace       used 73376K, committed 73984K, reserved 1114112K
  class space    used 9769K, committed 10048K, reserved 1048576K
}
Event: 19.007 GC heap after
{Heap after GC invocations=27 (full 0):
 garbage-first heap   total 135168K, used 68630K [0x0000000080000000, 0x0000000100000000)
  region size 1024K, 4 young (4096K), 4 survivors (4096K)
 Metaspace       used 73376K, committed 73984K, reserved 1114112K
  class space    used 9769K, committed 10048K, reserved 1048576K
}
Event: 19.988 GC heap before
{Heap before GC invocations=28 (full 0):
 garbage-first heap   total 135168K, used 103446K [0x0000000080000000, 0x0000000100000000)
  region size 1024K, 38 young (38912K), 4 survivors (4096K)
 Metaspace       used 76465K, committed 77056K, reserved 1122304K
  class space    used 10154K, committed 10432K, reserved 1048576K
}
Event: 20.000 GC heap after
{Heap after GC invocations=29 (full 0):
 garbage-first heap   total 135168K, used 73582K [0x0000000080000000, 0x0000000100000000)
  region size 1024K, 5 young (5120K), 5 survivors (5120K)
 Metaspace       used 76465K, committed 77056K, reserved 1122304K
  class space    used 10154K, committed 10432K, reserved 1048576K
}
Event: 20.011 GC heap before
{Heap before GC invocations=29 (full 0):
 garbage-first heap   total 135168K, used 74606K [0x0000000080000000, 0x0000000100000000)
  region size 1024K, 6 young (6144K), 5 survivors (5120K)
 Metaspace       used 76465K, committed 77056K, reserved 1122304K
  class space    used 10154K, committed 10432K, reserved 1048576K
}

Dll operation events (2 events):
Event: 0.016 Loaded shared library C:\Program Files\Android\Android Studio\jbr\bin\java.dll
Event: 0.858 Loaded shared library C:\Program Files\Android\Android Studio\jbr\bin\verify.dll

Deoptimization events (20 events):
Event: 19.225 Thread 0x000002677e4a7d40 Uncommon trap: trap_request=0xffffff45 fr.pc=0x000002676ceb2f7c relative=0x0000000000000b1c
Event: 19.225 Thread 0x000002677e4a7d40 Uncommon trap: reason=unstable_if action=reinterpret pc=0x000002676ceb2f7c method=java.util.jar.JarFile.getVersionedEntry(Ljava/lang/String;Ljava/util/jar/JarEntry;)Ljava/util/jar/JarEntry; @ 26 c2
Event: 19.225 Thread 0x000002677e4a7d40 DEOPT PACKING pc=0x000002676ceb2f7c sp=0x000000ba3e2f4e70
Event: 19.225 Thread 0x000002677e4a7d40 DEOPT UNPACKING pc=0x000002676c9269a3 sp=0x000000ba3e2f4e30 mode 2
Event: 19.239 Thread 0x000002677e4a7d40 Uncommon trap: trap_request=0xffffff45 fr.pc=0x000002676d14aa1c relative=0x00000000000014fc
Event: 19.239 Thread 0x000002677e4a7d40 Uncommon trap: reason=unstable_if action=reinterpret pc=0x000002676d14aa1c method=java.util.concurrent.ConcurrentHashMap.putVal(Ljava/lang/Object;Ljava/lang/Object;Z)Ljava/lang/Object; @ 245 c2
Event: 19.239 Thread 0x000002677e4a7d40 DEOPT PACKING pc=0x000002676d14aa1c sp=0x000000ba3e2f4590
Event: 19.239 Thread 0x000002677e4a7d40 DEOPT UNPACKING pc=0x000002676c9269a3 sp=0x000000ba3e2f4518 mode 2
Event: 19.816 Thread 0x000002677e88e240 Uncommon trap: trap_request=0xffffff45 fr.pc=0x000002676d12475c relative=0x000000000000021c
Event: 19.816 Thread 0x000002677e88e240 Uncommon trap: reason=unstable_if action=reinterpret pc=0x000002676d12475c method=com.esotericsoftware.kryo.io.Input.readVarInt(Z)I @ 42 c2
Event: 19.816 Thread 0x000002677e88e240 DEOPT PACKING pc=0x000002676d12475c sp=0x000000ba3f5fe470
Event: 19.816 Thread 0x000002677e88e240 DEOPT UNPACKING pc=0x000002676c9269a3 sp=0x000000ba3f5fe360 mode 2
Event: 19.818 Thread 0x000002677e88e240 Uncommon trap: trap_request=0xffffff45 fr.pc=0x000002676d138148 relative=0x0000000000000208
Event: 19.818 Thread 0x000002677e88e240 Uncommon trap: reason=unstable_if action=reinterpret pc=0x000002676d138148 method=com.esotericsoftware.kryo.io.Input.readVarInt(Z)I @ 42 c2
Event: 19.818 Thread 0x000002677e88e240 DEOPT PACKING pc=0x000002676d138148 sp=0x000000ba3f5fe3d0
Event: 19.818 Thread 0x000002677e88e240 DEOPT UNPACKING pc=0x000002676c9269a3 sp=0x000000ba3f5fe378 mode 2
Event: 19.967 Thread 0x000002677d048b00 DEOPT PACKING pc=0x0000026765dfb4a0 sp=0x000000ba3e9fdee0
Event: 19.967 Thread 0x000002677d048b00 DEOPT UNPACKING pc=0x000002676c927143 sp=0x000000ba3e9fd3a0 mode 0
Event: 19.983 Thread 0x000002677d048b00 DEOPT PACKING pc=0x0000026765dfb4a0 sp=0x000000ba3e9fdee0
Event: 19.983 Thread 0x000002677d048b00 DEOPT UNPACKING pc=0x000002676c927143 sp=0x000000ba3e9fd3a0 mode 0

Classes unloaded (0 events):
No events

Classes redefined (0 events):
No events

Internal exceptions (20 events):
Event: 18.555 Thread 0x000002677e4a7d40 Exception <a 'java/lang/ClassNotFoundException'{0x00000000873ec328}: org/gradle/api/internal/DefaultDomainObjectSetBeanInfo> (0x00000000873ec328) 
thrown [s\src\hotspot\share\classfile\systemDictionary.cpp, line 256]
Event: 18.556 Thread 0x000002677e4a7d40 Exception <a 'java/lang/ClassNotFoundException'{0x0000000087200420}: org/gradle/api/internal/DefaultDomainObjectCollectionBeanInfo> (0x0000000087200420) 
thrown [s\src\hotspot\share\classfile\systemDictionary.cpp, line 256]
Event: 18.557 Thread 0x000002677e4a7d40 Exception <a 'java/lang/ClassNotFoundException'{0x00000000872145e0}: org/gradle/api/internal/DefaultDomainObjectCollectionCustomizer> (0x00000000872145e0) 
thrown [s\src\hotspot\share\classfile\systemDictionary.cpp, line 256]
Event: 18.561 Thread 0x000002677e4a7d40 Exception <a 'java/lang/ClassNotFoundException'{0x0000000087246898}: org/gradle/api/internal/DefaultDomainObjectSetCustomizer> (0x0000000087246898) 
thrown [s\src\hotspot\share\classfile\systemDictionary.cpp, line 256]
Event: 18.563 Thread 0x000002677e4a7d40 Exception <a 'java/lang/ClassNotFoundException'{0x0000000087268e88}: org/gradle/api/internal/plugins/DefaultPluginCollectionCustomizer> (0x0000000087268e88) 
thrown [s\src\hotspot\share\classfile\systemDictionary.cpp, line 256]
Event: 18.567 Thread 0x000002677e4a7d40 Exception <a 'java/lang/ClassNotFoundException'{0x00000000872a5db8}: org/gradle/api/internal/plugins/DefaultPluginContainerCustomizer> (0x00000000872a5db8) 
thrown [s\src\hotspot\share\classfile\systemDictionary.cpp, line 256]
Event: 18.628 Thread 0x000002677e4a7d40 Exception <a 'java/lang/ClassNotFoundException'{0x0000000086e04b20}: com/android/build/gradle/internal/dsl/BaseAppModuleExtension_DecoratedBeanInfo> (0x0000000086e04b20) 
thrown [s\src\hotspot\share\classfile\systemDictionary.cpp, line 256]
Event: 18.629 Thread 0x000002677e4a7d40 Exception <a 'java/lang/ClassNotFoundException'{0x0000000086e0ff20}: com/android/build/gradle/internal/dsl/BaseAppModuleExtensionBeanInfo> (0x0000000086e0ff20) 
thrown [s\src\hotspot\share\classfile\systemDictionary.cpp, line 256]
Event: 18.630 Thread 0x000002677e4a7d40 Exception <a 'java/lang/ClassNotFoundException'{0x0000000086e1aea8}: com/android/build/gradle/AppExtensionBeanInfo> (0x0000000086e1aea8) 
thrown [s\src\hotspot\share\classfile\systemDictionary.cpp, line 256]
Event: 18.631 Thread 0x000002677e4a7d40 Exception <a 'java/lang/ClassNotFoundException'{0x0000000086e25f28}: com/android/build/gradle/AbstractAppExtensionBeanInfo> (0x0000000086e25f28) 
thrown [s\src\hotspot\share\classfile\systemDictionary.cpp, line 256]
Event: 18.632 Thread 0x000002677e4a7d40 Exception <a 'java/lang/ClassNotFoundException'{0x0000000086e30f50}: com/android/build/gradle/TestedExtensionBeanInfo> (0x0000000086e30f50) 
thrown [s\src\hotspot\share\classfile\systemDictionary.cpp, line 256]
Event: 18.633 Thread 0x000002677e4a7d40 Exception <a 'java/lang/ClassNotFoundException'{0x0000000086e3c6f0}: com/android/build/gradle/BaseExtensionBeanInfo> (0x0000000086e3c6f0) 
thrown [s\src\hotspot\share\classfile\systemDictionary.cpp, line 256]
Event: 18.634 Thread 0x000002677e4a7d40 Exception <a 'java/lang/ClassNotFoundException'{0x0000000086e47988}: com/android/build/gradle/BaseExtensionCustomizer> (0x0000000086e47988) 
thrown [s\src\hotspot\share\classfile\systemDictionary.cpp, line 256]
Event: 18.638 Thread 0x000002677e4a7d40 Exception <a 'java/lang/ClassNotFoundException'{0x0000000086eaaae0}: com/android/build/gradle/TestedExtensionCustomizer> (0x0000000086eaaae0) 
thrown [s\src\hotspot\share\classfile\systemDictionary.cpp, line 256]
Event: 18.640 Thread 0x000002677e4a7d40 Exception <a 'java/lang/ClassNotFoundException'{0x0000000086ecf920}: com/android/build/gradle/AbstractAppExtensionCustomizer> (0x0000000086ecf920) 
thrown [s\src\hotspot\share\classfile\systemDictionary.cpp, line 256]
Event: 18.643 Thread 0x000002677e4a7d40 Exception <a 'java/lang/ClassNotFoundException'{0x0000000086ef0a38}: com/android/build/gradle/AppExtensionCustomizer> (0x0000000086ef0a38) 
thrown [s\src\hotspot\share\classfile\systemDictionary.cpp, line 256]
Event: 18.645 Thread 0x000002677e4a7d40 Exception <a 'java/lang/ClassNotFoundException'{0x0000000086d10b38}: com/android/build/gradle/internal/dsl/BaseAppModuleExtensionCustomizer> (0x0000000086d10b38) 
thrown [s\src\hotspot\share\classfile\systemDictionary.cpp, line 256]
Event: 18.654 Thread 0x000002677e4a7d40 Exception <a 'java/lang/ClassNotFoundException'{0x0000000086df6810}: com/android/build/gradle/internal/dsl/BaseAppModuleExtension_DecoratedCustomizer> (0x0000000086df6810) 
thrown [s\src\hotspot\share\classfile\systemDictionary.cpp, line 256]
Event: 18.673 Thread 0x000002677e4a7d40 Exception <a 'java/lang/ClassNotFoundException'{0x0000000086a465b8}: org/gradle/api/internal/DefaultDomainObjectSet_DecoratedBeanInfo> (0x0000000086a465b8) 
thrown [s\src\hotspot\share\classfile\systemDictionary.cpp, line 256]
Event: 18.675 Thread 0x000002677e4a7d40 Exception <a 'java/lang/ClassNotFoundException'{0x0000000086a5a528}: org/gradle/api/internal/DefaultDomainObjectSet_DecoratedCustomizer> (0x0000000086a5a528) 
thrown [s\src\hotspot\share\classfile\systemDictionary.cpp, line 256]

VM Operations (20 events):
Event: 17.228 Executing VM operation: G1Concurrent done
Event: 17.627 Executing VM operation: HandshakeAllThreads
Event: 17.627 Executing VM operation: HandshakeAllThreads done
Event: 17.957 Executing VM operation: HandshakeAllThreads
Event: 17.957 Executing VM operation: HandshakeAllThreads done
Event: 17.981 Executing VM operation: G1CollectForAllocation
Event: 17.991 Executing VM operation: G1CollectForAllocation done
Event: 18.117 Executing VM operation: G1CollectForAllocation
Event: 18.123 Executing VM operation: G1CollectForAllocation done
Event: 18.519 Executing VM operation: HandshakeAllThreads
Event: 18.520 Executing VM operation: HandshakeAllThreads done
Event: 18.996 Executing VM operation: G1CollectForAllocation
Event: 19.008 Executing VM operation: G1CollectForAllocation done
Event: 19.178 Executing VM operation: G1Concurrent
Event: 19.183 Executing VM operation: G1Concurrent done
Event: 19.262 Executing VM operation: G1Concurrent
Event: 19.263 Executing VM operation: G1Concurrent done
Event: 19.988 Executing VM operation: G1CollectForAllocation
Event: 20.001 Executing VM operation: G1CollectForAllocation done
Event: 20.011 Executing VM operation: G1CollectForAllocation

Events (20 events):
Event: 18.531 loading class java/util/AbstractCollectionBeanInfo
Event: 18.531 loading class java/util/AbstractCollectionBeanInfo done
Event: 18.531 loading class java/util/AbstractCollectionBeanInfo
Event: 18.531 loading class java/util/AbstractCollectionBeanInfo done
Event: 18.531 loading class java/util/AbstractCollectionCustomizer
Event: 18.531 loading class java/util/AbstractCollectionCustomizer done
Event: 18.531 loading class java/util/AbstractCollectionCustomizer
Event: 18.531 loading class java/util/AbstractCollectionCustomizer done
Event: 18.532 loading class sun/reflect/generics/reflectiveObjects/GenericArrayTypeImpl
Event: 18.532 loading class sun/reflect/generics/reflectiveObjects/GenericArrayTypeImpl done
Event: 18.533 loading class java/util/AbstractListCustomizer
Event: 18.533 loading class java/util/AbstractListCustomizer done
Event: 18.533 loading class java/util/AbstractListCustomizer
Event: 18.533 loading class java/util/AbstractListCustomizer done
Event: 18.534 loading class java/util/ArrayListCustomizer
Event: 18.534 loading class java/util/ArrayListCustomizer done
Event: 18.534 loading class java/util/ArrayListCustomizer
Event: 18.534 loading class java/util/ArrayListCustomizer done
Event: 19.613 loading class java/util/ArrayList$SubList$1
Event: 19.614 loading class java/util/ArrayList$SubList$1 done


Dynamic libraries:
0x00007ff6d54d0000 - 0x00007ff6d54da000 	C:\Program Files\Android\Android Studio\jbr\bin\java.exe
0x00007fff2e350000 - 0x00007fff2e548000 	C:\Windows\SYSTEM32\ntdll.dll
0x00007fff2c830000 - 0x00007fff2c8ed000 	C:\Windows\System32\KERNEL32.DLL
0x00007fff2bd10000 - 0x00007fff2c006000 	C:\Windows\System32\KERNELBASE.dll
0x00007fff2ba20000 - 0x00007fff2bb20000 	C:\Windows\System32\ucrtbase.dll
0x00007fff21f80000 - 0x00007fff21f9b000 	C:\Program Files\Android\Android Studio\jbr\bin\VCRUNTIME140.dll
0x00007fff21f60000 - 0x00007fff21f77000 	C:\Program Files\Android\Android Studio\jbr\bin\jli.dll
0x00007fff2cf40000 - 0x00007fff2d0de000 	C:\Windows\System32\USER32.dll
0x00007fff2c010000 - 0x00007fff2c032000 	C:\Windows\System32\win32u.dll
0x00007fff2c800000 - 0x00007fff2c82c000 	C:\Windows\System32\GDI32.dll
0x00007fff2bbf0000 - 0x00007fff2bd0a000 	C:\Windows\System32\gdi32full.dll
0x00007fff16f40000 - 0x00007fff171da000 	C:\Windows\WinSxS\amd64_microsoft.windows.common-controls_6595b64144ccf1df_6.0.19041.3636_none_60b6a03d71f818d5\COMCTL32.dll
0x00007fff2bb50000 - 0x00007fff2bbed000 	C:\Windows\System32\msvcp_win.dll
0x00007fff2e120000 - 0x00007fff2e1be000 	C:\Windows\System32\msvcrt.dll
0x00007fff2cc10000 - 0x00007fff2cc40000 	C:\Windows\System32\IMM32.DLL
0x00007fff22420000 - 0x00007fff2242c000 	C:\Program Files\Android\Android Studio\jbr\bin\vcruntime140_1.dll
0x00007fff13d30000 - 0x00007fff13dbd000 	C:\Program Files\Android\Android Studio\jbr\bin\msvcp140.dll
0x00007ffedb5c0000 - 0x00007ffedc22d000 	C:\Program Files\Android\Android Studio\jbr\bin\server\jvm.dll
0x00007fff2e250000 - 0x00007fff2e303000 	C:\Windows\System32\ADVAPI32.dll
0x00007fff2c3a0000 - 0x00007fff2c43f000 	C:\Windows\System32\sechost.dll
0x00007fff2c9a0000 - 0x00007fff2cac6000 	C:\Windows\System32\RPCRT4.dll
0x00007fff2bb20000 - 0x00007fff2bb47000 	C:\Windows\System32\bcrypt.dll
0x00007fff1b250000 - 0x00007fff1b259000 	C:\Windows\SYSTEM32\WSOCK32.dll
0x00007fff173b0000 - 0x00007fff173d7000 	C:\Windows\SYSTEM32\WINMM.dll
0x00007fff2da90000 - 0x00007fff2dafb000 	C:\Windows\System32\WS2_32.dll
0x00007fff22e70000 - 0x00007fff22e7a000 	C:\Windows\SYSTEM32\VERSION.dll
0x00007fff2a220000 - 0x00007fff2a232000 	C:\Windows\SYSTEM32\kernel.appcore.dll
0x00007fff272c0000 - 0x00007fff272ca000 	C:\Program Files\Android\Android Studio\jbr\bin\jimage.dll
0x00007fff29f30000 - 0x00007fff2a114000 	C:\Windows\SYSTEM32\DBGHELP.DLL
0x00007fff15450000 - 0x00007fff15484000 	C:\Windows\SYSTEM32\dbgcore.DLL
0x00007fff2c310000 - 0x00007fff2c392000 	C:\Windows\System32\bcryptPrimitives.dll
0x00007fff224d0000 - 0x00007fff224f5000 	C:\Program Files\Android\Android Studio\jbr\bin\java.dll
0x00007fff24b50000 - 0x00007fff24b68000 	C:\Program Files\Android\Android Studio\jbr\bin\zip.dll
0x00007fff2d0e0000 - 0x00007fff2d825000 	C:\Windows\System32\SHELL32.dll
0x00007fff296c0000 - 0x00007fff29e5b000 	C:\Windows\SYSTEM32\windows.storage.dll
0x00007fff2c4a0000 - 0x00007fff2c7f4000 	C:\Windows\System32\combase.dll
0x00007fff2b2a0000 - 0x00007fff2b2cd000 	C:\Windows\SYSTEM32\Wldp.dll
0x00007fff2db00000 - 0x00007fff2dbad000 	C:\Windows\System32\SHCORE.dll
0x00007fff2cad0000 - 0x00007fff2cb25000 	C:\Windows\System32\shlwapi.dll
0x00007fff2b950000 - 0x00007fff2b975000 	C:\Windows\SYSTEM32\profapi.dll
0x00007fff24550000 - 0x00007fff24569000 	C:\Program Files\Android\Android Studio\jbr\bin\net.dll
0x00007fff1ca90000 - 0x00007fff1cb9a000 	C:\Windows\SYSTEM32\WINHTTP.dll
0x00007fff2b080000 - 0x00007fff2b0ea000 	C:\Windows\system32\mswsock.dll
0x00007fff22200000 - 0x00007fff22216000 	C:\Program Files\Android\Android Studio\jbr\bin\nio.dll
0x00007fff221f0000 - 0x00007fff22200000 	C:\Program Files\Android\Android Studio\jbr\bin\verify.dll
0x00007fff21fa0000 - 0x00007fff21fc7000 	C:\Users\Area 7 Computer\.gradle\native\68d5fa5c4cc2d200863cafc0d521ce42e7d3e7ee720ec0a83991735586a16f82\windows-amd64\native-platform.dll
0x00007fff09b70000 - 0x00007fff09cb4000 	C:\Users\Area 7 Computer\.gradle\native\e376f236ea51e6404a007f0833ffe2c6e607c4080706a723a18a27aeea778392\windows-amd64\native-platform-file-events.dll
0x00007fff23000000 - 0x00007fff23009000 	C:\Program Files\Android\Android Studio\jbr\bin\management.dll
0x00007fff224c0000 - 0x00007fff224cb000 	C:\Program Files\Android\Android Studio\jbr\bin\management_ext.dll
0x00007fff2da80000 - 0x00007fff2da88000 	C:\Windows\System32\PSAPI.DLL
0x00007fff2b2e0000 - 0x00007fff2b2f8000 	C:\Windows\SYSTEM32\CRYPTSP.dll
0x00007fff2a9d0000 - 0x00007fff2aa04000 	C:\Windows\system32\rsaenh.dll
0x00007fff2b910000 - 0x00007fff2b93e000 	C:\Windows\SYSTEM32\USERENV.dll
0x00007fff2b210000 - 0x00007fff2b21c000 	C:\Windows\SYSTEM32\CRYPTBASE.dll
0x00007fff2ad90000 - 0x00007fff2adcb000 	C:\Windows\SYSTEM32\IPHLPAPI.DLL
0x00007fff2dbb0000 - 0x00007fff2dbb8000 	C:\Windows\System32\NSI.dll
0x00007fff20a00000 - 0x00007fff20a17000 	C:\Windows\SYSTEM32\dhcpcsvc6.DLL
0x00007fff20ea0000 - 0x00007fff20ebd000 	C:\Windows\SYSTEM32\dhcpcsvc.DLL
0x00007fff2add0000 - 0x00007fff2ae9a000 	C:\Windows\SYSTEM32\DNSAPI.dll
0x00007fff24580000 - 0x00007fff24587000 	C:\Windows\system32\wshunix.dll

dbghelp: loaded successfully - version: 4.0.5 - missing functions: none
symbol engine: initialized successfully - sym options: 0x614 - pdb path: .;C:\Program Files\Android\Android Studio\jbr\bin;C:\Windows\SYSTEM32;C:\Windows\WinSxS\amd64_microsoft.windows.common-controls_6595b64144ccf1df_6.0.19041.3636_none_60b6a03d71f818d5;C:\Program Files\Android\Android Studio\jbr\bin\server;C:\Users\Area 7 Computer\.gradle\native\68d5fa5c4cc2d200863cafc0d521ce42e7d3e7ee720ec0a83991735586a16f82\windows-amd64;C:\Users\Area 7 Computer\.gradle\native\e376f236ea51e6404a007f0833ffe2c6e607c4080706a723a18a27aeea778392\windows-amd64

VM Arguments:
jvm_args: --add-opens=java.base/java.util=ALL-UNNAMED --add-opens=java.base/java.lang=ALL-UNNAMED --add-opens=java.base/java.lang.invoke=ALL-UNNAMED --add-opens=java.prefs/java.util.prefs=ALL-UNNAMED --add-opens=java.base/java.nio.charset=ALL-UNNAMED --add-opens=java.base/java.net=ALL-UNNAMED --add-opens=java.base/java.util.concurrent.atomic=ALL-UNNAMED -Xmx2048m -Dfile.encoding=UTF-8 -Duser.country=US -Duser.language=en -Duser.variant 
java_command: org.gradle.launcher.daemon.bootstrap.GradleDaemon 8.0
java_class_path (initial): C:\Users\Area 7 Computer\.gradle\wrapper\dists\gradle-8.0-bin\ca5e32bp14vu59qr306oxotwh\gradle-8.0\lib\gradle-launcher-8.0.jar
Launcher Type: SUN_STANDARD

[Global flags]
     intx CICompilerCount                          = 3                                         {product} {ergonomic}
     uint ConcGCThreads                            = 1                                         {product} {ergonomic}
     uint G1ConcRefinementThreads                  = 4                                         {product} {ergonomic}
   size_t G1HeapRegionSize                         = 1048576                                   {product} {ergonomic}
    uintx GCDrainStackTargetSize                   = 64                                        {product} {ergonomic}
   size_t InitialHeapSize                          = 134217728                                 {product} {ergonomic}
   size_t MarkStackSize                            = 4194304                                   {product} {ergonomic}
   size_t MaxHeapSize                              = 2147483648                                {product} {command line}
   size_t MaxNewSize                               = 1287651328                                {product} {ergonomic}
   size_t MinHeapDeltaBytes                        = 1048576                                   {product} {ergonomic}
   size_t MinHeapSize                              = 8388608                                   {product} {ergonomic}
    uintx NonNMethodCodeHeapSize                   = 5832780                                {pd product} {ergonomic}
    uintx NonProfiledCodeHeapSize                  = 122912730                              {pd product} {ergonomic}
    uintx ProfiledCodeHeapSize                     = 122912730                              {pd product} {ergonomic}
    uintx ReservedCodeCacheSize                    = 251658240                              {pd product} {ergonomic}
     bool SegmentedCodeCache                       = true                                      {product} {ergonomic}
   size_t SoftMaxHeapSize                          = 2147483648                             {manageable} {ergonomic}
     bool UseCompressedClassPointers               = true                           {product lp64_product} {ergonomic}
     bool UseCompressedOops                        = true                           {product lp64_product} {ergonomic}
     bool UseG1GC                                  = true                                      {product} {ergonomic}
     bool UseLargePagesIndividualAllocation        = false                                  {pd product} {ergonomic}

Logging:
Log output configuration:
 #0: stdout all=warning uptime,level,tags
 #1: stderr all=off uptime,level,tags

Environment Variables:
JAVA_HOME=C:\Program Files (x86)\Java\jdk1.8.0_92
PATH=C:\ProgramData\Oracle\Java\javapath;D:\DevSuiteHome_1\jdk\jre\bin\classic;D:\DevSuiteHome_1\jdk\jre\bin;D:\DevSuiteHome_1\jdk\jre\bin\client;D:\DevSuiteHome_1\jlib;D:\DevSuiteHome_1\bin;D:\DevSuiteHome_1\jre\1.4.2\bin\client;D:\DevSuiteHome_1\jre\1.4.2\bin;C:\Windows\system32;C:\Windows;C:\Windows\System32\Wbem;C:\Windows\System32\WindowsPowerShell\v1.0\;C:\Windows\System32\OpenSSH\;C:\Program Files (x86)\Java\jdk1.8.0_92\bin;C:\Program Files\Microsoft SQL Server\150\Tools\Binn\;C:\Program Files\Microsoft SQL Server\Client SDK\ODBC\170\Tools\Binn\;C:\Program Files (x86)\Microsoft SQL Server\160\Tools\Binn\;C:\Program Files\Microsoft SQL Server\160\Tools\Binn\;C:\Program Files\Microsoft SQL Server\160\DTS\Binn\;C:\Program Files\Azure Data Studio\bin;C:\Program Files (x86)\Microsoft SQL Server\150\Tools\Binn\;C:\Program Files\Microsoft SQL Server\150\DTS\Binn\;C:\Program Files\Microsoft\Web Platform Installer\;C:\Program Files (x86)\Microsoft ASP.NET\ASP.NET Web Pages\v1.0\;C:\Program Files (x86)\Windows Kits\8.0\Windows Performance Toolkit\;D:\nodejs\;D:\Git\cmd;D:\GitHub CLI\;C:\Users\Area 7 Computer\AppData\Local\Microsoft\WindowsApps;;C:\Users\Area 7 Computer\AppData\Local\Programs\Microsoft VS Code\bin;C:\Program Files\Azure Data Studio\bin;C:\Users\Area 7 Computer\AppData\Roaming\npm
USERNAME=Area 7 Computer
OS=Windows_NT
PROCESSOR_IDENTIFIER=Intel64 Family 6 Model 78 Stepping 3, GenuineIntel
TMP=C:\Users\AREA7C~1\AppData\Local\Temp
TEMP=C:\Users\AREA7C~1\AppData\Local\Temp



---------------  S Y S T E M  ---------------

OS:
 Windows 10 , 64 bit Build 19041 (10.0.19041.3636)
OS uptime: 0 days 23:08 hours
Hyper-V role detected

CPU: total 4 (initial active 4) (2 cores per cpu, 2 threads per core) family 6 model 78 stepping 3 microcode 0xcc, cx8, cmov, fxsr, ht, mmx, 3dnowpref, sse, sse2, sse3, ssse3, sse4.1, sse4.2, popcnt, lzcnt, tsc, tscinvbit, avx, avx2, aes, erms, clmul, bmi1, bmi2, rtm, adx, fma, vzeroupper, clflush, clflushopt, hv

Memory: 4k page, system-wide physical 8076M (1266M free)
TotalPageFile size 10124M (AvailPageFile size 74M)
current process WorkingSet (physical memory assigned to process): 349M, peak: 352M
current process commit charge ("private bytes"): 376M, peak: 582M

vm_info: OpenJDK 64-Bit Server VM (17.0.6+0-b2043.56-9586694) for windows-amd64 JRE (17.0.6+0-b2043.56-9586694), built on Feb  9 2023 20:06:20 by "androidbuild" with MS VC++ 16.10 / 16.11 (VS2019)

END.
